[3.121s] Invoking command in '/home/pi/robotik_alma_ws/src/alma_ultrasound': PYTHONPATH=/home/pi/robotik_alma_ws/build/alma_ultrasound/prefix_override:/home/pi/robotik_alma_ws/install/alma_ultrasound/lib/python3.10/site-packages:${PYTHONPATH} /usr/bin/python3 -W ignore:setup.py install is deprecated setup.py egg_info --egg-base ../../build/alma_ultrasound build --build-base /home/pi/robotik_alma_ws/build/alma_ultrasound/build install --record /home/pi/robotik_alma_ws/build/alma_ultrasound/install.log --single-version-externally-managed install_data
[4.371s] running egg_info
[4.374s] writing ../../build/alma_ultrasound/alma_ultrasound.egg-info/PKG-INFO
[4.376s] writing dependency_links to ../../build/alma_ultrasound/alma_ultrasound.egg-info/dependency_links.txt
[4.378s] writing entry points to ../../build/alma_ultrasound/alma_ultrasound.egg-info/entry_points.txt
[4.381s] writing requirements to ../../build/alma_ultrasound/alma_ultrasound.egg-info/requires.txt
[4.383s] writing top-level names to ../../build/alma_ultrasound/alma_ultrasound.egg-info/top_level.txt
[4.393s] reading manifest file '../../build/alma_ultrasound/alma_ultrasound.egg-info/SOURCES.txt'
[4.395s] adding license file 'LICENSE'
[4.397s] writing manifest file '../../build/alma_ultrasound/alma_ultrasound.egg-info/SOURCES.txt'
[4.398s] running build
[4.398s] running build_py
[4.399s] copying alma_ultrasound/ultrasound_pub.py -> /home/pi/robotik_alma_ws/build/alma_ultrasound/build/lib/alma_ultrasound
[4.401s] running install
[4.402s] running install_lib
[4.406s] copying /home/pi/robotik_alma_ws/build/alma_ultrasound/build/lib/alma_ultrasound/ultrasound_pub.py -> /home/pi/robotik_alma_ws/install/alma_ultrasound/lib/python3.10/site-packages/alma_ultrasound
[4.409s] byte-compiling /home/pi/robotik_alma_ws/install/alma_ultrasound/lib/python3.10/site-packages/alma_ultrasound/ultrasound_pub.py to ultrasound_pub.cpython-310.pyc
[4.412s] running install_data
[4.412s] running install_egg_info
[4.419s] removing '/home/pi/robotik_alma_ws/install/alma_ultrasound/lib/python3.10/site-packages/alma_ultrasound-0.0.0-py3.10.egg-info' (and everything under it)
[4.421s] Copying ../../build/alma_ultrasound/alma_ultrasound.egg-info to /home/pi/robotik_alma_ws/install/alma_ultrasound/lib/python3.10/site-packages/alma_ultrasound-0.0.0-py3.10.egg-info
[4.426s] running install_scripts
[4.521s] Installing ultrasound_pub script to /home/pi/robotik_alma_ws/install/alma_ultrasound/lib/alma_ultrasound
[4.522s] writing list of installed files to '/home/pi/robotik_alma_ws/build/alma_ultrasound/install.log'
[4.667s] Invoked command in '/home/pi/robotik_alma_ws/src/alma_ultrasound' returned '0': PYTHONPATH=/home/pi/robotik_alma_ws/build/alma_ultrasound/prefix_override:/home/pi/robotik_alma_ws/install/alma_ultrasound/lib/python3.10/site-packages:${PYTHONPATH} /usr/bin/python3 -W ignore:setup.py install is deprecated setup.py egg_info --egg-base ../../build/alma_ultrasound build --build-base /home/pi/robotik_alma_ws/build/alma_ultrasound/build install --record /home/pi/robotik_alma_ws/build/alma_ultrasound/install.log --single-version-externally-managed install_data
