[3.342s] Invoking command in '/home/pi/robotik_alma_ws/src/alma_camera': PYTHONPATH=/home/pi/robotik_alma_ws/build/alma_camera/prefix_override:/home/pi/robotik_alma_ws/install/alma_camera/lib/python3.10/site-packages:${PYTHONPATH} /usr/bin/python3 -W ignore:setup.py install is deprecated setup.py egg_info --egg-base ../../build/alma_camera build --build-base /home/pi/robotik_alma_ws/build/alma_camera/build install --record /home/pi/robotik_alma_ws/build/alma_camera/install.log --single-version-externally-managed install_data
[4.655s] running egg_info
[4.658s] writing ../../build/alma_camera/alma_camera.egg-info/PKG-INFO
[4.660s] writing dependency_links to ../../build/alma_camera/alma_camera.egg-info/dependency_links.txt
[4.662s] writing entry points to ../../build/alma_camera/alma_camera.egg-info/entry_points.txt
[4.665s] writing requirements to ../../build/alma_camera/alma_camera.egg-info/requires.txt
[4.668s] writing top-level names to ../../build/alma_camera/alma_camera.egg-info/top_level.txt
[4.678s] reading manifest file '../../build/alma_camera/alma_camera.egg-info/SOURCES.txt'
[4.680s] adding license file 'LICENSE'
[4.683s] writing manifest file '../../build/alma_camera/alma_camera.egg-info/SOURCES.txt'
[4.684s] running build
[4.684s] running build_py
[4.689s] copying alma_camera/camera_track.py -> /home/pi/robotik_alma_ws/build/alma_camera/build/lib/alma_camera
[4.695s] running install
[4.697s] running install_lib
[4.702s] copying /home/pi/robotik_alma_ws/build/alma_camera/build/lib/alma_camera/camera_track.py -> /home/pi/robotik_alma_ws/install/alma_camera/lib/python3.10/site-packages/alma_camera
[4.707s] byte-compiling /home/pi/robotik_alma_ws/install/alma_camera/lib/python3.10/site-packages/alma_camera/camera_track.py to camera_track.cpython-310.pyc
[4.715s] running install_data
[4.715s] running install_egg_info
[4.722s] removing '/home/pi/robotik_alma_ws/install/alma_camera/lib/python3.10/site-packages/alma_camera-0.0.0-py3.10.egg-info' (and everything under it)
[4.724s] Copying ../../build/alma_camera/alma_camera.egg-info to /home/pi/robotik_alma_ws/install/alma_camera/lib/python3.10/site-packages/alma_camera-0.0.0-py3.10.egg-info
[4.730s] running install_scripts
[4.819s] Installing camer_drive_commands_2 script to /home/pi/robotik_alma_ws/install/alma_camera/lib/alma_camera
[4.820s] Installing camera_colorHSV_sub script to /home/pi/robotik_alma_ws/install/alma_camera/lib/alma_camera
[4.821s] Installing camera_drive_commands script to /home/pi/robotik_alma_ws/install/alma_camera/lib/alma_camera
[4.821s] Installing camera_drive_commands_3 script to /home/pi/robotik_alma_ws/install/alma_camera/lib/alma_camera
[4.823s] Installing camera_image_sub script to /home/pi/robotik_alma_ws/install/alma_camera/lib/alma_camera
[4.827s] Installing camera_line_detector script to /home/pi/robotik_alma_ws/install/alma_camera/lib/alma_camera
[4.830s] Installing camera_pub script to /home/pi/robotik_alma_ws/install/alma_camera/lib/alma_camera
[4.831s] Installing camera_track script to /home/pi/robotik_alma_ws/install/alma_camera/lib/alma_camera
[4.831s] Installing camera_track_pub script to /home/pi/robotik_alma_ws/install/alma_camera/lib/alma_camera
[4.833s] writing list of installed files to '/home/pi/robotik_alma_ws/build/alma_camera/install.log'
[4.966s] Invoked command in '/home/pi/robotik_alma_ws/src/alma_camera' returned '0': PYTHONPATH=/home/pi/robotik_alma_ws/build/alma_camera/prefix_override:/home/pi/robotik_alma_ws/install/alma_camera/lib/python3.10/site-packages:${PYTHONPATH} /usr/bin/python3 -W ignore:setup.py install is deprecated setup.py egg_info --egg-base ../../build/alma_camera build --build-base /home/pi/robotik_alma_ws/build/alma_camera/build install --record /home/pi/robotik_alma_ws/build/alma_camera/install.log --single-version-externally-managed install_data
