[3.538s] Invoking command in '/home/pi/robotik_alma_ws/src/alma_camera': PYTHONPATH=/home/pi/robotik_alma_ws/build/alma_camera/prefix_override:/home/pi/robotik_alma_ws/install/alma_camera/lib/python3.10/site-packages:${PYTHONPATH} /usr/bin/python3 -W ignore:setup.py install is deprecated setup.py egg_info --egg-base ../../build/alma_camera build --build-base /home/pi/robotik_alma_ws/build/alma_camera/build install --record /home/pi/robotik_alma_ws/build/alma_camera/install.log --single-version-externally-managed install_data
[4.987s] running egg_info
[4.990s] writing ../../build/alma_camera/alma_camera.egg-info/PKG-INFO
[4.992s] writing dependency_links to ../../build/alma_camera/alma_camera.egg-info/dependency_links.txt
[4.993s] writing entry points to ../../build/alma_camera/alma_camera.egg-info/entry_points.txt
[4.994s] writing requirements to ../../build/alma_camera/alma_camera.egg-info/requires.txt
[4.994s] writing top-level names to ../../build/alma_camera/alma_camera.egg-info/top_level.txt
[5.003s] reading manifest file '../../build/alma_camera/alma_camera.egg-info/SOURCES.txt'
[5.005s] adding license file 'LICENSE'
[5.008s] writing manifest file '../../build/alma_camera/alma_camera.egg-info/SOURCES.txt'
[5.008s] running build
[5.009s] running build_py
[5.009s] copying alma_camera/colorHSV_subscriber.py -> /home/pi/robotik_alma_ws/build/alma_camera/build/lib/alma_camera
[5.012s] running install
[5.013s] running install_lib
[5.017s] copying /home/pi/robotik_alma_ws/build/alma_camera/build/lib/alma_camera/colorHSV_subscriber.py -> /home/pi/robotik_alma_ws/install/alma_camera/lib/python3.10/site-packages/alma_camera
[5.020s] byte-compiling /home/pi/robotik_alma_ws/install/alma_camera/lib/python3.10/site-packages/alma_camera/colorHSV_subscriber.py to colorHSV_subscriber.cpython-310.pyc
[5.024s] running install_data
[5.024s] running install_egg_info
[5.031s] removing '/home/pi/robotik_alma_ws/install/alma_camera/lib/python3.10/site-packages/alma_camera-0.0.0-py3.10.egg-info' (and everything under it)
[5.033s] Copying ../../build/alma_camera/alma_camera.egg-info to /home/pi/robotik_alma_ws/install/alma_camera/lib/python3.10/site-packages/alma_camera-0.0.0-py3.10.egg-info
[5.038s] running install_scripts
[5.130s] Installing camera_colorHSV_sub script to /home/pi/robotik_alma_ws/install/alma_camera/lib/alma_camera
[5.131s] Installing camera_image_sub script to /home/pi/robotik_alma_ws/install/alma_camera/lib/alma_camera
[5.132s] Installing camera_pub script to /home/pi/robotik_alma_ws/install/alma_camera/lib/alma_camera
[5.134s] writing list of installed files to '/home/pi/robotik_alma_ws/build/alma_camera/install.log'
[5.268s] Invoked command in '/home/pi/robotik_alma_ws/src/alma_camera' returned '0': PYTHONPATH=/home/pi/robotik_alma_ws/build/alma_camera/prefix_override:/home/pi/robotik_alma_ws/install/alma_camera/lib/python3.10/site-packages:${PYTHONPATH} /usr/bin/python3 -W ignore:setup.py install is deprecated setup.py egg_info --egg-base ../../build/alma_camera build --build-base /home/pi/robotik_alma_ws/build/alma_camera/build install --record /home/pi/robotik_alma_ws/build/alma_camera/install.log --single-version-externally-managed install_data
