[0.753s] DEBUG:colcon:Command line arguments: ['/usr/bin/colcon', 'build', '--packages-select', 'alma_camera']
[0.753s] DEBUG:colcon:Parsed command line arguments: Namespace(log_base=None, log_level=None, verb_name='build', build_base='build', install_base='install', merge_install=False, symlink_install=False, test_result_base=None, continue_on_error=False, executor='parallel', parallel_workers=4, event_handlers=None, ignore_user_meta=False, metas=['./colcon.meta'], base_paths=['.'], packages_ignore=None, packages_ignore_regex=None, paths=None, packages_up_to=None, packages_up_to_regex=None, packages_above=None, packages_above_and_dependencies=None, packages_above_depth=None, packages_select_by_dep=None, packages_skip_by_dep=None, packages_skip_up_to=None, packages_select_build_failed=False, packages_skip_build_finished=False, packages_select_test_failures=False, packages_skip_test_passed=False, packages_select=['alma_camera'], packages_skip=None, packages_select_regex=None, packages_skip_regex=None, packages_start=None, packages_end=None, allow_overriding=[], cmake_args=None, cmake_target=None, cmake_target_skip_unavailable=False, cmake_clean_cache=False, cmake_clean_first=False, cmake_force_configure=False, ament_cmake_args=None, catkin_cmake_args=None, catkin_skip_building_tests=False, verb_parser=<colcon_defaults.argument_parser.defaults.DefaultArgumentsDecorator object at 0xffffb3119510>, verb_extension=<colcon_core.verb.build.BuildVerb object at 0xffffb3272140>, main=<bound method BuildVerb.main of <colcon_core.verb.build.BuildVerb object at 0xffffb3272140>>)
[2.119s] Level 1:colcon.colcon_core.package_discovery:discover_packages(colcon_meta) check parameters
[2.120s] Level 1:colcon.colcon_core.package_discovery:discover_packages(recursive) check parameters
[2.120s] Level 1:colcon.colcon_core.package_discovery:discover_packages(ignore) check parameters
[2.121s] Level 1:colcon.colcon_core.package_discovery:discover_packages(path) check parameters
[2.121s] Level 1:colcon.colcon_core.package_discovery:discover_packages(colcon_meta) discover
[2.121s] Level 1:colcon.colcon_core.package_discovery:discover_packages(recursive) discover
[2.121s] INFO:colcon.colcon_core.package_discovery:Crawling recursively for packages in '/home/pi/robotik_alma_ws'
[2.122s] Level 1:colcon.colcon_core.package_identification:_identify(.) by extensions ['ignore', 'ignore_ament_install']
[2.122s] Level 1:colcon.colcon_core.package_identification:_identify(.) by extension 'ignore'
[2.123s] Level 1:colcon.colcon_core.package_identification:_identify(.) by extension 'ignore_ament_install'
[2.123s] Level 1:colcon.colcon_core.package_identification:_identify(.) by extensions ['colcon_pkg']
[2.123s] Level 1:colcon.colcon_core.package_identification:_identify(.) by extension 'colcon_pkg'
[2.123s] Level 1:colcon.colcon_core.package_identification:_identify(.) by extensions ['colcon_meta']
[2.124s] Level 1:colcon.colcon_core.package_identification:_identify(.) by extension 'colcon_meta'
[2.124s] Level 1:colcon.colcon_core.package_identification:_identify(.) by extensions ['ros']
[2.124s] Level 1:colcon.colcon_core.package_identification:_identify(.) by extension 'ros'
[2.182s] Level 1:colcon.colcon_core.package_identification:_identify(.) by extensions ['cmake', 'python']
[2.182s] Level 1:colcon.colcon_core.package_identification:_identify(.) by extension 'cmake'
[2.182s] Level 1:colcon.colcon_core.package_identification:_identify(.) by extension 'python'
[2.183s] Level 1:colcon.colcon_core.package_identification:_identify(.) by extensions ['python_setup_py']
[2.183s] Level 1:colcon.colcon_core.package_identification:_identify(.) by extension 'python_setup_py'
[2.183s] Level 1:colcon.colcon_core.package_identification:_identify(Arduino) by extensions ['ignore', 'ignore_ament_install']
[2.184s] Level 1:colcon.colcon_core.package_identification:_identify(Arduino) by extension 'ignore'
[2.184s] Level 1:colcon.colcon_core.package_identification:_identify(Arduino) by extension 'ignore_ament_install'
[2.184s] Level 1:colcon.colcon_core.package_identification:_identify(Arduino) by extensions ['colcon_pkg']
[2.184s] Level 1:colcon.colcon_core.package_identification:_identify(Arduino) by extension 'colcon_pkg'
[2.184s] Level 1:colcon.colcon_core.package_identification:_identify(Arduino) by extensions ['colcon_meta']
[2.184s] Level 1:colcon.colcon_core.package_identification:_identify(Arduino) by extension 'colcon_meta'
[2.185s] Level 1:colcon.colcon_core.package_identification:_identify(Arduino) by extensions ['ros']
[2.185s] Level 1:colcon.colcon_core.package_identification:_identify(Arduino) by extension 'ros'
[2.185s] Level 1:colcon.colcon_core.package_identification:_identify(Arduino) by extensions ['cmake', 'python']
[2.185s] Level 1:colcon.colcon_core.package_identification:_identify(Arduino) by extension 'cmake'
[2.186s] Level 1:colcon.colcon_core.package_identification:_identify(Arduino) by extension 'python'
[2.186s] Level 1:colcon.colcon_core.package_identification:_identify(Arduino) by extensions ['python_setup_py']
[2.186s] Level 1:colcon.colcon_core.package_identification:_identify(Arduino) by extension 'python_setup_py'
[2.187s] Level 1:colcon.colcon_core.package_identification:_identify(Arduino/Arduino UNO Sketches) by extensions ['ignore', 'ignore_ament_install']
[2.188s] Level 1:colcon.colcon_core.package_identification:_identify(Arduino/Arduino UNO Sketches) by extension 'ignore'
[2.188s] Level 1:colcon.colcon_core.package_identification:_identify(Arduino/Arduino UNO Sketches) by extension 'ignore_ament_install'
[2.188s] Level 1:colcon.colcon_core.package_identification:_identify(Arduino/Arduino UNO Sketches) by extensions ['colcon_pkg']
[2.188s] Level 1:colcon.colcon_core.package_identification:_identify(Arduino/Arduino UNO Sketches) by extension 'colcon_pkg'
[2.189s] Level 1:colcon.colcon_core.package_identification:_identify(Arduino/Arduino UNO Sketches) by extensions ['colcon_meta']
[2.189s] Level 1:colcon.colcon_core.package_identification:_identify(Arduino/Arduino UNO Sketches) by extension 'colcon_meta'
[2.189s] Level 1:colcon.colcon_core.package_identification:_identify(Arduino/Arduino UNO Sketches) by extensions ['ros']
[2.189s] Level 1:colcon.colcon_core.package_identification:_identify(Arduino/Arduino UNO Sketches) by extension 'ros'
[2.190s] Level 1:colcon.colcon_core.package_identification:_identify(Arduino/Arduino UNO Sketches) by extensions ['cmake', 'python']
[2.190s] Level 1:colcon.colcon_core.package_identification:_identify(Arduino/Arduino UNO Sketches) by extension 'cmake'
[2.190s] Level 1:colcon.colcon_core.package_identification:_identify(Arduino/Arduino UNO Sketches) by extension 'python'
[2.190s] Level 1:colcon.colcon_core.package_identification:_identify(Arduino/Arduino UNO Sketches) by extensions ['python_setup_py']
[2.190s] Level 1:colcon.colcon_core.package_identification:_identify(Arduino/Arduino UNO Sketches) by extension 'python_setup_py'
[2.191s] Level 1:colcon.colcon_core.package_identification:_identify(Arduino/Arduino UNO Sketches/Blink) by extensions ['ignore', 'ignore_ament_install']
[2.192s] Level 1:colcon.colcon_core.package_identification:_identify(Arduino/Arduino UNO Sketches/Blink) by extension 'ignore'
[2.192s] Level 1:colcon.colcon_core.package_identification:_identify(Arduino/Arduino UNO Sketches/Blink) by extension 'ignore_ament_install'
[2.192s] Level 1:colcon.colcon_core.package_identification:_identify(Arduino/Arduino UNO Sketches/Blink) by extensions ['colcon_pkg']
[2.192s] Level 1:colcon.colcon_core.package_identification:_identify(Arduino/Arduino UNO Sketches/Blink) by extension 'colcon_pkg'
[2.192s] Level 1:colcon.colcon_core.package_identification:_identify(Arduino/Arduino UNO Sketches/Blink) by extensions ['colcon_meta']
[2.193s] Level 1:colcon.colcon_core.package_identification:_identify(Arduino/Arduino UNO Sketches/Blink) by extension 'colcon_meta'
[2.193s] Level 1:colcon.colcon_core.package_identification:_identify(Arduino/Arduino UNO Sketches/Blink) by extensions ['ros']
[2.193s] Level 1:colcon.colcon_core.package_identification:_identify(Arduino/Arduino UNO Sketches/Blink) by extension 'ros'
[2.194s] Level 1:colcon.colcon_core.package_identification:_identify(Arduino/Arduino UNO Sketches/Blink) by extensions ['cmake', 'python']
[2.194s] Level 1:colcon.colcon_core.package_identification:_identify(Arduino/Arduino UNO Sketches/Blink) by extension 'cmake'
[2.194s] Level 1:colcon.colcon_core.package_identification:_identify(Arduino/Arduino UNO Sketches/Blink) by extension 'python'
[2.194s] Level 1:colcon.colcon_core.package_identification:_identify(Arduino/Arduino UNO Sketches/Blink) by extensions ['python_setup_py']
[2.194s] Level 1:colcon.colcon_core.package_identification:_identify(Arduino/Arduino UNO Sketches/Blink) by extension 'python_setup_py'
[2.195s] Level 1:colcon.colcon_core.package_identification:_identify(Arduino/Arduino UNO Sketches/Clean_Ultrasonic_data) by extensions ['ignore', 'ignore_ament_install']
[2.196s] Level 1:colcon.colcon_core.package_identification:_identify(Arduino/Arduino UNO Sketches/Clean_Ultrasonic_data) by extension 'ignore'
[2.196s] Level 1:colcon.colcon_core.package_identification:_identify(Arduino/Arduino UNO Sketches/Clean_Ultrasonic_data) by extension 'ignore_ament_install'
[2.197s] Level 1:colcon.colcon_core.package_identification:_identify(Arduino/Arduino UNO Sketches/Clean_Ultrasonic_data) by extensions ['colcon_pkg']
[2.197s] Level 1:colcon.colcon_core.package_identification:_identify(Arduino/Arduino UNO Sketches/Clean_Ultrasonic_data) by extension 'colcon_pkg'
[2.197s] Level 1:colcon.colcon_core.package_identification:_identify(Arduino/Arduino UNO Sketches/Clean_Ultrasonic_data) by extensions ['colcon_meta']
[2.197s] Level 1:colcon.colcon_core.package_identification:_identify(Arduino/Arduino UNO Sketches/Clean_Ultrasonic_data) by extension 'colcon_meta'
[2.197s] Level 1:colcon.colcon_core.package_identification:_identify(Arduino/Arduino UNO Sketches/Clean_Ultrasonic_data) by extensions ['ros']
[2.198s] Level 1:colcon.colcon_core.package_identification:_identify(Arduino/Arduino UNO Sketches/Clean_Ultrasonic_data) by extension 'ros'
[2.198s] Level 1:colcon.colcon_core.package_identification:_identify(Arduino/Arduino UNO Sketches/Clean_Ultrasonic_data) by extensions ['cmake', 'python']
[2.198s] Level 1:colcon.colcon_core.package_identification:_identify(Arduino/Arduino UNO Sketches/Clean_Ultrasonic_data) by extension 'cmake'
[2.198s] Level 1:colcon.colcon_core.package_identification:_identify(Arduino/Arduino UNO Sketches/Clean_Ultrasonic_data) by extension 'python'
[2.198s] Level 1:colcon.colcon_core.package_identification:_identify(Arduino/Arduino UNO Sketches/Clean_Ultrasonic_data) by extensions ['python_setup_py']
[2.199s] Level 1:colcon.colcon_core.package_identification:_identify(Arduino/Arduino UNO Sketches/Clean_Ultrasonic_data) by extension 'python_setup_py'
[2.200s] Level 1:colcon.colcon_core.package_identification:_identify(Arduino/Arduino UNO Sketches/Labor_1-Servo_Ultrasound_with_ArduinoUNO) by extensions ['ignore', 'ignore_ament_install']
[2.200s] Level 1:colcon.colcon_core.package_identification:_identify(Arduino/Arduino UNO Sketches/Labor_1-Servo_Ultrasound_with_ArduinoUNO) by extension 'ignore'
[2.200s] Level 1:colcon.colcon_core.package_identification:_identify(Arduino/Arduino UNO Sketches/Labor_1-Servo_Ultrasound_with_ArduinoUNO) by extension 'ignore_ament_install'
[2.201s] Level 1:colcon.colcon_core.package_identification:_identify(Arduino/Arduino UNO Sketches/Labor_1-Servo_Ultrasound_with_ArduinoUNO) by extensions ['colcon_pkg']
[2.201s] Level 1:colcon.colcon_core.package_identification:_identify(Arduino/Arduino UNO Sketches/Labor_1-Servo_Ultrasound_with_ArduinoUNO) by extension 'colcon_pkg'
[2.201s] Level 1:colcon.colcon_core.package_identification:_identify(Arduino/Arduino UNO Sketches/Labor_1-Servo_Ultrasound_with_ArduinoUNO) by extensions ['colcon_meta']
[2.201s] Level 1:colcon.colcon_core.package_identification:_identify(Arduino/Arduino UNO Sketches/Labor_1-Servo_Ultrasound_with_ArduinoUNO) by extension 'colcon_meta'
[2.202s] Level 1:colcon.colcon_core.package_identification:_identify(Arduino/Arduino UNO Sketches/Labor_1-Servo_Ultrasound_with_ArduinoUNO) by extensions ['ros']
[2.202s] Level 1:colcon.colcon_core.package_identification:_identify(Arduino/Arduino UNO Sketches/Labor_1-Servo_Ultrasound_with_ArduinoUNO) by extension 'ros'
[2.202s] Level 1:colcon.colcon_core.package_identification:_identify(Arduino/Arduino UNO Sketches/Labor_1-Servo_Ultrasound_with_ArduinoUNO) by extensions ['cmake', 'python']
[2.202s] Level 1:colcon.colcon_core.package_identification:_identify(Arduino/Arduino UNO Sketches/Labor_1-Servo_Ultrasound_with_ArduinoUNO) by extension 'cmake'
[2.203s] Level 1:colcon.colcon_core.package_identification:_identify(Arduino/Arduino UNO Sketches/Labor_1-Servo_Ultrasound_with_ArduinoUNO) by extension 'python'
[2.203s] Level 1:colcon.colcon_core.package_identification:_identify(Arduino/Arduino UNO Sketches/Labor_1-Servo_Ultrasound_with_ArduinoUNO) by extensions ['python_setup_py']
[2.203s] Level 1:colcon.colcon_core.package_identification:_identify(Arduino/Arduino UNO Sketches/Labor_1-Servo_Ultrasound_with_ArduinoUNO) by extension 'python_setup_py'
[2.204s] Level 1:colcon.colcon_core.package_identification:_identify(Arduino/Arduino UNO Sketches/Raw_Servo_and_Ultrasonic_Code) by extensions ['ignore', 'ignore_ament_install']
[2.204s] Level 1:colcon.colcon_core.package_identification:_identify(Arduino/Arduino UNO Sketches/Raw_Servo_and_Ultrasonic_Code) by extension 'ignore'
[2.205s] Level 1:colcon.colcon_core.package_identification:_identify(Arduino/Arduino UNO Sketches/Raw_Servo_and_Ultrasonic_Code) by extension 'ignore_ament_install'
[2.205s] Level 1:colcon.colcon_core.package_identification:_identify(Arduino/Arduino UNO Sketches/Raw_Servo_and_Ultrasonic_Code) by extensions ['colcon_pkg']
[2.205s] Level 1:colcon.colcon_core.package_identification:_identify(Arduino/Arduino UNO Sketches/Raw_Servo_and_Ultrasonic_Code) by extension 'colcon_pkg'
[2.205s] Level 1:colcon.colcon_core.package_identification:_identify(Arduino/Arduino UNO Sketches/Raw_Servo_and_Ultrasonic_Code) by extensions ['colcon_meta']
[2.206s] Level 1:colcon.colcon_core.package_identification:_identify(Arduino/Arduino UNO Sketches/Raw_Servo_and_Ultrasonic_Code) by extension 'colcon_meta'
[2.206s] Level 1:colcon.colcon_core.package_identification:_identify(Arduino/Arduino UNO Sketches/Raw_Servo_and_Ultrasonic_Code) by extensions ['ros']
[2.206s] Level 1:colcon.colcon_core.package_identification:_identify(Arduino/Arduino UNO Sketches/Raw_Servo_and_Ultrasonic_Code) by extension 'ros'
[2.206s] Level 1:colcon.colcon_core.package_identification:_identify(Arduino/Arduino UNO Sketches/Raw_Servo_and_Ultrasonic_Code) by extensions ['cmake', 'python']
[2.207s] Level 1:colcon.colcon_core.package_identification:_identify(Arduino/Arduino UNO Sketches/Raw_Servo_and_Ultrasonic_Code) by extension 'cmake'
[2.207s] Level 1:colcon.colcon_core.package_identification:_identify(Arduino/Arduino UNO Sketches/Raw_Servo_and_Ultrasonic_Code) by extension 'python'
[2.207s] Level 1:colcon.colcon_core.package_identification:_identify(Arduino/Arduino UNO Sketches/Raw_Servo_and_Ultrasonic_Code) by extensions ['python_setup_py']
[2.207s] Level 1:colcon.colcon_core.package_identification:_identify(Arduino/Arduino UNO Sketches/Raw_Servo_and_Ultrasonic_Code) by extension 'python_setup_py'
[2.208s] Level 1:colcon.colcon_core.package_identification:_identify(Arduino/Teensy 4.0 Sketches) by extensions ['ignore', 'ignore_ament_install']
[2.208s] Level 1:colcon.colcon_core.package_identification:_identify(Arduino/Teensy 4.0 Sketches) by extension 'ignore'
[2.208s] Level 1:colcon.colcon_core.package_identification:_identify(Arduino/Teensy 4.0 Sketches) by extension 'ignore_ament_install'
[2.208s] Level 1:colcon.colcon_core.package_identification:_identify(Arduino/Teensy 4.0 Sketches) by extensions ['colcon_pkg']
[2.209s] Level 1:colcon.colcon_core.package_identification:_identify(Arduino/Teensy 4.0 Sketches) by extension 'colcon_pkg'
[2.209s] Level 1:colcon.colcon_core.package_identification:_identify(Arduino/Teensy 4.0 Sketches) by extensions ['colcon_meta']
[2.209s] Level 1:colcon.colcon_core.package_identification:_identify(Arduino/Teensy 4.0 Sketches) by extension 'colcon_meta'
[2.209s] Level 1:colcon.colcon_core.package_identification:_identify(Arduino/Teensy 4.0 Sketches) by extensions ['ros']
[2.209s] Level 1:colcon.colcon_core.package_identification:_identify(Arduino/Teensy 4.0 Sketches) by extension 'ros'
[2.210s] Level 1:colcon.colcon_core.package_identification:_identify(Arduino/Teensy 4.0 Sketches) by extensions ['cmake', 'python']
[2.210s] Level 1:colcon.colcon_core.package_identification:_identify(Arduino/Teensy 4.0 Sketches) by extension 'cmake'
[2.210s] Level 1:colcon.colcon_core.package_identification:_identify(Arduino/Teensy 4.0 Sketches) by extension 'python'
[2.210s] Level 1:colcon.colcon_core.package_identification:_identify(Arduino/Teensy 4.0 Sketches) by extensions ['python_setup_py']
[2.210s] Level 1:colcon.colcon_core.package_identification:_identify(Arduino/Teensy 4.0 Sketches) by extension 'python_setup_py'
[2.212s] Level 1:colcon.colcon_core.package_identification:_identify(Arduino/Teensy 4.0 Sketches/Grade_Aus_Fahren) by extensions ['ignore', 'ignore_ament_install']
[2.212s] Level 1:colcon.colcon_core.package_identification:_identify(Arduino/Teensy 4.0 Sketches/Grade_Aus_Fahren) by extension 'ignore'
[2.212s] Level 1:colcon.colcon_core.package_identification:_identify(Arduino/Teensy 4.0 Sketches/Grade_Aus_Fahren) by extension 'ignore_ament_install'
[2.212s] Level 1:colcon.colcon_core.package_identification:_identify(Arduino/Teensy 4.0 Sketches/Grade_Aus_Fahren) by extensions ['colcon_pkg']
[2.213s] Level 1:colcon.colcon_core.package_identification:_identify(Arduino/Teensy 4.0 Sketches/Grade_Aus_Fahren) by extension 'colcon_pkg'
[2.213s] Level 1:colcon.colcon_core.package_identification:_identify(Arduino/Teensy 4.0 Sketches/Grade_Aus_Fahren) by extensions ['colcon_meta']
[2.213s] Level 1:colcon.colcon_core.package_identification:_identify(Arduino/Teensy 4.0 Sketches/Grade_Aus_Fahren) by extension 'colcon_meta'
[2.213s] Level 1:colcon.colcon_core.package_identification:_identify(Arduino/Teensy 4.0 Sketches/Grade_Aus_Fahren) by extensions ['ros']
[2.213s] Level 1:colcon.colcon_core.package_identification:_identify(Arduino/Teensy 4.0 Sketches/Grade_Aus_Fahren) by extension 'ros'
[2.214s] Level 1:colcon.colcon_core.package_identification:_identify(Arduino/Teensy 4.0 Sketches/Grade_Aus_Fahren) by extensions ['cmake', 'python']
[2.214s] Level 1:colcon.colcon_core.package_identification:_identify(Arduino/Teensy 4.0 Sketches/Grade_Aus_Fahren) by extension 'cmake'
[2.214s] Level 1:colcon.colcon_core.package_identification:_identify(Arduino/Teensy 4.0 Sketches/Grade_Aus_Fahren) by extension 'python'
[2.214s] Level 1:colcon.colcon_core.package_identification:_identify(Arduino/Teensy 4.0 Sketches/Grade_Aus_Fahren) by extensions ['python_setup_py']
[2.215s] Level 1:colcon.colcon_core.package_identification:_identify(Arduino/Teensy 4.0 Sketches/Grade_Aus_Fahren) by extension 'python_setup_py'
[2.216s] Level 1:colcon.colcon_core.package_identification:_identify(Arduino/Teensy 4.0 Sketches/Sanduhr_Quadrat) by extensions ['ignore', 'ignore_ament_install']
[2.216s] Level 1:colcon.colcon_core.package_identification:_identify(Arduino/Teensy 4.0 Sketches/Sanduhr_Quadrat) by extension 'ignore'
[2.216s] Level 1:colcon.colcon_core.package_identification:_identify(Arduino/Teensy 4.0 Sketches/Sanduhr_Quadrat) by extension 'ignore_ament_install'
[2.217s] Level 1:colcon.colcon_core.package_identification:_identify(Arduino/Teensy 4.0 Sketches/Sanduhr_Quadrat) by extensions ['colcon_pkg']
[2.217s] Level 1:colcon.colcon_core.package_identification:_identify(Arduino/Teensy 4.0 Sketches/Sanduhr_Quadrat) by extension 'colcon_pkg'
[2.217s] Level 1:colcon.colcon_core.package_identification:_identify(Arduino/Teensy 4.0 Sketches/Sanduhr_Quadrat) by extensions ['colcon_meta']
[2.217s] Level 1:colcon.colcon_core.package_identification:_identify(Arduino/Teensy 4.0 Sketches/Sanduhr_Quadrat) by extension 'colcon_meta'
[2.217s] Level 1:colcon.colcon_core.package_identification:_identify(Arduino/Teensy 4.0 Sketches/Sanduhr_Quadrat) by extensions ['ros']
[2.218s] Level 1:colcon.colcon_core.package_identification:_identify(Arduino/Teensy 4.0 Sketches/Sanduhr_Quadrat) by extension 'ros'
[2.218s] Level 1:colcon.colcon_core.package_identification:_identify(Arduino/Teensy 4.0 Sketches/Sanduhr_Quadrat) by extensions ['cmake', 'python']
[2.218s] Level 1:colcon.colcon_core.package_identification:_identify(Arduino/Teensy 4.0 Sketches/Sanduhr_Quadrat) by extension 'cmake'
[2.218s] Level 1:colcon.colcon_core.package_identification:_identify(Arduino/Teensy 4.0 Sketches/Sanduhr_Quadrat) by extension 'python'
[2.219s] Level 1:colcon.colcon_core.package_identification:_identify(Arduino/Teensy 4.0 Sketches/Sanduhr_Quadrat) by extensions ['python_setup_py']
[2.219s] Level 1:colcon.colcon_core.package_identification:_identify(Arduino/Teensy 4.0 Sketches/Sanduhr_Quadrat) by extension 'python_setup_py'
[2.219s] Level 1:colcon.colcon_core.package_identification:_identify(Arduino/Teensy 4.0 Sketches/Servo_Mit_Ros) by extensions ['ignore', 'ignore_ament_install']
[2.219s] Level 1:colcon.colcon_core.package_identification:_identify(Arduino/Teensy 4.0 Sketches/Servo_Mit_Ros) by extension 'ignore'
[2.220s] Level 1:colcon.colcon_core.package_identification:_identify(Arduino/Teensy 4.0 Sketches/Servo_Mit_Ros) by extension 'ignore_ament_install'
[2.220s] Level 1:colcon.colcon_core.package_identification:_identify(Arduino/Teensy 4.0 Sketches/Servo_Mit_Ros) by extensions ['colcon_pkg']
[2.220s] Level 1:colcon.colcon_core.package_identification:_identify(Arduino/Teensy 4.0 Sketches/Servo_Mit_Ros) by extension 'colcon_pkg'
[2.220s] Level 1:colcon.colcon_core.package_identification:_identify(Arduino/Teensy 4.0 Sketches/Servo_Mit_Ros) by extensions ['colcon_meta']
[2.220s] Level 1:colcon.colcon_core.package_identification:_identify(Arduino/Teensy 4.0 Sketches/Servo_Mit_Ros) by extension 'colcon_meta'
[2.221s] Level 1:colcon.colcon_core.package_identification:_identify(Arduino/Teensy 4.0 Sketches/Servo_Mit_Ros) by extensions ['ros']
[2.221s] Level 1:colcon.colcon_core.package_identification:_identify(Arduino/Teensy 4.0 Sketches/Servo_Mit_Ros) by extension 'ros'
[2.221s] Level 1:colcon.colcon_core.package_identification:_identify(Arduino/Teensy 4.0 Sketches/Servo_Mit_Ros) by extensions ['cmake', 'python']
[2.221s] Level 1:colcon.colcon_core.package_identification:_identify(Arduino/Teensy 4.0 Sketches/Servo_Mit_Ros) by extension 'cmake'
[2.222s] Level 1:colcon.colcon_core.package_identification:_identify(Arduino/Teensy 4.0 Sketches/Servo_Mit_Ros) by extension 'python'
[2.222s] Level 1:colcon.colcon_core.package_identification:_identify(Arduino/Teensy 4.0 Sketches/Servo_Mit_Ros) by extensions ['python_setup_py']
[2.222s] Level 1:colcon.colcon_core.package_identification:_identify(Arduino/Teensy 4.0 Sketches/Servo_Mit_Ros) by extension 'python_setup_py'
[2.222s] Level 1:colcon.colcon_core.package_identification:_identify(Arduino/Teensy 4.0 Sketches/Servo_Ros_Parkour) by extensions ['ignore', 'ignore_ament_install']
[2.223s] Level 1:colcon.colcon_core.package_identification:_identify(Arduino/Teensy 4.0 Sketches/Servo_Ros_Parkour) by extension 'ignore'
[2.223s] Level 1:colcon.colcon_core.package_identification:_identify(Arduino/Teensy 4.0 Sketches/Servo_Ros_Parkour) by extension 'ignore_ament_install'
[2.223s] Level 1:colcon.colcon_core.package_identification:_identify(Arduino/Teensy 4.0 Sketches/Servo_Ros_Parkour) by extensions ['colcon_pkg']
[2.223s] Level 1:colcon.colcon_core.package_identification:_identify(Arduino/Teensy 4.0 Sketches/Servo_Ros_Parkour) by extension 'colcon_pkg'
[2.224s] Level 1:colcon.colcon_core.package_identification:_identify(Arduino/Teensy 4.0 Sketches/Servo_Ros_Parkour) by extensions ['colcon_meta']
[2.224s] Level 1:colcon.colcon_core.package_identification:_identify(Arduino/Teensy 4.0 Sketches/Servo_Ros_Parkour) by extension 'colcon_meta'
[2.224s] Level 1:colcon.colcon_core.package_identification:_identify(Arduino/Teensy 4.0 Sketches/Servo_Ros_Parkour) by extensions ['ros']
[2.224s] Level 1:colcon.colcon_core.package_identification:_identify(Arduino/Teensy 4.0 Sketches/Servo_Ros_Parkour) by extension 'ros'
[2.224s] Level 1:colcon.colcon_core.package_identification:_identify(Arduino/Teensy 4.0 Sketches/Servo_Ros_Parkour) by extensions ['cmake', 'python']
[2.225s] Level 1:colcon.colcon_core.package_identification:_identify(Arduino/Teensy 4.0 Sketches/Servo_Ros_Parkour) by extension 'cmake'
[2.225s] Level 1:colcon.colcon_core.package_identification:_identify(Arduino/Teensy 4.0 Sketches/Servo_Ros_Parkour) by extension 'python'
[2.225s] Level 1:colcon.colcon_core.package_identification:_identify(Arduino/Teensy 4.0 Sketches/Servo_Ros_Parkour) by extensions ['python_setup_py']
[2.225s] Level 1:colcon.colcon_core.package_identification:_identify(Arduino/Teensy 4.0 Sketches/Servo_Ros_Parkour) by extension 'python_setup_py'
[2.226s] Level 1:colcon.colcon_core.package_identification:_identify(Arduino/Teensy 4.0 Sketches/Test-Sketch) by extensions ['ignore', 'ignore_ament_install']
[2.226s] Level 1:colcon.colcon_core.package_identification:_identify(Arduino/Teensy 4.0 Sketches/Test-Sketch) by extension 'ignore'
[2.226s] Level 1:colcon.colcon_core.package_identification:_identify(Arduino/Teensy 4.0 Sketches/Test-Sketch) by extension 'ignore_ament_install'
[2.227s] Level 1:colcon.colcon_core.package_identification:_identify(Arduino/Teensy 4.0 Sketches/Test-Sketch) by extensions ['colcon_pkg']
[2.227s] Level 1:colcon.colcon_core.package_identification:_identify(Arduino/Teensy 4.0 Sketches/Test-Sketch) by extension 'colcon_pkg'
[2.227s] Level 1:colcon.colcon_core.package_identification:_identify(Arduino/Teensy 4.0 Sketches/Test-Sketch) by extensions ['colcon_meta']
[2.227s] Level 1:colcon.colcon_core.package_identification:_identify(Arduino/Teensy 4.0 Sketches/Test-Sketch) by extension 'colcon_meta'
[2.227s] Level 1:colcon.colcon_core.package_identification:_identify(Arduino/Teensy 4.0 Sketches/Test-Sketch) by extensions ['ros']
[2.228s] Level 1:colcon.colcon_core.package_identification:_identify(Arduino/Teensy 4.0 Sketches/Test-Sketch) by extension 'ros'
[2.228s] Level 1:colcon.colcon_core.package_identification:_identify(Arduino/Teensy 4.0 Sketches/Test-Sketch) by extensions ['cmake', 'python']
[2.228s] Level 1:colcon.colcon_core.package_identification:_identify(Arduino/Teensy 4.0 Sketches/Test-Sketch) by extension 'cmake'
[2.228s] Level 1:colcon.colcon_core.package_identification:_identify(Arduino/Teensy 4.0 Sketches/Test-Sketch) by extension 'python'
[2.229s] Level 1:colcon.colcon_core.package_identification:_identify(Arduino/Teensy 4.0 Sketches/Test-Sketch) by extensions ['python_setup_py']
[2.229s] Level 1:colcon.colcon_core.package_identification:_identify(Arduino/Teensy 4.0 Sketches/Test-Sketch) by extension 'python_setup_py'
[2.229s] Level 1:colcon.colcon_core.package_identification:_identify(Arduino/Teensy 4.0 Sketches/sketch_Servo360Studentsino) by extensions ['ignore', 'ignore_ament_install']
[2.230s] Level 1:colcon.colcon_core.package_identification:_identify(Arduino/Teensy 4.0 Sketches/sketch_Servo360Studentsino) by extension 'ignore'
[2.230s] Level 1:colcon.colcon_core.package_identification:_identify(Arduino/Teensy 4.0 Sketches/sketch_Servo360Studentsino) by extension 'ignore_ament_install'
[2.230s] Level 1:colcon.colcon_core.package_identification:_identify(Arduino/Teensy 4.0 Sketches/sketch_Servo360Studentsino) by extensions ['colcon_pkg']
[2.230s] Level 1:colcon.colcon_core.package_identification:_identify(Arduino/Teensy 4.0 Sketches/sketch_Servo360Studentsino) by extension 'colcon_pkg'
[2.230s] Level 1:colcon.colcon_core.package_identification:_identify(Arduino/Teensy 4.0 Sketches/sketch_Servo360Studentsino) by extensions ['colcon_meta']
[2.231s] Level 1:colcon.colcon_core.package_identification:_identify(Arduino/Teensy 4.0 Sketches/sketch_Servo360Studentsino) by extension 'colcon_meta'
[2.231s] Level 1:colcon.colcon_core.package_identification:_identify(Arduino/Teensy 4.0 Sketches/sketch_Servo360Studentsino) by extensions ['ros']
[2.231s] Level 1:colcon.colcon_core.package_identification:_identify(Arduino/Teensy 4.0 Sketches/sketch_Servo360Studentsino) by extension 'ros'
[2.231s] Level 1:colcon.colcon_core.package_identification:_identify(Arduino/Teensy 4.0 Sketches/sketch_Servo360Studentsino) by extensions ['cmake', 'python']
[2.231s] Level 1:colcon.colcon_core.package_identification:_identify(Arduino/Teensy 4.0 Sketches/sketch_Servo360Studentsino) by extension 'cmake'
[2.232s] Level 1:colcon.colcon_core.package_identification:_identify(Arduino/Teensy 4.0 Sketches/sketch_Servo360Studentsino) by extension 'python'
[2.232s] Level 1:colcon.colcon_core.package_identification:_identify(Arduino/Teensy 4.0 Sketches/sketch_Servo360Studentsino) by extensions ['python_setup_py']
[2.232s] Level 1:colcon.colcon_core.package_identification:_identify(Arduino/Teensy 4.0 Sketches/sketch_Servo360Studentsino) by extension 'python_setup_py'
[2.232s] Level 1:colcon.colcon_core.package_identification:_identify(build) by extensions ['ignore', 'ignore_ament_install']
[2.233s] Level 1:colcon.colcon_core.package_identification:_identify(build) by extension 'ignore'
[2.233s] Level 1:colcon.colcon_core.package_identification:_identify(build) ignored
[2.234s] Level 1:colcon.colcon_core.package_identification:_identify(install) by extensions ['ignore', 'ignore_ament_install']
[2.234s] Level 1:colcon.colcon_core.package_identification:_identify(install) by extension 'ignore'
[2.234s] Level 1:colcon.colcon_core.package_identification:_identify(install) ignored
[2.235s] Level 1:colcon.colcon_core.package_identification:_identify(log) by extensions ['ignore', 'ignore_ament_install']
[2.236s] Level 1:colcon.colcon_core.package_identification:_identify(log) by extension 'ignore'
[2.236s] Level 1:colcon.colcon_core.package_identification:_identify(log) ignored
[2.236s] Level 1:colcon.colcon_core.package_identification:_identify(src) by extensions ['ignore', 'ignore_ament_install']
[2.236s] Level 1:colcon.colcon_core.package_identification:_identify(src) by extension 'ignore'
[2.237s] Level 1:colcon.colcon_core.package_identification:_identify(src) by extension 'ignore_ament_install'
[2.237s] Level 1:colcon.colcon_core.package_identification:_identify(src) by extensions ['colcon_pkg']
[2.237s] Level 1:colcon.colcon_core.package_identification:_identify(src) by extension 'colcon_pkg'
[2.237s] Level 1:colcon.colcon_core.package_identification:_identify(src) by extensions ['colcon_meta']
[2.237s] Level 1:colcon.colcon_core.package_identification:_identify(src) by extension 'colcon_meta'
[2.238s] Level 1:colcon.colcon_core.package_identification:_identify(src) by extensions ['ros']
[2.238s] Level 1:colcon.colcon_core.package_identification:_identify(src) by extension 'ros'
[2.238s] Level 1:colcon.colcon_core.package_identification:_identify(src) by extensions ['cmake', 'python']
[2.238s] Level 1:colcon.colcon_core.package_identification:_identify(src) by extension 'cmake'
[2.238s] Level 1:colcon.colcon_core.package_identification:_identify(src) by extension 'python'
[2.239s] Level 1:colcon.colcon_core.package_identification:_identify(src) by extensions ['python_setup_py']
[2.239s] Level 1:colcon.colcon_core.package_identification:_identify(src) by extension 'python_setup_py'
[2.239s] Level 1:colcon.colcon_core.package_identification:_identify(src/alma_camera) by extensions ['ignore', 'ignore_ament_install']
[2.240s] Level 1:colcon.colcon_core.package_identification:_identify(src/alma_camera) by extension 'ignore'
[2.240s] Level 1:colcon.colcon_core.package_identification:_identify(src/alma_camera) by extension 'ignore_ament_install'
[2.240s] Level 1:colcon.colcon_core.package_identification:_identify(src/alma_camera) by extensions ['colcon_pkg']
[2.240s] Level 1:colcon.colcon_core.package_identification:_identify(src/alma_camera) by extension 'colcon_pkg'
[2.240s] Level 1:colcon.colcon_core.package_identification:_identify(src/alma_camera) by extensions ['colcon_meta']
[2.240s] Level 1:colcon.colcon_core.package_identification:_identify(src/alma_camera) by extension 'colcon_meta'
[2.241s] Level 1:colcon.colcon_core.package_identification:_identify(src/alma_camera) by extensions ['ros']
[2.241s] Level 1:colcon.colcon_core.package_identification:_identify(src/alma_camera) by extension 'ros'
[2.254s] DEBUG:colcon.colcon_core.package_identification:Package 'src/alma_camera' with type 'ros.ament_python' and name 'alma_camera'
[2.255s] Level 1:colcon.colcon_core.package_identification:_identify(src/alma_erste_abgabe) by extensions ['ignore', 'ignore_ament_install']
[2.255s] Level 1:colcon.colcon_core.package_identification:_identify(src/alma_erste_abgabe) by extension 'ignore'
[2.255s] Level 1:colcon.colcon_core.package_identification:_identify(src/alma_erste_abgabe) by extension 'ignore_ament_install'
[2.256s] Level 1:colcon.colcon_core.package_identification:_identify(src/alma_erste_abgabe) by extensions ['colcon_pkg']
[2.256s] Level 1:colcon.colcon_core.package_identification:_identify(src/alma_erste_abgabe) by extension 'colcon_pkg'
[2.256s] Level 1:colcon.colcon_core.package_identification:_identify(src/alma_erste_abgabe) by extensions ['colcon_meta']
[2.256s] Level 1:colcon.colcon_core.package_identification:_identify(src/alma_erste_abgabe) by extension 'colcon_meta'
[2.256s] Level 1:colcon.colcon_core.package_identification:_identify(src/alma_erste_abgabe) by extensions ['ros']
[2.256s] Level 1:colcon.colcon_core.package_identification:_identify(src/alma_erste_abgabe) by extension 'ros'
[2.260s] DEBUG:colcon.colcon_core.package_identification:Package 'src/alma_erste_abgabe' with type 'ros.ament_python' and name 'alma_erste_abgabe'
[2.261s] Level 1:colcon.colcon_core.package_identification:_identify(src/alma_ultrasound) by extensions ['ignore', 'ignore_ament_install']
[2.262s] Level 1:colcon.colcon_core.package_identification:_identify(src/alma_ultrasound) by extension 'ignore'
[2.262s] Level 1:colcon.colcon_core.package_identification:_identify(src/alma_ultrasound) by extension 'ignore_ament_install'
[2.262s] Level 1:colcon.colcon_core.package_identification:_identify(src/alma_ultrasound) by extensions ['colcon_pkg']
[2.262s] Level 1:colcon.colcon_core.package_identification:_identify(src/alma_ultrasound) by extension 'colcon_pkg'
[2.263s] Level 1:colcon.colcon_core.package_identification:_identify(src/alma_ultrasound) by extensions ['colcon_meta']
[2.263s] Level 1:colcon.colcon_core.package_identification:_identify(src/alma_ultrasound) by extension 'colcon_meta'
[2.263s] Level 1:colcon.colcon_core.package_identification:_identify(src/alma_ultrasound) by extensions ['ros']
[2.263s] Level 1:colcon.colcon_core.package_identification:_identify(src/alma_ultrasound) by extension 'ros'
[2.266s] DEBUG:colcon.colcon_core.package_identification:Package 'src/alma_ultrasound' with type 'ros.ament_python' and name 'alma_ultrasound'
[2.267s] Level 1:colcon.colcon_core.package_discovery:discover_packages(recursive) using defaults
[2.267s] Level 1:colcon.colcon_core.package_discovery:discover_packages(ignore) discover
[2.267s] Level 1:colcon.colcon_core.package_discovery:discover_packages(ignore) using defaults
[2.267s] Level 1:colcon.colcon_core.package_discovery:discover_packages(path) discover
[2.267s] Level 1:colcon.colcon_core.package_discovery:discover_packages(path) using defaults
[2.461s] INFO:colcon.colcon_core.package_selection:Skipping not selected package 'alma_erste_abgabe' in 'src/alma_erste_abgabe'
[2.461s] INFO:colcon.colcon_core.package_selection:Skipping not selected package 'alma_ultrasound' in 'src/alma_ultrasound'
[2.464s] Level 1:colcon.colcon_core.package_discovery:discover_packages(prefix_path) check parameters
[2.464s] Level 1:colcon.colcon_core.package_discovery:discover_packages(prefix_path) discover
[2.480s] DEBUG:colcon.colcon_installed_package_information.package_discovery:Found 3 installed packages in /home/pi/robotik_alma_ws/install
[2.492s] DEBUG:colcon.colcon_installed_package_information.package_discovery:Found 309 installed packages in /opt/ros/iron
[2.499s] Level 1:colcon.colcon_core.package_discovery:discover_packages(prefix_path) using defaults
[2.734s] Level 5:colcon.colcon_core.verb:set package 'alma_camera' build argument 'cmake_args' from command line to 'None'
[2.734s] Level 5:colcon.colcon_core.verb:set package 'alma_camera' build argument 'cmake_target' from command line to 'None'
[2.734s] Level 5:colcon.colcon_core.verb:set package 'alma_camera' build argument 'cmake_target_skip_unavailable' from command line to 'False'
[2.734s] Level 5:colcon.colcon_core.verb:set package 'alma_camera' build argument 'cmake_clean_cache' from command line to 'False'
[2.734s] Level 5:colcon.colcon_core.verb:set package 'alma_camera' build argument 'cmake_clean_first' from command line to 'False'
[2.734s] Level 5:colcon.colcon_core.verb:set package 'alma_camera' build argument 'cmake_force_configure' from command line to 'False'
[2.735s] Level 5:colcon.colcon_core.verb:set package 'alma_camera' build argument 'ament_cmake_args' from command line to 'None'
[2.735s] Level 5:colcon.colcon_core.verb:set package 'alma_camera' build argument 'catkin_cmake_args' from command line to 'None'
[2.735s] Level 5:colcon.colcon_core.verb:set package 'alma_camera' build argument 'catkin_skip_building_tests' from command line to 'False'
[2.735s] DEBUG:colcon.colcon_core.verb:Building package 'alma_camera' with the following arguments: {'ament_cmake_args': None, 'build_base': '/home/pi/robotik_alma_ws/build/alma_camera', 'catkin_cmake_args': None, 'catkin_skip_building_tests': False, 'cmake_args': None, 'cmake_clean_cache': False, 'cmake_clean_first': False, 'cmake_force_configure': False, 'cmake_target': None, 'cmake_target_skip_unavailable': False, 'install_base': '/home/pi/robotik_alma_ws/install/alma_camera', 'merge_install': False, 'path': '/home/pi/robotik_alma_ws/src/alma_camera', 'symlink_install': False, 'test_result_base': None}
[2.736s] INFO:colcon.colcon_core.executor:Executing jobs using 'parallel' executor
[2.739s] DEBUG:colcon.colcon_parallel_executor.executor.parallel:run_until_complete
[2.740s] INFO:colcon.colcon_ros.task.ament_python.build:Building ROS package in '/home/pi/robotik_alma_ws/src/alma_camera' with build type 'ament_python'
[2.741s] Level 1:colcon.colcon_core.shell:create_environment_hook('alma_camera', 'ament_prefix_path')
[2.768s] INFO:colcon.colcon_core.plugin_system:Skipping extension 'colcon_core.shell.bat': Not used on non-Windows systems
[2.770s] INFO:colcon.colcon_core.shell:Creating environment hook '/home/pi/robotik_alma_ws/install/alma_camera/share/alma_camera/hook/ament_prefix_path.ps1'
[2.784s] INFO:colcon.colcon_core.shell:Creating environment descriptor '/home/pi/robotik_alma_ws/install/alma_camera/share/alma_camera/hook/ament_prefix_path.dsv'
[2.791s] INFO:colcon.colcon_core.shell:Creating environment hook '/home/pi/robotik_alma_ws/install/alma_camera/share/alma_camera/hook/ament_prefix_path.sh'
[2.799s] INFO:colcon.colcon_core.shell:Skip shell extension 'powershell' for command environment: Not usable outside of PowerShell
[2.800s] DEBUG:colcon.colcon_core.shell:Skip shell extension 'dsv' for command environment
[4.214s] INFO:colcon.colcon_core.task.python.build:Building Python package in '/home/pi/robotik_alma_ws/src/alma_camera'
[4.215s] INFO:colcon.colcon_core.shell:Skip shell extension 'powershell' for command environment: Not usable outside of PowerShell
[4.215s] DEBUG:colcon.colcon_core.shell:Skip shell extension 'dsv' for command environment
[6.098s] DEBUG:colcon.colcon_core.event_handler.log_command:Invoking command in '/home/pi/robotik_alma_ws/src/alma_camera': PYTHONPATH=/home/pi/robotik_alma_ws/build/alma_camera/prefix_override:/home/pi/robotik_alma_ws/install/alma_camera/lib/python3.10/site-packages:${PYTHONPATH} /usr/bin/python3 -W ignore:setup.py install is deprecated setup.py egg_info --egg-base ../../build/alma_camera build --build-base /home/pi/robotik_alma_ws/build/alma_camera/build install --record /home/pi/robotik_alma_ws/build/alma_camera/install.log --single-version-externally-managed install_data
[7.694s] DEBUG:colcon.colcon_core.event_handler.log_command:Invoked command in '/home/pi/robotik_alma_ws/src/alma_camera' returned '0': PYTHONPATH=/home/pi/robotik_alma_ws/build/alma_camera/prefix_override:/home/pi/robotik_alma_ws/install/alma_camera/lib/python3.10/site-packages:${PYTHONPATH} /usr/bin/python3 -W ignore:setup.py install is deprecated setup.py egg_info --egg-base ../../build/alma_camera build --build-base /home/pi/robotik_alma_ws/build/alma_camera/build install --record /home/pi/robotik_alma_ws/build/alma_camera/install.log --single-version-externally-managed install_data
[7.724s] Level 1:colcon.colcon_core.environment:checking '/home/pi/robotik_alma_ws/install/alma_camera' for CMake module files
[7.728s] Level 1:colcon.colcon_core.environment:checking '/home/pi/robotik_alma_ws/install/alma_camera' for CMake config files
[7.734s] Level 1:colcon.colcon_core.environment:checking '/home/pi/robotik_alma_ws/install/alma_camera/lib'
[7.735s] Level 1:colcon.colcon_core.environment:checking '/home/pi/robotik_alma_ws/install/alma_camera/bin'
[7.736s] Level 1:colcon.colcon_core.environment:checking '/home/pi/robotik_alma_ws/install/alma_camera/lib/pkgconfig/alma_camera.pc'
[7.737s] Level 1:colcon.colcon_core.environment:checking '/home/pi/robotik_alma_ws/install/alma_camera/lib/python3.10/site-packages'
[7.737s] Level 1:colcon.colcon_core.shell:create_environment_hook('alma_camera', 'pythonpath')
[7.738s] INFO:colcon.colcon_core.shell:Creating environment hook '/home/pi/robotik_alma_ws/install/alma_camera/share/alma_camera/hook/pythonpath.ps1'
[7.740s] INFO:colcon.colcon_core.shell:Creating environment descriptor '/home/pi/robotik_alma_ws/install/alma_camera/share/alma_camera/hook/pythonpath.dsv'
[7.742s] INFO:colcon.colcon_core.shell:Creating environment hook '/home/pi/robotik_alma_ws/install/alma_camera/share/alma_camera/hook/pythonpath.sh'
[7.745s] Level 1:colcon.colcon_core.environment:checking '/home/pi/robotik_alma_ws/install/alma_camera/bin'
[7.745s] Level 1:colcon.colcon_core.environment:create_environment_scripts_only(alma_camera)
[7.746s] INFO:colcon.colcon_core.shell:Creating package script '/home/pi/robotik_alma_ws/install/alma_camera/share/alma_camera/package.ps1'
[7.751s] INFO:colcon.colcon_core.shell:Creating package descriptor '/home/pi/robotik_alma_ws/install/alma_camera/share/alma_camera/package.dsv'
[7.755s] INFO:colcon.colcon_core.shell:Creating package script '/home/pi/robotik_alma_ws/install/alma_camera/share/alma_camera/package.sh'
[7.759s] INFO:colcon.colcon_core.shell:Creating package script '/home/pi/robotik_alma_ws/install/alma_camera/share/alma_camera/package.bash'
[7.764s] INFO:colcon.colcon_core.shell:Creating package script '/home/pi/robotik_alma_ws/install/alma_camera/share/alma_camera/package.zsh'
[7.769s] Level 1:colcon.colcon_core.environment:create_file_with_runtime_dependencies(/home/pi/robotik_alma_ws/install/alma_camera/share/colcon-core/packages/alma_camera)
[7.780s] DEBUG:colcon.colcon_parallel_executor.executor.parallel:closing loop
[7.782s] DEBUG:colcon.colcon_parallel_executor.executor.parallel:loop closed
[7.782s] DEBUG:colcon.colcon_parallel_executor.executor.parallel:run_until_complete finished with '0'
[7.783s] DEBUG:colcon.colcon_core.event_reactor:joining thread
[7.836s] INFO:colcon.colcon_core.plugin_system:Skipping extension 'colcon_notification.desktop_notification.terminal_notifier': Not used on non-Darwin systems
[7.836s] INFO:colcon.colcon_core.plugin_system:Skipping extension 'colcon_notification.desktop_notification.win32': Not used on non-Windows systems
[7.836s] INFO:colcon.colcon_notification.desktop_notification:Sending desktop notification using 'notify2'
[7.910s] DEBUG:colcon.colcon_core.event_reactor:joined thread
[7.912s] INFO:colcon.colcon_core.shell:Creating prefix script '/home/pi/robotik_alma_ws/install/local_setup.ps1'
[7.919s] INFO:colcon.colcon_core.shell:Creating prefix util module '/home/pi/robotik_alma_ws/install/_local_setup_util_ps1.py'
[7.927s] INFO:colcon.colcon_core.shell:Creating prefix chain script '/home/pi/robotik_alma_ws/install/setup.ps1'
[7.943s] INFO:colcon.colcon_core.shell:Creating prefix script '/home/pi/robotik_alma_ws/install/local_setup.sh'
[7.955s] INFO:colcon.colcon_core.shell:Creating prefix util module '/home/pi/robotik_alma_ws/install/_local_setup_util_sh.py'
[7.962s] INFO:colcon.colcon_core.shell:Creating prefix chain script '/home/pi/robotik_alma_ws/install/setup.sh'
[7.971s] INFO:colcon.colcon_core.shell:Creating prefix script '/home/pi/robotik_alma_ws/install/local_setup.bash'
[7.976s] INFO:colcon.colcon_core.shell:Creating prefix chain script '/home/pi/robotik_alma_ws/install/setup.bash'
[7.983s] INFO:colcon.colcon_core.shell:Creating prefix script '/home/pi/robotik_alma_ws/install/local_setup.zsh'
[7.987s] INFO:colcon.colcon_core.shell:Creating prefix chain script '/home/pi/robotik_alma_ws/install/setup.zsh'
