[3.176s] Invoking command in '/home/pi/robotik_alma_ws/src/alma_ultrasound': PYTHONPATH=/home/pi/robotik_alma_ws/build/alma_ultrasound/prefix_override:/home/pi/robotik_alma_ws/install/alma_ultrasound/lib/python3.10/site-packages:${PYTHONPATH} /usr/bin/python3 -W ignore:setup.py install is deprecated setup.py egg_info --egg-base ../../build/alma_ultrasound build --build-base /home/pi/robotik_alma_ws/build/alma_ultrasound/build install --record /home/pi/robotik_alma_ws/build/alma_ultrasound/install.log --single-version-externally-managed install_data
[4.445s] running egg_info
[4.448s] writing ../../build/alma_ultrasound/alma_ultrasound.egg-info/PKG-INFO
[4.449s] writing dependency_links to ../../build/alma_ultrasound/alma_ultrasound.egg-info/dependency_links.txt
[4.450s] writing entry points to ../../build/alma_ultrasound/alma_ultrasound.egg-info/entry_points.txt
[4.451s] writing requirements to ../../build/alma_ultrasound/alma_ultrasound.egg-info/requires.txt
[4.451s] writing top-level names to ../../build/alma_ultrasound/alma_ultrasound.egg-info/top_level.txt
[4.462s] reading manifest file '../../build/alma_ultrasound/alma_ultrasound.egg-info/SOURCES.txt'
[4.463s] adding license file 'LICENSE'
[4.466s] writing manifest file '../../build/alma_ultrasound/alma_ultrasound.egg-info/SOURCES.txt'
[4.467s] running build
[4.468s] running build_py
[4.469s] running install
[4.471s] running install_lib
[4.483s] running install_data
[4.484s] copying package.xml -> /home/pi/robotik_alma_ws/install/alma_ultrasound/share/alma_ultrasound
[4.484s] running install_egg_info
[4.492s] removing '/home/pi/robotik_alma_ws/install/alma_ultrasound/lib/python3.10/site-packages/alma_ultrasound-0.0.0-py3.10.egg-info' (and everything under it)
[4.493s] Copying ../../build/alma_ultrasound/alma_ultrasound.egg-info to /home/pi/robotik_alma_ws/install/alma_ultrasound/lib/python3.10/site-packages/alma_ultrasound-0.0.0-py3.10.egg-info
[4.499s] running install_scripts
[4.594s] Installing ultrasound_pub script to /home/pi/robotik_alma_ws/install/alma_ultrasound/lib/alma_ultrasound
[4.595s] writing list of installed files to '/home/pi/robotik_alma_ws/build/alma_ultrasound/install.log'
[4.736s] Invoked command in '/home/pi/robotik_alma_ws/src/alma_ultrasound' returned '0': PYTHONPATH=/home/pi/robotik_alma_ws/build/alma_ultrasound/prefix_override:/home/pi/robotik_alma_ws/install/alma_ultrasound/lib/python3.10/site-packages:${PYTHONPATH} /usr/bin/python3 -W ignore:setup.py install is deprecated setup.py egg_info --egg-base ../../build/alma_ultrasound build --build-base /home/pi/robotik_alma_ws/build/alma_ultrasound/build install --record /home/pi/robotik_alma_ws/build/alma_ultrasound/install.log --single-version-externally-managed install_data
