[0.447s] DEBUG:colcon:Command line arguments: ['/usr/bin/colcon', 'build', '--symlink-install']
[0.448s] DEBUG:colcon:Parsed command line arguments: Namespace(log_base=None, log_level=None, verb_name='build', build_base='build', install_base='install', merge_install=False, symlink_install=True, test_result_base=None, continue_on_error=False, executor='parallel', parallel_workers=4, event_handlers=None, ignore_user_meta=False, metas=['./colcon.meta'], base_paths=['.'], packages_ignore=None, packages_ignore_regex=None, paths=None, packages_up_to=None, packages_up_to_regex=None, packages_above=None, packages_above_and_dependencies=None, packages_above_depth=None, packages_select_by_dep=None, packages_skip_by_dep=None, packages_skip_up_to=None, packages_select_build_failed=False, packages_skip_build_finished=False, packages_select_test_failures=False, packages_skip_test_passed=False, packages_select=None, packages_skip=None, packages_select_regex=None, packages_skip_regex=None, packages_start=None, packages_end=None, allow_overriding=[], cmake_args=None, cmake_target=None, cmake_target_skip_unavailable=False, cmake_clean_cache=False, cmake_clean_first=False, cmake_force_configure=False, ament_cmake_args=None, catkin_cmake_args=None, catkin_skip_building_tests=False, verb_parser=<colcon_defaults.argument_parser.defaults.DefaultArgumentsDecorator object at 0xffff81f3cac0>, verb_extension=<colcon_core.verb.build.BuildVerb object at 0xffff820b1660>, main=<bound method BuildVerb.main of <colcon_core.verb.build.BuildVerb object at 0xffff820b1660>>)
[1.269s] Level 1:colcon.colcon_core.package_discovery:discover_packages(colcon_meta) check parameters
[1.269s] Level 1:colcon.colcon_core.package_discovery:discover_packages(recursive) check parameters
[1.269s] Level 1:colcon.colcon_core.package_discovery:discover_packages(ignore) check parameters
[1.269s] Level 1:colcon.colcon_core.package_discovery:discover_packages(path) check parameters
[1.270s] Level 1:colcon.colcon_core.package_discovery:discover_packages(colcon_meta) discover
[1.270s] Level 1:colcon.colcon_core.package_discovery:discover_packages(recursive) discover
[1.270s] INFO:colcon.colcon_core.package_discovery:Crawling recursively for packages in '/home/pi/robotik_alma_ws'
[1.270s] Level 1:colcon.colcon_core.package_identification:_identify(.) by extensions ['ignore', 'ignore_ament_install']
[1.271s] Level 1:colcon.colcon_core.package_identification:_identify(.) by extension 'ignore'
[1.271s] Level 1:colcon.colcon_core.package_identification:_identify(.) by extension 'ignore_ament_install'
[1.271s] Level 1:colcon.colcon_core.package_identification:_identify(.) by extensions ['colcon_pkg']
[1.271s] Level 1:colcon.colcon_core.package_identification:_identify(.) by extension 'colcon_pkg'
[1.272s] Level 1:colcon.colcon_core.package_identification:_identify(.) by extensions ['colcon_meta']
[1.272s] Level 1:colcon.colcon_core.package_identification:_identify(.) by extension 'colcon_meta'
[1.272s] Level 1:colcon.colcon_core.package_identification:_identify(.) by extensions ['ros']
[1.272s] Level 1:colcon.colcon_core.package_identification:_identify(.) by extension 'ros'
[1.320s] Level 1:colcon.colcon_core.package_identification:_identify(.) by extensions ['cmake', 'python']
[1.320s] Level 1:colcon.colcon_core.package_identification:_identify(.) by extension 'cmake'
[1.321s] Level 1:colcon.colcon_core.package_identification:_identify(.) by extension 'python'
[1.321s] Level 1:colcon.colcon_core.package_identification:_identify(.) by extensions ['python_setup_py']
[1.321s] Level 1:colcon.colcon_core.package_identification:_identify(.) by extension 'python_setup_py'
[1.321s] Level 1:colcon.colcon_core.package_identification:_identify(build) by extensions ['ignore', 'ignore_ament_install']
[1.322s] Level 1:colcon.colcon_core.package_identification:_identify(build) by extension 'ignore'
[1.322s] Level 1:colcon.colcon_core.package_identification:_identify(build) ignored
[1.323s] Level 1:colcon.colcon_core.package_identification:_identify(install) by extensions ['ignore', 'ignore_ament_install']
[1.323s] Level 1:colcon.colcon_core.package_identification:_identify(install) by extension 'ignore'
[1.323s] Level 1:colcon.colcon_core.package_identification:_identify(install) ignored
[1.324s] Level 1:colcon.colcon_core.package_identification:_identify(log) by extensions ['ignore', 'ignore_ament_install']
[1.324s] Level 1:colcon.colcon_core.package_identification:_identify(log) by extension 'ignore'
[1.324s] Level 1:colcon.colcon_core.package_identification:_identify(log) ignored
[1.325s] Level 1:colcon.colcon_core.package_identification:_identify(src) by extensions ['ignore', 'ignore_ament_install']
[1.325s] Level 1:colcon.colcon_core.package_identification:_identify(src) by extension 'ignore'
[1.325s] Level 1:colcon.colcon_core.package_identification:_identify(src) by extension 'ignore_ament_install'
[1.326s] Level 1:colcon.colcon_core.package_identification:_identify(src) by extensions ['colcon_pkg']
[1.326s] Level 1:colcon.colcon_core.package_identification:_identify(src) by extension 'colcon_pkg'
[1.326s] Level 1:colcon.colcon_core.package_identification:_identify(src) by extensions ['colcon_meta']
[1.326s] Level 1:colcon.colcon_core.package_identification:_identify(src) by extension 'colcon_meta'
[1.326s] Level 1:colcon.colcon_core.package_identification:_identify(src) by extensions ['ros']
[1.326s] Level 1:colcon.colcon_core.package_identification:_identify(src) by extension 'ros'
[1.327s] Level 1:colcon.colcon_core.package_identification:_identify(src) by extensions ['cmake', 'python']
[1.327s] Level 1:colcon.colcon_core.package_identification:_identify(src) by extension 'cmake'
[1.327s] Level 1:colcon.colcon_core.package_identification:_identify(src) by extension 'python'
[1.327s] Level 1:colcon.colcon_core.package_identification:_identify(src) by extensions ['python_setup_py']
[1.327s] Level 1:colcon.colcon_core.package_identification:_identify(src) by extension 'python_setup_py'
[1.328s] Level 1:colcon.colcon_core.package_identification:_identify(src/alma_camera) by extensions ['ignore', 'ignore_ament_install']
[1.328s] Level 1:colcon.colcon_core.package_identification:_identify(src/alma_camera) by extension 'ignore'
[1.328s] Level 1:colcon.colcon_core.package_identification:_identify(src/alma_camera) by extension 'ignore_ament_install'
[1.328s] Level 1:colcon.colcon_core.package_identification:_identify(src/alma_camera) by extensions ['colcon_pkg']
[1.328s] Level 1:colcon.colcon_core.package_identification:_identify(src/alma_camera) by extension 'colcon_pkg'
[1.329s] Level 1:colcon.colcon_core.package_identification:_identify(src/alma_camera) by extensions ['colcon_meta']
[1.329s] Level 1:colcon.colcon_core.package_identification:_identify(src/alma_camera) by extension 'colcon_meta'
[1.329s] Level 1:colcon.colcon_core.package_identification:_identify(src/alma_camera) by extensions ['ros']
[1.329s] Level 1:colcon.colcon_core.package_identification:_identify(src/alma_camera) by extension 'ros'
[1.337s] DEBUG:colcon.colcon_core.package_identification:Package 'src/alma_camera' with type 'ros.ament_python' and name 'alma_camera'
[1.338s] Level 1:colcon.colcon_core.package_identification:_identify(src/alma_erste_abgabe) by extensions ['ignore', 'ignore_ament_install']
[1.339s] Level 1:colcon.colcon_core.package_identification:_identify(src/alma_erste_abgabe) by extension 'ignore'
[1.339s] Level 1:colcon.colcon_core.package_identification:_identify(src/alma_erste_abgabe) by extension 'ignore_ament_install'
[1.339s] Level 1:colcon.colcon_core.package_identification:_identify(src/alma_erste_abgabe) by extensions ['colcon_pkg']
[1.339s] Level 1:colcon.colcon_core.package_identification:_identify(src/alma_erste_abgabe) by extension 'colcon_pkg'
[1.339s] Level 1:colcon.colcon_core.package_identification:_identify(src/alma_erste_abgabe) by extensions ['colcon_meta']
[1.339s] Level 1:colcon.colcon_core.package_identification:_identify(src/alma_erste_abgabe) by extension 'colcon_meta'
[1.340s] Level 1:colcon.colcon_core.package_identification:_identify(src/alma_erste_abgabe) by extensions ['ros']
[1.340s] Level 1:colcon.colcon_core.package_identification:_identify(src/alma_erste_abgabe) by extension 'ros'
[1.342s] DEBUG:colcon.colcon_core.package_identification:Package 'src/alma_erste_abgabe' with type 'ros.ament_python' and name 'alma_erste_abgabe'
[1.342s] Level 1:colcon.colcon_core.package_discovery:discover_packages(recursive) using defaults
[1.342s] Level 1:colcon.colcon_core.package_discovery:discover_packages(ignore) discover
[1.342s] Level 1:colcon.colcon_core.package_discovery:discover_packages(ignore) using defaults
[1.342s] Level 1:colcon.colcon_core.package_discovery:discover_packages(path) discover
[1.343s] Level 1:colcon.colcon_core.package_discovery:discover_packages(path) using defaults
[1.463s] Level 1:colcon.colcon_core.package_discovery:discover_packages(prefix_path) check parameters
[1.464s] Level 1:colcon.colcon_core.package_discovery:discover_packages(prefix_path) discover
[1.478s] DEBUG:colcon.colcon_installed_package_information.package_discovery:Found 309 installed packages in /opt/ros/iron
[1.485s] Level 1:colcon.colcon_core.package_discovery:discover_packages(prefix_path) using defaults
[1.693s] Level 5:colcon.colcon_core.verb:set package 'alma_camera' build argument 'cmake_args' from command line to 'None'
[1.693s] Level 5:colcon.colcon_core.verb:set package 'alma_camera' build argument 'cmake_target' from command line to 'None'
[1.693s] Level 5:colcon.colcon_core.verb:set package 'alma_camera' build argument 'cmake_target_skip_unavailable' from command line to 'False'
[1.693s] Level 5:colcon.colcon_core.verb:set package 'alma_camera' build argument 'cmake_clean_cache' from command line to 'False'
[1.693s] Level 5:colcon.colcon_core.verb:set package 'alma_camera' build argument 'cmake_clean_first' from command line to 'False'
[1.693s] Level 5:colcon.colcon_core.verb:set package 'alma_camera' build argument 'cmake_force_configure' from command line to 'False'
[1.693s] Level 5:colcon.colcon_core.verb:set package 'alma_camera' build argument 'ament_cmake_args' from command line to 'None'
[1.694s] Level 5:colcon.colcon_core.verb:set package 'alma_camera' build argument 'catkin_cmake_args' from command line to 'None'
[1.694s] Level 5:colcon.colcon_core.verb:set package 'alma_camera' build argument 'catkin_skip_building_tests' from command line to 'False'
[1.694s] DEBUG:colcon.colcon_core.verb:Building package 'alma_camera' with the following arguments: {'ament_cmake_args': None, 'build_base': '/home/pi/robotik_alma_ws/build/alma_camera', 'catkin_cmake_args': None, 'catkin_skip_building_tests': False, 'cmake_args': None, 'cmake_clean_cache': False, 'cmake_clean_first': False, 'cmake_force_configure': False, 'cmake_target': None, 'cmake_target_skip_unavailable': False, 'install_base': '/home/pi/robotik_alma_ws/install/alma_camera', 'merge_install': False, 'path': '/home/pi/robotik_alma_ws/src/alma_camera', 'symlink_install': True, 'test_result_base': None}
[1.695s] Level 5:colcon.colcon_core.verb:set package 'alma_erste_abgabe' build argument 'cmake_args' from command line to 'None'
[1.695s] Level 5:colcon.colcon_core.verb:set package 'alma_erste_abgabe' build argument 'cmake_target' from command line to 'None'
[1.696s] Level 5:colcon.colcon_core.verb:set package 'alma_erste_abgabe' build argument 'cmake_target_skip_unavailable' from command line to 'False'
[1.696s] Level 5:colcon.colcon_core.verb:set package 'alma_erste_abgabe' build argument 'cmake_clean_cache' from command line to 'False'
[1.696s] Level 5:colcon.colcon_core.verb:set package 'alma_erste_abgabe' build argument 'cmake_clean_first' from command line to 'False'
[1.696s] Level 5:colcon.colcon_core.verb:set package 'alma_erste_abgabe' build argument 'cmake_force_configure' from command line to 'False'
[1.696s] Level 5:colcon.colcon_core.verb:set package 'alma_erste_abgabe' build argument 'ament_cmake_args' from command line to 'None'
[1.696s] Level 5:colcon.colcon_core.verb:set package 'alma_erste_abgabe' build argument 'catkin_cmake_args' from command line to 'None'
[1.696s] Level 5:colcon.colcon_core.verb:set package 'alma_erste_abgabe' build argument 'catkin_skip_building_tests' from command line to 'False'
[1.696s] DEBUG:colcon.colcon_core.verb:Building package 'alma_erste_abgabe' with the following arguments: {'ament_cmake_args': None, 'build_base': '/home/pi/robotik_alma_ws/build/alma_erste_abgabe', 'catkin_cmake_args': None, 'catkin_skip_building_tests': False, 'cmake_args': None, 'cmake_clean_cache': False, 'cmake_clean_first': False, 'cmake_force_configure': False, 'cmake_target': None, 'cmake_target_skip_unavailable': False, 'install_base': '/home/pi/robotik_alma_ws/install/alma_erste_abgabe', 'merge_install': False, 'path': '/home/pi/robotik_alma_ws/src/alma_erste_abgabe', 'symlink_install': True, 'test_result_base': None}
[1.697s] INFO:colcon.colcon_core.executor:Executing jobs using 'parallel' executor
[1.700s] DEBUG:colcon.colcon_parallel_executor.executor.parallel:run_until_complete
[1.701s] INFO:colcon.colcon_ros.task.ament_python.build:Building ROS package in '/home/pi/robotik_alma_ws/src/alma_camera' with build type 'ament_python'
[1.702s] Level 1:colcon.colcon_core.shell:create_environment_hook('alma_camera', 'ament_prefix_path')
[1.711s] INFO:colcon.colcon_core.plugin_system:Skipping extension 'colcon_core.shell.bat': Not used on non-Windows systems
[1.711s] INFO:colcon.colcon_core.shell:Creating environment hook '/home/pi/robotik_alma_ws/install/alma_camera/share/alma_camera/hook/ament_prefix_path.ps1'
[1.714s] INFO:colcon.colcon_core.shell:Creating environment descriptor '/home/pi/robotik_alma_ws/install/alma_camera/share/alma_camera/hook/ament_prefix_path.dsv'
[1.717s] INFO:colcon.colcon_core.shell:Creating environment hook '/home/pi/robotik_alma_ws/install/alma_camera/share/alma_camera/hook/ament_prefix_path.sh'
[1.723s] INFO:colcon.colcon_core.shell:Skip shell extension 'powershell' for command environment: Not usable outside of PowerShell
[1.724s] DEBUG:colcon.colcon_core.shell:Skip shell extension 'dsv' for command environment
[1.740s] INFO:colcon.colcon_ros.task.ament_python.build:Building ROS package in '/home/pi/robotik_alma_ws/src/alma_erste_abgabe' with build type 'ament_python'
[1.741s] Level 1:colcon.colcon_core.shell:create_environment_hook('alma_erste_abgabe', 'ament_prefix_path')
[1.743s] INFO:colcon.colcon_core.shell:Creating environment hook '/home/pi/robotik_alma_ws/install/alma_erste_abgabe/share/alma_erste_abgabe/hook/ament_prefix_path.ps1'
[1.745s] INFO:colcon.colcon_core.shell:Creating environment descriptor '/home/pi/robotik_alma_ws/install/alma_erste_abgabe/share/alma_erste_abgabe/hook/ament_prefix_path.dsv'
[1.748s] INFO:colcon.colcon_core.shell:Creating environment hook '/home/pi/robotik_alma_ws/install/alma_erste_abgabe/share/alma_erste_abgabe/hook/ament_prefix_path.sh'
[1.752s] INFO:colcon.colcon_core.shell:Skip shell extension 'powershell' for command environment: Not usable outside of PowerShell
[1.752s] DEBUG:colcon.colcon_core.shell:Skip shell extension 'dsv' for command environment
[2.987s] INFO:colcon.colcon_core.task.python.build:Building Python package in '/home/pi/robotik_alma_ws/src/alma_camera'
[2.989s] INFO:colcon.colcon_core.shell:Skip shell extension 'powershell' for command environment: Not usable outside of PowerShell
[2.989s] DEBUG:colcon.colcon_core.shell:Skip shell extension 'dsv' for command environment
[4.225s] INFO:colcon.colcon_core.task.python.build:Building Python package in '/home/pi/robotik_alma_ws/src/alma_erste_abgabe'
[4.227s] INFO:colcon.colcon_core.shell:Skip shell extension 'powershell' for command environment: Not usable outside of PowerShell
[4.227s] DEBUG:colcon.colcon_core.shell:Skip shell extension 'dsv' for command environment
[6.119s] DEBUG:colcon.colcon_core.task.python.build:While undoing a previous installation files outside the Python library path are being ignored: /home/pi/robotik_alma_ws/install/alma_camera/share/ament_index/resource_index/packages/alma_camera
[6.120s] DEBUG:colcon.colcon_core.task.python.build:While undoing a previous installation files outside the Python library path are being ignored: /home/pi/robotik_alma_ws/install/alma_camera/share/alma_camera/package.xml
[6.121s] DEBUG:colcon.colcon_core.task.python.build:While undoing a previous installation files outside the Python library path are being ignored: /home/pi/robotik_alma_ws/install/alma_camera/lib/alma_camera/camera_colorHSV_sub
[6.122s] DEBUG:colcon.colcon_core.task.python.build:While undoing a previous installation files outside the Python library path are being ignored: /home/pi/robotik_alma_ws/install/alma_camera/lib/alma_camera/camera_image_sub
[6.122s] DEBUG:colcon.colcon_core.task.python.build:While undoing a previous installation files outside the Python library path are being ignored: /home/pi/robotik_alma_ws/install/alma_camera/lib/alma_camera/camera_line_detector
[6.122s] DEBUG:colcon.colcon_core.task.python.build:While undoing a previous installation files outside the Python library path are being ignored: /home/pi/robotik_alma_ws/install/alma_camera/lib/alma_camera/camera_pub
[6.136s] DEBUG:colcon.colcon_core.event_handler.log_command:Invoking command in '/home/pi/robotik_alma_ws/build/alma_camera': PYTHONPATH=/home/pi/robotik_alma_ws/build/alma_camera/prefix_override:/home/pi/robotik_alma_ws/install/alma_camera/lib/python3.10/site-packages:${PYTHONPATH} /usr/bin/python3 -W ignore:setup.py install is deprecated setup.py develop --editable --build-directory /home/pi/robotik_alma_ws/build/alma_camera/build --no-deps symlink_data --force
[6.146s] DEBUG:colcon.colcon_core.task.python.build:While undoing a previous installation files outside the Python library path are being ignored: /home/pi/robotik_alma_ws/install/alma_erste_abgabe/share/ament_index/resource_index/packages/alma_erste_abgabe
[6.146s] DEBUG:colcon.colcon_core.task.python.build:While undoing a previous installation files outside the Python library path are being ignored: /home/pi/robotik_alma_ws/install/alma_erste_abgabe/share/alma_erste_abgabe/package.xml
[6.148s] DEBUG:colcon.colcon_core.task.python.build:While undoing a previous installation files outside the Python library path are being ignored: /home/pi/robotik_alma_ws/install/alma_erste_abgabe/lib/alma_erste_abgabe/listener
[6.148s] DEBUG:colcon.colcon_core.task.python.build:While undoing a previous installation files outside the Python library path are being ignored: /home/pi/robotik_alma_ws/install/alma_erste_abgabe/lib/alma_erste_abgabe/talker
[6.161s] DEBUG:colcon.colcon_core.event_handler.log_command:Invoking command in '/home/pi/robotik_alma_ws/build/alma_erste_abgabe': PYTHONPATH=/home/pi/robotik_alma_ws/build/alma_erste_abgabe/prefix_override:/home/pi/robotik_alma_ws/install/alma_erste_abgabe/lib/python3.10/site-packages:${PYTHONPATH} /usr/bin/python3 -W ignore:setup.py install is deprecated setup.py develop --editable --build-directory /home/pi/robotik_alma_ws/build/alma_erste_abgabe/build --no-deps symlink_data --force
[8.878s] Level 1:colcon.colcon_core.shell:create_environment_hook('alma_camera', 'pythonpath_develop')
[8.881s] INFO:colcon.colcon_core.shell:Creating environment hook '/home/pi/robotik_alma_ws/build/alma_camera/share/alma_camera/hook/pythonpath_develop.ps1'
[8.882s] DEBUG:colcon.colcon_core.event_handler.log_command:Invoked command in '/home/pi/robotik_alma_ws/build/alma_camera' returned '0': PYTHONPATH=/home/pi/robotik_alma_ws/build/alma_camera/prefix_override:/home/pi/robotik_alma_ws/install/alma_camera/lib/python3.10/site-packages:${PYTHONPATH} /usr/bin/python3 -W ignore:setup.py install is deprecated setup.py develop --editable --build-directory /home/pi/robotik_alma_ws/build/alma_camera/build --no-deps symlink_data --force
[8.885s] INFO:colcon.colcon_core.shell:Creating environment descriptor '/home/pi/robotik_alma_ws/build/alma_camera/share/alma_camera/hook/pythonpath_develop.dsv'
[8.888s] INFO:colcon.colcon_core.shell:Creating environment hook '/home/pi/robotik_alma_ws/build/alma_camera/share/alma_camera/hook/pythonpath_develop.sh'
[8.913s] Level 1:colcon.colcon_core.environment:checking '/home/pi/robotik_alma_ws/install/alma_camera' for CMake module files
[8.916s] Level 1:colcon.colcon_core.environment:checking '/home/pi/robotik_alma_ws/install/alma_camera' for CMake config files
[8.919s] Level 1:colcon.colcon_core.environment:checking '/home/pi/robotik_alma_ws/install/alma_camera/lib'
[8.920s] Level 1:colcon.colcon_core.environment:checking '/home/pi/robotik_alma_ws/install/alma_camera/bin'
[8.920s] Level 1:colcon.colcon_core.environment:checking '/home/pi/robotik_alma_ws/install/alma_camera/lib/pkgconfig/alma_camera.pc'
[8.921s] Level 1:colcon.colcon_core.environment:checking '/home/pi/robotik_alma_ws/install/alma_camera/lib/python3.10/site-packages'
[8.921s] Level 1:colcon.colcon_core.shell:create_environment_hook('alma_camera', 'pythonpath')
[8.922s] INFO:colcon.colcon_core.shell:Creating environment hook '/home/pi/robotik_alma_ws/install/alma_camera/share/alma_camera/hook/pythonpath.ps1'
[8.924s] INFO:colcon.colcon_core.shell:Creating environment descriptor '/home/pi/robotik_alma_ws/install/alma_camera/share/alma_camera/hook/pythonpath.dsv'
[8.926s] INFO:colcon.colcon_core.shell:Creating environment hook '/home/pi/robotik_alma_ws/install/alma_camera/share/alma_camera/hook/pythonpath.sh'
[8.928s] Level 1:colcon.colcon_core.environment:checking '/home/pi/robotik_alma_ws/install/alma_camera/bin'
[8.929s] Level 1:colcon.colcon_core.environment:create_environment_scripts_only(alma_camera)
[8.930s] INFO:colcon.colcon_core.shell:Creating package script '/home/pi/robotik_alma_ws/install/alma_camera/share/alma_camera/package.ps1'
[8.934s] INFO:colcon.colcon_core.shell:Creating package descriptor '/home/pi/robotik_alma_ws/install/alma_camera/share/alma_camera/package.dsv'
[8.937s] INFO:colcon.colcon_core.shell:Creating package script '/home/pi/robotik_alma_ws/install/alma_camera/share/alma_camera/package.sh'
[8.940s] INFO:colcon.colcon_core.shell:Creating package script '/home/pi/robotik_alma_ws/install/alma_camera/share/alma_camera/package.bash'
[8.943s] INFO:colcon.colcon_core.shell:Creating package script '/home/pi/robotik_alma_ws/install/alma_camera/share/alma_camera/package.zsh'
[8.947s] Level 1:colcon.colcon_core.environment:create_file_with_runtime_dependencies(/home/pi/robotik_alma_ws/install/alma_camera/share/colcon-core/packages/alma_camera)
[8.951s] Level 1:colcon.colcon_core.shell:create_environment_hook('alma_erste_abgabe', 'pythonpath_develop')
[8.952s] INFO:colcon.colcon_core.shell:Creating environment hook '/home/pi/robotik_alma_ws/build/alma_erste_abgabe/share/alma_erste_abgabe/hook/pythonpath_develop.ps1'
[8.954s] DEBUG:colcon.colcon_core.event_handler.log_command:Invoked command in '/home/pi/robotik_alma_ws/build/alma_erste_abgabe' returned '0': PYTHONPATH=/home/pi/robotik_alma_ws/build/alma_erste_abgabe/prefix_override:/home/pi/robotik_alma_ws/install/alma_erste_abgabe/lib/python3.10/site-packages:${PYTHONPATH} /usr/bin/python3 -W ignore:setup.py install is deprecated setup.py develop --editable --build-directory /home/pi/robotik_alma_ws/build/alma_erste_abgabe/build --no-deps symlink_data --force
[8.956s] INFO:colcon.colcon_core.shell:Creating environment descriptor '/home/pi/robotik_alma_ws/build/alma_erste_abgabe/share/alma_erste_abgabe/hook/pythonpath_develop.dsv'
[8.957s] INFO:colcon.colcon_core.shell:Creating environment hook '/home/pi/robotik_alma_ws/build/alma_erste_abgabe/share/alma_erste_abgabe/hook/pythonpath_develop.sh'
[8.959s] Level 1:colcon.colcon_core.environment:checking '/home/pi/robotik_alma_ws/install/alma_erste_abgabe' for CMake module files
[8.963s] Level 1:colcon.colcon_core.environment:checking '/home/pi/robotik_alma_ws/install/alma_erste_abgabe' for CMake config files
[8.968s] Level 1:colcon.colcon_core.environment:checking '/home/pi/robotik_alma_ws/install/alma_erste_abgabe/lib'
[8.969s] Level 1:colcon.colcon_core.environment:checking '/home/pi/robotik_alma_ws/install/alma_erste_abgabe/bin'
[8.969s] Level 1:colcon.colcon_core.environment:checking '/home/pi/robotik_alma_ws/install/alma_erste_abgabe/lib/pkgconfig/alma_erste_abgabe.pc'
[8.970s] Level 1:colcon.colcon_core.environment:checking '/home/pi/robotik_alma_ws/install/alma_erste_abgabe/lib/python3.10/site-packages'
[8.971s] Level 1:colcon.colcon_core.shell:create_environment_hook('alma_erste_abgabe', 'pythonpath')
[8.971s] INFO:colcon.colcon_core.shell:Creating environment hook '/home/pi/robotik_alma_ws/install/alma_erste_abgabe/share/alma_erste_abgabe/hook/pythonpath.ps1'
[8.973s] INFO:colcon.colcon_core.shell:Creating environment descriptor '/home/pi/robotik_alma_ws/install/alma_erste_abgabe/share/alma_erste_abgabe/hook/pythonpath.dsv'
[8.975s] INFO:colcon.colcon_core.shell:Creating environment hook '/home/pi/robotik_alma_ws/install/alma_erste_abgabe/share/alma_erste_abgabe/hook/pythonpath.sh'
[8.978s] Level 1:colcon.colcon_core.environment:checking '/home/pi/robotik_alma_ws/install/alma_erste_abgabe/bin'
[8.979s] Level 1:colcon.colcon_core.environment:create_environment_scripts_only(alma_erste_abgabe)
[8.980s] INFO:colcon.colcon_core.shell:Creating package script '/home/pi/robotik_alma_ws/install/alma_erste_abgabe/share/alma_erste_abgabe/package.ps1'
[8.984s] INFO:colcon.colcon_core.shell:Creating package descriptor '/home/pi/robotik_alma_ws/install/alma_erste_abgabe/share/alma_erste_abgabe/package.dsv'
[8.986s] INFO:colcon.colcon_core.shell:Creating package script '/home/pi/robotik_alma_ws/install/alma_erste_abgabe/share/alma_erste_abgabe/package.sh'
[8.990s] INFO:colcon.colcon_core.shell:Creating package script '/home/pi/robotik_alma_ws/install/alma_erste_abgabe/share/alma_erste_abgabe/package.bash'
[8.992s] INFO:colcon.colcon_core.shell:Creating package script '/home/pi/robotik_alma_ws/install/alma_erste_abgabe/share/alma_erste_abgabe/package.zsh'
[8.993s] Level 1:colcon.colcon_core.environment:create_file_with_runtime_dependencies(/home/pi/robotik_alma_ws/install/alma_erste_abgabe/share/colcon-core/packages/alma_erste_abgabe)
[8.995s] DEBUG:colcon.colcon_parallel_executor.executor.parallel:closing loop
[8.997s] DEBUG:colcon.colcon_parallel_executor.executor.parallel:loop closed
[8.998s] DEBUG:colcon.colcon_parallel_executor.executor.parallel:run_until_complete finished with '0'
[8.998s] DEBUG:colcon.colcon_core.event_reactor:joining thread
[9.023s] INFO:colcon.colcon_core.plugin_system:Skipping extension 'colcon_notification.desktop_notification.terminal_notifier': Not used on non-Darwin systems
[9.024s] INFO:colcon.colcon_core.plugin_system:Skipping extension 'colcon_notification.desktop_notification.win32': Not used on non-Windows systems
[9.024s] INFO:colcon.colcon_notification.desktop_notification:Sending desktop notification using 'notify2'
[9.087s] DEBUG:colcon.colcon_core.event_reactor:joined thread
[9.088s] INFO:colcon.colcon_core.shell:Creating prefix script '/home/pi/robotik_alma_ws/install/local_setup.ps1'
[9.093s] INFO:colcon.colcon_core.shell:Creating prefix util module '/home/pi/robotik_alma_ws/install/_local_setup_util_ps1.py'
[9.101s] INFO:colcon.colcon_core.shell:Creating prefix chain script '/home/pi/robotik_alma_ws/install/setup.ps1'
[9.106s] INFO:colcon.colcon_core.shell:Creating prefix script '/home/pi/robotik_alma_ws/install/local_setup.sh'
[9.109s] INFO:colcon.colcon_core.shell:Creating prefix util module '/home/pi/robotik_alma_ws/install/_local_setup_util_sh.py'
[9.112s] INFO:colcon.colcon_core.shell:Creating prefix chain script '/home/pi/robotik_alma_ws/install/setup.sh'
[9.117s] INFO:colcon.colcon_core.shell:Creating prefix script '/home/pi/robotik_alma_ws/install/local_setup.bash'
[9.120s] INFO:colcon.colcon_core.shell:Creating prefix chain script '/home/pi/robotik_alma_ws/install/setup.bash'
[9.125s] INFO:colcon.colcon_core.shell:Creating prefix script '/home/pi/robotik_alma_ws/install/local_setup.zsh'
[9.129s] INFO:colcon.colcon_core.shell:Creating prefix chain script '/home/pi/robotik_alma_ws/install/setup.zsh'
