[2.892s] Invoking command in '/home/pi/robotik_alma_ws/src/alma_camera': PYTHONPATH=/home/pi/robotik_alma_ws/build/alma_camera/prefix_override:/home/pi/robotik_alma_ws/install/alma_camera/lib/python3.10/site-packages:${PYTHONPATH} /usr/bin/python3 -W ignore:setup.py install is deprecated setup.py egg_info --egg-base ../../build/alma_camera build --build-base /home/pi/robotik_alma_ws/build/alma_camera/build install --record /home/pi/robotik_alma_ws/build/alma_camera/install.log --single-version-externally-managed install_data
[4.056s] running egg_info
[4.060s] writing ../../build/alma_camera/alma_camera.egg-info/PKG-INFO
[4.061s] writing dependency_links to ../../build/alma_camera/alma_camera.egg-info/dependency_links.txt
[4.062s] writing entry points to ../../build/alma_camera/alma_camera.egg-info/entry_points.txt
[4.065s] writing requirements to ../../build/alma_camera/alma_camera.egg-info/requires.txt
[4.066s] writing top-level names to ../../build/alma_camera/alma_camera.egg-info/top_level.txt
[4.075s] reading manifest file '../../build/alma_camera/alma_camera.egg-info/SOURCES.txt'
[4.077s] adding license file 'LICENSE'
[4.079s] writing manifest file '../../build/alma_camera/alma_camera.egg-info/SOURCES.txt'
[4.080s] running build
[4.080s] running build_py
[4.081s] copying alma_camera/colorHSV_subscriber.py -> /home/pi/robotik_alma_ws/build/alma_camera/build/lib/alma_camera
[4.083s] running install
[4.084s] running install_lib
[4.088s] copying /home/pi/robotik_alma_ws/build/alma_camera/build/lib/alma_camera/colorHSV_subscriber.py -> /home/pi/robotik_alma_ws/install/alma_camera/lib/python3.10/site-packages/alma_camera
[4.092s] byte-compiling /home/pi/robotik_alma_ws/install/alma_camera/lib/python3.10/site-packages/alma_camera/colorHSV_subscriber.py to colorHSV_subscriber.cpython-310.pyc
[4.095s] running install_data
[4.095s] running install_egg_info
[4.102s] removing '/home/pi/robotik_alma_ws/install/alma_camera/lib/python3.10/site-packages/alma_camera-0.0.0-py3.10.egg-info' (and everything under it)
[4.103s] Copying ../../build/alma_camera/alma_camera.egg-info to /home/pi/robotik_alma_ws/install/alma_camera/lib/python3.10/site-packages/alma_camera-0.0.0-py3.10.egg-info
[4.108s] running install_scripts
[4.195s] Installing camera_colorHSV_sub script to /home/pi/robotik_alma_ws/install/alma_camera/lib/alma_camera
[4.196s] Installing camera_image_sub script to /home/pi/robotik_alma_ws/install/alma_camera/lib/alma_camera
[4.197s] Installing camera_pub script to /home/pi/robotik_alma_ws/install/alma_camera/lib/alma_camera
[4.199s] writing list of installed files to '/home/pi/robotik_alma_ws/build/alma_camera/install.log'
[4.328s] Invoked command in '/home/pi/robotik_alma_ws/src/alma_camera' returned '0': PYTHONPATH=/home/pi/robotik_alma_ws/build/alma_camera/prefix_override:/home/pi/robotik_alma_ws/install/alma_camera/lib/python3.10/site-packages:${PYTHONPATH} /usr/bin/python3 -W ignore:setup.py install is deprecated setup.py egg_info --egg-base ../../build/alma_camera build --build-base /home/pi/robotik_alma_ws/build/alma_camera/build install --record /home/pi/robotik_alma_ws/build/alma_camera/install.log --single-version-externally-managed install_data
