[3.433s] Invoking command in '/home/pi/robotik_alma_ws/src/alma_camera': PYTHONPATH=/home/pi/robotik_alma_ws/build/alma_camera/prefix_override:/home/pi/robotik_alma_ws/install/alma_camera/lib/python3.10/site-packages:${PYTHONPATH} /usr/bin/python3 -W ignore:setup.py install is deprecated setup.py egg_info --egg-base ../../build/alma_camera build --build-base /home/pi/robotik_alma_ws/build/alma_camera/build install --record /home/pi/robotik_alma_ws/build/alma_camera/install.log --single-version-externally-managed install_data
[4.816s] running egg_info
[4.819s] writing ../../build/alma_camera/alma_camera.egg-info/PKG-INFO
[4.821s] writing dependency_links to ../../build/alma_camera/alma_camera.egg-info/dependency_links.txt
[4.822s] writing entry points to ../../build/alma_camera/alma_camera.egg-info/entry_points.txt
[4.823s] writing requirements to ../../build/alma_camera/alma_camera.egg-info/requires.txt
[4.824s] writing top-level names to ../../build/alma_camera/alma_camera.egg-info/top_level.txt
[4.844s] reading manifest file '../../build/alma_camera/alma_camera.egg-info/SOURCES.txt'
[4.846s] adding license file 'LICENSE'
[4.849s] writing manifest file '../../build/alma_camera/alma_camera.egg-info/SOURCES.txt'
[4.850s] running build
[4.851s] running build_py
[4.852s] copying alma_camera/camera_line_detector.py -> /home/pi/robotik_alma_ws/build/alma_camera/build/lib/alma_camera
[4.854s] running install
[4.855s] running install_lib
[4.860s] copying /home/pi/robotik_alma_ws/build/alma_camera/build/lib/alma_camera/camera_line_detector.py -> /home/pi/robotik_alma_ws/install/alma_camera/lib/python3.10/site-packages/alma_camera
[4.864s] byte-compiling /home/pi/robotik_alma_ws/install/alma_camera/lib/python3.10/site-packages/alma_camera/camera_line_detector.py to camera_line_detector.cpython-310.pyc
[4.868s] running install_data
[4.869s] running install_egg_info
[4.876s] removing '/home/pi/robotik_alma_ws/install/alma_camera/lib/python3.10/site-packages/alma_camera-0.0.0-py3.10.egg-info' (and everything under it)
[4.878s] Copying ../../build/alma_camera/alma_camera.egg-info to /home/pi/robotik_alma_ws/install/alma_camera/lib/python3.10/site-packages/alma_camera-0.0.0-py3.10.egg-info
[4.887s] running install_scripts
[4.985s] Installing camera_colorHSV_sub script to /home/pi/robotik_alma_ws/install/alma_camera/lib/alma_camera
[4.987s] Installing camera_image_sub script to /home/pi/robotik_alma_ws/install/alma_camera/lib/alma_camera
[4.989s] Installing camera_line_detector script to /home/pi/robotik_alma_ws/install/alma_camera/lib/alma_camera
[4.990s] Installing camera_pub script to /home/pi/robotik_alma_ws/install/alma_camera/lib/alma_camera
[4.993s] writing list of installed files to '/home/pi/robotik_alma_ws/build/alma_camera/install.log'
[5.143s] Invoked command in '/home/pi/robotik_alma_ws/src/alma_camera' returned '0': PYTHONPATH=/home/pi/robotik_alma_ws/build/alma_camera/prefix_override:/home/pi/robotik_alma_ws/install/alma_camera/lib/python3.10/site-packages:${PYTHONPATH} /usr/bin/python3 -W ignore:setup.py install is deprecated setup.py egg_info --egg-base ../../build/alma_camera build --build-base /home/pi/robotik_alma_ws/build/alma_camera/build install --record /home/pi/robotik_alma_ws/build/alma_camera/install.log --single-version-externally-managed install_data
