[0.770s] DEBUG:colcon:Command line arguments: ['/usr/bin/colcon', 'build']
[0.770s] DEBUG:colcon:Parsed command line arguments: Namespace(log_base=None, log_level=None, verb_name='build', build_base='build', install_base='install', merge_install=False, symlink_install=False, test_result_base=None, continue_on_error=False, executor='parallel', parallel_workers=4, event_handlers=None, ignore_user_meta=False, metas=['./colcon.meta'], base_paths=['.'], packages_ignore=None, packages_ignore_regex=None, paths=None, packages_up_to=None, packages_up_to_regex=None, packages_above=None, packages_above_and_dependencies=None, packages_above_depth=None, packages_select_by_dep=None, packages_skip_by_dep=None, packages_skip_up_to=None, packages_select_build_failed=False, packages_skip_build_finished=False, packages_select_test_failures=False, packages_skip_test_passed=False, packages_select=None, packages_skip=None, packages_select_regex=None, packages_skip_regex=None, packages_start=None, packages_end=None, allow_overriding=[], cmake_args=None, cmake_target=None, cmake_target_skip_unavailable=False, cmake_clean_cache=False, cmake_clean_first=False, cmake_force_configure=False, ament_cmake_args=None, catkin_cmake_args=None, catkin_skip_building_tests=False, verb_parser=<colcon_defaults.argument_parser.defaults.DefaultArgumentsDecorator object at 0xffff994c90f0>, verb_extension=<colcon_core.verb.build.BuildVerb object at 0xffff99621d20>, main=<bound method BuildVerb.main of <colcon_core.verb.build.BuildVerb object at 0xffff99621d20>>)
[2.303s] Level 1:colcon.colcon_core.package_discovery:discover_packages(colcon_meta) check parameters
[2.305s] Level 1:colcon.colcon_core.package_discovery:discover_packages(recursive) check parameters
[2.307s] Level 1:colcon.colcon_core.package_discovery:discover_packages(ignore) check parameters
[2.307s] Level 1:colcon.colcon_core.package_discovery:discover_packages(path) check parameters
[2.307s] Level 1:colcon.colcon_core.package_discovery:discover_packages(colcon_meta) discover
[2.308s] Level 1:colcon.colcon_core.package_discovery:discover_packages(recursive) discover
[2.308s] INFO:colcon.colcon_core.package_discovery:Crawling recursively for packages in '/home/pi/robotik_alma_ws'
[2.309s] Level 1:colcon.colcon_core.package_identification:_identify(.) by extensions ['ignore', 'ignore_ament_install']
[2.309s] Level 1:colcon.colcon_core.package_identification:_identify(.) by extension 'ignore'
[2.310s] Level 1:colcon.colcon_core.package_identification:_identify(.) by extension 'ignore_ament_install'
[2.310s] Level 1:colcon.colcon_core.package_identification:_identify(.) by extensions ['colcon_pkg']
[2.311s] Level 1:colcon.colcon_core.package_identification:_identify(.) by extension 'colcon_pkg'
[2.311s] Level 1:colcon.colcon_core.package_identification:_identify(.) by extensions ['colcon_meta']
[2.311s] Level 1:colcon.colcon_core.package_identification:_identify(.) by extension 'colcon_meta'
[2.311s] Level 1:colcon.colcon_core.package_identification:_identify(.) by extensions ['ros']
[2.312s] Level 1:colcon.colcon_core.package_identification:_identify(.) by extension 'ros'
[2.385s] Level 1:colcon.colcon_core.package_identification:_identify(.) by extensions ['cmake', 'python']
[2.385s] Level 1:colcon.colcon_core.package_identification:_identify(.) by extension 'cmake'
[2.390s] Level 1:colcon.colcon_core.package_identification:_identify(.) by extension 'python'
[2.390s] Level 1:colcon.colcon_core.package_identification:_identify(.) by extensions ['python_setup_py']
[2.391s] Level 1:colcon.colcon_core.package_identification:_identify(.) by extension 'python_setup_py'
[2.392s] Level 1:colcon.colcon_core.package_identification:_identify(Arduino) by extensions ['ignore', 'ignore_ament_install']
[2.393s] Level 1:colcon.colcon_core.package_identification:_identify(Arduino) by extension 'ignore'
[2.393s] Level 1:colcon.colcon_core.package_identification:_identify(Arduino) by extension 'ignore_ament_install'
[2.394s] Level 1:colcon.colcon_core.package_identification:_identify(Arduino) by extensions ['colcon_pkg']
[2.394s] Level 1:colcon.colcon_core.package_identification:_identify(Arduino) by extension 'colcon_pkg'
[2.394s] Level 1:colcon.colcon_core.package_identification:_identify(Arduino) by extensions ['colcon_meta']
[2.395s] Level 1:colcon.colcon_core.package_identification:_identify(Arduino) by extension 'colcon_meta'
[2.395s] Level 1:colcon.colcon_core.package_identification:_identify(Arduino) by extensions ['ros']
[2.396s] Level 1:colcon.colcon_core.package_identification:_identify(Arduino) by extension 'ros'
[2.396s] Level 1:colcon.colcon_core.package_identification:_identify(Arduino) by extensions ['cmake', 'python']
[2.397s] Level 1:colcon.colcon_core.package_identification:_identify(Arduino) by extension 'cmake'
[2.397s] Level 1:colcon.colcon_core.package_identification:_identify(Arduino) by extension 'python'
[2.398s] Level 1:colcon.colcon_core.package_identification:_identify(Arduino) by extensions ['python_setup_py']
[2.398s] Level 1:colcon.colcon_core.package_identification:_identify(Arduino) by extension 'python_setup_py'
[2.399s] Level 1:colcon.colcon_core.package_identification:_identify(Arduino/Arduino UNO Sketches) by extensions ['ignore', 'ignore_ament_install']
[2.399s] Level 1:colcon.colcon_core.package_identification:_identify(Arduino/Arduino UNO Sketches) by extension 'ignore'
[2.400s] Level 1:colcon.colcon_core.package_identification:_identify(Arduino/Arduino UNO Sketches) by extension 'ignore_ament_install'
[2.401s] Level 1:colcon.colcon_core.package_identification:_identify(Arduino/Arduino UNO Sketches) by extensions ['colcon_pkg']
[2.401s] Level 1:colcon.colcon_core.package_identification:_identify(Arduino/Arduino UNO Sketches) by extension 'colcon_pkg'
[2.401s] Level 1:colcon.colcon_core.package_identification:_identify(Arduino/Arduino UNO Sketches) by extensions ['colcon_meta']
[2.402s] Level 1:colcon.colcon_core.package_identification:_identify(Arduino/Arduino UNO Sketches) by extension 'colcon_meta'
[2.403s] Level 1:colcon.colcon_core.package_identification:_identify(Arduino/Arduino UNO Sketches) by extensions ['ros']
[2.403s] Level 1:colcon.colcon_core.package_identification:_identify(Arduino/Arduino UNO Sketches) by extension 'ros'
[2.404s] Level 1:colcon.colcon_core.package_identification:_identify(Arduino/Arduino UNO Sketches) by extensions ['cmake', 'python']
[2.404s] Level 1:colcon.colcon_core.package_identification:_identify(Arduino/Arduino UNO Sketches) by extension 'cmake'
[2.404s] Level 1:colcon.colcon_core.package_identification:_identify(Arduino/Arduino UNO Sketches) by extension 'python'
[2.405s] Level 1:colcon.colcon_core.package_identification:_identify(Arduino/Arduino UNO Sketches) by extensions ['python_setup_py']
[2.405s] Level 1:colcon.colcon_core.package_identification:_identify(Arduino/Arduino UNO Sketches) by extension 'python_setup_py'
[2.406s] Level 1:colcon.colcon_core.package_identification:_identify(Arduino/Arduino UNO Sketches/Blink) by extensions ['ignore', 'ignore_ament_install']
[2.407s] Level 1:colcon.colcon_core.package_identification:_identify(Arduino/Arduino UNO Sketches/Blink) by extension 'ignore'
[2.408s] Level 1:colcon.colcon_core.package_identification:_identify(Arduino/Arduino UNO Sketches/Blink) by extension 'ignore_ament_install'
[2.408s] Level 1:colcon.colcon_core.package_identification:_identify(Arduino/Arduino UNO Sketches/Blink) by extensions ['colcon_pkg']
[2.409s] Level 1:colcon.colcon_core.package_identification:_identify(Arduino/Arduino UNO Sketches/Blink) by extension 'colcon_pkg'
[2.409s] Level 1:colcon.colcon_core.package_identification:_identify(Arduino/Arduino UNO Sketches/Blink) by extensions ['colcon_meta']
[2.409s] Level 1:colcon.colcon_core.package_identification:_identify(Arduino/Arduino UNO Sketches/Blink) by extension 'colcon_meta'
[2.410s] Level 1:colcon.colcon_core.package_identification:_identify(Arduino/Arduino UNO Sketches/Blink) by extensions ['ros']
[2.410s] Level 1:colcon.colcon_core.package_identification:_identify(Arduino/Arduino UNO Sketches/Blink) by extension 'ros'
[2.411s] Level 1:colcon.colcon_core.package_identification:_identify(Arduino/Arduino UNO Sketches/Blink) by extensions ['cmake', 'python']
[2.411s] Level 1:colcon.colcon_core.package_identification:_identify(Arduino/Arduino UNO Sketches/Blink) by extension 'cmake'
[2.412s] Level 1:colcon.colcon_core.package_identification:_identify(Arduino/Arduino UNO Sketches/Blink) by extension 'python'
[2.412s] Level 1:colcon.colcon_core.package_identification:_identify(Arduino/Arduino UNO Sketches/Blink) by extensions ['python_setup_py']
[2.413s] Level 1:colcon.colcon_core.package_identification:_identify(Arduino/Arduino UNO Sketches/Blink) by extension 'python_setup_py'
[2.413s] Level 1:colcon.colcon_core.package_identification:_identify(Arduino/Arduino UNO Sketches/Clean_Ultrasonic_data) by extensions ['ignore', 'ignore_ament_install']
[2.414s] Level 1:colcon.colcon_core.package_identification:_identify(Arduino/Arduino UNO Sketches/Clean_Ultrasonic_data) by extension 'ignore'
[2.415s] Level 1:colcon.colcon_core.package_identification:_identify(Arduino/Arduino UNO Sketches/Clean_Ultrasonic_data) by extension 'ignore_ament_install'
[2.415s] Level 1:colcon.colcon_core.package_identification:_identify(Arduino/Arduino UNO Sketches/Clean_Ultrasonic_data) by extensions ['colcon_pkg']
[2.416s] Level 1:colcon.colcon_core.package_identification:_identify(Arduino/Arduino UNO Sketches/Clean_Ultrasonic_data) by extension 'colcon_pkg'
[2.416s] Level 1:colcon.colcon_core.package_identification:_identify(Arduino/Arduino UNO Sketches/Clean_Ultrasonic_data) by extensions ['colcon_meta']
[2.416s] Level 1:colcon.colcon_core.package_identification:_identify(Arduino/Arduino UNO Sketches/Clean_Ultrasonic_data) by extension 'colcon_meta'
[2.417s] Level 1:colcon.colcon_core.package_identification:_identify(Arduino/Arduino UNO Sketches/Clean_Ultrasonic_data) by extensions ['ros']
[2.417s] Level 1:colcon.colcon_core.package_identification:_identify(Arduino/Arduino UNO Sketches/Clean_Ultrasonic_data) by extension 'ros'
[2.418s] Level 1:colcon.colcon_core.package_identification:_identify(Arduino/Arduino UNO Sketches/Clean_Ultrasonic_data) by extensions ['cmake', 'python']
[2.418s] Level 1:colcon.colcon_core.package_identification:_identify(Arduino/Arduino UNO Sketches/Clean_Ultrasonic_data) by extension 'cmake'
[2.419s] Level 1:colcon.colcon_core.package_identification:_identify(Arduino/Arduino UNO Sketches/Clean_Ultrasonic_data) by extension 'python'
[2.419s] Level 1:colcon.colcon_core.package_identification:_identify(Arduino/Arduino UNO Sketches/Clean_Ultrasonic_data) by extensions ['python_setup_py']
[2.420s] Level 1:colcon.colcon_core.package_identification:_identify(Arduino/Arduino UNO Sketches/Clean_Ultrasonic_data) by extension 'python_setup_py'
[2.420s] Level 1:colcon.colcon_core.package_identification:_identify(Arduino/Arduino UNO Sketches/Labor_1-Servo_Ultrasound_with_ArduinoUNO) by extensions ['ignore', 'ignore_ament_install']
[2.421s] Level 1:colcon.colcon_core.package_identification:_identify(Arduino/Arduino UNO Sketches/Labor_1-Servo_Ultrasound_with_ArduinoUNO) by extension 'ignore'
[2.426s] Level 1:colcon.colcon_core.package_identification:_identify(Arduino/Arduino UNO Sketches/Labor_1-Servo_Ultrasound_with_ArduinoUNO) by extension 'ignore_ament_install'
[2.427s] Level 1:colcon.colcon_core.package_identification:_identify(Arduino/Arduino UNO Sketches/Labor_1-Servo_Ultrasound_with_ArduinoUNO) by extensions ['colcon_pkg']
[2.427s] Level 1:colcon.colcon_core.package_identification:_identify(Arduino/Arduino UNO Sketches/Labor_1-Servo_Ultrasound_with_ArduinoUNO) by extension 'colcon_pkg'
[2.428s] Level 1:colcon.colcon_core.package_identification:_identify(Arduino/Arduino UNO Sketches/Labor_1-Servo_Ultrasound_with_ArduinoUNO) by extensions ['colcon_meta']
[2.428s] Level 1:colcon.colcon_core.package_identification:_identify(Arduino/Arduino UNO Sketches/Labor_1-Servo_Ultrasound_with_ArduinoUNO) by extension 'colcon_meta'
[2.428s] Level 1:colcon.colcon_core.package_identification:_identify(Arduino/Arduino UNO Sketches/Labor_1-Servo_Ultrasound_with_ArduinoUNO) by extensions ['ros']
[2.428s] Level 1:colcon.colcon_core.package_identification:_identify(Arduino/Arduino UNO Sketches/Labor_1-Servo_Ultrasound_with_ArduinoUNO) by extension 'ros'
[2.429s] Level 1:colcon.colcon_core.package_identification:_identify(Arduino/Arduino UNO Sketches/Labor_1-Servo_Ultrasound_with_ArduinoUNO) by extensions ['cmake', 'python']
[2.429s] Level 1:colcon.colcon_core.package_identification:_identify(Arduino/Arduino UNO Sketches/Labor_1-Servo_Ultrasound_with_ArduinoUNO) by extension 'cmake'
[2.430s] Level 1:colcon.colcon_core.package_identification:_identify(Arduino/Arduino UNO Sketches/Labor_1-Servo_Ultrasound_with_ArduinoUNO) by extension 'python'
[2.430s] Level 1:colcon.colcon_core.package_identification:_identify(Arduino/Arduino UNO Sketches/Labor_1-Servo_Ultrasound_with_ArduinoUNO) by extensions ['python_setup_py']
[2.430s] Level 1:colcon.colcon_core.package_identification:_identify(Arduino/Arduino UNO Sketches/Labor_1-Servo_Ultrasound_with_ArduinoUNO) by extension 'python_setup_py'
[2.431s] Level 1:colcon.colcon_core.package_identification:_identify(Arduino/Arduino UNO Sketches/Raw_Servo_and_Ultrasonic_Code) by extensions ['ignore', 'ignore_ament_install']
[2.432s] Level 1:colcon.colcon_core.package_identification:_identify(Arduino/Arduino UNO Sketches/Raw_Servo_and_Ultrasonic_Code) by extension 'ignore'
[2.433s] Level 1:colcon.colcon_core.package_identification:_identify(Arduino/Arduino UNO Sketches/Raw_Servo_and_Ultrasonic_Code) by extension 'ignore_ament_install'
[2.435s] Level 1:colcon.colcon_core.package_identification:_identify(Arduino/Arduino UNO Sketches/Raw_Servo_and_Ultrasonic_Code) by extensions ['colcon_pkg']
[2.435s] Level 1:colcon.colcon_core.package_identification:_identify(Arduino/Arduino UNO Sketches/Raw_Servo_and_Ultrasonic_Code) by extension 'colcon_pkg'
[2.436s] Level 1:colcon.colcon_core.package_identification:_identify(Arduino/Arduino UNO Sketches/Raw_Servo_and_Ultrasonic_Code) by extensions ['colcon_meta']
[2.437s] Level 1:colcon.colcon_core.package_identification:_identify(Arduino/Arduino UNO Sketches/Raw_Servo_and_Ultrasonic_Code) by extension 'colcon_meta'
[2.438s] Level 1:colcon.colcon_core.package_identification:_identify(Arduino/Arduino UNO Sketches/Raw_Servo_and_Ultrasonic_Code) by extensions ['ros']
[2.438s] Level 1:colcon.colcon_core.package_identification:_identify(Arduino/Arduino UNO Sketches/Raw_Servo_and_Ultrasonic_Code) by extension 'ros'
[2.441s] Level 1:colcon.colcon_core.package_identification:_identify(Arduino/Arduino UNO Sketches/Raw_Servo_and_Ultrasonic_Code) by extensions ['cmake', 'python']
[2.442s] Level 1:colcon.colcon_core.package_identification:_identify(Arduino/Arduino UNO Sketches/Raw_Servo_and_Ultrasonic_Code) by extension 'cmake'
[2.443s] Level 1:colcon.colcon_core.package_identification:_identify(Arduino/Arduino UNO Sketches/Raw_Servo_and_Ultrasonic_Code) by extension 'python'
[2.443s] Level 1:colcon.colcon_core.package_identification:_identify(Arduino/Arduino UNO Sketches/Raw_Servo_and_Ultrasonic_Code) by extensions ['python_setup_py']
[2.444s] Level 1:colcon.colcon_core.package_identification:_identify(Arduino/Arduino UNO Sketches/Raw_Servo_and_Ultrasonic_Code) by extension 'python_setup_py'
[2.445s] Level 1:colcon.colcon_core.package_identification:_identify(Arduino/Teensy 4.0 Sketches) by extensions ['ignore', 'ignore_ament_install']
[2.445s] Level 1:colcon.colcon_core.package_identification:_identify(Arduino/Teensy 4.0 Sketches) by extension 'ignore'
[2.446s] Level 1:colcon.colcon_core.package_identification:_identify(Arduino/Teensy 4.0 Sketches) by extension 'ignore_ament_install'
[2.446s] Level 1:colcon.colcon_core.package_identification:_identify(Arduino/Teensy 4.0 Sketches) by extensions ['colcon_pkg']
[2.447s] Level 1:colcon.colcon_core.package_identification:_identify(Arduino/Teensy 4.0 Sketches) by extension 'colcon_pkg'
[2.447s] Level 1:colcon.colcon_core.package_identification:_identify(Arduino/Teensy 4.0 Sketches) by extensions ['colcon_meta']
[2.448s] Level 1:colcon.colcon_core.package_identification:_identify(Arduino/Teensy 4.0 Sketches) by extension 'colcon_meta'
[2.448s] Level 1:colcon.colcon_core.package_identification:_identify(Arduino/Teensy 4.0 Sketches) by extensions ['ros']
[2.449s] Level 1:colcon.colcon_core.package_identification:_identify(Arduino/Teensy 4.0 Sketches) by extension 'ros'
[2.450s] Level 1:colcon.colcon_core.package_identification:_identify(Arduino/Teensy 4.0 Sketches) by extensions ['cmake', 'python']
[2.450s] Level 1:colcon.colcon_core.package_identification:_identify(Arduino/Teensy 4.0 Sketches) by extension 'cmake'
[2.450s] Level 1:colcon.colcon_core.package_identification:_identify(Arduino/Teensy 4.0 Sketches) by extension 'python'
[2.451s] Level 1:colcon.colcon_core.package_identification:_identify(Arduino/Teensy 4.0 Sketches) by extensions ['python_setup_py']
[2.452s] Level 1:colcon.colcon_core.package_identification:_identify(Arduino/Teensy 4.0 Sketches) by extension 'python_setup_py'
[2.453s] Level 1:colcon.colcon_core.package_identification:_identify(Arduino/Teensy 4.0 Sketches/Grade_Aus_Fahren) by extensions ['ignore', 'ignore_ament_install']
[2.453s] Level 1:colcon.colcon_core.package_identification:_identify(Arduino/Teensy 4.0 Sketches/Grade_Aus_Fahren) by extension 'ignore'
[2.454s] Level 1:colcon.colcon_core.package_identification:_identify(Arduino/Teensy 4.0 Sketches/Grade_Aus_Fahren) by extension 'ignore_ament_install'
[2.454s] Level 1:colcon.colcon_core.package_identification:_identify(Arduino/Teensy 4.0 Sketches/Grade_Aus_Fahren) by extensions ['colcon_pkg']
[2.455s] Level 1:colcon.colcon_core.package_identification:_identify(Arduino/Teensy 4.0 Sketches/Grade_Aus_Fahren) by extension 'colcon_pkg'
[2.455s] Level 1:colcon.colcon_core.package_identification:_identify(Arduino/Teensy 4.0 Sketches/Grade_Aus_Fahren) by extensions ['colcon_meta']
[2.456s] Level 1:colcon.colcon_core.package_identification:_identify(Arduino/Teensy 4.0 Sketches/Grade_Aus_Fahren) by extension 'colcon_meta'
[2.456s] Level 1:colcon.colcon_core.package_identification:_identify(Arduino/Teensy 4.0 Sketches/Grade_Aus_Fahren) by extensions ['ros']
[2.457s] Level 1:colcon.colcon_core.package_identification:_identify(Arduino/Teensy 4.0 Sketches/Grade_Aus_Fahren) by extension 'ros'
[2.457s] Level 1:colcon.colcon_core.package_identification:_identify(Arduino/Teensy 4.0 Sketches/Grade_Aus_Fahren) by extensions ['cmake', 'python']
[2.458s] Level 1:colcon.colcon_core.package_identification:_identify(Arduino/Teensy 4.0 Sketches/Grade_Aus_Fahren) by extension 'cmake'
[2.458s] Level 1:colcon.colcon_core.package_identification:_identify(Arduino/Teensy 4.0 Sketches/Grade_Aus_Fahren) by extension 'python'
[2.459s] Level 1:colcon.colcon_core.package_identification:_identify(Arduino/Teensy 4.0 Sketches/Grade_Aus_Fahren) by extensions ['python_setup_py']
[2.459s] Level 1:colcon.colcon_core.package_identification:_identify(Arduino/Teensy 4.0 Sketches/Grade_Aus_Fahren) by extension 'python_setup_py'
[2.460s] Level 1:colcon.colcon_core.package_identification:_identify(Arduino/Teensy 4.0 Sketches/Sanduhr_Quadrat) by extensions ['ignore', 'ignore_ament_install']
[2.461s] Level 1:colcon.colcon_core.package_identification:_identify(Arduino/Teensy 4.0 Sketches/Sanduhr_Quadrat) by extension 'ignore'
[2.461s] Level 1:colcon.colcon_core.package_identification:_identify(Arduino/Teensy 4.0 Sketches/Sanduhr_Quadrat) by extension 'ignore_ament_install'
[2.462s] Level 1:colcon.colcon_core.package_identification:_identify(Arduino/Teensy 4.0 Sketches/Sanduhr_Quadrat) by extensions ['colcon_pkg']
[2.462s] Level 1:colcon.colcon_core.package_identification:_identify(Arduino/Teensy 4.0 Sketches/Sanduhr_Quadrat) by extension 'colcon_pkg'
[2.462s] Level 1:colcon.colcon_core.package_identification:_identify(Arduino/Teensy 4.0 Sketches/Sanduhr_Quadrat) by extensions ['colcon_meta']
[2.462s] Level 1:colcon.colcon_core.package_identification:_identify(Arduino/Teensy 4.0 Sketches/Sanduhr_Quadrat) by extension 'colcon_meta'
[2.463s] Level 1:colcon.colcon_core.package_identification:_identify(Arduino/Teensy 4.0 Sketches/Sanduhr_Quadrat) by extensions ['ros']
[2.463s] Level 1:colcon.colcon_core.package_identification:_identify(Arduino/Teensy 4.0 Sketches/Sanduhr_Quadrat) by extension 'ros'
[2.464s] Level 1:colcon.colcon_core.package_identification:_identify(Arduino/Teensy 4.0 Sketches/Sanduhr_Quadrat) by extensions ['cmake', 'python']
[2.465s] Level 1:colcon.colcon_core.package_identification:_identify(Arduino/Teensy 4.0 Sketches/Sanduhr_Quadrat) by extension 'cmake'
[2.465s] Level 1:colcon.colcon_core.package_identification:_identify(Arduino/Teensy 4.0 Sketches/Sanduhr_Quadrat) by extension 'python'
[2.465s] Level 1:colcon.colcon_core.package_identification:_identify(Arduino/Teensy 4.0 Sketches/Sanduhr_Quadrat) by extensions ['python_setup_py']
[2.466s] Level 1:colcon.colcon_core.package_identification:_identify(Arduino/Teensy 4.0 Sketches/Sanduhr_Quadrat) by extension 'python_setup_py'
[2.466s] Level 1:colcon.colcon_core.package_identification:_identify(Arduino/Teensy 4.0 Sketches/Servo_Mit_Ros) by extensions ['ignore', 'ignore_ament_install']
[2.467s] Level 1:colcon.colcon_core.package_identification:_identify(Arduino/Teensy 4.0 Sketches/Servo_Mit_Ros) by extension 'ignore'
[2.468s] Level 1:colcon.colcon_core.package_identification:_identify(Arduino/Teensy 4.0 Sketches/Servo_Mit_Ros) by extension 'ignore_ament_install'
[2.469s] Level 1:colcon.colcon_core.package_identification:_identify(Arduino/Teensy 4.0 Sketches/Servo_Mit_Ros) by extensions ['colcon_pkg']
[2.469s] Level 1:colcon.colcon_core.package_identification:_identify(Arduino/Teensy 4.0 Sketches/Servo_Mit_Ros) by extension 'colcon_pkg'
[2.469s] Level 1:colcon.colcon_core.package_identification:_identify(Arduino/Teensy 4.0 Sketches/Servo_Mit_Ros) by extensions ['colcon_meta']
[2.470s] Level 1:colcon.colcon_core.package_identification:_identify(Arduino/Teensy 4.0 Sketches/Servo_Mit_Ros) by extension 'colcon_meta'
[2.470s] Level 1:colcon.colcon_core.package_identification:_identify(Arduino/Teensy 4.0 Sketches/Servo_Mit_Ros) by extensions ['ros']
[2.471s] Level 1:colcon.colcon_core.package_identification:_identify(Arduino/Teensy 4.0 Sketches/Servo_Mit_Ros) by extension 'ros'
[2.472s] Level 1:colcon.colcon_core.package_identification:_identify(Arduino/Teensy 4.0 Sketches/Servo_Mit_Ros) by extensions ['cmake', 'python']
[2.472s] Level 1:colcon.colcon_core.package_identification:_identify(Arduino/Teensy 4.0 Sketches/Servo_Mit_Ros) by extension 'cmake'
[2.473s] Level 1:colcon.colcon_core.package_identification:_identify(Arduino/Teensy 4.0 Sketches/Servo_Mit_Ros) by extension 'python'
[2.474s] Level 1:colcon.colcon_core.package_identification:_identify(Arduino/Teensy 4.0 Sketches/Servo_Mit_Ros) by extensions ['python_setup_py']
[2.475s] Level 1:colcon.colcon_core.package_identification:_identify(Arduino/Teensy 4.0 Sketches/Servo_Mit_Ros) by extension 'python_setup_py'
[2.476s] Level 1:colcon.colcon_core.package_identification:_identify(Arduino/Teensy 4.0 Sketches/Servo_Ros_Parkour) by extensions ['ignore', 'ignore_ament_install']
[2.477s] Level 1:colcon.colcon_core.package_identification:_identify(Arduino/Teensy 4.0 Sketches/Servo_Ros_Parkour) by extension 'ignore'
[2.478s] Level 1:colcon.colcon_core.package_identification:_identify(Arduino/Teensy 4.0 Sketches/Servo_Ros_Parkour) by extension 'ignore_ament_install'
[2.479s] Level 1:colcon.colcon_core.package_identification:_identify(Arduino/Teensy 4.0 Sketches/Servo_Ros_Parkour) by extensions ['colcon_pkg']
[2.479s] Level 1:colcon.colcon_core.package_identification:_identify(Arduino/Teensy 4.0 Sketches/Servo_Ros_Parkour) by extension 'colcon_pkg'
[2.480s] Level 1:colcon.colcon_core.package_identification:_identify(Arduino/Teensy 4.0 Sketches/Servo_Ros_Parkour) by extensions ['colcon_meta']
[2.481s] Level 1:colcon.colcon_core.package_identification:_identify(Arduino/Teensy 4.0 Sketches/Servo_Ros_Parkour) by extension 'colcon_meta'
[2.481s] Level 1:colcon.colcon_core.package_identification:_identify(Arduino/Teensy 4.0 Sketches/Servo_Ros_Parkour) by extensions ['ros']
[2.481s] Level 1:colcon.colcon_core.package_identification:_identify(Arduino/Teensy 4.0 Sketches/Servo_Ros_Parkour) by extension 'ros'
[2.482s] Level 1:colcon.colcon_core.package_identification:_identify(Arduino/Teensy 4.0 Sketches/Servo_Ros_Parkour) by extensions ['cmake', 'python']
[2.483s] Level 1:colcon.colcon_core.package_identification:_identify(Arduino/Teensy 4.0 Sketches/Servo_Ros_Parkour) by extension 'cmake'
[2.484s] Level 1:colcon.colcon_core.package_identification:_identify(Arduino/Teensy 4.0 Sketches/Servo_Ros_Parkour) by extension 'python'
[2.484s] Level 1:colcon.colcon_core.package_identification:_identify(Arduino/Teensy 4.0 Sketches/Servo_Ros_Parkour) by extensions ['python_setup_py']
[2.484s] Level 1:colcon.colcon_core.package_identification:_identify(Arduino/Teensy 4.0 Sketches/Servo_Ros_Parkour) by extension 'python_setup_py'
[2.485s] Level 1:colcon.colcon_core.package_identification:_identify(Arduino/Teensy 4.0 Sketches/Servo_Ros_Parkour_2) by extensions ['ignore', 'ignore_ament_install']
[2.486s] Level 1:colcon.colcon_core.package_identification:_identify(Arduino/Teensy 4.0 Sketches/Servo_Ros_Parkour_2) by extension 'ignore'
[2.487s] Level 1:colcon.colcon_core.package_identification:_identify(Arduino/Teensy 4.0 Sketches/Servo_Ros_Parkour_2) by extension 'ignore_ament_install'
[2.488s] Level 1:colcon.colcon_core.package_identification:_identify(Arduino/Teensy 4.0 Sketches/Servo_Ros_Parkour_2) by extensions ['colcon_pkg']
[2.489s] Level 1:colcon.colcon_core.package_identification:_identify(Arduino/Teensy 4.0 Sketches/Servo_Ros_Parkour_2) by extension 'colcon_pkg'
[2.490s] Level 1:colcon.colcon_core.package_identification:_identify(Arduino/Teensy 4.0 Sketches/Servo_Ros_Parkour_2) by extensions ['colcon_meta']
[2.490s] Level 1:colcon.colcon_core.package_identification:_identify(Arduino/Teensy 4.0 Sketches/Servo_Ros_Parkour_2) by extension 'colcon_meta'
[2.491s] Level 1:colcon.colcon_core.package_identification:_identify(Arduino/Teensy 4.0 Sketches/Servo_Ros_Parkour_2) by extensions ['ros']
[2.492s] Level 1:colcon.colcon_core.package_identification:_identify(Arduino/Teensy 4.0 Sketches/Servo_Ros_Parkour_2) by extension 'ros'
[2.493s] Level 1:colcon.colcon_core.package_identification:_identify(Arduino/Teensy 4.0 Sketches/Servo_Ros_Parkour_2) by extensions ['cmake', 'python']
[2.494s] Level 1:colcon.colcon_core.package_identification:_identify(Arduino/Teensy 4.0 Sketches/Servo_Ros_Parkour_2) by extension 'cmake'
[2.494s] Level 1:colcon.colcon_core.package_identification:_identify(Arduino/Teensy 4.0 Sketches/Servo_Ros_Parkour_2) by extension 'python'
[2.495s] Level 1:colcon.colcon_core.package_identification:_identify(Arduino/Teensy 4.0 Sketches/Servo_Ros_Parkour_2) by extensions ['python_setup_py']
[2.496s] Level 1:colcon.colcon_core.package_identification:_identify(Arduino/Teensy 4.0 Sketches/Servo_Ros_Parkour_2) by extension 'python_setup_py'
[2.498s] Level 1:colcon.colcon_core.package_identification:_identify(Arduino/Teensy 4.0 Sketches/Test-Sketch) by extensions ['ignore', 'ignore_ament_install']
[2.498s] Level 1:colcon.colcon_core.package_identification:_identify(Arduino/Teensy 4.0 Sketches/Test-Sketch) by extension 'ignore'
[2.499s] Level 1:colcon.colcon_core.package_identification:_identify(Arduino/Teensy 4.0 Sketches/Test-Sketch) by extension 'ignore_ament_install'
[2.500s] Level 1:colcon.colcon_core.package_identification:_identify(Arduino/Teensy 4.0 Sketches/Test-Sketch) by extensions ['colcon_pkg']
[2.500s] Level 1:colcon.colcon_core.package_identification:_identify(Arduino/Teensy 4.0 Sketches/Test-Sketch) by extension 'colcon_pkg'
[2.500s] Level 1:colcon.colcon_core.package_identification:_identify(Arduino/Teensy 4.0 Sketches/Test-Sketch) by extensions ['colcon_meta']
[2.501s] Level 1:colcon.colcon_core.package_identification:_identify(Arduino/Teensy 4.0 Sketches/Test-Sketch) by extension 'colcon_meta'
[2.501s] Level 1:colcon.colcon_core.package_identification:_identify(Arduino/Teensy 4.0 Sketches/Test-Sketch) by extensions ['ros']
[2.502s] Level 1:colcon.colcon_core.package_identification:_identify(Arduino/Teensy 4.0 Sketches/Test-Sketch) by extension 'ros'
[2.502s] Level 1:colcon.colcon_core.package_identification:_identify(Arduino/Teensy 4.0 Sketches/Test-Sketch) by extensions ['cmake', 'python']
[2.503s] Level 1:colcon.colcon_core.package_identification:_identify(Arduino/Teensy 4.0 Sketches/Test-Sketch) by extension 'cmake'
[2.503s] Level 1:colcon.colcon_core.package_identification:_identify(Arduino/Teensy 4.0 Sketches/Test-Sketch) by extension 'python'
[2.503s] Level 1:colcon.colcon_core.package_identification:_identify(Arduino/Teensy 4.0 Sketches/Test-Sketch) by extensions ['python_setup_py']
[2.504s] Level 1:colcon.colcon_core.package_identification:_identify(Arduino/Teensy 4.0 Sketches/Test-Sketch) by extension 'python_setup_py'
[2.504s] Level 1:colcon.colcon_core.package_identification:_identify(Arduino/Teensy 4.0 Sketches/sketch_Servo360Studentsino) by extensions ['ignore', 'ignore_ament_install']
[2.505s] Level 1:colcon.colcon_core.package_identification:_identify(Arduino/Teensy 4.0 Sketches/sketch_Servo360Studentsino) by extension 'ignore'
[2.505s] Level 1:colcon.colcon_core.package_identification:_identify(Arduino/Teensy 4.0 Sketches/sketch_Servo360Studentsino) by extension 'ignore_ament_install'
[2.506s] Level 1:colcon.colcon_core.package_identification:_identify(Arduino/Teensy 4.0 Sketches/sketch_Servo360Studentsino) by extensions ['colcon_pkg']
[2.506s] Level 1:colcon.colcon_core.package_identification:_identify(Arduino/Teensy 4.0 Sketches/sketch_Servo360Studentsino) by extension 'colcon_pkg'
[2.506s] Level 1:colcon.colcon_core.package_identification:_identify(Arduino/Teensy 4.0 Sketches/sketch_Servo360Studentsino) by extensions ['colcon_meta']
[2.507s] Level 1:colcon.colcon_core.package_identification:_identify(Arduino/Teensy 4.0 Sketches/sketch_Servo360Studentsino) by extension 'colcon_meta'
[2.507s] Level 1:colcon.colcon_core.package_identification:_identify(Arduino/Teensy 4.0 Sketches/sketch_Servo360Studentsino) by extensions ['ros']
[2.508s] Level 1:colcon.colcon_core.package_identification:_identify(Arduino/Teensy 4.0 Sketches/sketch_Servo360Studentsino) by extension 'ros'
[2.508s] Level 1:colcon.colcon_core.package_identification:_identify(Arduino/Teensy 4.0 Sketches/sketch_Servo360Studentsino) by extensions ['cmake', 'python']
[2.509s] Level 1:colcon.colcon_core.package_identification:_identify(Arduino/Teensy 4.0 Sketches/sketch_Servo360Studentsino) by extension 'cmake'
[2.509s] Level 1:colcon.colcon_core.package_identification:_identify(Arduino/Teensy 4.0 Sketches/sketch_Servo360Studentsino) by extension 'python'
[2.510s] Level 1:colcon.colcon_core.package_identification:_identify(Arduino/Teensy 4.0 Sketches/sketch_Servo360Studentsino) by extensions ['python_setup_py']
[2.510s] Level 1:colcon.colcon_core.package_identification:_identify(Arduino/Teensy 4.0 Sketches/sketch_Servo360Studentsino) by extension 'python_setup_py'
[2.511s] Level 1:colcon.colcon_core.package_identification:_identify(build) by extensions ['ignore', 'ignore_ament_install']
[2.512s] Level 1:colcon.colcon_core.package_identification:_identify(build) by extension 'ignore'
[2.512s] Level 1:colcon.colcon_core.package_identification:_identify(build) ignored
[2.513s] Level 1:colcon.colcon_core.package_identification:_identify(install) by extensions ['ignore', 'ignore_ament_install']
[2.513s] Level 1:colcon.colcon_core.package_identification:_identify(install) by extension 'ignore'
[2.514s] Level 1:colcon.colcon_core.package_identification:_identify(install) ignored
[2.515s] Level 1:colcon.colcon_core.package_identification:_identify(log) by extensions ['ignore', 'ignore_ament_install']
[2.515s] Level 1:colcon.colcon_core.package_identification:_identify(log) by extension 'ignore'
[2.516s] Level 1:colcon.colcon_core.package_identification:_identify(log) ignored
[2.516s] Level 1:colcon.colcon_core.package_identification:_identify(src) by extensions ['ignore', 'ignore_ament_install']
[2.516s] Level 1:colcon.colcon_core.package_identification:_identify(src) by extension 'ignore'
[2.517s] Level 1:colcon.colcon_core.package_identification:_identify(src) by extension 'ignore_ament_install'
[2.517s] Level 1:colcon.colcon_core.package_identification:_identify(src) by extensions ['colcon_pkg']
[2.517s] Level 1:colcon.colcon_core.package_identification:_identify(src) by extension 'colcon_pkg'
[2.518s] Level 1:colcon.colcon_core.package_identification:_identify(src) by extensions ['colcon_meta']
[2.518s] Level 1:colcon.colcon_core.package_identification:_identify(src) by extension 'colcon_meta'
[2.518s] Level 1:colcon.colcon_core.package_identification:_identify(src) by extensions ['ros']
[2.518s] Level 1:colcon.colcon_core.package_identification:_identify(src) by extension 'ros'
[2.519s] Level 1:colcon.colcon_core.package_identification:_identify(src) by extensions ['cmake', 'python']
[2.519s] Level 1:colcon.colcon_core.package_identification:_identify(src) by extension 'cmake'
[2.519s] Level 1:colcon.colcon_core.package_identification:_identify(src) by extension 'python'
[2.519s] Level 1:colcon.colcon_core.package_identification:_identify(src) by extensions ['python_setup_py']
[2.519s] Level 1:colcon.colcon_core.package_identification:_identify(src) by extension 'python_setup_py'
[2.520s] Level 1:colcon.colcon_core.package_identification:_identify(src/alma_camera) by extensions ['ignore', 'ignore_ament_install']
[2.520s] Level 1:colcon.colcon_core.package_identification:_identify(src/alma_camera) by extension 'ignore'
[2.521s] Level 1:colcon.colcon_core.package_identification:_identify(src/alma_camera) by extension 'ignore_ament_install'
[2.521s] Level 1:colcon.colcon_core.package_identification:_identify(src/alma_camera) by extensions ['colcon_pkg']
[2.521s] Level 1:colcon.colcon_core.package_identification:_identify(src/alma_camera) by extension 'colcon_pkg'
[2.521s] Level 1:colcon.colcon_core.package_identification:_identify(src/alma_camera) by extensions ['colcon_meta']
[2.522s] Level 1:colcon.colcon_core.package_identification:_identify(src/alma_camera) by extension 'colcon_meta'
[2.522s] Level 1:colcon.colcon_core.package_identification:_identify(src/alma_camera) by extensions ['ros']
[2.522s] Level 1:colcon.colcon_core.package_identification:_identify(src/alma_camera) by extension 'ros'
[2.535s] DEBUG:colcon.colcon_core.package_identification:Package 'src/alma_camera' with type 'ros.ament_python' and name 'alma_camera'
[2.536s] Level 1:colcon.colcon_core.package_identification:_identify(src/alma_erste_abgabe) by extensions ['ignore', 'ignore_ament_install']
[2.536s] Level 1:colcon.colcon_core.package_identification:_identify(src/alma_erste_abgabe) by extension 'ignore'
[2.537s] Level 1:colcon.colcon_core.package_identification:_identify(src/alma_erste_abgabe) by extension 'ignore_ament_install'
[2.537s] Level 1:colcon.colcon_core.package_identification:_identify(src/alma_erste_abgabe) by extensions ['colcon_pkg']
[2.537s] Level 1:colcon.colcon_core.package_identification:_identify(src/alma_erste_abgabe) by extension 'colcon_pkg'
[2.537s] Level 1:colcon.colcon_core.package_identification:_identify(src/alma_erste_abgabe) by extensions ['colcon_meta']
[2.538s] Level 1:colcon.colcon_core.package_identification:_identify(src/alma_erste_abgabe) by extension 'colcon_meta'
[2.538s] Level 1:colcon.colcon_core.package_identification:_identify(src/alma_erste_abgabe) by extensions ['ros']
[2.538s] Level 1:colcon.colcon_core.package_identification:_identify(src/alma_erste_abgabe) by extension 'ros'
[2.541s] DEBUG:colcon.colcon_core.package_identification:Package 'src/alma_erste_abgabe' with type 'ros.ament_python' and name 'alma_erste_abgabe'
[2.542s] Level 1:colcon.colcon_core.package_identification:_identify(src/alma_ultrasound) by extensions ['ignore', 'ignore_ament_install']
[2.543s] Level 1:colcon.colcon_core.package_identification:_identify(src/alma_ultrasound) by extension 'ignore'
[2.543s] Level 1:colcon.colcon_core.package_identification:_identify(src/alma_ultrasound) by extension 'ignore_ament_install'
[2.543s] Level 1:colcon.colcon_core.package_identification:_identify(src/alma_ultrasound) by extensions ['colcon_pkg']
[2.544s] Level 1:colcon.colcon_core.package_identification:_identify(src/alma_ultrasound) by extension 'colcon_pkg'
[2.544s] Level 1:colcon.colcon_core.package_identification:_identify(src/alma_ultrasound) by extensions ['colcon_meta']
[2.544s] Level 1:colcon.colcon_core.package_identification:_identify(src/alma_ultrasound) by extension 'colcon_meta'
[2.544s] Level 1:colcon.colcon_core.package_identification:_identify(src/alma_ultrasound) by extensions ['ros']
[2.544s] Level 1:colcon.colcon_core.package_identification:_identify(src/alma_ultrasound) by extension 'ros'
[2.547s] DEBUG:colcon.colcon_core.package_identification:Package 'src/alma_ultrasound' with type 'ros.ament_python' and name 'alma_ultrasound'
[2.548s] Level 1:colcon.colcon_core.package_discovery:discover_packages(recursive) using defaults
[2.548s] Level 1:colcon.colcon_core.package_discovery:discover_packages(ignore) discover
[2.548s] Level 1:colcon.colcon_core.package_discovery:discover_packages(ignore) using defaults
[2.548s] Level 1:colcon.colcon_core.package_discovery:discover_packages(path) discover
[2.548s] Level 1:colcon.colcon_core.package_discovery:discover_packages(path) using defaults
[2.747s] Level 1:colcon.colcon_core.package_discovery:discover_packages(prefix_path) check parameters
[2.747s] Level 1:colcon.colcon_core.package_discovery:discover_packages(prefix_path) discover
[2.764s] DEBUG:colcon.colcon_installed_package_information.package_discovery:Found 3 installed packages in /home/pi/robotik_alma_ws/install
[2.776s] DEBUG:colcon.colcon_installed_package_information.package_discovery:Found 309 installed packages in /opt/ros/iron
[2.783s] Level 1:colcon.colcon_core.package_discovery:discover_packages(prefix_path) using defaults
[3.016s] Level 5:colcon.colcon_core.verb:set package 'alma_camera' build argument 'cmake_args' from command line to 'None'
[3.016s] Level 5:colcon.colcon_core.verb:set package 'alma_camera' build argument 'cmake_target' from command line to 'None'
[3.016s] Level 5:colcon.colcon_core.verb:set package 'alma_camera' build argument 'cmake_target_skip_unavailable' from command line to 'False'
[3.016s] Level 5:colcon.colcon_core.verb:set package 'alma_camera' build argument 'cmake_clean_cache' from command line to 'False'
[3.016s] Level 5:colcon.colcon_core.verb:set package 'alma_camera' build argument 'cmake_clean_first' from command line to 'False'
[3.016s] Level 5:colcon.colcon_core.verb:set package 'alma_camera' build argument 'cmake_force_configure' from command line to 'False'
[3.017s] Level 5:colcon.colcon_core.verb:set package 'alma_camera' build argument 'ament_cmake_args' from command line to 'None'
[3.017s] Level 5:colcon.colcon_core.verb:set package 'alma_camera' build argument 'catkin_cmake_args' from command line to 'None'
[3.017s] Level 5:colcon.colcon_core.verb:set package 'alma_camera' build argument 'catkin_skip_building_tests' from command line to 'False'
[3.017s] DEBUG:colcon.colcon_core.verb:Building package 'alma_camera' with the following arguments: {'ament_cmake_args': None, 'build_base': '/home/pi/robotik_alma_ws/build/alma_camera', 'catkin_cmake_args': None, 'catkin_skip_building_tests': False, 'cmake_args': None, 'cmake_clean_cache': False, 'cmake_clean_first': False, 'cmake_force_configure': False, 'cmake_target': None, 'cmake_target_skip_unavailable': False, 'install_base': '/home/pi/robotik_alma_ws/install/alma_camera', 'merge_install': False, 'path': '/home/pi/robotik_alma_ws/src/alma_camera', 'symlink_install': False, 'test_result_base': None}
[3.018s] Level 5:colcon.colcon_core.verb:set package 'alma_erste_abgabe' build argument 'cmake_args' from command line to 'None'
[3.019s] Level 5:colcon.colcon_core.verb:set package 'alma_erste_abgabe' build argument 'cmake_target' from command line to 'None'
[3.019s] Level 5:colcon.colcon_core.verb:set package 'alma_erste_abgabe' build argument 'cmake_target_skip_unavailable' from command line to 'False'
[3.019s] Level 5:colcon.colcon_core.verb:set package 'alma_erste_abgabe' build argument 'cmake_clean_cache' from command line to 'False'
[3.019s] Level 5:colcon.colcon_core.verb:set package 'alma_erste_abgabe' build argument 'cmake_clean_first' from command line to 'False'
[3.019s] Level 5:colcon.colcon_core.verb:set package 'alma_erste_abgabe' build argument 'cmake_force_configure' from command line to 'False'
[3.019s] Level 5:colcon.colcon_core.verb:set package 'alma_erste_abgabe' build argument 'ament_cmake_args' from command line to 'None'
[3.019s] Level 5:colcon.colcon_core.verb:set package 'alma_erste_abgabe' build argument 'catkin_cmake_args' from command line to 'None'
[3.019s] Level 5:colcon.colcon_core.verb:set package 'alma_erste_abgabe' build argument 'catkin_skip_building_tests' from command line to 'False'
[3.020s] DEBUG:colcon.colcon_core.verb:Building package 'alma_erste_abgabe' with the following arguments: {'ament_cmake_args': None, 'build_base': '/home/pi/robotik_alma_ws/build/alma_erste_abgabe', 'catkin_cmake_args': None, 'catkin_skip_building_tests': False, 'cmake_args': None, 'cmake_clean_cache': False, 'cmake_clean_first': False, 'cmake_force_configure': False, 'cmake_target': None, 'cmake_target_skip_unavailable': False, 'install_base': '/home/pi/robotik_alma_ws/install/alma_erste_abgabe', 'merge_install': False, 'path': '/home/pi/robotik_alma_ws/src/alma_erste_abgabe', 'symlink_install': False, 'test_result_base': None}
[3.021s] Level 5:colcon.colcon_core.verb:set package 'alma_ultrasound' build argument 'cmake_args' from command line to 'None'
[3.021s] Level 5:colcon.colcon_core.verb:set package 'alma_ultrasound' build argument 'cmake_target' from command line to 'None'
[3.021s] Level 5:colcon.colcon_core.verb:set package 'alma_ultrasound' build argument 'cmake_target_skip_unavailable' from command line to 'False'
[3.022s] Level 5:colcon.colcon_core.verb:set package 'alma_ultrasound' build argument 'cmake_clean_cache' from command line to 'False'
[3.022s] Level 5:colcon.colcon_core.verb:set package 'alma_ultrasound' build argument 'cmake_clean_first' from command line to 'False'
[3.022s] Level 5:colcon.colcon_core.verb:set package 'alma_ultrasound' build argument 'cmake_force_configure' from command line to 'False'
[3.022s] Level 5:colcon.colcon_core.verb:set package 'alma_ultrasound' build argument 'ament_cmake_args' from command line to 'None'
[3.022s] Level 5:colcon.colcon_core.verb:set package 'alma_ultrasound' build argument 'catkin_cmake_args' from command line to 'None'
[3.022s] Level 5:colcon.colcon_core.verb:set package 'alma_ultrasound' build argument 'catkin_skip_building_tests' from command line to 'False'
[3.022s] DEBUG:colcon.colcon_core.verb:Building package 'alma_ultrasound' with the following arguments: {'ament_cmake_args': None, 'build_base': '/home/pi/robotik_alma_ws/build/alma_ultrasound', 'catkin_cmake_args': None, 'catkin_skip_building_tests': False, 'cmake_args': None, 'cmake_clean_cache': False, 'cmake_clean_first': False, 'cmake_force_configure': False, 'cmake_target': None, 'cmake_target_skip_unavailable': False, 'install_base': '/home/pi/robotik_alma_ws/install/alma_ultrasound', 'merge_install': False, 'path': '/home/pi/robotik_alma_ws/src/alma_ultrasound', 'symlink_install': False, 'test_result_base': None}
[3.023s] INFO:colcon.colcon_core.executor:Executing jobs using 'parallel' executor
[3.026s] DEBUG:colcon.colcon_parallel_executor.executor.parallel:run_until_complete
[3.028s] INFO:colcon.colcon_ros.task.ament_python.build:Building ROS package in '/home/pi/robotik_alma_ws/src/alma_camera' with build type 'ament_python'
[3.028s] Level 1:colcon.colcon_core.shell:create_environment_hook('alma_camera', 'ament_prefix_path')
[3.052s] INFO:colcon.colcon_core.plugin_system:Skipping extension 'colcon_core.shell.bat': Not used on non-Windows systems
[3.053s] INFO:colcon.colcon_core.shell:Creating environment hook '/home/pi/robotik_alma_ws/install/alma_camera/share/alma_camera/hook/ament_prefix_path.ps1'
[3.057s] INFO:colcon.colcon_core.shell:Creating environment descriptor '/home/pi/robotik_alma_ws/install/alma_camera/share/alma_camera/hook/ament_prefix_path.dsv'
[3.061s] INFO:colcon.colcon_core.shell:Creating environment hook '/home/pi/robotik_alma_ws/install/alma_camera/share/alma_camera/hook/ament_prefix_path.sh'
[3.065s] INFO:colcon.colcon_core.shell:Skip shell extension 'powershell' for command environment: Not usable outside of PowerShell
[3.066s] DEBUG:colcon.colcon_core.shell:Skip shell extension 'dsv' for command environment
[3.087s] INFO:colcon.colcon_ros.task.ament_python.build:Building ROS package in '/home/pi/robotik_alma_ws/src/alma_erste_abgabe' with build type 'ament_python'
[3.088s] Level 1:colcon.colcon_core.shell:create_environment_hook('alma_erste_abgabe', 'ament_prefix_path')
[3.090s] INFO:colcon.colcon_core.shell:Creating environment hook '/home/pi/robotik_alma_ws/install/alma_erste_abgabe/share/alma_erste_abgabe/hook/ament_prefix_path.ps1'
[3.092s] INFO:colcon.colcon_core.shell:Creating environment descriptor '/home/pi/robotik_alma_ws/install/alma_erste_abgabe/share/alma_erste_abgabe/hook/ament_prefix_path.dsv'
[3.095s] INFO:colcon.colcon_core.shell:Creating environment hook '/home/pi/robotik_alma_ws/install/alma_erste_abgabe/share/alma_erste_abgabe/hook/ament_prefix_path.sh'
[3.099s] INFO:colcon.colcon_core.shell:Skip shell extension 'powershell' for command environment: Not usable outside of PowerShell
[3.100s] DEBUG:colcon.colcon_core.shell:Skip shell extension 'dsv' for command environment
[3.123s] INFO:colcon.colcon_ros.task.ament_python.build:Building ROS package in '/home/pi/robotik_alma_ws/src/alma_ultrasound' with build type 'ament_python'
[3.124s] Level 1:colcon.colcon_core.shell:create_environment_hook('alma_ultrasound', 'ament_prefix_path')
[3.125s] INFO:colcon.colcon_core.shell:Creating environment hook '/home/pi/robotik_alma_ws/install/alma_ultrasound/share/alma_ultrasound/hook/ament_prefix_path.ps1'
[3.129s] INFO:colcon.colcon_core.shell:Creating environment descriptor '/home/pi/robotik_alma_ws/install/alma_ultrasound/share/alma_ultrasound/hook/ament_prefix_path.dsv'
[3.132s] INFO:colcon.colcon_core.shell:Creating environment hook '/home/pi/robotik_alma_ws/install/alma_ultrasound/share/alma_ultrasound/hook/ament_prefix_path.sh'
[3.136s] INFO:colcon.colcon_core.shell:Skip shell extension 'powershell' for command environment: Not usable outside of PowerShell
[3.136s] DEBUG:colcon.colcon_core.shell:Skip shell extension 'dsv' for command environment
[4.495s] INFO:colcon.colcon_core.task.python.build:Building Python package in '/home/pi/robotik_alma_ws/src/alma_camera'
[4.496s] INFO:colcon.colcon_core.shell:Skip shell extension 'powershell' for command environment: Not usable outside of PowerShell
[4.497s] DEBUG:colcon.colcon_core.shell:Skip shell extension 'dsv' for command environment
[5.881s] INFO:colcon.colcon_core.task.python.build:Building Python package in '/home/pi/robotik_alma_ws/src/alma_erste_abgabe'
[5.882s] INFO:colcon.colcon_core.shell:Skip shell extension 'powershell' for command environment: Not usable outside of PowerShell
[5.882s] DEBUG:colcon.colcon_core.shell:Skip shell extension 'dsv' for command environment
[7.235s] INFO:colcon.colcon_core.task.python.build:Building Python package in '/home/pi/robotik_alma_ws/src/alma_ultrasound'
[7.236s] INFO:colcon.colcon_core.shell:Skip shell extension 'powershell' for command environment: Not usable outside of PowerShell
[7.237s] DEBUG:colcon.colcon_core.shell:Skip shell extension 'dsv' for command environment
[9.839s] DEBUG:colcon.colcon_core.event_handler.log_command:Invoking command in '/home/pi/robotik_alma_ws/src/alma_erste_abgabe': PYTHONPATH=/home/pi/robotik_alma_ws/build/alma_erste_abgabe/prefix_override:/home/pi/robotik_alma_ws/install/alma_erste_abgabe/lib/python3.10/site-packages:${PYTHONPATH} /usr/bin/python3 -W ignore:setup.py install is deprecated setup.py egg_info --egg-base ../../build/alma_erste_abgabe build --build-base /home/pi/robotik_alma_ws/build/alma_erste_abgabe/build install --record /home/pi/robotik_alma_ws/build/alma_erste_abgabe/install.log --single-version-externally-managed install_data
[9.893s] DEBUG:colcon.colcon_core.event_handler.log_command:Invoking command in '/home/pi/robotik_alma_ws/src/alma_camera': PYTHONPATH=/home/pi/robotik_alma_ws/build/alma_camera/prefix_override:/home/pi/robotik_alma_ws/install/alma_camera/lib/python3.10/site-packages:${PYTHONPATH} /usr/bin/python3 -W ignore:setup.py install is deprecated setup.py egg_info --egg-base ../../build/alma_camera build --build-base /home/pi/robotik_alma_ws/build/alma_camera/build install --record /home/pi/robotik_alma_ws/build/alma_camera/install.log --single-version-externally-managed install_data
[9.897s] DEBUG:colcon.colcon_core.event_handler.log_command:Invoking command in '/home/pi/robotik_alma_ws/src/alma_ultrasound': PYTHONPATH=/home/pi/robotik_alma_ws/build/alma_ultrasound/prefix_override:/home/pi/robotik_alma_ws/install/alma_ultrasound/lib/python3.10/site-packages:${PYTHONPATH} /usr/bin/python3 -W ignore:setup.py install is deprecated setup.py egg_info --egg-base ../../build/alma_ultrasound build --build-base /home/pi/robotik_alma_ws/build/alma_ultrasound/build install --record /home/pi/robotik_alma_ws/build/alma_ultrasound/install.log --single-version-externally-managed install_data
[12.164s] DEBUG:colcon.colcon_core.event_handler.log_command:Invoked command in '/home/pi/robotik_alma_ws/src/alma_camera' returned '0': PYTHONPATH=/home/pi/robotik_alma_ws/build/alma_camera/prefix_override:/home/pi/robotik_alma_ws/install/alma_camera/lib/python3.10/site-packages:${PYTHONPATH} /usr/bin/python3 -W ignore:setup.py install is deprecated setup.py egg_info --egg-base ../../build/alma_camera build --build-base /home/pi/robotik_alma_ws/build/alma_camera/build install --record /home/pi/robotik_alma_ws/build/alma_camera/install.log --single-version-externally-managed install_data
[12.209s] Level 1:colcon.colcon_core.environment:checking '/home/pi/robotik_alma_ws/install/alma_camera' for CMake module files
[12.214s] Level 1:colcon.colcon_core.environment:checking '/home/pi/robotik_alma_ws/install/alma_camera' for CMake config files
[12.218s] Level 1:colcon.colcon_core.environment:checking '/home/pi/robotik_alma_ws/install/alma_camera/lib'
[12.219s] Level 1:colcon.colcon_core.environment:checking '/home/pi/robotik_alma_ws/install/alma_camera/bin'
[12.220s] Level 1:colcon.colcon_core.environment:checking '/home/pi/robotik_alma_ws/install/alma_camera/lib/pkgconfig/alma_camera.pc'
[12.221s] Level 1:colcon.colcon_core.environment:checking '/home/pi/robotik_alma_ws/install/alma_camera/lib/python3.10/site-packages'
[12.221s] Level 1:colcon.colcon_core.shell:create_environment_hook('alma_camera', 'pythonpath')
[12.222s] INFO:colcon.colcon_core.shell:Creating environment hook '/home/pi/robotik_alma_ws/install/alma_camera/share/alma_camera/hook/pythonpath.ps1'
[12.226s] INFO:colcon.colcon_core.shell:Creating environment descriptor '/home/pi/robotik_alma_ws/install/alma_camera/share/alma_camera/hook/pythonpath.dsv'
[12.230s] INFO:colcon.colcon_core.shell:Creating environment hook '/home/pi/robotik_alma_ws/install/alma_camera/share/alma_camera/hook/pythonpath.sh'
[12.240s] Level 1:colcon.colcon_core.environment:checking '/home/pi/robotik_alma_ws/install/alma_camera/bin'
[12.241s] Level 1:colcon.colcon_core.environment:create_environment_scripts_only(alma_camera)
[12.245s] INFO:colcon.colcon_core.shell:Creating package script '/home/pi/robotik_alma_ws/install/alma_camera/share/alma_camera/package.ps1'
[12.251s] INFO:colcon.colcon_core.shell:Creating package descriptor '/home/pi/robotik_alma_ws/install/alma_camera/share/alma_camera/package.dsv'
[12.255s] INFO:colcon.colcon_core.shell:Creating package script '/home/pi/robotik_alma_ws/install/alma_camera/share/alma_camera/package.sh'
[12.260s] INFO:colcon.colcon_core.shell:Creating package script '/home/pi/robotik_alma_ws/install/alma_camera/share/alma_camera/package.bash'
[12.266s] INFO:colcon.colcon_core.shell:Creating package script '/home/pi/robotik_alma_ws/install/alma_camera/share/alma_camera/package.zsh'
[12.271s] Level 1:colcon.colcon_core.environment:create_file_with_runtime_dependencies(/home/pi/robotik_alma_ws/install/alma_camera/share/colcon-core/packages/alma_camera)
[12.278s] Level 1:colcon.colcon_core.environment:checking '/home/pi/robotik_alma_ws/install/alma_erste_abgabe' for CMake module files
[12.280s] DEBUG:colcon.colcon_core.event_handler.log_command:Invoked command in '/home/pi/robotik_alma_ws/src/alma_erste_abgabe' returned '0': PYTHONPATH=/home/pi/robotik_alma_ws/build/alma_erste_abgabe/prefix_override:/home/pi/robotik_alma_ws/install/alma_erste_abgabe/lib/python3.10/site-packages:${PYTHONPATH} /usr/bin/python3 -W ignore:setup.py install is deprecated setup.py egg_info --egg-base ../../build/alma_erste_abgabe build --build-base /home/pi/robotik_alma_ws/build/alma_erste_abgabe/build install --record /home/pi/robotik_alma_ws/build/alma_erste_abgabe/install.log --single-version-externally-managed install_data
[12.283s] Level 1:colcon.colcon_core.environment:checking '/home/pi/robotik_alma_ws/install/alma_erste_abgabe' for CMake config files
[12.288s] Level 1:colcon.colcon_core.environment:checking '/home/pi/robotik_alma_ws/install/alma_erste_abgabe/lib'
[12.288s] Level 1:colcon.colcon_core.environment:checking '/home/pi/robotik_alma_ws/install/alma_erste_abgabe/bin'
[12.289s] Level 1:colcon.colcon_core.environment:checking '/home/pi/robotik_alma_ws/install/alma_erste_abgabe/lib/pkgconfig/alma_erste_abgabe.pc'
[12.290s] Level 1:colcon.colcon_core.environment:checking '/home/pi/robotik_alma_ws/install/alma_erste_abgabe/lib/python3.10/site-packages'
[12.290s] Level 1:colcon.colcon_core.shell:create_environment_hook('alma_erste_abgabe', 'pythonpath')
[12.291s] INFO:colcon.colcon_core.shell:Creating environment hook '/home/pi/robotik_alma_ws/install/alma_erste_abgabe/share/alma_erste_abgabe/hook/pythonpath.ps1'
[12.293s] INFO:colcon.colcon_core.shell:Creating environment descriptor '/home/pi/robotik_alma_ws/install/alma_erste_abgabe/share/alma_erste_abgabe/hook/pythonpath.dsv'
[12.295s] INFO:colcon.colcon_core.shell:Creating environment hook '/home/pi/robotik_alma_ws/install/alma_erste_abgabe/share/alma_erste_abgabe/hook/pythonpath.sh'
[12.298s] Level 1:colcon.colcon_core.environment:checking '/home/pi/robotik_alma_ws/install/alma_erste_abgabe/bin'
[12.298s] Level 1:colcon.colcon_core.environment:create_environment_scripts_only(alma_erste_abgabe)
[12.300s] INFO:colcon.colcon_core.shell:Creating package script '/home/pi/robotik_alma_ws/install/alma_erste_abgabe/share/alma_erste_abgabe/package.ps1'
[12.302s] INFO:colcon.colcon_core.shell:Creating package descriptor '/home/pi/robotik_alma_ws/install/alma_erste_abgabe/share/alma_erste_abgabe/package.dsv'
[12.304s] INFO:colcon.colcon_core.shell:Creating package script '/home/pi/robotik_alma_ws/install/alma_erste_abgabe/share/alma_erste_abgabe/package.sh'
[12.307s] INFO:colcon.colcon_core.shell:Creating package script '/home/pi/robotik_alma_ws/install/alma_erste_abgabe/share/alma_erste_abgabe/package.bash'
[12.309s] INFO:colcon.colcon_core.shell:Creating package script '/home/pi/robotik_alma_ws/install/alma_erste_abgabe/share/alma_erste_abgabe/package.zsh'
[12.310s] Level 1:colcon.colcon_core.environment:create_file_with_runtime_dependencies(/home/pi/robotik_alma_ws/install/alma_erste_abgabe/share/colcon-core/packages/alma_erste_abgabe)
[12.314s] Level 1:colcon.colcon_core.environment:checking '/home/pi/robotik_alma_ws/install/alma_ultrasound' for CMake module files
[12.318s] DEBUG:colcon.colcon_core.event_handler.log_command:Invoked command in '/home/pi/robotik_alma_ws/src/alma_ultrasound' returned '0': PYTHONPATH=/home/pi/robotik_alma_ws/build/alma_ultrasound/prefix_override:/home/pi/robotik_alma_ws/install/alma_ultrasound/lib/python3.10/site-packages:${PYTHONPATH} /usr/bin/python3 -W ignore:setup.py install is deprecated setup.py egg_info --egg-base ../../build/alma_ultrasound build --build-base /home/pi/robotik_alma_ws/build/alma_ultrasound/build install --record /home/pi/robotik_alma_ws/build/alma_ultrasound/install.log --single-version-externally-managed install_data
[12.319s] Level 1:colcon.colcon_core.environment:checking '/home/pi/robotik_alma_ws/install/alma_ultrasound' for CMake config files
[12.323s] Level 1:colcon.colcon_core.environment:checking '/home/pi/robotik_alma_ws/install/alma_ultrasound/lib'
[12.324s] Level 1:colcon.colcon_core.environment:checking '/home/pi/robotik_alma_ws/install/alma_ultrasound/bin'
[12.324s] Level 1:colcon.colcon_core.environment:checking '/home/pi/robotik_alma_ws/install/alma_ultrasound/lib/pkgconfig/alma_ultrasound.pc'
[12.326s] Level 1:colcon.colcon_core.environment:checking '/home/pi/robotik_alma_ws/install/alma_ultrasound/lib/python3.10/site-packages'
[12.326s] Level 1:colcon.colcon_core.shell:create_environment_hook('alma_ultrasound', 'pythonpath')
[12.327s] INFO:colcon.colcon_core.shell:Creating environment hook '/home/pi/robotik_alma_ws/install/alma_ultrasound/share/alma_ultrasound/hook/pythonpath.ps1'
[12.329s] INFO:colcon.colcon_core.shell:Creating environment descriptor '/home/pi/robotik_alma_ws/install/alma_ultrasound/share/alma_ultrasound/hook/pythonpath.dsv'
[12.332s] INFO:colcon.colcon_core.shell:Creating environment hook '/home/pi/robotik_alma_ws/install/alma_ultrasound/share/alma_ultrasound/hook/pythonpath.sh'
[12.335s] Level 1:colcon.colcon_core.environment:checking '/home/pi/robotik_alma_ws/install/alma_ultrasound/bin'
[12.335s] Level 1:colcon.colcon_core.environment:create_environment_scripts_only(alma_ultrasound)
[12.337s] INFO:colcon.colcon_core.shell:Creating package script '/home/pi/robotik_alma_ws/install/alma_ultrasound/share/alma_ultrasound/package.ps1'
[12.340s] INFO:colcon.colcon_core.shell:Creating package descriptor '/home/pi/robotik_alma_ws/install/alma_ultrasound/share/alma_ultrasound/package.dsv'
[12.343s] INFO:colcon.colcon_core.shell:Creating package script '/home/pi/robotik_alma_ws/install/alma_ultrasound/share/alma_ultrasound/package.sh'
[12.346s] INFO:colcon.colcon_core.shell:Creating package script '/home/pi/robotik_alma_ws/install/alma_ultrasound/share/alma_ultrasound/package.bash'
[12.348s] INFO:colcon.colcon_core.shell:Creating package script '/home/pi/robotik_alma_ws/install/alma_ultrasound/share/alma_ultrasound/package.zsh'
[12.350s] Level 1:colcon.colcon_core.environment:create_file_with_runtime_dependencies(/home/pi/robotik_alma_ws/install/alma_ultrasound/share/colcon-core/packages/alma_ultrasound)
[12.353s] DEBUG:colcon.colcon_parallel_executor.executor.parallel:closing loop
[12.355s] DEBUG:colcon.colcon_parallel_executor.executor.parallel:loop closed
[12.355s] DEBUG:colcon.colcon_parallel_executor.executor.parallel:run_until_complete finished with '0'
[12.356s] DEBUG:colcon.colcon_core.event_reactor:joining thread
[12.388s] INFO:colcon.colcon_core.plugin_system:Skipping extension 'colcon_notification.desktop_notification.terminal_notifier': Not used on non-Darwin systems
[12.389s] INFO:colcon.colcon_core.plugin_system:Skipping extension 'colcon_notification.desktop_notification.win32': Not used on non-Windows systems
[12.389s] INFO:colcon.colcon_notification.desktop_notification:Sending desktop notification using 'notify2'
[12.432s] DEBUG:colcon.colcon_core.event_reactor:joined thread
[12.434s] INFO:colcon.colcon_core.shell:Creating prefix script '/home/pi/robotik_alma_ws/install/local_setup.ps1'
[12.450s] INFO:colcon.colcon_core.shell:Creating prefix util module '/home/pi/robotik_alma_ws/install/_local_setup_util_ps1.py'
[12.459s] INFO:colcon.colcon_core.shell:Creating prefix chain script '/home/pi/robotik_alma_ws/install/setup.ps1'
[12.467s] INFO:colcon.colcon_core.shell:Creating prefix script '/home/pi/robotik_alma_ws/install/local_setup.sh'
[12.470s] INFO:colcon.colcon_core.shell:Creating prefix util module '/home/pi/robotik_alma_ws/install/_local_setup_util_sh.py'
[12.473s] INFO:colcon.colcon_core.shell:Creating prefix chain script '/home/pi/robotik_alma_ws/install/setup.sh'
[12.478s] INFO:colcon.colcon_core.shell:Creating prefix script '/home/pi/robotik_alma_ws/install/local_setup.bash'
[12.482s] INFO:colcon.colcon_core.shell:Creating prefix chain script '/home/pi/robotik_alma_ws/install/setup.bash'
[12.488s] INFO:colcon.colcon_core.shell:Creating prefix script '/home/pi/robotik_alma_ws/install/local_setup.zsh'
[12.492s] INFO:colcon.colcon_core.shell:Creating prefix chain script '/home/pi/robotik_alma_ws/install/setup.zsh'
