[0.455s] DEBUG:colcon:Command line arguments: ['/usr/bin/colcon', 'build', '--packages-select', 'alma_camera']
[0.456s] DEBUG:colcon:Parsed command line arguments: Namespace(log_base=None, log_level=None, verb_name='build', build_base='build', install_base='install', merge_install=False, symlink_install=False, test_result_base=None, continue_on_error=False, executor='parallel', parallel_workers=4, event_handlers=None, ignore_user_meta=False, metas=['./colcon.meta'], base_paths=['.'], packages_ignore=None, packages_ignore_regex=None, paths=None, packages_up_to=None, packages_up_to_regex=None, packages_above=None, packages_above_and_dependencies=None, packages_above_depth=None, packages_select_by_dep=None, packages_skip_by_dep=None, packages_skip_up_to=None, packages_select_build_failed=False, packages_skip_build_finished=False, packages_select_test_failures=False, packages_skip_test_passed=False, packages_select=['alma_camera'], packages_skip=None, packages_select_regex=None, packages_skip_regex=None, packages_start=None, packages_end=None, allow_overriding=[], cmake_args=None, cmake_target=None, cmake_target_skip_unavailable=False, cmake_clean_cache=False, cmake_clean_first=False, cmake_force_configure=False, ament_cmake_args=None, catkin_cmake_args=None, catkin_skip_building_tests=False, verb_parser=<colcon_defaults.argument_parser.defaults.DefaultArgumentsDecorator object at 0xffff84e990c0>, verb_extension=<colcon_core.verb.build.BuildVerb object at 0xffff84ff1cf0>, main=<bound method BuildVerb.main of <colcon_core.verb.build.BuildVerb object at 0xffff84ff1cf0>>)
[1.291s] Level 1:colcon.colcon_core.package_discovery:discover_packages(colcon_meta) check parameters
[1.292s] Level 1:colcon.colcon_core.package_discovery:discover_packages(recursive) check parameters
[1.292s] Level 1:colcon.colcon_core.package_discovery:discover_packages(ignore) check parameters
[1.292s] Level 1:colcon.colcon_core.package_discovery:discover_packages(path) check parameters
[1.292s] Level 1:colcon.colcon_core.package_discovery:discover_packages(colcon_meta) discover
[1.292s] Level 1:colcon.colcon_core.package_discovery:discover_packages(recursive) discover
[1.292s] INFO:colcon.colcon_core.package_discovery:Crawling recursively for packages in '/home/pi/robotik_alma_ws'
[1.293s] Level 1:colcon.colcon_core.package_identification:_identify(.) by extensions ['ignore', 'ignore_ament_install']
[1.293s] Level 1:colcon.colcon_core.package_identification:_identify(.) by extension 'ignore'
[1.293s] Level 1:colcon.colcon_core.package_identification:_identify(.) by extension 'ignore_ament_install'
[1.294s] Level 1:colcon.colcon_core.package_identification:_identify(.) by extensions ['colcon_pkg']
[1.294s] Level 1:colcon.colcon_core.package_identification:_identify(.) by extension 'colcon_pkg'
[1.294s] Level 1:colcon.colcon_core.package_identification:_identify(.) by extensions ['colcon_meta']
[1.294s] Level 1:colcon.colcon_core.package_identification:_identify(.) by extension 'colcon_meta'
[1.294s] Level 1:colcon.colcon_core.package_identification:_identify(.) by extensions ['ros']
[1.294s] Level 1:colcon.colcon_core.package_identification:_identify(.) by extension 'ros'
[1.342s] Level 1:colcon.colcon_core.package_identification:_identify(.) by extensions ['cmake', 'python']
[1.343s] Level 1:colcon.colcon_core.package_identification:_identify(.) by extension 'cmake'
[1.343s] Level 1:colcon.colcon_core.package_identification:_identify(.) by extension 'python'
[1.343s] Level 1:colcon.colcon_core.package_identification:_identify(.) by extensions ['python_setup_py']
[1.343s] Level 1:colcon.colcon_core.package_identification:_identify(.) by extension 'python_setup_py'
[1.344s] Level 1:colcon.colcon_core.package_identification:_identify(build) by extensions ['ignore', 'ignore_ament_install']
[1.344s] Level 1:colcon.colcon_core.package_identification:_identify(build) by extension 'ignore'
[1.344s] Level 1:colcon.colcon_core.package_identification:_identify(build) ignored
[1.345s] Level 1:colcon.colcon_core.package_identification:_identify(install) by extensions ['ignore', 'ignore_ament_install']
[1.345s] Level 1:colcon.colcon_core.package_identification:_identify(install) by extension 'ignore'
[1.346s] Level 1:colcon.colcon_core.package_identification:_identify(install) ignored
[1.346s] Level 1:colcon.colcon_core.package_identification:_identify(log) by extensions ['ignore', 'ignore_ament_install']
[1.347s] Level 1:colcon.colcon_core.package_identification:_identify(log) by extension 'ignore'
[1.347s] Level 1:colcon.colcon_core.package_identification:_identify(log) ignored
[1.347s] Level 1:colcon.colcon_core.package_identification:_identify(src) by extensions ['ignore', 'ignore_ament_install']
[1.347s] Level 1:colcon.colcon_core.package_identification:_identify(src) by extension 'ignore'
[1.348s] Level 1:colcon.colcon_core.package_identification:_identify(src) by extension 'ignore_ament_install'
[1.348s] Level 1:colcon.colcon_core.package_identification:_identify(src) by extensions ['colcon_pkg']
[1.348s] Level 1:colcon.colcon_core.package_identification:_identify(src) by extension 'colcon_pkg'
[1.348s] Level 1:colcon.colcon_core.package_identification:_identify(src) by extensions ['colcon_meta']
[1.348s] Level 1:colcon.colcon_core.package_identification:_identify(src) by extension 'colcon_meta'
[1.348s] Level 1:colcon.colcon_core.package_identification:_identify(src) by extensions ['ros']
[1.348s] Level 1:colcon.colcon_core.package_identification:_identify(src) by extension 'ros'
[1.349s] Level 1:colcon.colcon_core.package_identification:_identify(src) by extensions ['cmake', 'python']
[1.349s] Level 1:colcon.colcon_core.package_identification:_identify(src) by extension 'cmake'
[1.349s] Level 1:colcon.colcon_core.package_identification:_identify(src) by extension 'python'
[1.349s] Level 1:colcon.colcon_core.package_identification:_identify(src) by extensions ['python_setup_py']
[1.349s] Level 1:colcon.colcon_core.package_identification:_identify(src) by extension 'python_setup_py'
[1.350s] Level 1:colcon.colcon_core.package_identification:_identify(src/alma_camera) by extensions ['ignore', 'ignore_ament_install']
[1.350s] Level 1:colcon.colcon_core.package_identification:_identify(src/alma_camera) by extension 'ignore'
[1.350s] Level 1:colcon.colcon_core.package_identification:_identify(src/alma_camera) by extension 'ignore_ament_install'
[1.351s] Level 1:colcon.colcon_core.package_identification:_identify(src/alma_camera) by extensions ['colcon_pkg']
[1.351s] Level 1:colcon.colcon_core.package_identification:_identify(src/alma_camera) by extension 'colcon_pkg'
[1.351s] Level 1:colcon.colcon_core.package_identification:_identify(src/alma_camera) by extensions ['colcon_meta']
[1.351s] Level 1:colcon.colcon_core.package_identification:_identify(src/alma_camera) by extension 'colcon_meta'
[1.351s] Level 1:colcon.colcon_core.package_identification:_identify(src/alma_camera) by extensions ['ros']
[1.351s] Level 1:colcon.colcon_core.package_identification:_identify(src/alma_camera) by extension 'ros'
[1.360s] DEBUG:colcon.colcon_core.package_identification:Package 'src/alma_camera' with type 'ros.ament_python' and name 'alma_camera'
[1.361s] Level 1:colcon.colcon_core.package_identification:_identify(src/alma_erste_abgabe) by extensions ['ignore', 'ignore_ament_install']
[1.361s] Level 1:colcon.colcon_core.package_identification:_identify(src/alma_erste_abgabe) by extension 'ignore'
[1.361s] Level 1:colcon.colcon_core.package_identification:_identify(src/alma_erste_abgabe) by extension 'ignore_ament_install'
[1.361s] Level 1:colcon.colcon_core.package_identification:_identify(src/alma_erste_abgabe) by extensions ['colcon_pkg']
[1.361s] Level 1:colcon.colcon_core.package_identification:_identify(src/alma_erste_abgabe) by extension 'colcon_pkg'
[1.362s] Level 1:colcon.colcon_core.package_identification:_identify(src/alma_erste_abgabe) by extensions ['colcon_meta']
[1.362s] Level 1:colcon.colcon_core.package_identification:_identify(src/alma_erste_abgabe) by extension 'colcon_meta'
[1.362s] Level 1:colcon.colcon_core.package_identification:_identify(src/alma_erste_abgabe) by extensions ['ros']
[1.362s] Level 1:colcon.colcon_core.package_identification:_identify(src/alma_erste_abgabe) by extension 'ros'
[1.364s] DEBUG:colcon.colcon_core.package_identification:Package 'src/alma_erste_abgabe' with type 'ros.ament_python' and name 'alma_erste_abgabe'
[1.364s] Level 1:colcon.colcon_core.package_discovery:discover_packages(recursive) using defaults
[1.365s] Level 1:colcon.colcon_core.package_discovery:discover_packages(ignore) discover
[1.365s] Level 1:colcon.colcon_core.package_discovery:discover_packages(ignore) using defaults
[1.365s] Level 1:colcon.colcon_core.package_discovery:discover_packages(path) discover
[1.365s] Level 1:colcon.colcon_core.package_discovery:discover_packages(path) using defaults
[1.447s] INFO:colcon.colcon_core.package_selection:Skipping not selected package 'alma_erste_abgabe' in 'src/alma_erste_abgabe'
[1.488s] Level 1:colcon.colcon_core.package_discovery:discover_packages(prefix_path) check parameters
[1.488s] Level 1:colcon.colcon_core.package_discovery:discover_packages(prefix_path) discover
[1.496s] DEBUG:colcon.colcon_installed_package_information.package_discovery:Found 2 installed packages in /home/pi/robotik_alma_ws/install
[1.506s] DEBUG:colcon.colcon_installed_package_information.package_discovery:Found 309 installed packages in /opt/ros/iron
[1.513s] Level 1:colcon.colcon_core.package_discovery:discover_packages(prefix_path) using defaults
[1.719s] Level 5:colcon.colcon_core.verb:set package 'alma_camera' build argument 'cmake_args' from command line to 'None'
[1.719s] Level 5:colcon.colcon_core.verb:set package 'alma_camera' build argument 'cmake_target' from command line to 'None'
[1.719s] Level 5:colcon.colcon_core.verb:set package 'alma_camera' build argument 'cmake_target_skip_unavailable' from command line to 'False'
[1.719s] Level 5:colcon.colcon_core.verb:set package 'alma_camera' build argument 'cmake_clean_cache' from command line to 'False'
[1.719s] Level 5:colcon.colcon_core.verb:set package 'alma_camera' build argument 'cmake_clean_first' from command line to 'False'
[1.719s] Level 5:colcon.colcon_core.verb:set package 'alma_camera' build argument 'cmake_force_configure' from command line to 'False'
[1.719s] Level 5:colcon.colcon_core.verb:set package 'alma_camera' build argument 'ament_cmake_args' from command line to 'None'
[1.719s] Level 5:colcon.colcon_core.verb:set package 'alma_camera' build argument 'catkin_cmake_args' from command line to 'None'
[1.720s] Level 5:colcon.colcon_core.verb:set package 'alma_camera' build argument 'catkin_skip_building_tests' from command line to 'False'
[1.720s] DEBUG:colcon.colcon_core.verb:Building package 'alma_camera' with the following arguments: {'ament_cmake_args': None, 'build_base': '/home/pi/robotik_alma_ws/build/alma_camera', 'catkin_cmake_args': None, 'catkin_skip_building_tests': False, 'cmake_args': None, 'cmake_clean_cache': False, 'cmake_clean_first': False, 'cmake_force_configure': False, 'cmake_target': None, 'cmake_target_skip_unavailable': False, 'install_base': '/home/pi/robotik_alma_ws/install/alma_camera', 'merge_install': False, 'path': '/home/pi/robotik_alma_ws/src/alma_camera', 'symlink_install': False, 'test_result_base': None}
[1.720s] INFO:colcon.colcon_core.executor:Executing jobs using 'parallel' executor
[1.724s] DEBUG:colcon.colcon_parallel_executor.executor.parallel:run_until_complete
[1.725s] INFO:colcon.colcon_ros.task.ament_python.build:Building ROS package in '/home/pi/robotik_alma_ws/src/alma_camera' with build type 'ament_python'
[1.725s] Level 1:colcon.colcon_core.shell:create_environment_hook('alma_camera', 'ament_prefix_path')
[1.734s] INFO:colcon.colcon_core.plugin_system:Skipping extension 'colcon_core.shell.bat': Not used on non-Windows systems
[1.735s] INFO:colcon.colcon_core.shell:Creating environment hook '/home/pi/robotik_alma_ws/install/alma_camera/share/alma_camera/hook/ament_prefix_path.ps1'
[1.739s] INFO:colcon.colcon_core.shell:Creating environment descriptor '/home/pi/robotik_alma_ws/install/alma_camera/share/alma_camera/hook/ament_prefix_path.dsv'
[1.742s] INFO:colcon.colcon_core.shell:Creating environment hook '/home/pi/robotik_alma_ws/install/alma_camera/share/alma_camera/hook/ament_prefix_path.sh'
[1.746s] INFO:colcon.colcon_core.shell:Skip shell extension 'powershell' for command environment: Not usable outside of PowerShell
[1.747s] DEBUG:colcon.colcon_core.shell:Skip shell extension 'dsv' for command environment
[3.050s] INFO:colcon.colcon_core.task.python.build:Building Python package in '/home/pi/robotik_alma_ws/src/alma_camera'
[3.051s] INFO:colcon.colcon_core.shell:Skip shell extension 'powershell' for command environment: Not usable outside of PowerShell
[3.051s] DEBUG:colcon.colcon_core.shell:Skip shell extension 'dsv' for command environment
[4.652s] DEBUG:colcon.colcon_core.event_handler.log_command:Invoking command in '/home/pi/robotik_alma_ws/src/alma_camera': PYTHONPATH=/home/pi/robotik_alma_ws/build/alma_camera/prefix_override:/home/pi/robotik_alma_ws/install/alma_camera/lib/python3.10/site-packages:${PYTHONPATH} /usr/bin/python3 -W ignore:setup.py install is deprecated setup.py egg_info --egg-base ../../build/alma_camera build --build-base /home/pi/robotik_alma_ws/build/alma_camera/build install --record /home/pi/robotik_alma_ws/build/alma_camera/install.log --single-version-externally-managed install_data
[6.081s] DEBUG:colcon.colcon_core.event_handler.log_command:Invoked command in '/home/pi/robotik_alma_ws/src/alma_camera' returned '0': PYTHONPATH=/home/pi/robotik_alma_ws/build/alma_camera/prefix_override:/home/pi/robotik_alma_ws/install/alma_camera/lib/python3.10/site-packages:${PYTHONPATH} /usr/bin/python3 -W ignore:setup.py install is deprecated setup.py egg_info --egg-base ../../build/alma_camera build --build-base /home/pi/robotik_alma_ws/build/alma_camera/build install --record /home/pi/robotik_alma_ws/build/alma_camera/install.log --single-version-externally-managed install_data
[6.094s] Level 1:colcon.colcon_core.environment:checking '/home/pi/robotik_alma_ws/install/alma_camera' for CMake module files
[6.097s] Level 1:colcon.colcon_core.environment:checking '/home/pi/robotik_alma_ws/install/alma_camera' for CMake config files
[6.102s] Level 1:colcon.colcon_core.environment:checking '/home/pi/robotik_alma_ws/install/alma_camera/lib'
[6.103s] Level 1:colcon.colcon_core.environment:checking '/home/pi/robotik_alma_ws/install/alma_camera/bin'
[6.103s] Level 1:colcon.colcon_core.environment:checking '/home/pi/robotik_alma_ws/install/alma_camera/lib/pkgconfig/alma_camera.pc'
[6.104s] Level 1:colcon.colcon_core.environment:checking '/home/pi/robotik_alma_ws/install/alma_camera/lib/python3.10/site-packages'
[6.104s] Level 1:colcon.colcon_core.shell:create_environment_hook('alma_camera', 'pythonpath')
[6.105s] INFO:colcon.colcon_core.shell:Creating environment hook '/home/pi/robotik_alma_ws/install/alma_camera/share/alma_camera/hook/pythonpath.ps1'
[6.107s] INFO:colcon.colcon_core.shell:Creating environment descriptor '/home/pi/robotik_alma_ws/install/alma_camera/share/alma_camera/hook/pythonpath.dsv'
[6.109s] INFO:colcon.colcon_core.shell:Creating environment hook '/home/pi/robotik_alma_ws/install/alma_camera/share/alma_camera/hook/pythonpath.sh'
[6.111s] Level 1:colcon.colcon_core.environment:checking '/home/pi/robotik_alma_ws/install/alma_camera/bin'
[6.112s] Level 1:colcon.colcon_core.environment:create_environment_scripts_only(alma_camera)
[6.113s] INFO:colcon.colcon_core.shell:Creating package script '/home/pi/robotik_alma_ws/install/alma_camera/share/alma_camera/package.ps1'
[6.116s] INFO:colcon.colcon_core.shell:Creating package descriptor '/home/pi/robotik_alma_ws/install/alma_camera/share/alma_camera/package.dsv'
[6.119s] INFO:colcon.colcon_core.shell:Creating package script '/home/pi/robotik_alma_ws/install/alma_camera/share/alma_camera/package.sh'
[6.122s] INFO:colcon.colcon_core.shell:Creating package script '/home/pi/robotik_alma_ws/install/alma_camera/share/alma_camera/package.bash'
[6.126s] INFO:colcon.colcon_core.shell:Creating package script '/home/pi/robotik_alma_ws/install/alma_camera/share/alma_camera/package.zsh'
[6.129s] Level 1:colcon.colcon_core.environment:create_file_with_runtime_dependencies(/home/pi/robotik_alma_ws/install/alma_camera/share/colcon-core/packages/alma_camera)
[6.130s] DEBUG:colcon.colcon_parallel_executor.executor.parallel:closing loop
[6.132s] DEBUG:colcon.colcon_parallel_executor.executor.parallel:loop closed
[6.132s] DEBUG:colcon.colcon_parallel_executor.executor.parallel:run_until_complete finished with '0'
[6.132s] DEBUG:colcon.colcon_core.event_reactor:joining thread
[6.159s] INFO:colcon.colcon_core.plugin_system:Skipping extension 'colcon_notification.desktop_notification.terminal_notifier': Not used on non-Darwin systems
[6.160s] INFO:colcon.colcon_core.plugin_system:Skipping extension 'colcon_notification.desktop_notification.win32': Not used on non-Windows systems
[6.160s] INFO:colcon.colcon_notification.desktop_notification:Sending desktop notification using 'notify2'
[6.219s] DEBUG:colcon.colcon_core.event_reactor:joined thread
[6.220s] INFO:colcon.colcon_core.shell:Creating prefix script '/home/pi/robotik_alma_ws/install/local_setup.ps1'
[6.224s] INFO:colcon.colcon_core.shell:Creating prefix util module '/home/pi/robotik_alma_ws/install/_local_setup_util_ps1.py'
[6.230s] INFO:colcon.colcon_core.shell:Creating prefix chain script '/home/pi/robotik_alma_ws/install/setup.ps1'
[6.236s] INFO:colcon.colcon_core.shell:Creating prefix script '/home/pi/robotik_alma_ws/install/local_setup.sh'
[6.241s] INFO:colcon.colcon_core.shell:Creating prefix util module '/home/pi/robotik_alma_ws/install/_local_setup_util_sh.py'
[6.244s] INFO:colcon.colcon_core.shell:Creating prefix chain script '/home/pi/robotik_alma_ws/install/setup.sh'
[6.250s] INFO:colcon.colcon_core.shell:Creating prefix script '/home/pi/robotik_alma_ws/install/local_setup.bash'
[6.253s] INFO:colcon.colcon_core.shell:Creating prefix chain script '/home/pi/robotik_alma_ws/install/setup.bash'
[6.259s] INFO:colcon.colcon_core.shell:Creating prefix script '/home/pi/robotik_alma_ws/install/local_setup.zsh'
[6.262s] INFO:colcon.colcon_core.shell:Creating prefix chain script '/home/pi/robotik_alma_ws/install/setup.zsh'
