/home/pi/robotik_alma_ws/install/alma_camera/lib/python3.10/site-packages/alma_camera/image_subscriber.py
/home/pi/robotik_alma_ws/install/alma_camera/lib/python3.10/site-packages/alma_camera/camera_line_detector.py
/home/pi/robotik_alma_ws/install/alma_camera/lib/python3.10/site-packages/alma_camera/colorHSV_subscriber.py
/home/pi/robotik_alma_ws/install/alma_camera/lib/python3.10/site-packages/alma_camera/__init__.py
/home/pi/robotik_alma_ws/install/alma_camera/lib/python3.10/site-packages/alma_camera/camera_publisher.py
/home/pi/robotik_alma_ws/install/alma_camera/lib/python3.10/site-packages/alma_camera/__pycache__/image_subscriber.cpython-310.pyc
/home/pi/robotik_alma_ws/install/alma_camera/lib/python3.10/site-packages/alma_camera/__pycache__/camera_line_detector.cpython-310.pyc
/home/pi/robotik_alma_ws/install/alma_camera/lib/python3.10/site-packages/alma_camera/__pycache__/colorHSV_subscriber.cpython-310.pyc
/home/pi/robotik_alma_ws/install/alma_camera/lib/python3.10/site-packages/alma_camera/__pycache__/__init__.cpython-310.pyc
/home/pi/robotik_alma_ws/install/alma_camera/lib/python3.10/site-packages/alma_camera/__pycache__/camera_publisher.cpython-310.pyc
/home/pi/robotik_alma_ws/install/alma_camera/share/ament_index/resource_index/packages/alma_camera
/home/pi/robotik_alma_ws/install/alma_camera/share/alma_camera/package.xml
/home/pi/robotik_alma_ws/install/alma_camera/lib/python3.10/site-packages/alma_camera-0.0.0-py3.10.egg-info/dependency_links.txt
/home/pi/robotik_alma_ws/install/alma_camera/lib/python3.10/site-packages/alma_camera-0.0.0-py3.10.egg-info/SOURCES.txt
/home/pi/robotik_alma_ws/install/alma_camera/lib/python3.10/site-packages/alma_camera-0.0.0-py3.10.egg-info/entry_points.txt
/home/pi/robotik_alma_ws/install/alma_camera/lib/python3.10/site-packages/alma_camera-0.0.0-py3.10.egg-info/top_level.txt
/home/pi/robotik_alma_ws/install/alma_camera/lib/python3.10/site-packages/alma_camera-0.0.0-py3.10.egg-info/requires.txt
/home/pi/robotik_alma_ws/install/alma_camera/lib/python3.10/site-packages/alma_camera-0.0.0-py3.10.egg-info/PKG-INFO
/home/pi/robotik_alma_ws/install/alma_camera/lib/python3.10/site-packages/alma_camera-0.0.0-py3.10.egg-info/zip-safe
/home/pi/robotik_alma_ws/install/alma_camera/lib/alma_camera/camera_colorHSV_sub
/home/pi/robotik_alma_ws/install/alma_camera/lib/alma_camera/camera_image_sub
/home/pi/robotik_alma_ws/install/alma_camera/lib/alma_camera/camera_line_detector
/home/pi/robotik_alma_ws/install/alma_camera/lib/alma_camera/camera_pub
