[0.651s] DEBUG:colcon:Command line arguments: ['/usr/bin/colcon', 'build', '--packages-select', 'alma_camera']
[0.651s] DEBUG:colcon:Parsed command line arguments: Namespace(log_base=None, log_level=None, verb_name='build', build_base='build', install_base='install', merge_install=False, symlink_install=False, test_result_base=None, continue_on_error=False, executor='parallel', parallel_workers=4, event_handlers=None, ignore_user_meta=False, metas=['./colcon.meta'], base_paths=['.'], packages_ignore=None, packages_ignore_regex=None, paths=None, packages_up_to=None, packages_up_to_regex=None, packages_above=None, packages_above_and_dependencies=None, packages_above_depth=None, packages_select_by_dep=None, packages_skip_by_dep=None, packages_skip_up_to=None, packages_select_build_failed=False, packages_skip_build_finished=False, packages_select_test_failures=False, packages_skip_test_passed=False, packages_select=['alma_camera'], packages_skip=None, packages_select_regex=None, packages_skip_regex=None, packages_start=None, packages_end=None, allow_overriding=[], cmake_args=None, cmake_target=None, cmake_target_skip_unavailable=False, cmake_clean_cache=False, cmake_clean_first=False, cmake_force_configure=False, ament_cmake_args=None, catkin_cmake_args=None, catkin_skip_building_tests=False, verb_parser=<colcon_defaults.argument_parser.defaults.DefaultArgumentsDecorator object at 0xffffa8339090>, verb_extension=<colcon_core.verb.build.BuildVerb object at 0xffffa8491cc0>, main=<bound method BuildVerb.main of <colcon_core.verb.build.BuildVerb object at 0xffffa8491cc0>>)
[1.772s] Level 1:colcon.colcon_core.package_discovery:discover_packages(colcon_meta) check parameters
[1.772s] Level 1:colcon.colcon_core.package_discovery:discover_packages(recursive) check parameters
[1.772s] Level 1:colcon.colcon_core.package_discovery:discover_packages(ignore) check parameters
[1.773s] Level 1:colcon.colcon_core.package_discovery:discover_packages(path) check parameters
[1.773s] Level 1:colcon.colcon_core.package_discovery:discover_packages(colcon_meta) discover
[1.773s] Level 1:colcon.colcon_core.package_discovery:discover_packages(recursive) discover
[1.773s] INFO:colcon.colcon_core.package_discovery:Crawling recursively for packages in '/home/pi/robotik_alma_ws'
[1.774s] Level 1:colcon.colcon_core.package_identification:_identify(.) by extensions ['ignore', 'ignore_ament_install']
[1.774s] Level 1:colcon.colcon_core.package_identification:_identify(.) by extension 'ignore'
[1.774s] Level 1:colcon.colcon_core.package_identification:_identify(.) by extension 'ignore_ament_install'
[1.775s] Level 1:colcon.colcon_core.package_identification:_identify(.) by extensions ['colcon_pkg']
[1.775s] Level 1:colcon.colcon_core.package_identification:_identify(.) by extension 'colcon_pkg'
[1.775s] Level 1:colcon.colcon_core.package_identification:_identify(.) by extensions ['colcon_meta']
[1.775s] Level 1:colcon.colcon_core.package_identification:_identify(.) by extension 'colcon_meta'
[1.775s] Level 1:colcon.colcon_core.package_identification:_identify(.) by extensions ['ros']
[1.775s] Level 1:colcon.colcon_core.package_identification:_identify(.) by extension 'ros'
[1.833s] Level 1:colcon.colcon_core.package_identification:_identify(.) by extensions ['cmake', 'python']
[1.833s] Level 1:colcon.colcon_core.package_identification:_identify(.) by extension 'cmake'
[1.833s] Level 1:colcon.colcon_core.package_identification:_identify(.) by extension 'python'
[1.833s] Level 1:colcon.colcon_core.package_identification:_identify(.) by extensions ['python_setup_py']
[1.834s] Level 1:colcon.colcon_core.package_identification:_identify(.) by extension 'python_setup_py'
[1.834s] Level 1:colcon.colcon_core.package_identification:_identify(build) by extensions ['ignore', 'ignore_ament_install']
[1.835s] Level 1:colcon.colcon_core.package_identification:_identify(build) by extension 'ignore'
[1.835s] Level 1:colcon.colcon_core.package_identification:_identify(build) ignored
[1.835s] Level 1:colcon.colcon_core.package_identification:_identify(install) by extensions ['ignore', 'ignore_ament_install']
[1.836s] Level 1:colcon.colcon_core.package_identification:_identify(install) by extension 'ignore'
[1.836s] Level 1:colcon.colcon_core.package_identification:_identify(install) ignored
[1.837s] Level 1:colcon.colcon_core.package_identification:_identify(log) by extensions ['ignore', 'ignore_ament_install']
[1.837s] Level 1:colcon.colcon_core.package_identification:_identify(log) by extension 'ignore'
[1.837s] Level 1:colcon.colcon_core.package_identification:_identify(log) ignored
[1.838s] Level 1:colcon.colcon_core.package_identification:_identify(src) by extensions ['ignore', 'ignore_ament_install']
[1.838s] Level 1:colcon.colcon_core.package_identification:_identify(src) by extension 'ignore'
[1.838s] Level 1:colcon.colcon_core.package_identification:_identify(src) by extension 'ignore_ament_install'
[1.838s] Level 1:colcon.colcon_core.package_identification:_identify(src) by extensions ['colcon_pkg']
[1.838s] Level 1:colcon.colcon_core.package_identification:_identify(src) by extension 'colcon_pkg'
[1.839s] Level 1:colcon.colcon_core.package_identification:_identify(src) by extensions ['colcon_meta']
[1.839s] Level 1:colcon.colcon_core.package_identification:_identify(src) by extension 'colcon_meta'
[1.839s] Level 1:colcon.colcon_core.package_identification:_identify(src) by extensions ['ros']
[1.839s] Level 1:colcon.colcon_core.package_identification:_identify(src) by extension 'ros'
[1.839s] Level 1:colcon.colcon_core.package_identification:_identify(src) by extensions ['cmake', 'python']
[1.840s] Level 1:colcon.colcon_core.package_identification:_identify(src) by extension 'cmake'
[1.840s] Level 1:colcon.colcon_core.package_identification:_identify(src) by extension 'python'
[1.840s] Level 1:colcon.colcon_core.package_identification:_identify(src) by extensions ['python_setup_py']
[1.840s] Level 1:colcon.colcon_core.package_identification:_identify(src) by extension 'python_setup_py'
[1.840s] Level 1:colcon.colcon_core.package_identification:_identify(src/alma_camera) by extensions ['ignore', 'ignore_ament_install']
[1.841s] Level 1:colcon.colcon_core.package_identification:_identify(src/alma_camera) by extension 'ignore'
[1.841s] Level 1:colcon.colcon_core.package_identification:_identify(src/alma_camera) by extension 'ignore_ament_install'
[1.841s] Level 1:colcon.colcon_core.package_identification:_identify(src/alma_camera) by extensions ['colcon_pkg']
[1.841s] Level 1:colcon.colcon_core.package_identification:_identify(src/alma_camera) by extension 'colcon_pkg'
[1.841s] Level 1:colcon.colcon_core.package_identification:_identify(src/alma_camera) by extensions ['colcon_meta']
[1.842s] Level 1:colcon.colcon_core.package_identification:_identify(src/alma_camera) by extension 'colcon_meta'
[1.842s] Level 1:colcon.colcon_core.package_identification:_identify(src/alma_camera) by extensions ['ros']
[1.842s] Level 1:colcon.colcon_core.package_identification:_identify(src/alma_camera) by extension 'ros'
[1.851s] DEBUG:colcon.colcon_core.package_identification:Package 'src/alma_camera' with type 'ros.ament_python' and name 'alma_camera'
[1.851s] Level 1:colcon.colcon_core.package_identification:_identify(src/alma_erste_abgabe) by extensions ['ignore', 'ignore_ament_install']
[1.852s] Level 1:colcon.colcon_core.package_identification:_identify(src/alma_erste_abgabe) by extension 'ignore'
[1.852s] Level 1:colcon.colcon_core.package_identification:_identify(src/alma_erste_abgabe) by extension 'ignore_ament_install'
[1.852s] Level 1:colcon.colcon_core.package_identification:_identify(src/alma_erste_abgabe) by extensions ['colcon_pkg']
[1.852s] Level 1:colcon.colcon_core.package_identification:_identify(src/alma_erste_abgabe) by extension 'colcon_pkg'
[1.853s] Level 1:colcon.colcon_core.package_identification:_identify(src/alma_erste_abgabe) by extensions ['colcon_meta']
[1.853s] Level 1:colcon.colcon_core.package_identification:_identify(src/alma_erste_abgabe) by extension 'colcon_meta'
[1.853s] Level 1:colcon.colcon_core.package_identification:_identify(src/alma_erste_abgabe) by extensions ['ros']
[1.853s] Level 1:colcon.colcon_core.package_identification:_identify(src/alma_erste_abgabe) by extension 'ros'
[1.855s] DEBUG:colcon.colcon_core.package_identification:Package 'src/alma_erste_abgabe' with type 'ros.ament_python' and name 'alma_erste_abgabe'
[1.855s] Level 1:colcon.colcon_core.package_discovery:discover_packages(recursive) using defaults
[1.856s] Level 1:colcon.colcon_core.package_discovery:discover_packages(ignore) discover
[1.856s] Level 1:colcon.colcon_core.package_discovery:discover_packages(ignore) using defaults
[1.856s] Level 1:colcon.colcon_core.package_discovery:discover_packages(path) discover
[1.856s] Level 1:colcon.colcon_core.package_discovery:discover_packages(path) using defaults
[1.943s] INFO:colcon.colcon_core.package_selection:Skipping not selected package 'alma_erste_abgabe' in 'src/alma_erste_abgabe'
[1.992s] Level 1:colcon.colcon_core.package_discovery:discover_packages(prefix_path) check parameters
[1.993s] Level 1:colcon.colcon_core.package_discovery:discover_packages(prefix_path) discover
[2.001s] DEBUG:colcon.colcon_installed_package_information.package_discovery:Found 2 installed packages in /home/pi/robotik_alma_ws/install
[2.011s] DEBUG:colcon.colcon_installed_package_information.package_discovery:Found 309 installed packages in /opt/ros/iron
[2.019s] Level 1:colcon.colcon_core.package_discovery:discover_packages(prefix_path) using defaults
[2.273s] Level 5:colcon.colcon_core.verb:set package 'alma_camera' build argument 'cmake_args' from command line to 'None'
[2.274s] Level 5:colcon.colcon_core.verb:set package 'alma_camera' build argument 'cmake_target' from command line to 'None'
[2.274s] Level 5:colcon.colcon_core.verb:set package 'alma_camera' build argument 'cmake_target_skip_unavailable' from command line to 'False'
[2.274s] Level 5:colcon.colcon_core.verb:set package 'alma_camera' build argument 'cmake_clean_cache' from command line to 'False'
[2.274s] Level 5:colcon.colcon_core.verb:set package 'alma_camera' build argument 'cmake_clean_first' from command line to 'False'
[2.274s] Level 5:colcon.colcon_core.verb:set package 'alma_camera' build argument 'cmake_force_configure' from command line to 'False'
[2.274s] Level 5:colcon.colcon_core.verb:set package 'alma_camera' build argument 'ament_cmake_args' from command line to 'None'
[2.275s] Level 5:colcon.colcon_core.verb:set package 'alma_camera' build argument 'catkin_cmake_args' from command line to 'None'
[2.275s] Level 5:colcon.colcon_core.verb:set package 'alma_camera' build argument 'catkin_skip_building_tests' from command line to 'False'
[2.275s] DEBUG:colcon.colcon_core.verb:Building package 'alma_camera' with the following arguments: {'ament_cmake_args': None, 'build_base': '/home/pi/robotik_alma_ws/build/alma_camera', 'catkin_cmake_args': None, 'catkin_skip_building_tests': False, 'cmake_args': None, 'cmake_clean_cache': False, 'cmake_clean_first': False, 'cmake_force_configure': False, 'cmake_target': None, 'cmake_target_skip_unavailable': False, 'install_base': '/home/pi/robotik_alma_ws/install/alma_camera', 'merge_install': False, 'path': '/home/pi/robotik_alma_ws/src/alma_camera', 'symlink_install': False, 'test_result_base': None}
[2.276s] INFO:colcon.colcon_core.executor:Executing jobs using 'parallel' executor
[2.280s] DEBUG:colcon.colcon_parallel_executor.executor.parallel:run_until_complete
[2.281s] INFO:colcon.colcon_ros.task.ament_python.build:Building ROS package in '/home/pi/robotik_alma_ws/src/alma_camera' with build type 'ament_python'
[2.282s] Level 1:colcon.colcon_core.shell:create_environment_hook('alma_camera', 'ament_prefix_path')
[2.292s] INFO:colcon.colcon_core.plugin_system:Skipping extension 'colcon_core.shell.bat': Not used on non-Windows systems
[2.293s] INFO:colcon.colcon_core.shell:Creating environment hook '/home/pi/robotik_alma_ws/install/alma_camera/share/alma_camera/hook/ament_prefix_path.ps1'
[2.297s] INFO:colcon.colcon_core.shell:Creating environment descriptor '/home/pi/robotik_alma_ws/install/alma_camera/share/alma_camera/hook/ament_prefix_path.dsv'
[2.299s] INFO:colcon.colcon_core.shell:Creating environment hook '/home/pi/robotik_alma_ws/install/alma_camera/share/alma_camera/hook/ament_prefix_path.sh'
[2.305s] INFO:colcon.colcon_core.shell:Skip shell extension 'powershell' for command environment: Not usable outside of PowerShell
[2.306s] DEBUG:colcon.colcon_core.shell:Skip shell extension 'dsv' for command environment
[3.884s] INFO:colcon.colcon_core.task.python.build:Building Python package in '/home/pi/robotik_alma_ws/src/alma_camera'
[3.885s] INFO:colcon.colcon_core.shell:Skip shell extension 'powershell' for command environment: Not usable outside of PowerShell
[3.885s] DEBUG:colcon.colcon_core.shell:Skip shell extension 'dsv' for command environment
[6.297s] DEBUG:colcon.colcon_core.event_handler.log_command:Invoking command in '/home/pi/robotik_alma_ws/src/alma_camera': PYTHONPATH=/home/pi/robotik_alma_ws/build/alma_camera/prefix_override:/home/pi/robotik_alma_ws/install/alma_camera/lib/python3.10/site-packages:${PYTHONPATH} /usr/bin/python3 -W ignore:setup.py install is deprecated setup.py egg_info --egg-base ../../build/alma_camera build --build-base /home/pi/robotik_alma_ws/build/alma_camera/build install --record /home/pi/robotik_alma_ws/build/alma_camera/install.log --single-version-externally-managed install_data
[8.729s] DEBUG:colcon.colcon_core.event_handler.log_command:Invoked command in '/home/pi/robotik_alma_ws/src/alma_camera' returned '0': PYTHONPATH=/home/pi/robotik_alma_ws/build/alma_camera/prefix_override:/home/pi/robotik_alma_ws/install/alma_camera/lib/python3.10/site-packages:${PYTHONPATH} /usr/bin/python3 -W ignore:setup.py install is deprecated setup.py egg_info --egg-base ../../build/alma_camera build --build-base /home/pi/robotik_alma_ws/build/alma_camera/build install --record /home/pi/robotik_alma_ws/build/alma_camera/install.log --single-version-externally-managed install_data
[8.740s] Level 1:colcon.colcon_core.environment:checking '/home/pi/robotik_alma_ws/install/alma_camera' for CMake module files
[8.743s] Level 1:colcon.colcon_core.environment:checking '/home/pi/robotik_alma_ws/install/alma_camera' for CMake config files
[8.747s] Level 1:colcon.colcon_core.environment:checking '/home/pi/robotik_alma_ws/install/alma_camera/lib'
[8.749s] Level 1:colcon.colcon_core.environment:checking '/home/pi/robotik_alma_ws/install/alma_camera/bin'
[8.749s] Level 1:colcon.colcon_core.environment:checking '/home/pi/robotik_alma_ws/install/alma_camera/lib/pkgconfig/alma_camera.pc'
[8.750s] Level 1:colcon.colcon_core.environment:checking '/home/pi/robotik_alma_ws/install/alma_camera/lib/python3.10/site-packages'
[8.750s] Level 1:colcon.colcon_core.shell:create_environment_hook('alma_camera', 'pythonpath')
[8.752s] INFO:colcon.colcon_core.shell:Creating environment hook '/home/pi/robotik_alma_ws/install/alma_camera/share/alma_camera/hook/pythonpath.ps1'
[8.754s] INFO:colcon.colcon_core.shell:Creating environment descriptor '/home/pi/robotik_alma_ws/install/alma_camera/share/alma_camera/hook/pythonpath.dsv'
[8.755s] INFO:colcon.colcon_core.shell:Creating environment hook '/home/pi/robotik_alma_ws/install/alma_camera/share/alma_camera/hook/pythonpath.sh'
[8.759s] Level 1:colcon.colcon_core.environment:checking '/home/pi/robotik_alma_ws/install/alma_camera/bin'
[8.759s] Level 1:colcon.colcon_core.environment:create_environment_scripts_only(alma_camera)
[8.761s] INFO:colcon.colcon_core.shell:Creating package script '/home/pi/robotik_alma_ws/install/alma_camera/share/alma_camera/package.ps1'
[8.764s] INFO:colcon.colcon_core.shell:Creating package descriptor '/home/pi/robotik_alma_ws/install/alma_camera/share/alma_camera/package.dsv'
[8.767s] INFO:colcon.colcon_core.shell:Creating package script '/home/pi/robotik_alma_ws/install/alma_camera/share/alma_camera/package.sh'
[8.771s] INFO:colcon.colcon_core.shell:Creating package script '/home/pi/robotik_alma_ws/install/alma_camera/share/alma_camera/package.bash'
[8.774s] INFO:colcon.colcon_core.shell:Creating package script '/home/pi/robotik_alma_ws/install/alma_camera/share/alma_camera/package.zsh'
[8.778s] Level 1:colcon.colcon_core.environment:create_file_with_runtime_dependencies(/home/pi/robotik_alma_ws/install/alma_camera/share/colcon-core/packages/alma_camera)
[8.779s] DEBUG:colcon.colcon_parallel_executor.executor.parallel:closing loop
[8.781s] DEBUG:colcon.colcon_parallel_executor.executor.parallel:loop closed
[8.781s] DEBUG:colcon.colcon_parallel_executor.executor.parallel:run_until_complete finished with '0'
[8.782s] DEBUG:colcon.colcon_core.event_reactor:joining thread
[8.823s] INFO:colcon.colcon_core.plugin_system:Skipping extension 'colcon_notification.desktop_notification.terminal_notifier': Not used on non-Darwin systems
[8.823s] INFO:colcon.colcon_core.plugin_system:Skipping extension 'colcon_notification.desktop_notification.win32': Not used on non-Windows systems
[8.823s] INFO:colcon.colcon_notification.desktop_notification:Sending desktop notification using 'notify2'
[8.887s] DEBUG:colcon.colcon_core.event_reactor:joined thread
[8.889s] INFO:colcon.colcon_core.shell:Creating prefix script '/home/pi/robotik_alma_ws/install/local_setup.ps1'
[8.893s] INFO:colcon.colcon_core.shell:Creating prefix util module '/home/pi/robotik_alma_ws/install/_local_setup_util_ps1.py'
[8.901s] INFO:colcon.colcon_core.shell:Creating prefix chain script '/home/pi/robotik_alma_ws/install/setup.ps1'
[8.910s] INFO:colcon.colcon_core.shell:Creating prefix script '/home/pi/robotik_alma_ws/install/local_setup.sh'
[8.914s] INFO:colcon.colcon_core.shell:Creating prefix util module '/home/pi/robotik_alma_ws/install/_local_setup_util_sh.py'
[8.920s] INFO:colcon.colcon_core.shell:Creating prefix chain script '/home/pi/robotik_alma_ws/install/setup.sh'
[8.927s] INFO:colcon.colcon_core.shell:Creating prefix script '/home/pi/robotik_alma_ws/install/local_setup.bash'
[8.930s] INFO:colcon.colcon_core.shell:Creating prefix chain script '/home/pi/robotik_alma_ws/install/setup.bash'
[8.937s] INFO:colcon.colcon_core.shell:Creating prefix script '/home/pi/robotik_alma_ws/install/local_setup.zsh'
[8.947s] INFO:colcon.colcon_core.shell:Creating prefix chain script '/home/pi/robotik_alma_ws/install/setup.zsh'
