[0.525s] DEBUG:colcon:Command line arguments: ['/usr/bin/colcon', 'build', '--packages-select', 'alma_camera']
[0.526s] DEBUG:colcon:Parsed command line arguments: Namespace(log_base=None, log_level=None, verb_name='build', build_base='build', install_base='install', merge_install=False, symlink_install=False, test_result_base=None, continue_on_error=False, executor='parallel', parallel_workers=4, event_handlers=None, ignore_user_meta=False, metas=['./colcon.meta'], base_paths=['.'], packages_ignore=None, packages_ignore_regex=None, paths=None, packages_up_to=None, packages_up_to_regex=None, packages_above=None, packages_above_and_dependencies=None, packages_above_depth=None, packages_select_by_dep=None, packages_skip_by_dep=None, packages_skip_up_to=None, packages_select_build_failed=False, packages_skip_build_finished=False, packages_select_test_failures=False, packages_skip_test_passed=False, packages_select=['alma_camera'], packages_skip=None, packages_select_regex=None, packages_skip_regex=None, packages_start=None, packages_end=None, allow_overriding=[], cmake_args=None, cmake_target=None, cmake_target_skip_unavailable=False, cmake_clean_cache=False, cmake_clean_first=False, cmake_force_configure=False, ament_cmake_args=None, catkin_cmake_args=None, catkin_skip_building_tests=False, verb_parser=<colcon_defaults.argument_parser.defaults.DefaultArgumentsDecorator object at 0xffffaa639090>, verb_extension=<colcon_core.verb.build.BuildVerb object at 0xffffaa791cc0>, main=<bound method BuildVerb.main of <colcon_core.verb.build.BuildVerb object at 0xffffaa791cc0>>)
[1.485s] Level 1:colcon.colcon_core.package_discovery:discover_packages(colcon_meta) check parameters
[1.485s] Level 1:colcon.colcon_core.package_discovery:discover_packages(recursive) check parameters
[1.486s] Level 1:colcon.colcon_core.package_discovery:discover_packages(ignore) check parameters
[1.486s] Level 1:colcon.colcon_core.package_discovery:discover_packages(path) check parameters
[1.486s] Level 1:colcon.colcon_core.package_discovery:discover_packages(colcon_meta) discover
[1.486s] Level 1:colcon.colcon_core.package_discovery:discover_packages(recursive) discover
[1.486s] INFO:colcon.colcon_core.package_discovery:Crawling recursively for packages in '/home/pi/robotik_alma_ws'
[1.487s] Level 1:colcon.colcon_core.package_identification:_identify(.) by extensions ['ignore', 'ignore_ament_install']
[1.487s] Level 1:colcon.colcon_core.package_identification:_identify(.) by extension 'ignore'
[1.487s] Level 1:colcon.colcon_core.package_identification:_identify(.) by extension 'ignore_ament_install'
[1.487s] Level 1:colcon.colcon_core.package_identification:_identify(.) by extensions ['colcon_pkg']
[1.488s] Level 1:colcon.colcon_core.package_identification:_identify(.) by extension 'colcon_pkg'
[1.488s] Level 1:colcon.colcon_core.package_identification:_identify(.) by extensions ['colcon_meta']
[1.488s] Level 1:colcon.colcon_core.package_identification:_identify(.) by extension 'colcon_meta'
[1.488s] Level 1:colcon.colcon_core.package_identification:_identify(.) by extensions ['ros']
[1.488s] Level 1:colcon.colcon_core.package_identification:_identify(.) by extension 'ros'
[1.545s] Level 1:colcon.colcon_core.package_identification:_identify(.) by extensions ['cmake', 'python']
[1.546s] Level 1:colcon.colcon_core.package_identification:_identify(.) by extension 'cmake'
[1.546s] Level 1:colcon.colcon_core.package_identification:_identify(.) by extension 'python'
[1.546s] Level 1:colcon.colcon_core.package_identification:_identify(.) by extensions ['python_setup_py']
[1.546s] Level 1:colcon.colcon_core.package_identification:_identify(.) by extension 'python_setup_py'
[1.547s] Level 1:colcon.colcon_core.package_identification:_identify(build) by extensions ['ignore', 'ignore_ament_install']
[1.547s] Level 1:colcon.colcon_core.package_identification:_identify(build) by extension 'ignore'
[1.548s] Level 1:colcon.colcon_core.package_identification:_identify(build) ignored
[1.549s] Level 1:colcon.colcon_core.package_identification:_identify(install) by extensions ['ignore', 'ignore_ament_install']
[1.549s] Level 1:colcon.colcon_core.package_identification:_identify(install) by extension 'ignore'
[1.549s] Level 1:colcon.colcon_core.package_identification:_identify(install) ignored
[1.550s] Level 1:colcon.colcon_core.package_identification:_identify(log) by extensions ['ignore', 'ignore_ament_install']
[1.550s] Level 1:colcon.colcon_core.package_identification:_identify(log) by extension 'ignore'
[1.550s] Level 1:colcon.colcon_core.package_identification:_identify(log) ignored
[1.551s] Level 1:colcon.colcon_core.package_identification:_identify(src) by extensions ['ignore', 'ignore_ament_install']
[1.551s] Level 1:colcon.colcon_core.package_identification:_identify(src) by extension 'ignore'
[1.552s] Level 1:colcon.colcon_core.package_identification:_identify(src) by extension 'ignore_ament_install'
[1.552s] Level 1:colcon.colcon_core.package_identification:_identify(src) by extensions ['colcon_pkg']
[1.552s] Level 1:colcon.colcon_core.package_identification:_identify(src) by extension 'colcon_pkg'
[1.552s] Level 1:colcon.colcon_core.package_identification:_identify(src) by extensions ['colcon_meta']
[1.552s] Level 1:colcon.colcon_core.package_identification:_identify(src) by extension 'colcon_meta'
[1.553s] Level 1:colcon.colcon_core.package_identification:_identify(src) by extensions ['ros']
[1.553s] Level 1:colcon.colcon_core.package_identification:_identify(src) by extension 'ros'
[1.553s] Level 1:colcon.colcon_core.package_identification:_identify(src) by extensions ['cmake', 'python']
[1.553s] Level 1:colcon.colcon_core.package_identification:_identify(src) by extension 'cmake'
[1.553s] Level 1:colcon.colcon_core.package_identification:_identify(src) by extension 'python'
[1.553s] Level 1:colcon.colcon_core.package_identification:_identify(src) by extensions ['python_setup_py']
[1.554s] Level 1:colcon.colcon_core.package_identification:_identify(src) by extension 'python_setup_py'
[1.554s] Level 1:colcon.colcon_core.package_identification:_identify(src/alma_camera) by extensions ['ignore', 'ignore_ament_install']
[1.554s] Level 1:colcon.colcon_core.package_identification:_identify(src/alma_camera) by extension 'ignore'
[1.555s] Level 1:colcon.colcon_core.package_identification:_identify(src/alma_camera) by extension 'ignore_ament_install'
[1.555s] Level 1:colcon.colcon_core.package_identification:_identify(src/alma_camera) by extensions ['colcon_pkg']
[1.555s] Level 1:colcon.colcon_core.package_identification:_identify(src/alma_camera) by extension 'colcon_pkg'
[1.555s] Level 1:colcon.colcon_core.package_identification:_identify(src/alma_camera) by extensions ['colcon_meta']
[1.556s] Level 1:colcon.colcon_core.package_identification:_identify(src/alma_camera) by extension 'colcon_meta'
[1.556s] Level 1:colcon.colcon_core.package_identification:_identify(src/alma_camera) by extensions ['ros']
[1.556s] Level 1:colcon.colcon_core.package_identification:_identify(src/alma_camera) by extension 'ros'
[1.565s] DEBUG:colcon.colcon_core.package_identification:Package 'src/alma_camera' with type 'ros.ament_python' and name 'alma_camera'
[1.566s] Level 1:colcon.colcon_core.package_identification:_identify(src/alma_erste_abgabe) by extensions ['ignore', 'ignore_ament_install']
[1.567s] Level 1:colcon.colcon_core.package_identification:_identify(src/alma_erste_abgabe) by extension 'ignore'
[1.567s] Level 1:colcon.colcon_core.package_identification:_identify(src/alma_erste_abgabe) by extension 'ignore_ament_install'
[1.567s] Level 1:colcon.colcon_core.package_identification:_identify(src/alma_erste_abgabe) by extensions ['colcon_pkg']
[1.567s] Level 1:colcon.colcon_core.package_identification:_identify(src/alma_erste_abgabe) by extension 'colcon_pkg'
[1.567s] Level 1:colcon.colcon_core.package_identification:_identify(src/alma_erste_abgabe) by extensions ['colcon_meta']
[1.568s] Level 1:colcon.colcon_core.package_identification:_identify(src/alma_erste_abgabe) by extension 'colcon_meta'
[1.568s] Level 1:colcon.colcon_core.package_identification:_identify(src/alma_erste_abgabe) by extensions ['ros']
[1.568s] Level 1:colcon.colcon_core.package_identification:_identify(src/alma_erste_abgabe) by extension 'ros'
[1.572s] DEBUG:colcon.colcon_core.package_identification:Package 'src/alma_erste_abgabe' with type 'ros.ament_python' and name 'alma_erste_abgabe'
[1.573s] Level 1:colcon.colcon_core.package_discovery:discover_packages(recursive) using defaults
[1.574s] Level 1:colcon.colcon_core.package_discovery:discover_packages(ignore) discover
[1.575s] Level 1:colcon.colcon_core.package_discovery:discover_packages(ignore) using defaults
[1.576s] Level 1:colcon.colcon_core.package_discovery:discover_packages(path) discover
[1.577s] Level 1:colcon.colcon_core.package_discovery:discover_packages(path) using defaults
[1.667s] INFO:colcon.colcon_core.package_selection:Skipping not selected package 'alma_erste_abgabe' in 'src/alma_erste_abgabe'
[1.719s] Level 1:colcon.colcon_core.package_discovery:discover_packages(prefix_path) check parameters
[1.719s] Level 1:colcon.colcon_core.package_discovery:discover_packages(prefix_path) discover
[1.728s] DEBUG:colcon.colcon_installed_package_information.package_discovery:Found 2 installed packages in /home/pi/robotik_alma_ws/install
[1.738s] DEBUG:colcon.colcon_installed_package_information.package_discovery:Found 309 installed packages in /opt/ros/iron
[1.745s] Level 1:colcon.colcon_core.package_discovery:discover_packages(prefix_path) using defaults
[1.985s] Level 5:colcon.colcon_core.verb:set package 'alma_camera' build argument 'cmake_args' from command line to 'None'
[1.985s] Level 5:colcon.colcon_core.verb:set package 'alma_camera' build argument 'cmake_target' from command line to 'None'
[1.986s] Level 5:colcon.colcon_core.verb:set package 'alma_camera' build argument 'cmake_target_skip_unavailable' from command line to 'False'
[1.986s] Level 5:colcon.colcon_core.verb:set package 'alma_camera' build argument 'cmake_clean_cache' from command line to 'False'
[1.986s] Level 5:colcon.colcon_core.verb:set package 'alma_camera' build argument 'cmake_clean_first' from command line to 'False'
[1.986s] Level 5:colcon.colcon_core.verb:set package 'alma_camera' build argument 'cmake_force_configure' from command line to 'False'
[1.986s] Level 5:colcon.colcon_core.verb:set package 'alma_camera' build argument 'ament_cmake_args' from command line to 'None'
[1.986s] Level 5:colcon.colcon_core.verb:set package 'alma_camera' build argument 'catkin_cmake_args' from command line to 'None'
[1.986s] Level 5:colcon.colcon_core.verb:set package 'alma_camera' build argument 'catkin_skip_building_tests' from command line to 'False'
[1.986s] DEBUG:colcon.colcon_core.verb:Building package 'alma_camera' with the following arguments: {'ament_cmake_args': None, 'build_base': '/home/pi/robotik_alma_ws/build/alma_camera', 'catkin_cmake_args': None, 'catkin_skip_building_tests': False, 'cmake_args': None, 'cmake_clean_cache': False, 'cmake_clean_first': False, 'cmake_force_configure': False, 'cmake_target': None, 'cmake_target_skip_unavailable': False, 'install_base': '/home/pi/robotik_alma_ws/install/alma_camera', 'merge_install': False, 'path': '/home/pi/robotik_alma_ws/src/alma_camera', 'symlink_install': False, 'test_result_base': None}
[1.987s] INFO:colcon.colcon_core.executor:Executing jobs using 'parallel' executor
[1.991s] DEBUG:colcon.colcon_parallel_executor.executor.parallel:run_until_complete
[1.992s] INFO:colcon.colcon_ros.task.ament_python.build:Building ROS package in '/home/pi/robotik_alma_ws/src/alma_camera' with build type 'ament_python'
[1.993s] Level 1:colcon.colcon_core.shell:create_environment_hook('alma_camera', 'ament_prefix_path')
[2.002s] INFO:colcon.colcon_core.plugin_system:Skipping extension 'colcon_core.shell.bat': Not used on non-Windows systems
[2.003s] INFO:colcon.colcon_core.shell:Creating environment hook '/home/pi/robotik_alma_ws/install/alma_camera/share/alma_camera/hook/ament_prefix_path.ps1'
[2.007s] INFO:colcon.colcon_core.shell:Creating environment descriptor '/home/pi/robotik_alma_ws/install/alma_camera/share/alma_camera/hook/ament_prefix_path.dsv'
[2.009s] INFO:colcon.colcon_core.shell:Creating environment hook '/home/pi/robotik_alma_ws/install/alma_camera/share/alma_camera/hook/ament_prefix_path.sh'
[2.014s] INFO:colcon.colcon_core.shell:Skip shell extension 'powershell' for command environment: Not usable outside of PowerShell
[2.015s] DEBUG:colcon.colcon_core.shell:Skip shell extension 'dsv' for command environment
[3.657s] INFO:colcon.colcon_core.task.python.build:Building Python package in '/home/pi/robotik_alma_ws/src/alma_camera'
[3.658s] INFO:colcon.colcon_core.shell:Skip shell extension 'powershell' for command environment: Not usable outside of PowerShell
[3.659s] DEBUG:colcon.colcon_core.shell:Skip shell extension 'dsv' for command environment
[5.669s] DEBUG:colcon.colcon_core.event_handler.log_command:Invoking command in '/home/pi/robotik_alma_ws/src/alma_camera': PYTHONPATH=/home/pi/robotik_alma_ws/build/alma_camera/prefix_override:/home/pi/robotik_alma_ws/install/alma_camera/lib/python3.10/site-packages:${PYTHONPATH} /usr/bin/python3 -W ignore:setup.py install is deprecated setup.py egg_info --egg-base ../../build/alma_camera build --build-base /home/pi/robotik_alma_ws/build/alma_camera/build install --record /home/pi/robotik_alma_ws/build/alma_camera/install.log --single-version-externally-managed install_data
[7.487s] DEBUG:colcon.colcon_core.event_handler.log_command:Invoked command in '/home/pi/robotik_alma_ws/src/alma_camera' returned '0': PYTHONPATH=/home/pi/robotik_alma_ws/build/alma_camera/prefix_override:/home/pi/robotik_alma_ws/install/alma_camera/lib/python3.10/site-packages:${PYTHONPATH} /usr/bin/python3 -W ignore:setup.py install is deprecated setup.py egg_info --egg-base ../../build/alma_camera build --build-base /home/pi/robotik_alma_ws/build/alma_camera/build install --record /home/pi/robotik_alma_ws/build/alma_camera/install.log --single-version-externally-managed install_data
[7.507s] Level 1:colcon.colcon_core.environment:checking '/home/pi/robotik_alma_ws/install/alma_camera' for CMake module files
[7.510s] Level 1:colcon.colcon_core.environment:checking '/home/pi/robotik_alma_ws/install/alma_camera' for CMake config files
[7.514s] Level 1:colcon.colcon_core.environment:checking '/home/pi/robotik_alma_ws/install/alma_camera/lib'
[7.515s] Level 1:colcon.colcon_core.environment:checking '/home/pi/robotik_alma_ws/install/alma_camera/bin'
[7.516s] Level 1:colcon.colcon_core.environment:checking '/home/pi/robotik_alma_ws/install/alma_camera/lib/pkgconfig/alma_camera.pc'
[7.518s] Level 1:colcon.colcon_core.environment:checking '/home/pi/robotik_alma_ws/install/alma_camera/lib/python3.10/site-packages'
[7.518s] Level 1:colcon.colcon_core.shell:create_environment_hook('alma_camera', 'pythonpath')
[7.520s] INFO:colcon.colcon_core.shell:Creating environment hook '/home/pi/robotik_alma_ws/install/alma_camera/share/alma_camera/hook/pythonpath.ps1'
[7.522s] INFO:colcon.colcon_core.shell:Creating environment descriptor '/home/pi/robotik_alma_ws/install/alma_camera/share/alma_camera/hook/pythonpath.dsv'
[7.524s] INFO:colcon.colcon_core.shell:Creating environment hook '/home/pi/robotik_alma_ws/install/alma_camera/share/alma_camera/hook/pythonpath.sh'
[7.527s] Level 1:colcon.colcon_core.environment:checking '/home/pi/robotik_alma_ws/install/alma_camera/bin'
[7.527s] Level 1:colcon.colcon_core.environment:create_environment_scripts_only(alma_camera)
[7.529s] INFO:colcon.colcon_core.shell:Creating package script '/home/pi/robotik_alma_ws/install/alma_camera/share/alma_camera/package.ps1'
[7.534s] INFO:colcon.colcon_core.shell:Creating package descriptor '/home/pi/robotik_alma_ws/install/alma_camera/share/alma_camera/package.dsv'
[7.537s] INFO:colcon.colcon_core.shell:Creating package script '/home/pi/robotik_alma_ws/install/alma_camera/share/alma_camera/package.sh'
[7.541s] INFO:colcon.colcon_core.shell:Creating package script '/home/pi/robotik_alma_ws/install/alma_camera/share/alma_camera/package.bash'
[7.544s] INFO:colcon.colcon_core.shell:Creating package script '/home/pi/robotik_alma_ws/install/alma_camera/share/alma_camera/package.zsh'
[7.548s] Level 1:colcon.colcon_core.environment:create_file_with_runtime_dependencies(/home/pi/robotik_alma_ws/install/alma_camera/share/colcon-core/packages/alma_camera)
[7.549s] DEBUG:colcon.colcon_parallel_executor.executor.parallel:closing loop
[7.551s] DEBUG:colcon.colcon_parallel_executor.executor.parallel:loop closed
[7.551s] DEBUG:colcon.colcon_parallel_executor.executor.parallel:run_until_complete finished with '0'
[7.552s] DEBUG:colcon.colcon_core.event_reactor:joining thread
[7.576s] INFO:colcon.colcon_core.plugin_system:Skipping extension 'colcon_notification.desktop_notification.terminal_notifier': Not used on non-Darwin systems
[7.577s] INFO:colcon.colcon_core.plugin_system:Skipping extension 'colcon_notification.desktop_notification.win32': Not used on non-Windows systems
[7.577s] INFO:colcon.colcon_notification.desktop_notification:Sending desktop notification using 'notify2'
[7.649s] DEBUG:colcon.colcon_core.event_reactor:joined thread
[7.650s] INFO:colcon.colcon_core.shell:Creating prefix script '/home/pi/robotik_alma_ws/install/local_setup.ps1'
[7.655s] INFO:colcon.colcon_core.shell:Creating prefix util module '/home/pi/robotik_alma_ws/install/_local_setup_util_ps1.py'
[7.662s] INFO:colcon.colcon_core.shell:Creating prefix chain script '/home/pi/robotik_alma_ws/install/setup.ps1'
[7.670s] INFO:colcon.colcon_core.shell:Creating prefix script '/home/pi/robotik_alma_ws/install/local_setup.sh'
[7.674s] INFO:colcon.colcon_core.shell:Creating prefix util module '/home/pi/robotik_alma_ws/install/_local_setup_util_sh.py'
[7.677s] INFO:colcon.colcon_core.shell:Creating prefix chain script '/home/pi/robotik_alma_ws/install/setup.sh'
[7.684s] INFO:colcon.colcon_core.shell:Creating prefix script '/home/pi/robotik_alma_ws/install/local_setup.bash'
[7.687s] INFO:colcon.colcon_core.shell:Creating prefix chain script '/home/pi/robotik_alma_ws/install/setup.bash'
[7.694s] INFO:colcon.colcon_core.shell:Creating prefix script '/home/pi/robotik_alma_ws/install/local_setup.zsh'
[7.697s] INFO:colcon.colcon_core.shell:Creating prefix chain script '/home/pi/robotik_alma_ws/install/setup.zsh'
