[3.331s] Invoking command in '/home/pi/robotik_alma_ws/src/alma_camera': PYTHONPATH=/home/pi/robotik_alma_ws/build/alma_camera/prefix_override:/home/pi/robotik_alma_ws/install/alma_camera/lib/python3.10/site-packages:${PYTHONPATH} /usr/bin/python3 -W ignore:setup.py install is deprecated setup.py egg_info --egg-base ../../build/alma_camera build --build-base /home/pi/robotik_alma_ws/build/alma_camera/build install --record /home/pi/robotik_alma_ws/build/alma_camera/install.log --single-version-externally-managed install_data
[4.644s] running egg_info
[4.647s] writing ../../build/alma_camera/alma_camera.egg-info/PKG-INFO
[4.648s] writing dependency_links to ../../build/alma_camera/alma_camera.egg-info/dependency_links.txt
[4.650s] writing entry points to ../../build/alma_camera/alma_camera.egg-info/entry_points.txt
[4.651s] writing requirements to ../../build/alma_camera/alma_camera.egg-info/requires.txt
[4.651s] writing top-level names to ../../build/alma_camera/alma_camera.egg-info/top_level.txt
[4.661s] reading manifest file '../../build/alma_camera/alma_camera.egg-info/SOURCES.txt'
[4.662s] adding license file 'LICENSE'
[4.665s] writing manifest file '../../build/alma_camera/alma_camera.egg-info/SOURCES.txt'
[4.666s] running build
[4.667s] running build_py
[4.667s] copying alma_camera/camera_line_detector.py -> /home/pi/robotik_alma_ws/build/alma_camera/build/lib/alma_camera
[4.670s] running install
[4.672s] running install_lib
[4.677s] copying /home/pi/robotik_alma_ws/build/alma_camera/build/lib/alma_camera/camera_line_detector.py -> /home/pi/robotik_alma_ws/install/alma_camera/lib/python3.10/site-packages/alma_camera
[4.682s] byte-compiling /home/pi/robotik_alma_ws/install/alma_camera/lib/python3.10/site-packages/alma_camera/camera_line_detector.py to camera_line_detector.cpython-310.pyc
[4.686s] running install_data
[4.687s] running install_egg_info
[4.694s] removing '/home/pi/robotik_alma_ws/install/alma_camera/lib/python3.10/site-packages/alma_camera-0.0.0-py3.10.egg-info' (and everything under it)
[4.704s] Copying ../../build/alma_camera/alma_camera.egg-info to /home/pi/robotik_alma_ws/install/alma_camera/lib/python3.10/site-packages/alma_camera-0.0.0-py3.10.egg-info
[4.711s] running install_scripts
[4.801s] Installing camera_colorHSV_sub script to /home/pi/robotik_alma_ws/install/alma_camera/lib/alma_camera
[4.802s] Installing camera_image_sub script to /home/pi/robotik_alma_ws/install/alma_camera/lib/alma_camera
[4.803s] Installing camera_line_detector script to /home/pi/robotik_alma_ws/install/alma_camera/lib/alma_camera
[4.804s] Installing camera_pub script to /home/pi/robotik_alma_ws/install/alma_camera/lib/alma_camera
[4.806s] writing list of installed files to '/home/pi/robotik_alma_ws/build/alma_camera/install.log'
[4.949s] Invoked command in '/home/pi/robotik_alma_ws/src/alma_camera' returned '0': PYTHONPATH=/home/pi/robotik_alma_ws/build/alma_camera/prefix_override:/home/pi/robotik_alma_ws/install/alma_camera/lib/python3.10/site-packages:${PYTHONPATH} /usr/bin/python3 -W ignore:setup.py install is deprecated setup.py egg_info --egg-base ../../build/alma_camera build --build-base /home/pi/robotik_alma_ws/build/alma_camera/build install --record /home/pi/robotik_alma_ws/build/alma_camera/install.log --single-version-externally-managed install_data
