[6.281s] Invoking command in '/home/pi/robotik_alma_ws/src/alma_camera': PYTHONPATH=/home/pi/robotik_alma_ws/build/alma_camera/prefix_override:/home/pi/robotik_alma_ws/install/alma_camera/lib/python3.10/site-packages:${PYTHONPATH} /usr/bin/python3 -W ignore:setup.py install is deprecated setup.py egg_info --egg-base ../../build/alma_camera build --build-base /home/pi/robotik_alma_ws/build/alma_camera/build install --record /home/pi/robotik_alma_ws/build/alma_camera/install.log --single-version-externally-managed install_data
[7.830s] running egg_info
[7.833s] writing ../../build/alma_camera/alma_camera.egg-info/PKG-INFO
[7.842s] writing dependency_links to ../../build/alma_camera/alma_camera.egg-info/dependency_links.txt
[7.857s] writing entry points to ../../build/alma_camera/alma_camera.egg-info/entry_points.txt
[7.858s] writing requirements to ../../build/alma_camera/alma_camera.egg-info/requires.txt
[7.859s] writing top-level names to ../../build/alma_camera/alma_camera.egg-info/top_level.txt
[7.874s] reading manifest file '../../build/alma_camera/alma_camera.egg-info/SOURCES.txt'
[7.875s] adding license file 'LICENSE'
[7.876s] writing manifest file '../../build/alma_camera/alma_camera.egg-info/SOURCES.txt'
[7.877s] running build
[7.877s] running build_py
[7.878s] copying alma_camera/camera_drive_commands_3.py -> /home/pi/robotik_alma_ws/build/alma_camera/build/lib/alma_camera
[7.879s] copying alma_camera/camera_line_detector_2.py -> /home/pi/robotik_alma_ws/build/alma_camera/build/lib/alma_camera
[7.893s] running install
[7.893s] running install_lib
[7.894s] copying /home/pi/robotik_alma_ws/build/alma_camera/build/lib/alma_camera/camera_drive_commands_3.py -> /home/pi/robotik_alma_ws/install/alma_camera/lib/python3.10/site-packages/alma_camera
[7.894s] copying /home/pi/robotik_alma_ws/build/alma_camera/build/lib/alma_camera/camera_line_detector_2.py -> /home/pi/robotik_alma_ws/install/alma_camera/lib/python3.10/site-packages/alma_camera
[7.895s] byte-compiling /home/pi/robotik_alma_ws/install/alma_camera/lib/python3.10/site-packages/alma_camera/camera_drive_commands_3.py to camera_drive_commands_3.cpython-310.pyc
[7.898s] byte-compiling /home/pi/robotik_alma_ws/install/alma_camera/lib/python3.10/site-packages/alma_camera/camera_line_detector_2.py to camera_line_detector_2.cpython-310.pyc
[7.899s] running install_data
[7.900s] running install_egg_info
[7.901s] removing '/home/pi/robotik_alma_ws/install/alma_camera/lib/python3.10/site-packages/alma_camera-0.0.0-py3.10.egg-info' (and everything under it)
[7.908s] Copying ../../build/alma_camera/alma_camera.egg-info to /home/pi/robotik_alma_ws/install/alma_camera/lib/python3.10/site-packages/alma_camera-0.0.0-py3.10.egg-info
[7.917s] running install_scripts
[8.028s] Installing camer_drive_commands_2 script to /home/pi/robotik_alma_ws/install/alma_camera/lib/alma_camera
[8.037s] Installing camera_colorHSV_sub script to /home/pi/robotik_alma_ws/install/alma_camera/lib/alma_camera
[8.044s] Installing camera_drive_commands script to /home/pi/robotik_alma_ws/install/alma_camera/lib/alma_camera
[8.050s] Installing camera_drive_commands_3 script to /home/pi/robotik_alma_ws/install/alma_camera/lib/alma_camera
[8.057s] Installing camera_image_sub script to /home/pi/robotik_alma_ws/install/alma_camera/lib/alma_camera
[8.080s] Installing camera_line_detector script to /home/pi/robotik_alma_ws/install/alma_camera/lib/alma_camera
[8.083s] Installing camera_pub script to /home/pi/robotik_alma_ws/install/alma_camera/lib/alma_camera
[8.089s] writing list of installed files to '/home/pi/robotik_alma_ws/build/alma_camera/install.log'
[8.431s] Invoked command in '/home/pi/robotik_alma_ws/src/alma_camera' returned '0': PYTHONPATH=/home/pi/robotik_alma_ws/build/alma_camera/prefix_override:/home/pi/robotik_alma_ws/install/alma_camera/lib/python3.10/site-packages:${PYTHONPATH} /usr/bin/python3 -W ignore:setup.py install is deprecated setup.py egg_info --egg-base ../../build/alma_camera build --build-base /home/pi/robotik_alma_ws/build/alma_camera/build install --record /home/pi/robotik_alma_ws/build/alma_camera/install.log --single-version-externally-managed install_data
