[3.853s] Invoking command in '/home/pi/robotik_alma_ws/src/alma_camera': PYTHONPATH=/home/pi/robotik_alma_ws/build/alma_camera/prefix_override:/home/pi/robotik_alma_ws/install/alma_camera/lib/python3.10/site-packages:${PYTHONPATH} /usr/bin/python3 -W ignore:setup.py install is deprecated setup.py egg_info --egg-base ../../build/alma_camera build --build-base /home/pi/robotik_alma_ws/build/alma_camera/build install --record /home/pi/robotik_alma_ws/build/alma_camera/install.log --single-version-externally-managed install_data
[5.677s] running egg_info
[5.687s] writing ../../build/alma_camera/alma_camera.egg-info/PKG-INFO
[5.692s] writing dependency_links to ../../build/alma_camera/alma_camera.egg-info/dependency_links.txt
[5.697s] writing entry points to ../../build/alma_camera/alma_camera.egg-info/entry_points.txt
[5.700s] writing requirements to ../../build/alma_camera/alma_camera.egg-info/requires.txt
[5.703s] writing top-level names to ../../build/alma_camera/alma_camera.egg-info/top_level.txt
[5.732s] reading manifest file '../../build/alma_camera/alma_camera.egg-info/SOURCES.txt'
[5.736s] adding license file 'LICENSE'
[5.742s] writing manifest file '../../build/alma_camera/alma_camera.egg-info/SOURCES.txt'
[5.747s] running build
[5.752s] running build_py
[5.754s] copying alma_camera/camera_line_detector.py -> /home/pi/robotik_alma_ws/build/alma_camera/build/lib/alma_camera
[5.768s] running install
[5.779s] running install_lib
[5.780s] copying /home/pi/robotik_alma_ws/build/alma_camera/build/lib/alma_camera/camera_line_detector.py -> /home/pi/robotik_alma_ws/install/alma_camera/lib/python3.10/site-packages/alma_camera
[5.795s] byte-compiling /home/pi/robotik_alma_ws/install/alma_camera/lib/python3.10/site-packages/alma_camera/camera_line_detector.py to camera_line_detector.cpython-310.pyc
[5.803s] running install_data
[5.804s] running install_egg_info
[5.819s] removing '/home/pi/robotik_alma_ws/install/alma_camera/lib/python3.10/site-packages/alma_camera-0.0.0-py3.10.egg-info' (and everything under it)
[5.822s] Copying ../../build/alma_camera/alma_camera.egg-info to /home/pi/robotik_alma_ws/install/alma_camera/lib/python3.10/site-packages/alma_camera-0.0.0-py3.10.egg-info
[5.845s] running install_scripts
[6.130s] Installing camera_colorHSV_sub script to /home/pi/robotik_alma_ws/install/alma_camera/lib/alma_camera
[6.133s] Installing camera_image_sub script to /home/pi/robotik_alma_ws/install/alma_camera/lib/alma_camera
[6.138s] Installing camera_line_detector script to /home/pi/robotik_alma_ws/install/alma_camera/lib/alma_camera
[6.139s] Installing camera_pub script to /home/pi/robotik_alma_ws/install/alma_camera/lib/alma_camera
[6.141s] writing list of installed files to '/home/pi/robotik_alma_ws/build/alma_camera/install.log'
[6.354s] Invoked command in '/home/pi/robotik_alma_ws/src/alma_camera' returned '0': PYTHONPATH=/home/pi/robotik_alma_ws/build/alma_camera/prefix_override:/home/pi/robotik_alma_ws/install/alma_camera/lib/python3.10/site-packages:${PYTHONPATH} /usr/bin/python3 -W ignore:setup.py install is deprecated setup.py egg_info --egg-base ../../build/alma_camera build --build-base /home/pi/robotik_alma_ws/build/alma_camera/build install --record /home/pi/robotik_alma_ws/build/alma_camera/install.log --single-version-externally-managed install_data
