[6.712s] Invoking command in '/home/pi/robotik_alma_ws/src/alma_ultrasound': PYTHONPATH=/home/pi/robotik_alma_ws/build/alma_ultrasound/prefix_override:/home/pi/robotik_alma_ws/install/alma_ultrasound/lib/python3.10/site-packages:${PYTHONPATH} /usr/bin/python3 -W ignore:setup.py install is deprecated setup.py egg_info --egg-base ../../build/alma_ultrasound build --build-base /home/pi/robotik_alma_ws/build/alma_ultrasound/build install --record /home/pi/robotik_alma_ws/build/alma_ultrasound/install.log --single-version-externally-managed install_data
[8.489s] running egg_info
[8.493s] writing ../../build/alma_ultrasound/alma_ultrasound.egg-info/PKG-INFO
[8.498s] writing dependency_links to ../../build/alma_ultrasound/alma_ultrasound.egg-info/dependency_links.txt
[8.501s] writing entry points to ../../build/alma_ultrasound/alma_ultrasound.egg-info/entry_points.txt
[8.503s] writing requirements to ../../build/alma_ultrasound/alma_ultrasound.egg-info/requires.txt
[8.507s] writing top-level names to ../../build/alma_ultrasound/alma_ultrasound.egg-info/top_level.txt
[8.521s] reading manifest file '../../build/alma_ultrasound/alma_ultrasound.egg-info/SOURCES.txt'
[8.524s] adding license file 'LICENSE'
[8.530s] writing manifest file '../../build/alma_ultrasound/alma_ultrasound.egg-info/SOURCES.txt'
[8.532s] running build
[8.533s] running build_py
[8.538s] running install
[8.542s] running install_lib
[8.568s] running install_data
[8.570s] running install_egg_info
[8.582s] removing '/home/pi/robotik_alma_ws/install/alma_ultrasound/lib/python3.10/site-packages/alma_ultrasound-0.0.0-py3.10.egg-info' (and everything under it)
[8.593s] Copying ../../build/alma_ultrasound/alma_ultrasound.egg-info to /home/pi/robotik_alma_ws/install/alma_ultrasound/lib/python3.10/site-packages/alma_ultrasound-0.0.0-py3.10.egg-info
[8.594s] running install_scripts
[8.770s] Installing ultrasound_pub script to /home/pi/robotik_alma_ws/install/alma_ultrasound/lib/alma_ultrasound
[8.770s] writing list of installed files to '/home/pi/robotik_alma_ws/build/alma_ultrasound/install.log'
[9.127s] Invoked command in '/home/pi/robotik_alma_ws/src/alma_ultrasound' returned '0': PYTHONPATH=/home/pi/robotik_alma_ws/build/alma_ultrasound/prefix_override:/home/pi/robotik_alma_ws/install/alma_ultrasound/lib/python3.10/site-packages:${PYTHONPATH} /usr/bin/python3 -W ignore:setup.py install is deprecated setup.py egg_info --egg-base ../../build/alma_ultrasound build --build-base /home/pi/robotik_alma_ws/build/alma_ultrasound/build install --record /home/pi/robotik_alma_ws/build/alma_ultrasound/install.log --single-version-externally-managed install_data
