[0.496s] DEBUG:colcon:Command line arguments: ['/usr/bin/colcon', 'build']
[0.497s] DEBUG:colcon:Parsed command line arguments: Namespace(log_base=None, log_level=None, verb_name='build', build_base='build', install_base='install', merge_install=False, symlink_install=False, test_result_base=None, continue_on_error=False, executor='parallel', parallel_workers=4, event_handlers=None, ignore_user_meta=False, metas=['./colcon.meta'], base_paths=['.'], packages_ignore=None, packages_ignore_regex=None, paths=None, packages_up_to=None, packages_up_to_regex=None, packages_above=None, packages_above_and_dependencies=None, packages_above_depth=None, packages_select_by_dep=None, packages_skip_by_dep=None, packages_skip_up_to=None, packages_select_build_failed=False, packages_skip_build_finished=False, packages_select_test_failures=False, packages_skip_test_passed=False, packages_select=None, packages_skip=None, packages_select_regex=None, packages_skip_regex=None, packages_start=None, packages_end=None, allow_overriding=[], cmake_args=None, cmake_target=None, cmake_target_skip_unavailable=False, cmake_clean_cache=False, cmake_clean_first=False, cmake_force_configure=False, ament_cmake_args=None, catkin_cmake_args=None, catkin_skip_building_tests=False, verb_parser=<colcon_defaults.argument_parser.defaults.DefaultArgumentsDecorator object at 0xffff8d5790f0>, verb_extension=<colcon_core.verb.build.BuildVerb object at 0xffff8d6d1d20>, main=<bound method BuildVerb.main of <colcon_core.verb.build.BuildVerb object at 0xffff8d6d1d20>>)
[1.491s] Level 1:colcon.colcon_core.package_discovery:discover_packages(colcon_meta) check parameters
[1.491s] Level 1:colcon.colcon_core.package_discovery:discover_packages(recursive) check parameters
[1.492s] Level 1:colcon.colcon_core.package_discovery:discover_packages(ignore) check parameters
[1.492s] Level 1:colcon.colcon_core.package_discovery:discover_packages(path) check parameters
[1.492s] Level 1:colcon.colcon_core.package_discovery:discover_packages(colcon_meta) discover
[1.492s] Level 1:colcon.colcon_core.package_discovery:discover_packages(recursive) discover
[1.492s] INFO:colcon.colcon_core.package_discovery:Crawling recursively for packages in '/home/pi/robotik_alma_ws'
[1.493s] Level 1:colcon.colcon_core.package_identification:_identify(.) by extensions ['ignore', 'ignore_ament_install']
[1.493s] Level 1:colcon.colcon_core.package_identification:_identify(.) by extension 'ignore'
[1.494s] Level 1:colcon.colcon_core.package_identification:_identify(.) by extension 'ignore_ament_install'
[1.494s] Level 1:colcon.colcon_core.package_identification:_identify(.) by extensions ['colcon_pkg']
[1.494s] Level 1:colcon.colcon_core.package_identification:_identify(.) by extension 'colcon_pkg'
[1.494s] Level 1:colcon.colcon_core.package_identification:_identify(.) by extensions ['colcon_meta']
[1.494s] Level 1:colcon.colcon_core.package_identification:_identify(.) by extension 'colcon_meta'
[1.494s] Level 1:colcon.colcon_core.package_identification:_identify(.) by extensions ['ros']
[1.495s] Level 1:colcon.colcon_core.package_identification:_identify(.) by extension 'ros'
[1.542s] Level 1:colcon.colcon_core.package_identification:_identify(.) by extensions ['cmake', 'python']
[1.542s] Level 1:colcon.colcon_core.package_identification:_identify(.) by extension 'cmake'
[1.542s] Level 1:colcon.colcon_core.package_identification:_identify(.) by extension 'python'
[1.543s] Level 1:colcon.colcon_core.package_identification:_identify(.) by extensions ['python_setup_py']
[1.543s] Level 1:colcon.colcon_core.package_identification:_identify(.) by extension 'python_setup_py'
[1.543s] Level 1:colcon.colcon_core.package_identification:_identify(Arduino) by extensions ['ignore', 'ignore_ament_install']
[1.544s] Level 1:colcon.colcon_core.package_identification:_identify(Arduino) by extension 'ignore'
[1.544s] Level 1:colcon.colcon_core.package_identification:_identify(Arduino) by extension 'ignore_ament_install'
[1.544s] Level 1:colcon.colcon_core.package_identification:_identify(Arduino) by extensions ['colcon_pkg']
[1.545s] Level 1:colcon.colcon_core.package_identification:_identify(Arduino) by extension 'colcon_pkg'
[1.545s] Level 1:colcon.colcon_core.package_identification:_identify(Arduino) by extensions ['colcon_meta']
[1.545s] Level 1:colcon.colcon_core.package_identification:_identify(Arduino) by extension 'colcon_meta'
[1.545s] Level 1:colcon.colcon_core.package_identification:_identify(Arduino) by extensions ['ros']
[1.545s] Level 1:colcon.colcon_core.package_identification:_identify(Arduino) by extension 'ros'
[1.546s] Level 1:colcon.colcon_core.package_identification:_identify(Arduino) by extensions ['cmake', 'python']
[1.546s] Level 1:colcon.colcon_core.package_identification:_identify(Arduino) by extension 'cmake'
[1.546s] Level 1:colcon.colcon_core.package_identification:_identify(Arduino) by extension 'python'
[1.546s] Level 1:colcon.colcon_core.package_identification:_identify(Arduino) by extensions ['python_setup_py']
[1.546s] Level 1:colcon.colcon_core.package_identification:_identify(Arduino) by extension 'python_setup_py'
[1.547s] Level 1:colcon.colcon_core.package_identification:_identify(Arduino/Arduino UNO Sketches) by extensions ['ignore', 'ignore_ament_install']
[1.547s] Level 1:colcon.colcon_core.package_identification:_identify(Arduino/Arduino UNO Sketches) by extension 'ignore'
[1.547s] Level 1:colcon.colcon_core.package_identification:_identify(Arduino/Arduino UNO Sketches) by extension 'ignore_ament_install'
[1.548s] Level 1:colcon.colcon_core.package_identification:_identify(Arduino/Arduino UNO Sketches) by extensions ['colcon_pkg']
[1.548s] Level 1:colcon.colcon_core.package_identification:_identify(Arduino/Arduino UNO Sketches) by extension 'colcon_pkg'
[1.548s] Level 1:colcon.colcon_core.package_identification:_identify(Arduino/Arduino UNO Sketches) by extensions ['colcon_meta']
[1.548s] Level 1:colcon.colcon_core.package_identification:_identify(Arduino/Arduino UNO Sketches) by extension 'colcon_meta'
[1.549s] Level 1:colcon.colcon_core.package_identification:_identify(Arduino/Arduino UNO Sketches) by extensions ['ros']
[1.549s] Level 1:colcon.colcon_core.package_identification:_identify(Arduino/Arduino UNO Sketches) by extension 'ros'
[1.549s] Level 1:colcon.colcon_core.package_identification:_identify(Arduino/Arduino UNO Sketches) by extensions ['cmake', 'python']
[1.549s] Level 1:colcon.colcon_core.package_identification:_identify(Arduino/Arduino UNO Sketches) by extension 'cmake'
[1.550s] Level 1:colcon.colcon_core.package_identification:_identify(Arduino/Arduino UNO Sketches) by extension 'python'
[1.550s] Level 1:colcon.colcon_core.package_identification:_identify(Arduino/Arduino UNO Sketches) by extensions ['python_setup_py']
[1.550s] Level 1:colcon.colcon_core.package_identification:_identify(Arduino/Arduino UNO Sketches) by extension 'python_setup_py'
[1.551s] Level 1:colcon.colcon_core.package_identification:_identify(Arduino/Arduino UNO Sketches/Blink) by extensions ['ignore', 'ignore_ament_install']
[1.551s] Level 1:colcon.colcon_core.package_identification:_identify(Arduino/Arduino UNO Sketches/Blink) by extension 'ignore'
[1.551s] Level 1:colcon.colcon_core.package_identification:_identify(Arduino/Arduino UNO Sketches/Blink) by extension 'ignore_ament_install'
[1.552s] Level 1:colcon.colcon_core.package_identification:_identify(Arduino/Arduino UNO Sketches/Blink) by extensions ['colcon_pkg']
[1.552s] Level 1:colcon.colcon_core.package_identification:_identify(Arduino/Arduino UNO Sketches/Blink) by extension 'colcon_pkg'
[1.552s] Level 1:colcon.colcon_core.package_identification:_identify(Arduino/Arduino UNO Sketches/Blink) by extensions ['colcon_meta']
[1.552s] Level 1:colcon.colcon_core.package_identification:_identify(Arduino/Arduino UNO Sketches/Blink) by extension 'colcon_meta'
[1.552s] Level 1:colcon.colcon_core.package_identification:_identify(Arduino/Arduino UNO Sketches/Blink) by extensions ['ros']
[1.552s] Level 1:colcon.colcon_core.package_identification:_identify(Arduino/Arduino UNO Sketches/Blink) by extension 'ros'
[1.553s] Level 1:colcon.colcon_core.package_identification:_identify(Arduino/Arduino UNO Sketches/Blink) by extensions ['cmake', 'python']
[1.553s] Level 1:colcon.colcon_core.package_identification:_identify(Arduino/Arduino UNO Sketches/Blink) by extension 'cmake'
[1.553s] Level 1:colcon.colcon_core.package_identification:_identify(Arduino/Arduino UNO Sketches/Blink) by extension 'python'
[1.553s] Level 1:colcon.colcon_core.package_identification:_identify(Arduino/Arduino UNO Sketches/Blink) by extensions ['python_setup_py']
[1.554s] Level 1:colcon.colcon_core.package_identification:_identify(Arduino/Arduino UNO Sketches/Blink) by extension 'python_setup_py'
[1.554s] Level 1:colcon.colcon_core.package_identification:_identify(Arduino/Arduino UNO Sketches/Clean_Ultrasonic_data) by extensions ['ignore', 'ignore_ament_install']
[1.555s] Level 1:colcon.colcon_core.package_identification:_identify(Arduino/Arduino UNO Sketches/Clean_Ultrasonic_data) by extension 'ignore'
[1.555s] Level 1:colcon.colcon_core.package_identification:_identify(Arduino/Arduino UNO Sketches/Clean_Ultrasonic_data) by extension 'ignore_ament_install'
[1.555s] Level 1:colcon.colcon_core.package_identification:_identify(Arduino/Arduino UNO Sketches/Clean_Ultrasonic_data) by extensions ['colcon_pkg']
[1.555s] Level 1:colcon.colcon_core.package_identification:_identify(Arduino/Arduino UNO Sketches/Clean_Ultrasonic_data) by extension 'colcon_pkg'
[1.556s] Level 1:colcon.colcon_core.package_identification:_identify(Arduino/Arduino UNO Sketches/Clean_Ultrasonic_data) by extensions ['colcon_meta']
[1.556s] Level 1:colcon.colcon_core.package_identification:_identify(Arduino/Arduino UNO Sketches/Clean_Ultrasonic_data) by extension 'colcon_meta'
[1.556s] Level 1:colcon.colcon_core.package_identification:_identify(Arduino/Arduino UNO Sketches/Clean_Ultrasonic_data) by extensions ['ros']
[1.556s] Level 1:colcon.colcon_core.package_identification:_identify(Arduino/Arduino UNO Sketches/Clean_Ultrasonic_data) by extension 'ros'
[1.557s] Level 1:colcon.colcon_core.package_identification:_identify(Arduino/Arduino UNO Sketches/Clean_Ultrasonic_data) by extensions ['cmake', 'python']
[1.557s] Level 1:colcon.colcon_core.package_identification:_identify(Arduino/Arduino UNO Sketches/Clean_Ultrasonic_data) by extension 'cmake'
[1.557s] Level 1:colcon.colcon_core.package_identification:_identify(Arduino/Arduino UNO Sketches/Clean_Ultrasonic_data) by extension 'python'
[1.557s] Level 1:colcon.colcon_core.package_identification:_identify(Arduino/Arduino UNO Sketches/Clean_Ultrasonic_data) by extensions ['python_setup_py']
[1.557s] Level 1:colcon.colcon_core.package_identification:_identify(Arduino/Arduino UNO Sketches/Clean_Ultrasonic_data) by extension 'python_setup_py'
[1.558s] Level 1:colcon.colcon_core.package_identification:_identify(Arduino/Arduino UNO Sketches/Labor_1-Servo_Ultrasound_with_ArduinoUNO) by extensions ['ignore', 'ignore_ament_install']
[1.558s] Level 1:colcon.colcon_core.package_identification:_identify(Arduino/Arduino UNO Sketches/Labor_1-Servo_Ultrasound_with_ArduinoUNO) by extension 'ignore'
[1.558s] Level 1:colcon.colcon_core.package_identification:_identify(Arduino/Arduino UNO Sketches/Labor_1-Servo_Ultrasound_with_ArduinoUNO) by extension 'ignore_ament_install'
[1.559s] Level 1:colcon.colcon_core.package_identification:_identify(Arduino/Arduino UNO Sketches/Labor_1-Servo_Ultrasound_with_ArduinoUNO) by extensions ['colcon_pkg']
[1.559s] Level 1:colcon.colcon_core.package_identification:_identify(Arduino/Arduino UNO Sketches/Labor_1-Servo_Ultrasound_with_ArduinoUNO) by extension 'colcon_pkg'
[1.559s] Level 1:colcon.colcon_core.package_identification:_identify(Arduino/Arduino UNO Sketches/Labor_1-Servo_Ultrasound_with_ArduinoUNO) by extensions ['colcon_meta']
[1.559s] Level 1:colcon.colcon_core.package_identification:_identify(Arduino/Arduino UNO Sketches/Labor_1-Servo_Ultrasound_with_ArduinoUNO) by extension 'colcon_meta'
[1.560s] Level 1:colcon.colcon_core.package_identification:_identify(Arduino/Arduino UNO Sketches/Labor_1-Servo_Ultrasound_with_ArduinoUNO) by extensions ['ros']
[1.560s] Level 1:colcon.colcon_core.package_identification:_identify(Arduino/Arduino UNO Sketches/Labor_1-Servo_Ultrasound_with_ArduinoUNO) by extension 'ros'
[1.560s] Level 1:colcon.colcon_core.package_identification:_identify(Arduino/Arduino UNO Sketches/Labor_1-Servo_Ultrasound_with_ArduinoUNO) by extensions ['cmake', 'python']
[1.561s] Level 1:colcon.colcon_core.package_identification:_identify(Arduino/Arduino UNO Sketches/Labor_1-Servo_Ultrasound_with_ArduinoUNO) by extension 'cmake'
[1.561s] Level 1:colcon.colcon_core.package_identification:_identify(Arduino/Arduino UNO Sketches/Labor_1-Servo_Ultrasound_with_ArduinoUNO) by extension 'python'
[1.561s] Level 1:colcon.colcon_core.package_identification:_identify(Arduino/Arduino UNO Sketches/Labor_1-Servo_Ultrasound_with_ArduinoUNO) by extensions ['python_setup_py']
[1.561s] Level 1:colcon.colcon_core.package_identification:_identify(Arduino/Arduino UNO Sketches/Labor_1-Servo_Ultrasound_with_ArduinoUNO) by extension 'python_setup_py'
[1.562s] Level 1:colcon.colcon_core.package_identification:_identify(Arduino/Arduino UNO Sketches/Raw_Servo_and_Ultrasonic_Code) by extensions ['ignore', 'ignore_ament_install']
[1.562s] Level 1:colcon.colcon_core.package_identification:_identify(Arduino/Arduino UNO Sketches/Raw_Servo_and_Ultrasonic_Code) by extension 'ignore'
[1.562s] Level 1:colcon.colcon_core.package_identification:_identify(Arduino/Arduino UNO Sketches/Raw_Servo_and_Ultrasonic_Code) by extension 'ignore_ament_install'
[1.563s] Level 1:colcon.colcon_core.package_identification:_identify(Arduino/Arduino UNO Sketches/Raw_Servo_and_Ultrasonic_Code) by extensions ['colcon_pkg']
[1.563s] Level 1:colcon.colcon_core.package_identification:_identify(Arduino/Arduino UNO Sketches/Raw_Servo_and_Ultrasonic_Code) by extension 'colcon_pkg'
[1.563s] Level 1:colcon.colcon_core.package_identification:_identify(Arduino/Arduino UNO Sketches/Raw_Servo_and_Ultrasonic_Code) by extensions ['colcon_meta']
[1.563s] Level 1:colcon.colcon_core.package_identification:_identify(Arduino/Arduino UNO Sketches/Raw_Servo_and_Ultrasonic_Code) by extension 'colcon_meta'
[1.564s] Level 1:colcon.colcon_core.package_identification:_identify(Arduino/Arduino UNO Sketches/Raw_Servo_and_Ultrasonic_Code) by extensions ['ros']
[1.564s] Level 1:colcon.colcon_core.package_identification:_identify(Arduino/Arduino UNO Sketches/Raw_Servo_and_Ultrasonic_Code) by extension 'ros'
[1.564s] Level 1:colcon.colcon_core.package_identification:_identify(Arduino/Arduino UNO Sketches/Raw_Servo_and_Ultrasonic_Code) by extensions ['cmake', 'python']
[1.564s] Level 1:colcon.colcon_core.package_identification:_identify(Arduino/Arduino UNO Sketches/Raw_Servo_and_Ultrasonic_Code) by extension 'cmake'
[1.564s] Level 1:colcon.colcon_core.package_identification:_identify(Arduino/Arduino UNO Sketches/Raw_Servo_and_Ultrasonic_Code) by extension 'python'
[1.565s] Level 1:colcon.colcon_core.package_identification:_identify(Arduino/Arduino UNO Sketches/Raw_Servo_and_Ultrasonic_Code) by extensions ['python_setup_py']
[1.565s] Level 1:colcon.colcon_core.package_identification:_identify(Arduino/Arduino UNO Sketches/Raw_Servo_and_Ultrasonic_Code) by extension 'python_setup_py'
[1.565s] Level 1:colcon.colcon_core.package_identification:_identify(Arduino/Teensy 4.0 Sketches) by extensions ['ignore', 'ignore_ament_install']
[1.566s] Level 1:colcon.colcon_core.package_identification:_identify(Arduino/Teensy 4.0 Sketches) by extension 'ignore'
[1.566s] Level 1:colcon.colcon_core.package_identification:_identify(Arduino/Teensy 4.0 Sketches) by extension 'ignore_ament_install'
[1.566s] Level 1:colcon.colcon_core.package_identification:_identify(Arduino/Teensy 4.0 Sketches) by extensions ['colcon_pkg']
[1.567s] Level 1:colcon.colcon_core.package_identification:_identify(Arduino/Teensy 4.0 Sketches) by extension 'colcon_pkg'
[1.567s] Level 1:colcon.colcon_core.package_identification:_identify(Arduino/Teensy 4.0 Sketches) by extensions ['colcon_meta']
[1.567s] Level 1:colcon.colcon_core.package_identification:_identify(Arduino/Teensy 4.0 Sketches) by extension 'colcon_meta'
[1.567s] Level 1:colcon.colcon_core.package_identification:_identify(Arduino/Teensy 4.0 Sketches) by extensions ['ros']
[1.568s] Level 1:colcon.colcon_core.package_identification:_identify(Arduino/Teensy 4.0 Sketches) by extension 'ros'
[1.568s] Level 1:colcon.colcon_core.package_identification:_identify(Arduino/Teensy 4.0 Sketches) by extensions ['cmake', 'python']
[1.569s] Level 1:colcon.colcon_core.package_identification:_identify(Arduino/Teensy 4.0 Sketches) by extension 'cmake'
[1.569s] Level 1:colcon.colcon_core.package_identification:_identify(Arduino/Teensy 4.0 Sketches) by extension 'python'
[1.569s] Level 1:colcon.colcon_core.package_identification:_identify(Arduino/Teensy 4.0 Sketches) by extensions ['python_setup_py']
[1.569s] Level 1:colcon.colcon_core.package_identification:_identify(Arduino/Teensy 4.0 Sketches) by extension 'python_setup_py'
[1.570s] Level 1:colcon.colcon_core.package_identification:_identify(Arduino/Teensy 4.0 Sketches/Grade_Aus_Fahren) by extensions ['ignore', 'ignore_ament_install']
[1.570s] Level 1:colcon.colcon_core.package_identification:_identify(Arduino/Teensy 4.0 Sketches/Grade_Aus_Fahren) by extension 'ignore'
[1.571s] Level 1:colcon.colcon_core.package_identification:_identify(Arduino/Teensy 4.0 Sketches/Grade_Aus_Fahren) by extension 'ignore_ament_install'
[1.571s] Level 1:colcon.colcon_core.package_identification:_identify(Arduino/Teensy 4.0 Sketches/Grade_Aus_Fahren) by extensions ['colcon_pkg']
[1.571s] Level 1:colcon.colcon_core.package_identification:_identify(Arduino/Teensy 4.0 Sketches/Grade_Aus_Fahren) by extension 'colcon_pkg'
[1.572s] Level 1:colcon.colcon_core.package_identification:_identify(Arduino/Teensy 4.0 Sketches/Grade_Aus_Fahren) by extensions ['colcon_meta']
[1.572s] Level 1:colcon.colcon_core.package_identification:_identify(Arduino/Teensy 4.0 Sketches/Grade_Aus_Fahren) by extension 'colcon_meta'
[1.572s] Level 1:colcon.colcon_core.package_identification:_identify(Arduino/Teensy 4.0 Sketches/Grade_Aus_Fahren) by extensions ['ros']
[1.572s] Level 1:colcon.colcon_core.package_identification:_identify(Arduino/Teensy 4.0 Sketches/Grade_Aus_Fahren) by extension 'ros'
[1.573s] Level 1:colcon.colcon_core.package_identification:_identify(Arduino/Teensy 4.0 Sketches/Grade_Aus_Fahren) by extensions ['cmake', 'python']
[1.573s] Level 1:colcon.colcon_core.package_identification:_identify(Arduino/Teensy 4.0 Sketches/Grade_Aus_Fahren) by extension 'cmake'
[1.573s] Level 1:colcon.colcon_core.package_identification:_identify(Arduino/Teensy 4.0 Sketches/Grade_Aus_Fahren) by extension 'python'
[1.573s] Level 1:colcon.colcon_core.package_identification:_identify(Arduino/Teensy 4.0 Sketches/Grade_Aus_Fahren) by extensions ['python_setup_py']
[1.573s] Level 1:colcon.colcon_core.package_identification:_identify(Arduino/Teensy 4.0 Sketches/Grade_Aus_Fahren) by extension 'python_setup_py'
[1.574s] Level 1:colcon.colcon_core.package_identification:_identify(Arduino/Teensy 4.0 Sketches/Sanduhr_Quadrat) by extensions ['ignore', 'ignore_ament_install']
[1.574s] Level 1:colcon.colcon_core.package_identification:_identify(Arduino/Teensy 4.0 Sketches/Sanduhr_Quadrat) by extension 'ignore'
[1.575s] Level 1:colcon.colcon_core.package_identification:_identify(Arduino/Teensy 4.0 Sketches/Sanduhr_Quadrat) by extension 'ignore_ament_install'
[1.575s] Level 1:colcon.colcon_core.package_identification:_identify(Arduino/Teensy 4.0 Sketches/Sanduhr_Quadrat) by extensions ['colcon_pkg']
[1.575s] Level 1:colcon.colcon_core.package_identification:_identify(Arduino/Teensy 4.0 Sketches/Sanduhr_Quadrat) by extension 'colcon_pkg'
[1.575s] Level 1:colcon.colcon_core.package_identification:_identify(Arduino/Teensy 4.0 Sketches/Sanduhr_Quadrat) by extensions ['colcon_meta']
[1.576s] Level 1:colcon.colcon_core.package_identification:_identify(Arduino/Teensy 4.0 Sketches/Sanduhr_Quadrat) by extension 'colcon_meta'
[1.576s] Level 1:colcon.colcon_core.package_identification:_identify(Arduino/Teensy 4.0 Sketches/Sanduhr_Quadrat) by extensions ['ros']
[1.576s] Level 1:colcon.colcon_core.package_identification:_identify(Arduino/Teensy 4.0 Sketches/Sanduhr_Quadrat) by extension 'ros'
[1.576s] Level 1:colcon.colcon_core.package_identification:_identify(Arduino/Teensy 4.0 Sketches/Sanduhr_Quadrat) by extensions ['cmake', 'python']
[1.577s] Level 1:colcon.colcon_core.package_identification:_identify(Arduino/Teensy 4.0 Sketches/Sanduhr_Quadrat) by extension 'cmake'
[1.577s] Level 1:colcon.colcon_core.package_identification:_identify(Arduino/Teensy 4.0 Sketches/Sanduhr_Quadrat) by extension 'python'
[1.577s] Level 1:colcon.colcon_core.package_identification:_identify(Arduino/Teensy 4.0 Sketches/Sanduhr_Quadrat) by extensions ['python_setup_py']
[1.577s] Level 1:colcon.colcon_core.package_identification:_identify(Arduino/Teensy 4.0 Sketches/Sanduhr_Quadrat) by extension 'python_setup_py'
[1.578s] Level 1:colcon.colcon_core.package_identification:_identify(Arduino/Teensy 4.0 Sketches/Servo_Mit_Ros) by extensions ['ignore', 'ignore_ament_install']
[1.578s] Level 1:colcon.colcon_core.package_identification:_identify(Arduino/Teensy 4.0 Sketches/Servo_Mit_Ros) by extension 'ignore'
[1.578s] Level 1:colcon.colcon_core.package_identification:_identify(Arduino/Teensy 4.0 Sketches/Servo_Mit_Ros) by extension 'ignore_ament_install'
[1.579s] Level 1:colcon.colcon_core.package_identification:_identify(Arduino/Teensy 4.0 Sketches/Servo_Mit_Ros) by extensions ['colcon_pkg']
[1.579s] Level 1:colcon.colcon_core.package_identification:_identify(Arduino/Teensy 4.0 Sketches/Servo_Mit_Ros) by extension 'colcon_pkg'
[1.579s] Level 1:colcon.colcon_core.package_identification:_identify(Arduino/Teensy 4.0 Sketches/Servo_Mit_Ros) by extensions ['colcon_meta']
[1.579s] Level 1:colcon.colcon_core.package_identification:_identify(Arduino/Teensy 4.0 Sketches/Servo_Mit_Ros) by extension 'colcon_meta'
[1.580s] Level 1:colcon.colcon_core.package_identification:_identify(Arduino/Teensy 4.0 Sketches/Servo_Mit_Ros) by extensions ['ros']
[1.580s] Level 1:colcon.colcon_core.package_identification:_identify(Arduino/Teensy 4.0 Sketches/Servo_Mit_Ros) by extension 'ros'
[1.580s] Level 1:colcon.colcon_core.package_identification:_identify(Arduino/Teensy 4.0 Sketches/Servo_Mit_Ros) by extensions ['cmake', 'python']
[1.581s] Level 1:colcon.colcon_core.package_identification:_identify(Arduino/Teensy 4.0 Sketches/Servo_Mit_Ros) by extension 'cmake'
[1.581s] Level 1:colcon.colcon_core.package_identification:_identify(Arduino/Teensy 4.0 Sketches/Servo_Mit_Ros) by extension 'python'
[1.581s] Level 1:colcon.colcon_core.package_identification:_identify(Arduino/Teensy 4.0 Sketches/Servo_Mit_Ros) by extensions ['python_setup_py']
[1.581s] Level 1:colcon.colcon_core.package_identification:_identify(Arduino/Teensy 4.0 Sketches/Servo_Mit_Ros) by extension 'python_setup_py'
[1.582s] Level 1:colcon.colcon_core.package_identification:_identify(Arduino/Teensy 4.0 Sketches/Servo_Ros_Parkour) by extensions ['ignore', 'ignore_ament_install']
[1.582s] Level 1:colcon.colcon_core.package_identification:_identify(Arduino/Teensy 4.0 Sketches/Servo_Ros_Parkour) by extension 'ignore'
[1.582s] Level 1:colcon.colcon_core.package_identification:_identify(Arduino/Teensy 4.0 Sketches/Servo_Ros_Parkour) by extension 'ignore_ament_install'
[1.583s] Level 1:colcon.colcon_core.package_identification:_identify(Arduino/Teensy 4.0 Sketches/Servo_Ros_Parkour) by extensions ['colcon_pkg']
[1.583s] Level 1:colcon.colcon_core.package_identification:_identify(Arduino/Teensy 4.0 Sketches/Servo_Ros_Parkour) by extension 'colcon_pkg'
[1.583s] Level 1:colcon.colcon_core.package_identification:_identify(Arduino/Teensy 4.0 Sketches/Servo_Ros_Parkour) by extensions ['colcon_meta']
[1.583s] Level 1:colcon.colcon_core.package_identification:_identify(Arduino/Teensy 4.0 Sketches/Servo_Ros_Parkour) by extension 'colcon_meta'
[1.584s] Level 1:colcon.colcon_core.package_identification:_identify(Arduino/Teensy 4.0 Sketches/Servo_Ros_Parkour) by extensions ['ros']
[1.584s] Level 1:colcon.colcon_core.package_identification:_identify(Arduino/Teensy 4.0 Sketches/Servo_Ros_Parkour) by extension 'ros'
[1.584s] Level 1:colcon.colcon_core.package_identification:_identify(Arduino/Teensy 4.0 Sketches/Servo_Ros_Parkour) by extensions ['cmake', 'python']
[1.584s] Level 1:colcon.colcon_core.package_identification:_identify(Arduino/Teensy 4.0 Sketches/Servo_Ros_Parkour) by extension 'cmake'
[1.585s] Level 1:colcon.colcon_core.package_identification:_identify(Arduino/Teensy 4.0 Sketches/Servo_Ros_Parkour) by extension 'python'
[1.585s] Level 1:colcon.colcon_core.package_identification:_identify(Arduino/Teensy 4.0 Sketches/Servo_Ros_Parkour) by extensions ['python_setup_py']
[1.585s] Level 1:colcon.colcon_core.package_identification:_identify(Arduino/Teensy 4.0 Sketches/Servo_Ros_Parkour) by extension 'python_setup_py'
[1.586s] Level 1:colcon.colcon_core.package_identification:_identify(Arduino/Teensy 4.0 Sketches/Servo_Ros_Parkour_2) by extensions ['ignore', 'ignore_ament_install']
[1.586s] Level 1:colcon.colcon_core.package_identification:_identify(Arduino/Teensy 4.0 Sketches/Servo_Ros_Parkour_2) by extension 'ignore'
[1.586s] Level 1:colcon.colcon_core.package_identification:_identify(Arduino/Teensy 4.0 Sketches/Servo_Ros_Parkour_2) by extension 'ignore_ament_install'
[1.586s] Level 1:colcon.colcon_core.package_identification:_identify(Arduino/Teensy 4.0 Sketches/Servo_Ros_Parkour_2) by extensions ['colcon_pkg']
[1.587s] Level 1:colcon.colcon_core.package_identification:_identify(Arduino/Teensy 4.0 Sketches/Servo_Ros_Parkour_2) by extension 'colcon_pkg'
[1.587s] Level 1:colcon.colcon_core.package_identification:_identify(Arduino/Teensy 4.0 Sketches/Servo_Ros_Parkour_2) by extensions ['colcon_meta']
[1.587s] Level 1:colcon.colcon_core.package_identification:_identify(Arduino/Teensy 4.0 Sketches/Servo_Ros_Parkour_2) by extension 'colcon_meta'
[1.587s] Level 1:colcon.colcon_core.package_identification:_identify(Arduino/Teensy 4.0 Sketches/Servo_Ros_Parkour_2) by extensions ['ros']
[1.588s] Level 1:colcon.colcon_core.package_identification:_identify(Arduino/Teensy 4.0 Sketches/Servo_Ros_Parkour_2) by extension 'ros'
[1.588s] Level 1:colcon.colcon_core.package_identification:_identify(Arduino/Teensy 4.0 Sketches/Servo_Ros_Parkour_2) by extensions ['cmake', 'python']
[1.588s] Level 1:colcon.colcon_core.package_identification:_identify(Arduino/Teensy 4.0 Sketches/Servo_Ros_Parkour_2) by extension 'cmake'
[1.589s] Level 1:colcon.colcon_core.package_identification:_identify(Arduino/Teensy 4.0 Sketches/Servo_Ros_Parkour_2) by extension 'python'
[1.589s] Level 1:colcon.colcon_core.package_identification:_identify(Arduino/Teensy 4.0 Sketches/Servo_Ros_Parkour_2) by extensions ['python_setup_py']
[1.589s] Level 1:colcon.colcon_core.package_identification:_identify(Arduino/Teensy 4.0 Sketches/Servo_Ros_Parkour_2) by extension 'python_setup_py'
[1.590s] Level 1:colcon.colcon_core.package_identification:_identify(Arduino/Teensy 4.0 Sketches/Test-Sketch) by extensions ['ignore', 'ignore_ament_install']
[1.591s] Level 1:colcon.colcon_core.package_identification:_identify(Arduino/Teensy 4.0 Sketches/Test-Sketch) by extension 'ignore'
[1.592s] Level 1:colcon.colcon_core.package_identification:_identify(Arduino/Teensy 4.0 Sketches/Test-Sketch) by extension 'ignore_ament_install'
[1.593s] Level 1:colcon.colcon_core.package_identification:_identify(Arduino/Teensy 4.0 Sketches/Test-Sketch) by extensions ['colcon_pkg']
[1.593s] Level 1:colcon.colcon_core.package_identification:_identify(Arduino/Teensy 4.0 Sketches/Test-Sketch) by extension 'colcon_pkg'
[1.594s] Level 1:colcon.colcon_core.package_identification:_identify(Arduino/Teensy 4.0 Sketches/Test-Sketch) by extensions ['colcon_meta']
[1.594s] Level 1:colcon.colcon_core.package_identification:_identify(Arduino/Teensy 4.0 Sketches/Test-Sketch) by extension 'colcon_meta'
[1.595s] Level 1:colcon.colcon_core.package_identification:_identify(Arduino/Teensy 4.0 Sketches/Test-Sketch) by extensions ['ros']
[1.595s] Level 1:colcon.colcon_core.package_identification:_identify(Arduino/Teensy 4.0 Sketches/Test-Sketch) by extension 'ros'
[1.596s] Level 1:colcon.colcon_core.package_identification:_identify(Arduino/Teensy 4.0 Sketches/Test-Sketch) by extensions ['cmake', 'python']
[1.597s] Level 1:colcon.colcon_core.package_identification:_identify(Arduino/Teensy 4.0 Sketches/Test-Sketch) by extension 'cmake'
[1.597s] Level 1:colcon.colcon_core.package_identification:_identify(Arduino/Teensy 4.0 Sketches/Test-Sketch) by extension 'python'
[1.598s] Level 1:colcon.colcon_core.package_identification:_identify(Arduino/Teensy 4.0 Sketches/Test-Sketch) by extensions ['python_setup_py']
[1.598s] Level 1:colcon.colcon_core.package_identification:_identify(Arduino/Teensy 4.0 Sketches/Test-Sketch) by extension 'python_setup_py'
[1.599s] Level 1:colcon.colcon_core.package_identification:_identify(Arduino/Teensy 4.0 Sketches/sketch_Servo360Studentsino) by extensions ['ignore', 'ignore_ament_install']
[1.600s] Level 1:colcon.colcon_core.package_identification:_identify(Arduino/Teensy 4.0 Sketches/sketch_Servo360Studentsino) by extension 'ignore'
[1.601s] Level 1:colcon.colcon_core.package_identification:_identify(Arduino/Teensy 4.0 Sketches/sketch_Servo360Studentsino) by extension 'ignore_ament_install'
[1.602s] Level 1:colcon.colcon_core.package_identification:_identify(Arduino/Teensy 4.0 Sketches/sketch_Servo360Studentsino) by extensions ['colcon_pkg']
[1.602s] Level 1:colcon.colcon_core.package_identification:_identify(Arduino/Teensy 4.0 Sketches/sketch_Servo360Studentsino) by extension 'colcon_pkg'
[1.603s] Level 1:colcon.colcon_core.package_identification:_identify(Arduino/Teensy 4.0 Sketches/sketch_Servo360Studentsino) by extensions ['colcon_meta']
[1.603s] Level 1:colcon.colcon_core.package_identification:_identify(Arduino/Teensy 4.0 Sketches/sketch_Servo360Studentsino) by extension 'colcon_meta'
[1.603s] Level 1:colcon.colcon_core.package_identification:_identify(Arduino/Teensy 4.0 Sketches/sketch_Servo360Studentsino) by extensions ['ros']
[1.604s] Level 1:colcon.colcon_core.package_identification:_identify(Arduino/Teensy 4.0 Sketches/sketch_Servo360Studentsino) by extension 'ros'
[1.604s] Level 1:colcon.colcon_core.package_identification:_identify(Arduino/Teensy 4.0 Sketches/sketch_Servo360Studentsino) by extensions ['cmake', 'python']
[1.605s] Level 1:colcon.colcon_core.package_identification:_identify(Arduino/Teensy 4.0 Sketches/sketch_Servo360Studentsino) by extension 'cmake'
[1.605s] Level 1:colcon.colcon_core.package_identification:_identify(Arduino/Teensy 4.0 Sketches/sketch_Servo360Studentsino) by extension 'python'
[1.605s] Level 1:colcon.colcon_core.package_identification:_identify(Arduino/Teensy 4.0 Sketches/sketch_Servo360Studentsino) by extensions ['python_setup_py']
[1.605s] Level 1:colcon.colcon_core.package_identification:_identify(Arduino/Teensy 4.0 Sketches/sketch_Servo360Studentsino) by extension 'python_setup_py'
[1.606s] Level 1:colcon.colcon_core.package_identification:_identify(build) by extensions ['ignore', 'ignore_ament_install']
[1.607s] Level 1:colcon.colcon_core.package_identification:_identify(build) by extension 'ignore'
[1.607s] Level 1:colcon.colcon_core.package_identification:_identify(build) ignored
[1.608s] Level 1:colcon.colcon_core.package_identification:_identify(install) by extensions ['ignore', 'ignore_ament_install']
[1.609s] Level 1:colcon.colcon_core.package_identification:_identify(install) by extension 'ignore'
[1.610s] Level 1:colcon.colcon_core.package_identification:_identify(install) ignored
[1.612s] Level 1:colcon.colcon_core.package_identification:_identify(log) by extensions ['ignore', 'ignore_ament_install']
[1.613s] Level 1:colcon.colcon_core.package_identification:_identify(log) by extension 'ignore'
[1.613s] Level 1:colcon.colcon_core.package_identification:_identify(log) ignored
[1.614s] Level 1:colcon.colcon_core.package_identification:_identify(src) by extensions ['ignore', 'ignore_ament_install']
[1.615s] Level 1:colcon.colcon_core.package_identification:_identify(src) by extension 'ignore'
[1.616s] Level 1:colcon.colcon_core.package_identification:_identify(src) by extension 'ignore_ament_install'
[1.616s] Level 1:colcon.colcon_core.package_identification:_identify(src) by extensions ['colcon_pkg']
[1.617s] Level 1:colcon.colcon_core.package_identification:_identify(src) by extension 'colcon_pkg'
[1.617s] Level 1:colcon.colcon_core.package_identification:_identify(src) by extensions ['colcon_meta']
[1.617s] Level 1:colcon.colcon_core.package_identification:_identify(src) by extension 'colcon_meta'
[1.618s] Level 1:colcon.colcon_core.package_identification:_identify(src) by extensions ['ros']
[1.618s] Level 1:colcon.colcon_core.package_identification:_identify(src) by extension 'ros'
[1.619s] Level 1:colcon.colcon_core.package_identification:_identify(src) by extensions ['cmake', 'python']
[1.619s] Level 1:colcon.colcon_core.package_identification:_identify(src) by extension 'cmake'
[1.620s] Level 1:colcon.colcon_core.package_identification:_identify(src) by extension 'python'
[1.622s] Level 1:colcon.colcon_core.package_identification:_identify(src) by extensions ['python_setup_py']
[1.622s] Level 1:colcon.colcon_core.package_identification:_identify(src) by extension 'python_setup_py'
[1.623s] Level 1:colcon.colcon_core.package_identification:_identify(src/alma_camera) by extensions ['ignore', 'ignore_ament_install']
[1.624s] Level 1:colcon.colcon_core.package_identification:_identify(src/alma_camera) by extension 'ignore'
[1.624s] Level 1:colcon.colcon_core.package_identification:_identify(src/alma_camera) by extension 'ignore_ament_install'
[1.624s] Level 1:colcon.colcon_core.package_identification:_identify(src/alma_camera) by extensions ['colcon_pkg']
[1.625s] Level 1:colcon.colcon_core.package_identification:_identify(src/alma_camera) by extension 'colcon_pkg'
[1.625s] Level 1:colcon.colcon_core.package_identification:_identify(src/alma_camera) by extensions ['colcon_meta']
[1.625s] Level 1:colcon.colcon_core.package_identification:_identify(src/alma_camera) by extension 'colcon_meta'
[1.625s] Level 1:colcon.colcon_core.package_identification:_identify(src/alma_camera) by extensions ['ros']
[1.625s] Level 1:colcon.colcon_core.package_identification:_identify(src/alma_camera) by extension 'ros'
[1.635s] DEBUG:colcon.colcon_core.package_identification:Package 'src/alma_camera' with type 'ros.ament_python' and name 'alma_camera'
[1.636s] Level 1:colcon.colcon_core.package_identification:_identify(src/alma_erste_abgabe) by extensions ['ignore', 'ignore_ament_install']
[1.637s] Level 1:colcon.colcon_core.package_identification:_identify(src/alma_erste_abgabe) by extension 'ignore'
[1.637s] Level 1:colcon.colcon_core.package_identification:_identify(src/alma_erste_abgabe) by extension 'ignore_ament_install'
[1.637s] Level 1:colcon.colcon_core.package_identification:_identify(src/alma_erste_abgabe) by extensions ['colcon_pkg']
[1.638s] Level 1:colcon.colcon_core.package_identification:_identify(src/alma_erste_abgabe) by extension 'colcon_pkg'
[1.638s] Level 1:colcon.colcon_core.package_identification:_identify(src/alma_erste_abgabe) by extensions ['colcon_meta']
[1.638s] Level 1:colcon.colcon_core.package_identification:_identify(src/alma_erste_abgabe) by extension 'colcon_meta'
[1.639s] Level 1:colcon.colcon_core.package_identification:_identify(src/alma_erste_abgabe) by extensions ['ros']
[1.640s] Level 1:colcon.colcon_core.package_identification:_identify(src/alma_erste_abgabe) by extension 'ros'
[1.643s] DEBUG:colcon.colcon_core.package_identification:Package 'src/alma_erste_abgabe' with type 'ros.ament_python' and name 'alma_erste_abgabe'
[1.644s] Level 1:colcon.colcon_core.package_identification:_identify(src/alma_ultrasound) by extensions ['ignore', 'ignore_ament_install']
[1.644s] Level 1:colcon.colcon_core.package_identification:_identify(src/alma_ultrasound) by extension 'ignore'
[1.645s] Level 1:colcon.colcon_core.package_identification:_identify(src/alma_ultrasound) by extension 'ignore_ament_install'
[1.645s] Level 1:colcon.colcon_core.package_identification:_identify(src/alma_ultrasound) by extensions ['colcon_pkg']
[1.646s] Level 1:colcon.colcon_core.package_identification:_identify(src/alma_ultrasound) by extension 'colcon_pkg'
[1.646s] Level 1:colcon.colcon_core.package_identification:_identify(src/alma_ultrasound) by extensions ['colcon_meta']
[1.646s] Level 1:colcon.colcon_core.package_identification:_identify(src/alma_ultrasound) by extension 'colcon_meta'
[1.647s] Level 1:colcon.colcon_core.package_identification:_identify(src/alma_ultrasound) by extensions ['ros']
[1.647s] Level 1:colcon.colcon_core.package_identification:_identify(src/alma_ultrasound) by extension 'ros'
[1.649s] DEBUG:colcon.colcon_core.package_identification:Package 'src/alma_ultrasound' with type 'ros.ament_python' and name 'alma_ultrasound'
[1.650s] Level 1:colcon.colcon_core.package_discovery:discover_packages(recursive) using defaults
[1.650s] Level 1:colcon.colcon_core.package_discovery:discover_packages(ignore) discover
[1.650s] Level 1:colcon.colcon_core.package_discovery:discover_packages(ignore) using defaults
[1.650s] Level 1:colcon.colcon_core.package_discovery:discover_packages(path) discover
[1.650s] Level 1:colcon.colcon_core.package_discovery:discover_packages(path) using defaults
[1.798s] Level 1:colcon.colcon_core.package_discovery:discover_packages(prefix_path) check parameters
[1.799s] Level 1:colcon.colcon_core.package_discovery:discover_packages(prefix_path) discover
[1.810s] DEBUG:colcon.colcon_installed_package_information.package_discovery:Found 3 installed packages in /home/pi/robotik_alma_ws/install
[1.820s] DEBUG:colcon.colcon_installed_package_information.package_discovery:Found 309 installed packages in /opt/ros/iron
[1.829s] Level 1:colcon.colcon_core.package_discovery:discover_packages(prefix_path) using defaults
[2.109s] Level 5:colcon.colcon_core.verb:set package 'alma_camera' build argument 'cmake_args' from command line to 'None'
[2.110s] Level 5:colcon.colcon_core.verb:set package 'alma_camera' build argument 'cmake_target' from command line to 'None'
[2.111s] Level 5:colcon.colcon_core.verb:set package 'alma_camera' build argument 'cmake_target_skip_unavailable' from command line to 'False'
[2.112s] Level 5:colcon.colcon_core.verb:set package 'alma_camera' build argument 'cmake_clean_cache' from command line to 'False'
[2.112s] Level 5:colcon.colcon_core.verb:set package 'alma_camera' build argument 'cmake_clean_first' from command line to 'False'
[2.113s] Level 5:colcon.colcon_core.verb:set package 'alma_camera' build argument 'cmake_force_configure' from command line to 'False'
[2.114s] Level 5:colcon.colcon_core.verb:set package 'alma_camera' build argument 'ament_cmake_args' from command line to 'None'
[2.114s] Level 5:colcon.colcon_core.verb:set package 'alma_camera' build argument 'catkin_cmake_args' from command line to 'None'
[2.115s] Level 5:colcon.colcon_core.verb:set package 'alma_camera' build argument 'catkin_skip_building_tests' from command line to 'False'
[2.116s] DEBUG:colcon.colcon_core.verb:Building package 'alma_camera' with the following arguments: {'ament_cmake_args': None, 'build_base': '/home/pi/robotik_alma_ws/build/alma_camera', 'catkin_cmake_args': None, 'catkin_skip_building_tests': False, 'cmake_args': None, 'cmake_clean_cache': False, 'cmake_clean_first': False, 'cmake_force_configure': False, 'cmake_target': None, 'cmake_target_skip_unavailable': False, 'install_base': '/home/pi/robotik_alma_ws/install/alma_camera', 'merge_install': False, 'path': '/home/pi/robotik_alma_ws/src/alma_camera', 'symlink_install': False, 'test_result_base': None}
[2.118s] Level 5:colcon.colcon_core.verb:set package 'alma_erste_abgabe' build argument 'cmake_args' from command line to 'None'
[2.119s] Level 5:colcon.colcon_core.verb:set package 'alma_erste_abgabe' build argument 'cmake_target' from command line to 'None'
[2.119s] Level 5:colcon.colcon_core.verb:set package 'alma_erste_abgabe' build argument 'cmake_target_skip_unavailable' from command line to 'False'
[2.120s] Level 5:colcon.colcon_core.verb:set package 'alma_erste_abgabe' build argument 'cmake_clean_cache' from command line to 'False'
[2.121s] Level 5:colcon.colcon_core.verb:set package 'alma_erste_abgabe' build argument 'cmake_clean_first' from command line to 'False'
[2.121s] Level 5:colcon.colcon_core.verb:set package 'alma_erste_abgabe' build argument 'cmake_force_configure' from command line to 'False'
[2.122s] Level 5:colcon.colcon_core.verb:set package 'alma_erste_abgabe' build argument 'ament_cmake_args' from command line to 'None'
[2.123s] Level 5:colcon.colcon_core.verb:set package 'alma_erste_abgabe' build argument 'catkin_cmake_args' from command line to 'None'
[2.123s] Level 5:colcon.colcon_core.verb:set package 'alma_erste_abgabe' build argument 'catkin_skip_building_tests' from command line to 'False'
[2.124s] DEBUG:colcon.colcon_core.verb:Building package 'alma_erste_abgabe' with the following arguments: {'ament_cmake_args': None, 'build_base': '/home/pi/robotik_alma_ws/build/alma_erste_abgabe', 'catkin_cmake_args': None, 'catkin_skip_building_tests': False, 'cmake_args': None, 'cmake_clean_cache': False, 'cmake_clean_first': False, 'cmake_force_configure': False, 'cmake_target': None, 'cmake_target_skip_unavailable': False, 'install_base': '/home/pi/robotik_alma_ws/install/alma_erste_abgabe', 'merge_install': False, 'path': '/home/pi/robotik_alma_ws/src/alma_erste_abgabe', 'symlink_install': False, 'test_result_base': None}
[2.126s] Level 5:colcon.colcon_core.verb:set package 'alma_ultrasound' build argument 'cmake_args' from command line to 'None'
[2.126s] Level 5:colcon.colcon_core.verb:set package 'alma_ultrasound' build argument 'cmake_target' from command line to 'None'
[2.126s] Level 5:colcon.colcon_core.verb:set package 'alma_ultrasound' build argument 'cmake_target_skip_unavailable' from command line to 'False'
[2.127s] Level 5:colcon.colcon_core.verb:set package 'alma_ultrasound' build argument 'cmake_clean_cache' from command line to 'False'
[2.127s] Level 5:colcon.colcon_core.verb:set package 'alma_ultrasound' build argument 'cmake_clean_first' from command line to 'False'
[2.127s] Level 5:colcon.colcon_core.verb:set package 'alma_ultrasound' build argument 'cmake_force_configure' from command line to 'False'
[2.127s] Level 5:colcon.colcon_core.verb:set package 'alma_ultrasound' build argument 'ament_cmake_args' from command line to 'None'
[2.128s] Level 5:colcon.colcon_core.verb:set package 'alma_ultrasound' build argument 'catkin_cmake_args' from command line to 'None'
[2.128s] Level 5:colcon.colcon_core.verb:set package 'alma_ultrasound' build argument 'catkin_skip_building_tests' from command line to 'False'
[2.129s] DEBUG:colcon.colcon_core.verb:Building package 'alma_ultrasound' with the following arguments: {'ament_cmake_args': None, 'build_base': '/home/pi/robotik_alma_ws/build/alma_ultrasound', 'catkin_cmake_args': None, 'catkin_skip_building_tests': False, 'cmake_args': None, 'cmake_clean_cache': False, 'cmake_clean_first': False, 'cmake_force_configure': False, 'cmake_target': None, 'cmake_target_skip_unavailable': False, 'install_base': '/home/pi/robotik_alma_ws/install/alma_ultrasound', 'merge_install': False, 'path': '/home/pi/robotik_alma_ws/src/alma_ultrasound', 'symlink_install': False, 'test_result_base': None}
[2.130s] INFO:colcon.colcon_core.executor:Executing jobs using 'parallel' executor
[2.137s] DEBUG:colcon.colcon_parallel_executor.executor.parallel:run_until_complete
[2.139s] INFO:colcon.colcon_ros.task.ament_python.build:Building ROS package in '/home/pi/robotik_alma_ws/src/alma_camera' with build type 'ament_python'
[2.140s] Level 1:colcon.colcon_core.shell:create_environment_hook('alma_camera', 'ament_prefix_path')
[2.161s] INFO:colcon.colcon_core.plugin_system:Skipping extension 'colcon_core.shell.bat': Not used on non-Windows systems
[2.163s] INFO:colcon.colcon_core.shell:Creating environment hook '/home/pi/robotik_alma_ws/install/alma_camera/share/alma_camera/hook/ament_prefix_path.ps1'
[2.167s] INFO:colcon.colcon_core.shell:Creating environment descriptor '/home/pi/robotik_alma_ws/install/alma_camera/share/alma_camera/hook/ament_prefix_path.dsv'
[2.170s] INFO:colcon.colcon_core.shell:Creating environment hook '/home/pi/robotik_alma_ws/install/alma_camera/share/alma_camera/hook/ament_prefix_path.sh'
[2.174s] INFO:colcon.colcon_core.shell:Skip shell extension 'powershell' for command environment: Not usable outside of PowerShell
[2.174s] DEBUG:colcon.colcon_core.shell:Skip shell extension 'dsv' for command environment
[2.198s] INFO:colcon.colcon_ros.task.ament_python.build:Building ROS package in '/home/pi/robotik_alma_ws/src/alma_erste_abgabe' with build type 'ament_python'
[2.199s] Level 1:colcon.colcon_core.shell:create_environment_hook('alma_erste_abgabe', 'ament_prefix_path')
[2.201s] INFO:colcon.colcon_core.shell:Creating environment hook '/home/pi/robotik_alma_ws/install/alma_erste_abgabe/share/alma_erste_abgabe/hook/ament_prefix_path.ps1'
[2.205s] INFO:colcon.colcon_core.shell:Creating environment descriptor '/home/pi/robotik_alma_ws/install/alma_erste_abgabe/share/alma_erste_abgabe/hook/ament_prefix_path.dsv'
[2.209s] INFO:colcon.colcon_core.shell:Creating environment hook '/home/pi/robotik_alma_ws/install/alma_erste_abgabe/share/alma_erste_abgabe/hook/ament_prefix_path.sh'
[2.213s] INFO:colcon.colcon_core.shell:Skip shell extension 'powershell' for command environment: Not usable outside of PowerShell
[2.213s] DEBUG:colcon.colcon_core.shell:Skip shell extension 'dsv' for command environment
[2.232s] INFO:colcon.colcon_ros.task.ament_python.build:Building ROS package in '/home/pi/robotik_alma_ws/src/alma_ultrasound' with build type 'ament_python'
[2.233s] Level 1:colcon.colcon_core.shell:create_environment_hook('alma_ultrasound', 'ament_prefix_path')
[2.234s] INFO:colcon.colcon_core.shell:Creating environment hook '/home/pi/robotik_alma_ws/install/alma_ultrasound/share/alma_ultrasound/hook/ament_prefix_path.ps1'
[2.238s] INFO:colcon.colcon_core.shell:Creating environment descriptor '/home/pi/robotik_alma_ws/install/alma_ultrasound/share/alma_ultrasound/hook/ament_prefix_path.dsv'
[2.241s] INFO:colcon.colcon_core.shell:Creating environment hook '/home/pi/robotik_alma_ws/install/alma_ultrasound/share/alma_ultrasound/hook/ament_prefix_path.sh'
[2.246s] INFO:colcon.colcon_core.shell:Skip shell extension 'powershell' for command environment: Not usable outside of PowerShell
[2.247s] DEBUG:colcon.colcon_core.shell:Skip shell extension 'dsv' for command environment
[3.701s] INFO:colcon.colcon_core.task.python.build:Building Python package in '/home/pi/robotik_alma_ws/src/alma_camera'
[3.702s] INFO:colcon.colcon_core.shell:Skip shell extension 'powershell' for command environment: Not usable outside of PowerShell
[3.702s] DEBUG:colcon.colcon_core.shell:Skip shell extension 'dsv' for command environment
[5.085s] INFO:colcon.colcon_core.task.python.build:Building Python package in '/home/pi/robotik_alma_ws/src/alma_erste_abgabe'
[5.086s] INFO:colcon.colcon_core.shell:Skip shell extension 'powershell' for command environment: Not usable outside of PowerShell
[5.087s] DEBUG:colcon.colcon_core.shell:Skip shell extension 'dsv' for command environment
[6.499s] INFO:colcon.colcon_core.task.python.build:Building Python package in '/home/pi/robotik_alma_ws/src/alma_ultrasound'
[6.501s] INFO:colcon.colcon_core.shell:Skip shell extension 'powershell' for command environment: Not usable outside of PowerShell
[6.501s] DEBUG:colcon.colcon_core.shell:Skip shell extension 'dsv' for command environment
[8.983s] DEBUG:colcon.colcon_core.event_handler.log_command:Invoking command in '/home/pi/robotik_alma_ws/src/alma_camera': PYTHONPATH=/home/pi/robotik_alma_ws/build/alma_camera/prefix_override:/home/pi/robotik_alma_ws/install/alma_camera/lib/python3.10/site-packages:${PYTHONPATH} /usr/bin/python3 -W ignore:setup.py install is deprecated setup.py egg_info --egg-base ../../build/alma_camera build --build-base /home/pi/robotik_alma_ws/build/alma_camera/build install --record /home/pi/robotik_alma_ws/build/alma_camera/install.log --single-version-externally-managed install_data
[9.041s] DEBUG:colcon.colcon_core.event_handler.log_command:Invoking command in '/home/pi/robotik_alma_ws/src/alma_erste_abgabe': PYTHONPATH=/home/pi/robotik_alma_ws/build/alma_erste_abgabe/prefix_override:/home/pi/robotik_alma_ws/install/alma_erste_abgabe/lib/python3.10/site-packages:${PYTHONPATH} /usr/bin/python3 -W ignore:setup.py install is deprecated setup.py egg_info --egg-base ../../build/alma_erste_abgabe build --build-base /home/pi/robotik_alma_ws/build/alma_erste_abgabe/build install --record /home/pi/robotik_alma_ws/build/alma_erste_abgabe/install.log --single-version-externally-managed install_data
[9.089s] DEBUG:colcon.colcon_core.event_handler.log_command:Invoking command in '/home/pi/robotik_alma_ws/src/alma_ultrasound': PYTHONPATH=/home/pi/robotik_alma_ws/build/alma_ultrasound/prefix_override:/home/pi/robotik_alma_ws/install/alma_ultrasound/lib/python3.10/site-packages:${PYTHONPATH} /usr/bin/python3 -W ignore:setup.py install is deprecated setup.py egg_info --egg-base ../../build/alma_ultrasound build --build-base /home/pi/robotik_alma_ws/build/alma_ultrasound/build install --record /home/pi/robotik_alma_ws/build/alma_ultrasound/install.log --single-version-externally-managed install_data
[11.230s] DEBUG:colcon.colcon_core.event_handler.log_command:Invoked command in '/home/pi/robotik_alma_ws/src/alma_erste_abgabe' returned '0': PYTHONPATH=/home/pi/robotik_alma_ws/build/alma_erste_abgabe/prefix_override:/home/pi/robotik_alma_ws/install/alma_erste_abgabe/lib/python3.10/site-packages:${PYTHONPATH} /usr/bin/python3 -W ignore:setup.py install is deprecated setup.py egg_info --egg-base ../../build/alma_erste_abgabe build --build-base /home/pi/robotik_alma_ws/build/alma_erste_abgabe/build install --record /home/pi/robotik_alma_ws/build/alma_erste_abgabe/install.log --single-version-externally-managed install_data
[11.269s] Level 1:colcon.colcon_core.environment:checking '/home/pi/robotik_alma_ws/install/alma_erste_abgabe' for CMake module files
[11.274s] Level 1:colcon.colcon_core.environment:checking '/home/pi/robotik_alma_ws/install/alma_erste_abgabe' for CMake config files
[11.313s] Level 1:colcon.colcon_core.environment:checking '/home/pi/robotik_alma_ws/install/alma_erste_abgabe/lib'
[11.316s] Level 1:colcon.colcon_core.environment:checking '/home/pi/robotik_alma_ws/install/alma_erste_abgabe/bin'
[11.317s] Level 1:colcon.colcon_core.environment:checking '/home/pi/robotik_alma_ws/install/alma_erste_abgabe/lib/pkgconfig/alma_erste_abgabe.pc'
[11.336s] Level 1:colcon.colcon_core.environment:checking '/home/pi/robotik_alma_ws/install/alma_erste_abgabe/lib/python3.10/site-packages'
[11.337s] Level 1:colcon.colcon_core.shell:create_environment_hook('alma_erste_abgabe', 'pythonpath')
[11.355s] INFO:colcon.colcon_core.shell:Creating environment hook '/home/pi/robotik_alma_ws/install/alma_erste_abgabe/share/alma_erste_abgabe/hook/pythonpath.ps1'
[11.360s] INFO:colcon.colcon_core.shell:Creating environment descriptor '/home/pi/robotik_alma_ws/install/alma_erste_abgabe/share/alma_erste_abgabe/hook/pythonpath.dsv'
[11.369s] INFO:colcon.colcon_core.shell:Creating environment hook '/home/pi/robotik_alma_ws/install/alma_erste_abgabe/share/alma_erste_abgabe/hook/pythonpath.sh'
[11.375s] Level 1:colcon.colcon_core.environment:checking '/home/pi/robotik_alma_ws/install/alma_erste_abgabe/bin'
[11.375s] Level 1:colcon.colcon_core.environment:create_environment_scripts_only(alma_erste_abgabe)
[11.377s] INFO:colcon.colcon_core.shell:Creating package script '/home/pi/robotik_alma_ws/install/alma_erste_abgabe/share/alma_erste_abgabe/package.ps1'
[11.387s] INFO:colcon.colcon_core.shell:Creating package descriptor '/home/pi/robotik_alma_ws/install/alma_erste_abgabe/share/alma_erste_abgabe/package.dsv'
[11.399s] INFO:colcon.colcon_core.shell:Creating package script '/home/pi/robotik_alma_ws/install/alma_erste_abgabe/share/alma_erste_abgabe/package.sh'
[11.408s] INFO:colcon.colcon_core.shell:Creating package script '/home/pi/robotik_alma_ws/install/alma_erste_abgabe/share/alma_erste_abgabe/package.bash'
[11.420s] INFO:colcon.colcon_core.shell:Creating package script '/home/pi/robotik_alma_ws/install/alma_erste_abgabe/share/alma_erste_abgabe/package.zsh'
[11.430s] Level 1:colcon.colcon_core.environment:create_file_with_runtime_dependencies(/home/pi/robotik_alma_ws/install/alma_erste_abgabe/share/colcon-core/packages/alma_erste_abgabe)
[11.440s] Level 1:colcon.colcon_core.environment:checking '/home/pi/robotik_alma_ws/install/alma_camera' for CMake module files
[11.444s] DEBUG:colcon.colcon_core.event_handler.log_command:Invoked command in '/home/pi/robotik_alma_ws/src/alma_camera' returned '0': PYTHONPATH=/home/pi/robotik_alma_ws/build/alma_camera/prefix_override:/home/pi/robotik_alma_ws/install/alma_camera/lib/python3.10/site-packages:${PYTHONPATH} /usr/bin/python3 -W ignore:setup.py install is deprecated setup.py egg_info --egg-base ../../build/alma_camera build --build-base /home/pi/robotik_alma_ws/build/alma_camera/build install --record /home/pi/robotik_alma_ws/build/alma_camera/install.log --single-version-externally-managed install_data
[11.448s] Level 1:colcon.colcon_core.environment:checking '/home/pi/robotik_alma_ws/install/alma_camera' for CMake config files
[11.454s] Level 1:colcon.colcon_core.environment:checking '/home/pi/robotik_alma_ws/install/alma_camera/lib'
[11.455s] Level 1:colcon.colcon_core.environment:checking '/home/pi/robotik_alma_ws/install/alma_camera/bin'
[11.456s] Level 1:colcon.colcon_core.environment:checking '/home/pi/robotik_alma_ws/install/alma_camera/lib/pkgconfig/alma_camera.pc'
[11.457s] Level 1:colcon.colcon_core.environment:checking '/home/pi/robotik_alma_ws/install/alma_camera/lib/python3.10/site-packages'
[11.457s] Level 1:colcon.colcon_core.shell:create_environment_hook('alma_camera', 'pythonpath')
[11.459s] INFO:colcon.colcon_core.shell:Creating environment hook '/home/pi/robotik_alma_ws/install/alma_camera/share/alma_camera/hook/pythonpath.ps1'
[11.462s] INFO:colcon.colcon_core.shell:Creating environment descriptor '/home/pi/robotik_alma_ws/install/alma_camera/share/alma_camera/hook/pythonpath.dsv'
[11.464s] INFO:colcon.colcon_core.shell:Creating environment hook '/home/pi/robotik_alma_ws/install/alma_camera/share/alma_camera/hook/pythonpath.sh'
[11.468s] Level 1:colcon.colcon_core.environment:checking '/home/pi/robotik_alma_ws/install/alma_camera/bin'
[11.468s] Level 1:colcon.colcon_core.environment:create_environment_scripts_only(alma_camera)
[11.469s] INFO:colcon.colcon_core.shell:Creating package script '/home/pi/robotik_alma_ws/install/alma_camera/share/alma_camera/package.ps1'
[11.472s] INFO:colcon.colcon_core.shell:Creating package descriptor '/home/pi/robotik_alma_ws/install/alma_camera/share/alma_camera/package.dsv'
[11.475s] INFO:colcon.colcon_core.shell:Creating package script '/home/pi/robotik_alma_ws/install/alma_camera/share/alma_camera/package.sh'
[11.478s] INFO:colcon.colcon_core.shell:Creating package script '/home/pi/robotik_alma_ws/install/alma_camera/share/alma_camera/package.bash'
[11.480s] INFO:colcon.colcon_core.shell:Creating package script '/home/pi/robotik_alma_ws/install/alma_camera/share/alma_camera/package.zsh'
[11.482s] Level 1:colcon.colcon_core.environment:create_file_with_runtime_dependencies(/home/pi/robotik_alma_ws/install/alma_camera/share/colcon-core/packages/alma_camera)
[11.490s] Level 1:colcon.colcon_core.environment:checking '/home/pi/robotik_alma_ws/install/alma_ultrasound' for CMake module files
[11.493s] DEBUG:colcon.colcon_core.event_handler.log_command:Invoked command in '/home/pi/robotik_alma_ws/src/alma_ultrasound' returned '0': PYTHONPATH=/home/pi/robotik_alma_ws/build/alma_ultrasound/prefix_override:/home/pi/robotik_alma_ws/install/alma_ultrasound/lib/python3.10/site-packages:${PYTHONPATH} /usr/bin/python3 -W ignore:setup.py install is deprecated setup.py egg_info --egg-base ../../build/alma_ultrasound build --build-base /home/pi/robotik_alma_ws/build/alma_ultrasound/build install --record /home/pi/robotik_alma_ws/build/alma_ultrasound/install.log --single-version-externally-managed install_data
[11.495s] Level 1:colcon.colcon_core.environment:checking '/home/pi/robotik_alma_ws/install/alma_ultrasound' for CMake config files
[11.500s] Level 1:colcon.colcon_core.environment:checking '/home/pi/robotik_alma_ws/install/alma_ultrasound/lib'
[11.501s] Level 1:colcon.colcon_core.environment:checking '/home/pi/robotik_alma_ws/install/alma_ultrasound/bin'
[11.501s] Level 1:colcon.colcon_core.environment:checking '/home/pi/robotik_alma_ws/install/alma_ultrasound/lib/pkgconfig/alma_ultrasound.pc'
[11.502s] Level 1:colcon.colcon_core.environment:checking '/home/pi/robotik_alma_ws/install/alma_ultrasound/lib/python3.10/site-packages'
[11.503s] Level 1:colcon.colcon_core.shell:create_environment_hook('alma_ultrasound', 'pythonpath')
[11.504s] INFO:colcon.colcon_core.shell:Creating environment hook '/home/pi/robotik_alma_ws/install/alma_ultrasound/share/alma_ultrasound/hook/pythonpath.ps1'
[11.507s] INFO:colcon.colcon_core.shell:Creating environment descriptor '/home/pi/robotik_alma_ws/install/alma_ultrasound/share/alma_ultrasound/hook/pythonpath.dsv'
[11.509s] INFO:colcon.colcon_core.shell:Creating environment hook '/home/pi/robotik_alma_ws/install/alma_ultrasound/share/alma_ultrasound/hook/pythonpath.sh'
[11.512s] Level 1:colcon.colcon_core.environment:checking '/home/pi/robotik_alma_ws/install/alma_ultrasound/bin'
[11.512s] Level 1:colcon.colcon_core.environment:create_environment_scripts_only(alma_ultrasound)
[11.514s] INFO:colcon.colcon_core.shell:Creating package script '/home/pi/robotik_alma_ws/install/alma_ultrasound/share/alma_ultrasound/package.ps1'
[11.516s] INFO:colcon.colcon_core.shell:Creating package descriptor '/home/pi/robotik_alma_ws/install/alma_ultrasound/share/alma_ultrasound/package.dsv'
[11.518s] INFO:colcon.colcon_core.shell:Creating package script '/home/pi/robotik_alma_ws/install/alma_ultrasound/share/alma_ultrasound/package.sh'
[11.521s] INFO:colcon.colcon_core.shell:Creating package script '/home/pi/robotik_alma_ws/install/alma_ultrasound/share/alma_ultrasound/package.bash'
[11.523s] INFO:colcon.colcon_core.shell:Creating package script '/home/pi/robotik_alma_ws/install/alma_ultrasound/share/alma_ultrasound/package.zsh'
[11.525s] Level 1:colcon.colcon_core.environment:create_file_with_runtime_dependencies(/home/pi/robotik_alma_ws/install/alma_ultrasound/share/colcon-core/packages/alma_ultrasound)
[11.528s] DEBUG:colcon.colcon_parallel_executor.executor.parallel:closing loop
[11.529s] DEBUG:colcon.colcon_parallel_executor.executor.parallel:loop closed
[11.531s] DEBUG:colcon.colcon_parallel_executor.executor.parallel:run_until_complete finished with '0'
[11.531s] DEBUG:colcon.colcon_core.event_reactor:joining thread
[11.563s] INFO:colcon.colcon_core.plugin_system:Skipping extension 'colcon_notification.desktop_notification.terminal_notifier': Not used on non-Darwin systems
[11.564s] INFO:colcon.colcon_core.plugin_system:Skipping extension 'colcon_notification.desktop_notification.win32': Not used on non-Windows systems
[11.565s] INFO:colcon.colcon_notification.desktop_notification:Sending desktop notification using 'notify2'
[11.637s] DEBUG:colcon.colcon_core.event_reactor:joined thread
[11.649s] INFO:colcon.colcon_core.shell:Creating prefix script '/home/pi/robotik_alma_ws/install/local_setup.ps1'
[11.655s] INFO:colcon.colcon_core.shell:Creating prefix util module '/home/pi/robotik_alma_ws/install/_local_setup_util_ps1.py'
[11.665s] INFO:colcon.colcon_core.shell:Creating prefix chain script '/home/pi/robotik_alma_ws/install/setup.ps1'
[11.678s] INFO:colcon.colcon_core.shell:Creating prefix script '/home/pi/robotik_alma_ws/install/local_setup.sh'
[11.683s] INFO:colcon.colcon_core.shell:Creating prefix util module '/home/pi/robotik_alma_ws/install/_local_setup_util_sh.py'
[11.687s] INFO:colcon.colcon_core.shell:Creating prefix chain script '/home/pi/robotik_alma_ws/install/setup.sh'
[11.692s] INFO:colcon.colcon_core.shell:Creating prefix script '/home/pi/robotik_alma_ws/install/local_setup.bash'
[11.695s] INFO:colcon.colcon_core.shell:Creating prefix chain script '/home/pi/robotik_alma_ws/install/setup.bash'
[11.701s] INFO:colcon.colcon_core.shell:Creating prefix script '/home/pi/robotik_alma_ws/install/local_setup.zsh'
[11.704s] INFO:colcon.colcon_core.shell:Creating prefix chain script '/home/pi/robotik_alma_ws/install/setup.zsh'
