[0.470s] DEBUG:colcon:Command line arguments: ['/usr/bin/colcon', 'build', '--packages-select', 'alma_camera']
[0.470s] DEBUG:colcon:Parsed command line arguments: Namespace(log_base=None, log_level=None, verb_name='build', build_base='build', install_base='install', merge_install=False, symlink_install=False, test_result_base=None, continue_on_error=False, executor='parallel', parallel_workers=4, event_handlers=None, ignore_user_meta=False, metas=['./colcon.meta'], base_paths=['.'], packages_ignore=None, packages_ignore_regex=None, paths=None, packages_up_to=None, packages_up_to_regex=None, packages_above=None, packages_above_and_dependencies=None, packages_above_depth=None, packages_select_by_dep=None, packages_skip_by_dep=None, packages_skip_up_to=None, packages_select_build_failed=False, packages_skip_build_finished=False, packages_select_test_failures=False, packages_skip_test_passed=False, packages_select=['alma_camera'], packages_skip=None, packages_select_regex=None, packages_skip_regex=None, packages_start=None, packages_end=None, allow_overriding=[], cmake_args=None, cmake_target=None, cmake_target_skip_unavailable=False, cmake_clean_cache=False, cmake_clean_first=False, cmake_force_configure=False, ament_cmake_args=None, catkin_cmake_args=None, catkin_skip_building_tests=False, verb_parser=<colcon_defaults.argument_parser.defaults.DefaultArgumentsDecorator object at 0xffff99cf4fa0>, verb_extension=<colcon_core.verb.build.BuildVerb object at 0xffff99e5db40>, main=<bound method BuildVerb.main of <colcon_core.verb.build.BuildVerb object at 0xffff99e5db40>>)
[1.319s] Level 1:colcon.colcon_core.package_discovery:discover_packages(colcon_meta) check parameters
[1.320s] Level 1:colcon.colcon_core.package_discovery:discover_packages(recursive) check parameters
[1.320s] Level 1:colcon.colcon_core.package_discovery:discover_packages(ignore) check parameters
[1.320s] Level 1:colcon.colcon_core.package_discovery:discover_packages(path) check parameters
[1.320s] Level 1:colcon.colcon_core.package_discovery:discover_packages(colcon_meta) discover
[1.321s] Level 1:colcon.colcon_core.package_discovery:discover_packages(recursive) discover
[1.321s] INFO:colcon.colcon_core.package_discovery:Crawling recursively for packages in '/home/pi/robotik_alma_ws'
[1.321s] Level 1:colcon.colcon_core.package_identification:_identify(.) by extensions ['ignore', 'ignore_ament_install']
[1.322s] Level 1:colcon.colcon_core.package_identification:_identify(.) by extension 'ignore'
[1.322s] Level 1:colcon.colcon_core.package_identification:_identify(.) by extension 'ignore_ament_install'
[1.322s] Level 1:colcon.colcon_core.package_identification:_identify(.) by extensions ['colcon_pkg']
[1.322s] Level 1:colcon.colcon_core.package_identification:_identify(.) by extension 'colcon_pkg'
[1.322s] Level 1:colcon.colcon_core.package_identification:_identify(.) by extensions ['colcon_meta']
[1.322s] Level 1:colcon.colcon_core.package_identification:_identify(.) by extension 'colcon_meta'
[1.323s] Level 1:colcon.colcon_core.package_identification:_identify(.) by extensions ['ros']
[1.323s] Level 1:colcon.colcon_core.package_identification:_identify(.) by extension 'ros'
[1.371s] Level 1:colcon.colcon_core.package_identification:_identify(.) by extensions ['cmake', 'python']
[1.371s] Level 1:colcon.colcon_core.package_identification:_identify(.) by extension 'cmake'
[1.372s] Level 1:colcon.colcon_core.package_identification:_identify(.) by extension 'python'
[1.372s] Level 1:colcon.colcon_core.package_identification:_identify(.) by extensions ['python_setup_py']
[1.372s] Level 1:colcon.colcon_core.package_identification:_identify(.) by extension 'python_setup_py'
[1.373s] Level 1:colcon.colcon_core.package_identification:_identify(Arduino) by extensions ['ignore', 'ignore_ament_install']
[1.373s] Level 1:colcon.colcon_core.package_identification:_identify(Arduino) by extension 'ignore'
[1.373s] Level 1:colcon.colcon_core.package_identification:_identify(Arduino) by extension 'ignore_ament_install'
[1.373s] Level 1:colcon.colcon_core.package_identification:_identify(Arduino) by extensions ['colcon_pkg']
[1.374s] Level 1:colcon.colcon_core.package_identification:_identify(Arduino) by extension 'colcon_pkg'
[1.374s] Level 1:colcon.colcon_core.package_identification:_identify(Arduino) by extensions ['colcon_meta']
[1.374s] Level 1:colcon.colcon_core.package_identification:_identify(Arduino) by extension 'colcon_meta'
[1.374s] Level 1:colcon.colcon_core.package_identification:_identify(Arduino) by extensions ['ros']
[1.374s] Level 1:colcon.colcon_core.package_identification:_identify(Arduino) by extension 'ros'
[1.374s] Level 1:colcon.colcon_core.package_identification:_identify(Arduino) by extensions ['cmake', 'python']
[1.375s] Level 1:colcon.colcon_core.package_identification:_identify(Arduino) by extension 'cmake'
[1.375s] Level 1:colcon.colcon_core.package_identification:_identify(Arduino) by extension 'python'
[1.375s] Level 1:colcon.colcon_core.package_identification:_identify(Arduino) by extensions ['python_setup_py']
[1.375s] Level 1:colcon.colcon_core.package_identification:_identify(Arduino) by extension 'python_setup_py'
[1.375s] Level 1:colcon.colcon_core.package_identification:_identify(Arduino/Arduino UNO Sketches) by extensions ['ignore', 'ignore_ament_install']
[1.376s] Level 1:colcon.colcon_core.package_identification:_identify(Arduino/Arduino UNO Sketches) by extension 'ignore'
[1.376s] Level 1:colcon.colcon_core.package_identification:_identify(Arduino/Arduino UNO Sketches) by extension 'ignore_ament_install'
[1.376s] Level 1:colcon.colcon_core.package_identification:_identify(Arduino/Arduino UNO Sketches) by extensions ['colcon_pkg']
[1.376s] Level 1:colcon.colcon_core.package_identification:_identify(Arduino/Arduino UNO Sketches) by extension 'colcon_pkg'
[1.376s] Level 1:colcon.colcon_core.package_identification:_identify(Arduino/Arduino UNO Sketches) by extensions ['colcon_meta']
[1.377s] Level 1:colcon.colcon_core.package_identification:_identify(Arduino/Arduino UNO Sketches) by extension 'colcon_meta'
[1.377s] Level 1:colcon.colcon_core.package_identification:_identify(Arduino/Arduino UNO Sketches) by extensions ['ros']
[1.377s] Level 1:colcon.colcon_core.package_identification:_identify(Arduino/Arduino UNO Sketches) by extension 'ros'
[1.377s] Level 1:colcon.colcon_core.package_identification:_identify(Arduino/Arduino UNO Sketches) by extensions ['cmake', 'python']
[1.377s] Level 1:colcon.colcon_core.package_identification:_identify(Arduino/Arduino UNO Sketches) by extension 'cmake'
[1.378s] Level 1:colcon.colcon_core.package_identification:_identify(Arduino/Arduino UNO Sketches) by extension 'python'
[1.378s] Level 1:colcon.colcon_core.package_identification:_identify(Arduino/Arduino UNO Sketches) by extensions ['python_setup_py']
[1.378s] Level 1:colcon.colcon_core.package_identification:_identify(Arduino/Arduino UNO Sketches) by extension 'python_setup_py'
[1.378s] Level 1:colcon.colcon_core.package_identification:_identify(Arduino/Arduino UNO Sketches/Blink) by extensions ['ignore', 'ignore_ament_install']
[1.379s] Level 1:colcon.colcon_core.package_identification:_identify(Arduino/Arduino UNO Sketches/Blink) by extension 'ignore'
[1.379s] Level 1:colcon.colcon_core.package_identification:_identify(Arduino/Arduino UNO Sketches/Blink) by extension 'ignore_ament_install'
[1.379s] Level 1:colcon.colcon_core.package_identification:_identify(Arduino/Arduino UNO Sketches/Blink) by extensions ['colcon_pkg']
[1.379s] Level 1:colcon.colcon_core.package_identification:_identify(Arduino/Arduino UNO Sketches/Blink) by extension 'colcon_pkg'
[1.379s] Level 1:colcon.colcon_core.package_identification:_identify(Arduino/Arduino UNO Sketches/Blink) by extensions ['colcon_meta']
[1.379s] Level 1:colcon.colcon_core.package_identification:_identify(Arduino/Arduino UNO Sketches/Blink) by extension 'colcon_meta'
[1.380s] Level 1:colcon.colcon_core.package_identification:_identify(Arduino/Arduino UNO Sketches/Blink) by extensions ['ros']
[1.380s] Level 1:colcon.colcon_core.package_identification:_identify(Arduino/Arduino UNO Sketches/Blink) by extension 'ros'
[1.380s] Level 1:colcon.colcon_core.package_identification:_identify(Arduino/Arduino UNO Sketches/Blink) by extensions ['cmake', 'python']
[1.380s] Level 1:colcon.colcon_core.package_identification:_identify(Arduino/Arduino UNO Sketches/Blink) by extension 'cmake'
[1.381s] Level 1:colcon.colcon_core.package_identification:_identify(Arduino/Arduino UNO Sketches/Blink) by extension 'python'
[1.381s] Level 1:colcon.colcon_core.package_identification:_identify(Arduino/Arduino UNO Sketches/Blink) by extensions ['python_setup_py']
[1.381s] Level 1:colcon.colcon_core.package_identification:_identify(Arduino/Arduino UNO Sketches/Blink) by extension 'python_setup_py'
[1.381s] Level 1:colcon.colcon_core.package_identification:_identify(Arduino/Arduino UNO Sketches/Clean_Ultrasonic_data) by extensions ['ignore', 'ignore_ament_install']
[1.382s] Level 1:colcon.colcon_core.package_identification:_identify(Arduino/Arduino UNO Sketches/Clean_Ultrasonic_data) by extension 'ignore'
[1.382s] Level 1:colcon.colcon_core.package_identification:_identify(Arduino/Arduino UNO Sketches/Clean_Ultrasonic_data) by extension 'ignore_ament_install'
[1.382s] Level 1:colcon.colcon_core.package_identification:_identify(Arduino/Arduino UNO Sketches/Clean_Ultrasonic_data) by extensions ['colcon_pkg']
[1.382s] Level 1:colcon.colcon_core.package_identification:_identify(Arduino/Arduino UNO Sketches/Clean_Ultrasonic_data) by extension 'colcon_pkg'
[1.382s] Level 1:colcon.colcon_core.package_identification:_identify(Arduino/Arduino UNO Sketches/Clean_Ultrasonic_data) by extensions ['colcon_meta']
[1.382s] Level 1:colcon.colcon_core.package_identification:_identify(Arduino/Arduino UNO Sketches/Clean_Ultrasonic_data) by extension 'colcon_meta'
[1.383s] Level 1:colcon.colcon_core.package_identification:_identify(Arduino/Arduino UNO Sketches/Clean_Ultrasonic_data) by extensions ['ros']
[1.383s] Level 1:colcon.colcon_core.package_identification:_identify(Arduino/Arduino UNO Sketches/Clean_Ultrasonic_data) by extension 'ros'
[1.383s] Level 1:colcon.colcon_core.package_identification:_identify(Arduino/Arduino UNO Sketches/Clean_Ultrasonic_data) by extensions ['cmake', 'python']
[1.383s] Level 1:colcon.colcon_core.package_identification:_identify(Arduino/Arduino UNO Sketches/Clean_Ultrasonic_data) by extension 'cmake'
[1.383s] Level 1:colcon.colcon_core.package_identification:_identify(Arduino/Arduino UNO Sketches/Clean_Ultrasonic_data) by extension 'python'
[1.384s] Level 1:colcon.colcon_core.package_identification:_identify(Arduino/Arduino UNO Sketches/Clean_Ultrasonic_data) by extensions ['python_setup_py']
[1.384s] Level 1:colcon.colcon_core.package_identification:_identify(Arduino/Arduino UNO Sketches/Clean_Ultrasonic_data) by extension 'python_setup_py'
[1.384s] Level 1:colcon.colcon_core.package_identification:_identify(Arduino/Arduino UNO Sketches/Labor_1-Servo_Ultrasound_with_ArduinoUNO) by extensions ['ignore', 'ignore_ament_install']
[1.385s] Level 1:colcon.colcon_core.package_identification:_identify(Arduino/Arduino UNO Sketches/Labor_1-Servo_Ultrasound_with_ArduinoUNO) by extension 'ignore'
[1.385s] Level 1:colcon.colcon_core.package_identification:_identify(Arduino/Arduino UNO Sketches/Labor_1-Servo_Ultrasound_with_ArduinoUNO) by extension 'ignore_ament_install'
[1.385s] Level 1:colcon.colcon_core.package_identification:_identify(Arduino/Arduino UNO Sketches/Labor_1-Servo_Ultrasound_with_ArduinoUNO) by extensions ['colcon_pkg']
[1.385s] Level 1:colcon.colcon_core.package_identification:_identify(Arduino/Arduino UNO Sketches/Labor_1-Servo_Ultrasound_with_ArduinoUNO) by extension 'colcon_pkg'
[1.385s] Level 1:colcon.colcon_core.package_identification:_identify(Arduino/Arduino UNO Sketches/Labor_1-Servo_Ultrasound_with_ArduinoUNO) by extensions ['colcon_meta']
[1.385s] Level 1:colcon.colcon_core.package_identification:_identify(Arduino/Arduino UNO Sketches/Labor_1-Servo_Ultrasound_with_ArduinoUNO) by extension 'colcon_meta'
[1.386s] Level 1:colcon.colcon_core.package_identification:_identify(Arduino/Arduino UNO Sketches/Labor_1-Servo_Ultrasound_with_ArduinoUNO) by extensions ['ros']
[1.386s] Level 1:colcon.colcon_core.package_identification:_identify(Arduino/Arduino UNO Sketches/Labor_1-Servo_Ultrasound_with_ArduinoUNO) by extension 'ros'
[1.386s] Level 1:colcon.colcon_core.package_identification:_identify(Arduino/Arduino UNO Sketches/Labor_1-Servo_Ultrasound_with_ArduinoUNO) by extensions ['cmake', 'python']
[1.386s] Level 1:colcon.colcon_core.package_identification:_identify(Arduino/Arduino UNO Sketches/Labor_1-Servo_Ultrasound_with_ArduinoUNO) by extension 'cmake'
[1.386s] Level 1:colcon.colcon_core.package_identification:_identify(Arduino/Arduino UNO Sketches/Labor_1-Servo_Ultrasound_with_ArduinoUNO) by extension 'python'
[1.386s] Level 1:colcon.colcon_core.package_identification:_identify(Arduino/Arduino UNO Sketches/Labor_1-Servo_Ultrasound_with_ArduinoUNO) by extensions ['python_setup_py']
[1.387s] Level 1:colcon.colcon_core.package_identification:_identify(Arduino/Arduino UNO Sketches/Labor_1-Servo_Ultrasound_with_ArduinoUNO) by extension 'python_setup_py'
[1.387s] Level 1:colcon.colcon_core.package_identification:_identify(Arduino/Arduino UNO Sketches/Raw_Servo_and_Ultrasonic_Code) by extensions ['ignore', 'ignore_ament_install']
[1.387s] Level 1:colcon.colcon_core.package_identification:_identify(Arduino/Arduino UNO Sketches/Raw_Servo_and_Ultrasonic_Code) by extension 'ignore'
[1.388s] Level 1:colcon.colcon_core.package_identification:_identify(Arduino/Arduino UNO Sketches/Raw_Servo_and_Ultrasonic_Code) by extension 'ignore_ament_install'
[1.388s] Level 1:colcon.colcon_core.package_identification:_identify(Arduino/Arduino UNO Sketches/Raw_Servo_and_Ultrasonic_Code) by extensions ['colcon_pkg']
[1.388s] Level 1:colcon.colcon_core.package_identification:_identify(Arduino/Arduino UNO Sketches/Raw_Servo_and_Ultrasonic_Code) by extension 'colcon_pkg'
[1.388s] Level 1:colcon.colcon_core.package_identification:_identify(Arduino/Arduino UNO Sketches/Raw_Servo_and_Ultrasonic_Code) by extensions ['colcon_meta']
[1.388s] Level 1:colcon.colcon_core.package_identification:_identify(Arduino/Arduino UNO Sketches/Raw_Servo_and_Ultrasonic_Code) by extension 'colcon_meta'
[1.388s] Level 1:colcon.colcon_core.package_identification:_identify(Arduino/Arduino UNO Sketches/Raw_Servo_and_Ultrasonic_Code) by extensions ['ros']
[1.389s] Level 1:colcon.colcon_core.package_identification:_identify(Arduino/Arduino UNO Sketches/Raw_Servo_and_Ultrasonic_Code) by extension 'ros'
[1.389s] Level 1:colcon.colcon_core.package_identification:_identify(Arduino/Arduino UNO Sketches/Raw_Servo_and_Ultrasonic_Code) by extensions ['cmake', 'python']
[1.389s] Level 1:colcon.colcon_core.package_identification:_identify(Arduino/Arduino UNO Sketches/Raw_Servo_and_Ultrasonic_Code) by extension 'cmake'
[1.389s] Level 1:colcon.colcon_core.package_identification:_identify(Arduino/Arduino UNO Sketches/Raw_Servo_and_Ultrasonic_Code) by extension 'python'
[1.389s] Level 1:colcon.colcon_core.package_identification:_identify(Arduino/Arduino UNO Sketches/Raw_Servo_and_Ultrasonic_Code) by extensions ['python_setup_py']
[1.389s] Level 1:colcon.colcon_core.package_identification:_identify(Arduino/Arduino UNO Sketches/Raw_Servo_and_Ultrasonic_Code) by extension 'python_setup_py'
[1.390s] Level 1:colcon.colcon_core.package_identification:_identify(Arduino/Teensy 4.0 Sketches) by extensions ['ignore', 'ignore_ament_install']
[1.390s] Level 1:colcon.colcon_core.package_identification:_identify(Arduino/Teensy 4.0 Sketches) by extension 'ignore'
[1.390s] Level 1:colcon.colcon_core.package_identification:_identify(Arduino/Teensy 4.0 Sketches) by extension 'ignore_ament_install'
[1.391s] Level 1:colcon.colcon_core.package_identification:_identify(Arduino/Teensy 4.0 Sketches) by extensions ['colcon_pkg']
[1.391s] Level 1:colcon.colcon_core.package_identification:_identify(Arduino/Teensy 4.0 Sketches) by extension 'colcon_pkg'
[1.391s] Level 1:colcon.colcon_core.package_identification:_identify(Arduino/Teensy 4.0 Sketches) by extensions ['colcon_meta']
[1.391s] Level 1:colcon.colcon_core.package_identification:_identify(Arduino/Teensy 4.0 Sketches) by extension 'colcon_meta'
[1.391s] Level 1:colcon.colcon_core.package_identification:_identify(Arduino/Teensy 4.0 Sketches) by extensions ['ros']
[1.391s] Level 1:colcon.colcon_core.package_identification:_identify(Arduino/Teensy 4.0 Sketches) by extension 'ros'
[1.392s] Level 1:colcon.colcon_core.package_identification:_identify(Arduino/Teensy 4.0 Sketches) by extensions ['cmake', 'python']
[1.392s] Level 1:colcon.colcon_core.package_identification:_identify(Arduino/Teensy 4.0 Sketches) by extension 'cmake'
[1.392s] Level 1:colcon.colcon_core.package_identification:_identify(Arduino/Teensy 4.0 Sketches) by extension 'python'
[1.392s] Level 1:colcon.colcon_core.package_identification:_identify(Arduino/Teensy 4.0 Sketches) by extensions ['python_setup_py']
[1.392s] Level 1:colcon.colcon_core.package_identification:_identify(Arduino/Teensy 4.0 Sketches) by extension 'python_setup_py'
[1.393s] Level 1:colcon.colcon_core.package_identification:_identify(Arduino/Teensy 4.0 Sketches/Grade_Aus_Fahren) by extensions ['ignore', 'ignore_ament_install']
[1.393s] Level 1:colcon.colcon_core.package_identification:_identify(Arduino/Teensy 4.0 Sketches/Grade_Aus_Fahren) by extension 'ignore'
[1.393s] Level 1:colcon.colcon_core.package_identification:_identify(Arduino/Teensy 4.0 Sketches/Grade_Aus_Fahren) by extension 'ignore_ament_install'
[1.394s] Level 1:colcon.colcon_core.package_identification:_identify(Arduino/Teensy 4.0 Sketches/Grade_Aus_Fahren) by extensions ['colcon_pkg']
[1.394s] Level 1:colcon.colcon_core.package_identification:_identify(Arduino/Teensy 4.0 Sketches/Grade_Aus_Fahren) by extension 'colcon_pkg'
[1.394s] Level 1:colcon.colcon_core.package_identification:_identify(Arduino/Teensy 4.0 Sketches/Grade_Aus_Fahren) by extensions ['colcon_meta']
[1.394s] Level 1:colcon.colcon_core.package_identification:_identify(Arduino/Teensy 4.0 Sketches/Grade_Aus_Fahren) by extension 'colcon_meta'
[1.394s] Level 1:colcon.colcon_core.package_identification:_identify(Arduino/Teensy 4.0 Sketches/Grade_Aus_Fahren) by extensions ['ros']
[1.394s] Level 1:colcon.colcon_core.package_identification:_identify(Arduino/Teensy 4.0 Sketches/Grade_Aus_Fahren) by extension 'ros'
[1.395s] Level 1:colcon.colcon_core.package_identification:_identify(Arduino/Teensy 4.0 Sketches/Grade_Aus_Fahren) by extensions ['cmake', 'python']
[1.395s] Level 1:colcon.colcon_core.package_identification:_identify(Arduino/Teensy 4.0 Sketches/Grade_Aus_Fahren) by extension 'cmake'
[1.395s] Level 1:colcon.colcon_core.package_identification:_identify(Arduino/Teensy 4.0 Sketches/Grade_Aus_Fahren) by extension 'python'
[1.395s] Level 1:colcon.colcon_core.package_identification:_identify(Arduino/Teensy 4.0 Sketches/Grade_Aus_Fahren) by extensions ['python_setup_py']
[1.395s] Level 1:colcon.colcon_core.package_identification:_identify(Arduino/Teensy 4.0 Sketches/Grade_Aus_Fahren) by extension 'python_setup_py'
[1.396s] Level 1:colcon.colcon_core.package_identification:_identify(Arduino/Teensy 4.0 Sketches/Sanduhr_Quadrat) by extensions ['ignore', 'ignore_ament_install']
[1.396s] Level 1:colcon.colcon_core.package_identification:_identify(Arduino/Teensy 4.0 Sketches/Sanduhr_Quadrat) by extension 'ignore'
[1.396s] Level 1:colcon.colcon_core.package_identification:_identify(Arduino/Teensy 4.0 Sketches/Sanduhr_Quadrat) by extension 'ignore_ament_install'
[1.396s] Level 1:colcon.colcon_core.package_identification:_identify(Arduino/Teensy 4.0 Sketches/Sanduhr_Quadrat) by extensions ['colcon_pkg']
[1.397s] Level 1:colcon.colcon_core.package_identification:_identify(Arduino/Teensy 4.0 Sketches/Sanduhr_Quadrat) by extension 'colcon_pkg'
[1.397s] Level 1:colcon.colcon_core.package_identification:_identify(Arduino/Teensy 4.0 Sketches/Sanduhr_Quadrat) by extensions ['colcon_meta']
[1.397s] Level 1:colcon.colcon_core.package_identification:_identify(Arduino/Teensy 4.0 Sketches/Sanduhr_Quadrat) by extension 'colcon_meta'
[1.397s] Level 1:colcon.colcon_core.package_identification:_identify(Arduino/Teensy 4.0 Sketches/Sanduhr_Quadrat) by extensions ['ros']
[1.397s] Level 1:colcon.colcon_core.package_identification:_identify(Arduino/Teensy 4.0 Sketches/Sanduhr_Quadrat) by extension 'ros'
[1.398s] Level 1:colcon.colcon_core.package_identification:_identify(Arduino/Teensy 4.0 Sketches/Sanduhr_Quadrat) by extensions ['cmake', 'python']
[1.398s] Level 1:colcon.colcon_core.package_identification:_identify(Arduino/Teensy 4.0 Sketches/Sanduhr_Quadrat) by extension 'cmake'
[1.398s] Level 1:colcon.colcon_core.package_identification:_identify(Arduino/Teensy 4.0 Sketches/Sanduhr_Quadrat) by extension 'python'
[1.398s] Level 1:colcon.colcon_core.package_identification:_identify(Arduino/Teensy 4.0 Sketches/Sanduhr_Quadrat) by extensions ['python_setup_py']
[1.398s] Level 1:colcon.colcon_core.package_identification:_identify(Arduino/Teensy 4.0 Sketches/Sanduhr_Quadrat) by extension 'python_setup_py'
[1.399s] Level 1:colcon.colcon_core.package_identification:_identify(Arduino/Teensy 4.0 Sketches/Servo_Mit_Ros) by extensions ['ignore', 'ignore_ament_install']
[1.399s] Level 1:colcon.colcon_core.package_identification:_identify(Arduino/Teensy 4.0 Sketches/Servo_Mit_Ros) by extension 'ignore'
[1.399s] Level 1:colcon.colcon_core.package_identification:_identify(Arduino/Teensy 4.0 Sketches/Servo_Mit_Ros) by extension 'ignore_ament_install'
[1.399s] Level 1:colcon.colcon_core.package_identification:_identify(Arduino/Teensy 4.0 Sketches/Servo_Mit_Ros) by extensions ['colcon_pkg']
[1.399s] Level 1:colcon.colcon_core.package_identification:_identify(Arduino/Teensy 4.0 Sketches/Servo_Mit_Ros) by extension 'colcon_pkg'
[1.400s] Level 1:colcon.colcon_core.package_identification:_identify(Arduino/Teensy 4.0 Sketches/Servo_Mit_Ros) by extensions ['colcon_meta']
[1.400s] Level 1:colcon.colcon_core.package_identification:_identify(Arduino/Teensy 4.0 Sketches/Servo_Mit_Ros) by extension 'colcon_meta'
[1.400s] Level 1:colcon.colcon_core.package_identification:_identify(Arduino/Teensy 4.0 Sketches/Servo_Mit_Ros) by extensions ['ros']
[1.400s] Level 1:colcon.colcon_core.package_identification:_identify(Arduino/Teensy 4.0 Sketches/Servo_Mit_Ros) by extension 'ros'
[1.400s] Level 1:colcon.colcon_core.package_identification:_identify(Arduino/Teensy 4.0 Sketches/Servo_Mit_Ros) by extensions ['cmake', 'python']
[1.401s] Level 1:colcon.colcon_core.package_identification:_identify(Arduino/Teensy 4.0 Sketches/Servo_Mit_Ros) by extension 'cmake'
[1.401s] Level 1:colcon.colcon_core.package_identification:_identify(Arduino/Teensy 4.0 Sketches/Servo_Mit_Ros) by extension 'python'
[1.401s] Level 1:colcon.colcon_core.package_identification:_identify(Arduino/Teensy 4.0 Sketches/Servo_Mit_Ros) by extensions ['python_setup_py']
[1.401s] Level 1:colcon.colcon_core.package_identification:_identify(Arduino/Teensy 4.0 Sketches/Servo_Mit_Ros) by extension 'python_setup_py'
[1.402s] Level 1:colcon.colcon_core.package_identification:_identify(Arduino/Teensy 4.0 Sketches/Test-Sketch) by extensions ['ignore', 'ignore_ament_install']
[1.402s] Level 1:colcon.colcon_core.package_identification:_identify(Arduino/Teensy 4.0 Sketches/Test-Sketch) by extension 'ignore'
[1.402s] Level 1:colcon.colcon_core.package_identification:_identify(Arduino/Teensy 4.0 Sketches/Test-Sketch) by extension 'ignore_ament_install'
[1.402s] Level 1:colcon.colcon_core.package_identification:_identify(Arduino/Teensy 4.0 Sketches/Test-Sketch) by extensions ['colcon_pkg']
[1.402s] Level 1:colcon.colcon_core.package_identification:_identify(Arduino/Teensy 4.0 Sketches/Test-Sketch) by extension 'colcon_pkg'
[1.403s] Level 1:colcon.colcon_core.package_identification:_identify(Arduino/Teensy 4.0 Sketches/Test-Sketch) by extensions ['colcon_meta']
[1.403s] Level 1:colcon.colcon_core.package_identification:_identify(Arduino/Teensy 4.0 Sketches/Test-Sketch) by extension 'colcon_meta'
[1.403s] Level 1:colcon.colcon_core.package_identification:_identify(Arduino/Teensy 4.0 Sketches/Test-Sketch) by extensions ['ros']
[1.403s] Level 1:colcon.colcon_core.package_identification:_identify(Arduino/Teensy 4.0 Sketches/Test-Sketch) by extension 'ros'
[1.403s] Level 1:colcon.colcon_core.package_identification:_identify(Arduino/Teensy 4.0 Sketches/Test-Sketch) by extensions ['cmake', 'python']
[1.404s] Level 1:colcon.colcon_core.package_identification:_identify(Arduino/Teensy 4.0 Sketches/Test-Sketch) by extension 'cmake'
[1.404s] Level 1:colcon.colcon_core.package_identification:_identify(Arduino/Teensy 4.0 Sketches/Test-Sketch) by extension 'python'
[1.404s] Level 1:colcon.colcon_core.package_identification:_identify(Arduino/Teensy 4.0 Sketches/Test-Sketch) by extensions ['python_setup_py']
[1.404s] Level 1:colcon.colcon_core.package_identification:_identify(Arduino/Teensy 4.0 Sketches/Test-Sketch) by extension 'python_setup_py'
[1.404s] Level 1:colcon.colcon_core.package_identification:_identify(Arduino/Teensy 4.0 Sketches/sketch_Servo360Studentsino) by extensions ['ignore', 'ignore_ament_install']
[1.405s] Level 1:colcon.colcon_core.package_identification:_identify(Arduino/Teensy 4.0 Sketches/sketch_Servo360Studentsino) by extension 'ignore'
[1.405s] Level 1:colcon.colcon_core.package_identification:_identify(Arduino/Teensy 4.0 Sketches/sketch_Servo360Studentsino) by extension 'ignore_ament_install'
[1.405s] Level 1:colcon.colcon_core.package_identification:_identify(Arduino/Teensy 4.0 Sketches/sketch_Servo360Studentsino) by extensions ['colcon_pkg']
[1.405s] Level 1:colcon.colcon_core.package_identification:_identify(Arduino/Teensy 4.0 Sketches/sketch_Servo360Studentsino) by extension 'colcon_pkg'
[1.405s] Level 1:colcon.colcon_core.package_identification:_identify(Arduino/Teensy 4.0 Sketches/sketch_Servo360Studentsino) by extensions ['colcon_meta']
[1.406s] Level 1:colcon.colcon_core.package_identification:_identify(Arduino/Teensy 4.0 Sketches/sketch_Servo360Studentsino) by extension 'colcon_meta'
[1.406s] Level 1:colcon.colcon_core.package_identification:_identify(Arduino/Teensy 4.0 Sketches/sketch_Servo360Studentsino) by extensions ['ros']
[1.406s] Level 1:colcon.colcon_core.package_identification:_identify(Arduino/Teensy 4.0 Sketches/sketch_Servo360Studentsino) by extension 'ros'
[1.406s] Level 1:colcon.colcon_core.package_identification:_identify(Arduino/Teensy 4.0 Sketches/sketch_Servo360Studentsino) by extensions ['cmake', 'python']
[1.407s] Level 1:colcon.colcon_core.package_identification:_identify(Arduino/Teensy 4.0 Sketches/sketch_Servo360Studentsino) by extension 'cmake'
[1.407s] Level 1:colcon.colcon_core.package_identification:_identify(Arduino/Teensy 4.0 Sketches/sketch_Servo360Studentsino) by extension 'python'
[1.407s] Level 1:colcon.colcon_core.package_identification:_identify(Arduino/Teensy 4.0 Sketches/sketch_Servo360Studentsino) by extensions ['python_setup_py']
[1.407s] Level 1:colcon.colcon_core.package_identification:_identify(Arduino/Teensy 4.0 Sketches/sketch_Servo360Studentsino) by extension 'python_setup_py'
[1.407s] Level 1:colcon.colcon_core.package_identification:_identify(build) by extensions ['ignore', 'ignore_ament_install']
[1.408s] Level 1:colcon.colcon_core.package_identification:_identify(build) by extension 'ignore'
[1.408s] Level 1:colcon.colcon_core.package_identification:_identify(build) ignored
[1.408s] Level 1:colcon.colcon_core.package_identification:_identify(install) by extensions ['ignore', 'ignore_ament_install']
[1.409s] Level 1:colcon.colcon_core.package_identification:_identify(install) by extension 'ignore'
[1.409s] Level 1:colcon.colcon_core.package_identification:_identify(install) ignored
[1.410s] Level 1:colcon.colcon_core.package_identification:_identify(log) by extensions ['ignore', 'ignore_ament_install']
[1.410s] Level 1:colcon.colcon_core.package_identification:_identify(log) by extension 'ignore'
[1.410s] Level 1:colcon.colcon_core.package_identification:_identify(log) ignored
[1.411s] Level 1:colcon.colcon_core.package_identification:_identify(src) by extensions ['ignore', 'ignore_ament_install']
[1.411s] Level 1:colcon.colcon_core.package_identification:_identify(src) by extension 'ignore'
[1.411s] Level 1:colcon.colcon_core.package_identification:_identify(src) by extension 'ignore_ament_install'
[1.411s] Level 1:colcon.colcon_core.package_identification:_identify(src) by extensions ['colcon_pkg']
[1.412s] Level 1:colcon.colcon_core.package_identification:_identify(src) by extension 'colcon_pkg'
[1.412s] Level 1:colcon.colcon_core.package_identification:_identify(src) by extensions ['colcon_meta']
[1.412s] Level 1:colcon.colcon_core.package_identification:_identify(src) by extension 'colcon_meta'
[1.412s] Level 1:colcon.colcon_core.package_identification:_identify(src) by extensions ['ros']
[1.412s] Level 1:colcon.colcon_core.package_identification:_identify(src) by extension 'ros'
[1.413s] Level 1:colcon.colcon_core.package_identification:_identify(src) by extensions ['cmake', 'python']
[1.413s] Level 1:colcon.colcon_core.package_identification:_identify(src) by extension 'cmake'
[1.413s] Level 1:colcon.colcon_core.package_identification:_identify(src) by extension 'python'
[1.413s] Level 1:colcon.colcon_core.package_identification:_identify(src) by extensions ['python_setup_py']
[1.413s] Level 1:colcon.colcon_core.package_identification:_identify(src) by extension 'python_setup_py'
[1.414s] Level 1:colcon.colcon_core.package_identification:_identify(src/alma_camera) by extensions ['ignore', 'ignore_ament_install']
[1.414s] Level 1:colcon.colcon_core.package_identification:_identify(src/alma_camera) by extension 'ignore'
[1.414s] Level 1:colcon.colcon_core.package_identification:_identify(src/alma_camera) by extension 'ignore_ament_install'
[1.414s] Level 1:colcon.colcon_core.package_identification:_identify(src/alma_camera) by extensions ['colcon_pkg']
[1.414s] Level 1:colcon.colcon_core.package_identification:_identify(src/alma_camera) by extension 'colcon_pkg'
[1.415s] Level 1:colcon.colcon_core.package_identification:_identify(src/alma_camera) by extensions ['colcon_meta']
[1.415s] Level 1:colcon.colcon_core.package_identification:_identify(src/alma_camera) by extension 'colcon_meta'
[1.415s] Level 1:colcon.colcon_core.package_identification:_identify(src/alma_camera) by extensions ['ros']
[1.415s] Level 1:colcon.colcon_core.package_identification:_identify(src/alma_camera) by extension 'ros'
[1.424s] DEBUG:colcon.colcon_core.package_identification:Package 'src/alma_camera' with type 'ros.ament_python' and name 'alma_camera'
[1.424s] Level 1:colcon.colcon_core.package_identification:_identify(src/alma_erste_abgabe) by extensions ['ignore', 'ignore_ament_install']
[1.425s] Level 1:colcon.colcon_core.package_identification:_identify(src/alma_erste_abgabe) by extension 'ignore'
[1.425s] Level 1:colcon.colcon_core.package_identification:_identify(src/alma_erste_abgabe) by extension 'ignore_ament_install'
[1.425s] Level 1:colcon.colcon_core.package_identification:_identify(src/alma_erste_abgabe) by extensions ['colcon_pkg']
[1.425s] Level 1:colcon.colcon_core.package_identification:_identify(src/alma_erste_abgabe) by extension 'colcon_pkg'
[1.425s] Level 1:colcon.colcon_core.package_identification:_identify(src/alma_erste_abgabe) by extensions ['colcon_meta']
[1.425s] Level 1:colcon.colcon_core.package_identification:_identify(src/alma_erste_abgabe) by extension 'colcon_meta'
[1.426s] Level 1:colcon.colcon_core.package_identification:_identify(src/alma_erste_abgabe) by extensions ['ros']
[1.426s] Level 1:colcon.colcon_core.package_identification:_identify(src/alma_erste_abgabe) by extension 'ros'
[1.428s] DEBUG:colcon.colcon_core.package_identification:Package 'src/alma_erste_abgabe' with type 'ros.ament_python' and name 'alma_erste_abgabe'
[1.429s] Level 1:colcon.colcon_core.package_identification:_identify(src/alma_ultrasound) by extensions ['ignore', 'ignore_ament_install']
[1.429s] Level 1:colcon.colcon_core.package_identification:_identify(src/alma_ultrasound) by extension 'ignore'
[1.430s] Level 1:colcon.colcon_core.package_identification:_identify(src/alma_ultrasound) by extension 'ignore_ament_install'
[1.430s] Level 1:colcon.colcon_core.package_identification:_identify(src/alma_ultrasound) by extensions ['colcon_pkg']
[1.430s] Level 1:colcon.colcon_core.package_identification:_identify(src/alma_ultrasound) by extension 'colcon_pkg'
[1.430s] Level 1:colcon.colcon_core.package_identification:_identify(src/alma_ultrasound) by extensions ['colcon_meta']
[1.430s] Level 1:colcon.colcon_core.package_identification:_identify(src/alma_ultrasound) by extension 'colcon_meta'
[1.430s] Level 1:colcon.colcon_core.package_identification:_identify(src/alma_ultrasound) by extensions ['ros']
[1.431s] Level 1:colcon.colcon_core.package_identification:_identify(src/alma_ultrasound) by extension 'ros'
[1.433s] DEBUG:colcon.colcon_core.package_identification:Package 'src/alma_ultrasound' with type 'ros.ament_python' and name 'alma_ultrasound'
[1.433s] Level 1:colcon.colcon_core.package_discovery:discover_packages(recursive) using defaults
[1.433s] Level 1:colcon.colcon_core.package_discovery:discover_packages(ignore) discover
[1.433s] Level 1:colcon.colcon_core.package_discovery:discover_packages(ignore) using defaults
[1.433s] Level 1:colcon.colcon_core.package_discovery:discover_packages(path) discover
[1.433s] Level 1:colcon.colcon_core.package_discovery:discover_packages(path) using defaults
[1.558s] INFO:colcon.colcon_core.package_selection:Skipping not selected package 'alma_erste_abgabe' in 'src/alma_erste_abgabe'
[1.559s] INFO:colcon.colcon_core.package_selection:Skipping not selected package 'alma_ultrasound' in 'src/alma_ultrasound'
[1.560s] Level 1:colcon.colcon_core.package_discovery:discover_packages(prefix_path) check parameters
[1.560s] Level 1:colcon.colcon_core.package_discovery:discover_packages(prefix_path) discover
[1.569s] DEBUG:colcon.colcon_installed_package_information.package_discovery:Found 3 installed packages in /home/pi/robotik_alma_ws/install
[1.579s] DEBUG:colcon.colcon_installed_package_information.package_discovery:Found 309 installed packages in /opt/ros/iron
[1.586s] Level 1:colcon.colcon_core.package_discovery:discover_packages(prefix_path) using defaults
[1.794s] Level 5:colcon.colcon_core.verb:set package 'alma_camera' build argument 'cmake_args' from command line to 'None'
[1.794s] Level 5:colcon.colcon_core.verb:set package 'alma_camera' build argument 'cmake_target' from command line to 'None'
[1.794s] Level 5:colcon.colcon_core.verb:set package 'alma_camera' build argument 'cmake_target_skip_unavailable' from command line to 'False'
[1.794s] Level 5:colcon.colcon_core.verb:set package 'alma_camera' build argument 'cmake_clean_cache' from command line to 'False'
[1.795s] Level 5:colcon.colcon_core.verb:set package 'alma_camera' build argument 'cmake_clean_first' from command line to 'False'
[1.795s] Level 5:colcon.colcon_core.verb:set package 'alma_camera' build argument 'cmake_force_configure' from command line to 'False'
[1.795s] Level 5:colcon.colcon_core.verb:set package 'alma_camera' build argument 'ament_cmake_args' from command line to 'None'
[1.795s] Level 5:colcon.colcon_core.verb:set package 'alma_camera' build argument 'catkin_cmake_args' from command line to 'None'
[1.795s] Level 5:colcon.colcon_core.verb:set package 'alma_camera' build argument 'catkin_skip_building_tests' from command line to 'False'
[1.795s] DEBUG:colcon.colcon_core.verb:Building package 'alma_camera' with the following arguments: {'ament_cmake_args': None, 'build_base': '/home/pi/robotik_alma_ws/build/alma_camera', 'catkin_cmake_args': None, 'catkin_skip_building_tests': False, 'cmake_args': None, 'cmake_clean_cache': False, 'cmake_clean_first': False, 'cmake_force_configure': False, 'cmake_target': None, 'cmake_target_skip_unavailable': False, 'install_base': '/home/pi/robotik_alma_ws/install/alma_camera', 'merge_install': False, 'path': '/home/pi/robotik_alma_ws/src/alma_camera', 'symlink_install': False, 'test_result_base': None}
[1.796s] INFO:colcon.colcon_core.executor:Executing jobs using 'parallel' executor
[1.799s] DEBUG:colcon.colcon_parallel_executor.executor.parallel:run_until_complete
[1.800s] INFO:colcon.colcon_ros.task.ament_python.build:Building ROS package in '/home/pi/robotik_alma_ws/src/alma_camera' with build type 'ament_python'
[1.801s] Level 1:colcon.colcon_core.shell:create_environment_hook('alma_camera', 'ament_prefix_path')
[1.810s] INFO:colcon.colcon_core.plugin_system:Skipping extension 'colcon_core.shell.bat': Not used on non-Windows systems
[1.811s] INFO:colcon.colcon_core.shell:Creating environment hook '/home/pi/robotik_alma_ws/install/alma_camera/share/alma_camera/hook/ament_prefix_path.ps1'
[1.815s] INFO:colcon.colcon_core.shell:Creating environment descriptor '/home/pi/robotik_alma_ws/install/alma_camera/share/alma_camera/hook/ament_prefix_path.dsv'
[1.817s] INFO:colcon.colcon_core.shell:Creating environment hook '/home/pi/robotik_alma_ws/install/alma_camera/share/alma_camera/hook/ament_prefix_path.sh'
[1.820s] INFO:colcon.colcon_core.shell:Skip shell extension 'powershell' for command environment: Not usable outside of PowerShell
[1.821s] DEBUG:colcon.colcon_core.shell:Skip shell extension 'dsv' for command environment
[3.134s] INFO:colcon.colcon_core.task.python.build:Building Python package in '/home/pi/robotik_alma_ws/src/alma_camera'
[3.136s] INFO:colcon.colcon_core.shell:Skip shell extension 'powershell' for command environment: Not usable outside of PowerShell
[3.136s] DEBUG:colcon.colcon_core.shell:Skip shell extension 'dsv' for command environment
[4.776s] DEBUG:colcon.colcon_core.event_handler.log_command:Invoking command in '/home/pi/robotik_alma_ws/src/alma_camera': PYTHONPATH=/home/pi/robotik_alma_ws/build/alma_camera/prefix_override:/home/pi/robotik_alma_ws/install/alma_camera/lib/python3.10/site-packages:${PYTHONPATH} /usr/bin/python3 -W ignore:setup.py install is deprecated setup.py egg_info --egg-base ../../build/alma_camera build --build-base /home/pi/robotik_alma_ws/build/alma_camera/build install --record /home/pi/robotik_alma_ws/build/alma_camera/install.log --single-version-externally-managed install_data
[6.262s] DEBUG:colcon.colcon_core.event_handler.log_command:Invoked command in '/home/pi/robotik_alma_ws/src/alma_camera' returned '0': PYTHONPATH=/home/pi/robotik_alma_ws/build/alma_camera/prefix_override:/home/pi/robotik_alma_ws/install/alma_camera/lib/python3.10/site-packages:${PYTHONPATH} /usr/bin/python3 -W ignore:setup.py install is deprecated setup.py egg_info --egg-base ../../build/alma_camera build --build-base /home/pi/robotik_alma_ws/build/alma_camera/build install --record /home/pi/robotik_alma_ws/build/alma_camera/install.log --single-version-externally-managed install_data
[6.276s] Level 1:colcon.colcon_core.environment:checking '/home/pi/robotik_alma_ws/install/alma_camera' for CMake module files
[6.279s] Level 1:colcon.colcon_core.environment:checking '/home/pi/robotik_alma_ws/install/alma_camera' for CMake config files
[6.284s] Level 1:colcon.colcon_core.environment:checking '/home/pi/robotik_alma_ws/install/alma_camera/lib'
[6.285s] Level 1:colcon.colcon_core.environment:checking '/home/pi/robotik_alma_ws/install/alma_camera/bin'
[6.285s] Level 1:colcon.colcon_core.environment:checking '/home/pi/robotik_alma_ws/install/alma_camera/lib/pkgconfig/alma_camera.pc'
[6.286s] Level 1:colcon.colcon_core.environment:checking '/home/pi/robotik_alma_ws/install/alma_camera/lib/python3.10/site-packages'
[6.286s] Level 1:colcon.colcon_core.shell:create_environment_hook('alma_camera', 'pythonpath')
[6.287s] INFO:colcon.colcon_core.shell:Creating environment hook '/home/pi/robotik_alma_ws/install/alma_camera/share/alma_camera/hook/pythonpath.ps1'
[6.289s] INFO:colcon.colcon_core.shell:Creating environment descriptor '/home/pi/robotik_alma_ws/install/alma_camera/share/alma_camera/hook/pythonpath.dsv'
[6.291s] INFO:colcon.colcon_core.shell:Creating environment hook '/home/pi/robotik_alma_ws/install/alma_camera/share/alma_camera/hook/pythonpath.sh'
[6.293s] Level 1:colcon.colcon_core.environment:checking '/home/pi/robotik_alma_ws/install/alma_camera/bin'
[6.294s] Level 1:colcon.colcon_core.environment:create_environment_scripts_only(alma_camera)
[6.295s] INFO:colcon.colcon_core.shell:Creating package script '/home/pi/robotik_alma_ws/install/alma_camera/share/alma_camera/package.ps1'
[6.298s] INFO:colcon.colcon_core.shell:Creating package descriptor '/home/pi/robotik_alma_ws/install/alma_camera/share/alma_camera/package.dsv'
[6.302s] INFO:colcon.colcon_core.shell:Creating package script '/home/pi/robotik_alma_ws/install/alma_camera/share/alma_camera/package.sh'
[6.306s] INFO:colcon.colcon_core.shell:Creating package script '/home/pi/robotik_alma_ws/install/alma_camera/share/alma_camera/package.bash'
[6.310s] INFO:colcon.colcon_core.shell:Creating package script '/home/pi/robotik_alma_ws/install/alma_camera/share/alma_camera/package.zsh'
[6.312s] Level 1:colcon.colcon_core.environment:create_file_with_runtime_dependencies(/home/pi/robotik_alma_ws/install/alma_camera/share/colcon-core/packages/alma_camera)
[6.314s] DEBUG:colcon.colcon_parallel_executor.executor.parallel:closing loop
[6.315s] DEBUG:colcon.colcon_parallel_executor.executor.parallel:loop closed
[6.316s] DEBUG:colcon.colcon_parallel_executor.executor.parallel:run_until_complete finished with '0'
[6.316s] DEBUG:colcon.colcon_core.event_reactor:joining thread
[6.343s] INFO:colcon.colcon_core.plugin_system:Skipping extension 'colcon_notification.desktop_notification.terminal_notifier': Not used on non-Darwin systems
[6.343s] INFO:colcon.colcon_core.plugin_system:Skipping extension 'colcon_notification.desktop_notification.win32': Not used on non-Windows systems
[6.344s] INFO:colcon.colcon_notification.desktop_notification:Sending desktop notification using 'notify2'
[6.397s] DEBUG:colcon.colcon_core.event_reactor:joined thread
[6.399s] INFO:colcon.colcon_core.shell:Creating prefix script '/home/pi/robotik_alma_ws/install/local_setup.ps1'
[6.403s] INFO:colcon.colcon_core.shell:Creating prefix util module '/home/pi/robotik_alma_ws/install/_local_setup_util_ps1.py'
[6.410s] INFO:colcon.colcon_core.shell:Creating prefix chain script '/home/pi/robotik_alma_ws/install/setup.ps1'
[6.417s] INFO:colcon.colcon_core.shell:Creating prefix script '/home/pi/robotik_alma_ws/install/local_setup.sh'
[6.420s] INFO:colcon.colcon_core.shell:Creating prefix util module '/home/pi/robotik_alma_ws/install/_local_setup_util_sh.py'
[6.423s] INFO:colcon.colcon_core.shell:Creating prefix chain script '/home/pi/robotik_alma_ws/install/setup.sh'
[6.430s] INFO:colcon.colcon_core.shell:Creating prefix script '/home/pi/robotik_alma_ws/install/local_setup.bash'
[6.433s] INFO:colcon.colcon_core.shell:Creating prefix chain script '/home/pi/robotik_alma_ws/install/setup.bash'
[6.438s] INFO:colcon.colcon_core.shell:Creating prefix script '/home/pi/robotik_alma_ws/install/local_setup.zsh'
[6.442s] INFO:colcon.colcon_core.shell:Creating prefix chain script '/home/pi/robotik_alma_ws/install/setup.zsh'
