[3.777s] Invoking command in '/home/pi/robotik_alma_ws/src/alma_camera': PYTHONPATH=/home/pi/robotik_alma_ws/build/alma_camera/prefix_override:/home/pi/robotik_alma_ws/install/alma_camera/lib/python3.10/site-packages:${PYTHONPATH} /usr/bin/python3 -W ignore:setup.py install is deprecated setup.py egg_info --egg-base ../../build/alma_camera build --build-base /home/pi/robotik_alma_ws/build/alma_camera/build install --record /home/pi/robotik_alma_ws/build/alma_camera/install.log --single-version-externally-managed install_data
[5.168s] running egg_info
[5.171s] writing ../../build/alma_camera/alma_camera.egg-info/PKG-INFO
[5.172s] writing dependency_links to ../../build/alma_camera/alma_camera.egg-info/dependency_links.txt
[5.173s] writing entry points to ../../build/alma_camera/alma_camera.egg-info/entry_points.txt
[5.174s] writing requirements to ../../build/alma_camera/alma_camera.egg-info/requires.txt
[5.175s] writing top-level names to ../../build/alma_camera/alma_camera.egg-info/top_level.txt
[5.184s] reading manifest file '../../build/alma_camera/alma_camera.egg-info/SOURCES.txt'
[5.186s] adding license file 'LICENSE'
[5.188s] writing manifest file '../../build/alma_camera/alma_camera.egg-info/SOURCES.txt'
[5.189s] running build
[5.189s] running build_py
[5.192s] copying alma_camera/camera_drive_commands_3.py -> /home/pi/robotik_alma_ws/build/alma_camera/build/lib/alma_camera
[5.194s] running install
[5.196s] running install_lib
[5.201s] copying /home/pi/robotik_alma_ws/build/alma_camera/build/lib/alma_camera/camera_drive_commands_3.py -> /home/pi/robotik_alma_ws/install/alma_camera/lib/python3.10/site-packages/alma_camera
[5.205s] byte-compiling /home/pi/robotik_alma_ws/install/alma_camera/lib/python3.10/site-packages/alma_camera/camera_drive_commands_3.py to camera_drive_commands_3.cpython-310.pyc
[5.211s] running install_data
[5.212s] running install_egg_info
[5.219s] removing '/home/pi/robotik_alma_ws/install/alma_camera/lib/python3.10/site-packages/alma_camera-0.0.0-py3.10.egg-info' (and everything under it)
[5.221s] Copying ../../build/alma_camera/alma_camera.egg-info to /home/pi/robotik_alma_ws/install/alma_camera/lib/python3.10/site-packages/alma_camera-0.0.0-py3.10.egg-info
[5.227s] running install_scripts
[5.331s] Installing camer_drive_commands_2 script to /home/pi/robotik_alma_ws/install/alma_camera/lib/alma_camera
[5.336s] Installing camera_colorHSV_sub script to /home/pi/robotik_alma_ws/install/alma_camera/lib/alma_camera
[5.337s] Installing camera_drive_commands script to /home/pi/robotik_alma_ws/install/alma_camera/lib/alma_camera
[5.337s] Installing camera_drive_commands_3 script to /home/pi/robotik_alma_ws/install/alma_camera/lib/alma_camera
[5.338s] Installing camera_image_sub script to /home/pi/robotik_alma_ws/install/alma_camera/lib/alma_camera
[5.339s] Installing camera_line_detector script to /home/pi/robotik_alma_ws/install/alma_camera/lib/alma_camera
[5.340s] Installing camera_pub script to /home/pi/robotik_alma_ws/install/alma_camera/lib/alma_camera
[5.353s] writing list of installed files to '/home/pi/robotik_alma_ws/build/alma_camera/install.log'
[5.503s] Invoked command in '/home/pi/robotik_alma_ws/src/alma_camera' returned '0': PYTHONPATH=/home/pi/robotik_alma_ws/build/alma_camera/prefix_override:/home/pi/robotik_alma_ws/install/alma_camera/lib/python3.10/site-packages:${PYTHONPATH} /usr/bin/python3 -W ignore:setup.py install is deprecated setup.py egg_info --egg-base ../../build/alma_camera build --build-base /home/pi/robotik_alma_ws/build/alma_camera/build install --record /home/pi/robotik_alma_ws/build/alma_camera/install.log --single-version-externally-managed install_data
