running egg_info
creating ../../build/alma_erste_abgabe/alma_erste_abgabe.egg-info
writing ../../build/alma_erste_abgabe/alma_erste_abgabe.egg-info/PKG-INFO
writing dependency_links to ../../build/alma_erste_abgabe/alma_erste_abgabe.egg-info/dependency_links.txt
writing entry points to ../../build/alma_erste_abgabe/alma_erste_abgabe.egg-info/entry_points.txt
writing requirements to ../../build/alma_erste_abgabe/alma_erste_abgabe.egg-info/requires.txt
writing top-level names to ../../build/alma_erste_abgabe/alma_erste_abgabe.egg-info/top_level.txt
writing manifest file '../../build/alma_erste_abgabe/alma_erste_abgabe.egg-info/SOURCES.txt'
reading manifest file '../../build/alma_erste_abgabe/alma_erste_abgabe.egg-info/SOURCES.txt'
adding license file 'LICENSE'
writing manifest file '../../build/alma_erste_abgabe/alma_erste_abgabe.egg-info/SOURCES.txt'
running build
running build_py
creating /home/pi/robotik_alma_ws/build/alma_erste_abgabe/build
creating /home/pi/robotik_alma_ws/build/alma_erste_abgabe/build/lib
creating /home/pi/robotik_alma_ws/build/alma_erste_abgabe/build/lib/alma_erste_abgabe
copying alma_erste_abgabe/publisher_member_function.py -> /home/pi/robotik_alma_ws/build/alma_erste_abgabe/build/lib/alma_erste_abgabe
copying alma_erste_abgabe/__init__.py -> /home/pi/robotik_alma_ws/build/alma_erste_abgabe/build/lib/alma_erste_abgabe
copying alma_erste_abgabe/subscriber_member_function.py -> /home/pi/robotik_alma_ws/build/alma_erste_abgabe/build/lib/alma_erste_abgabe
running install
running install_lib
creating /home/pi/robotik_alma_ws/install/alma_erste_abgabe/lib/python3.10/site-packages/alma_erste_abgabe
copying /home/pi/robotik_alma_ws/build/alma_erste_abgabe/build/lib/alma_erste_abgabe/publisher_member_function.py -> /home/pi/robotik_alma_ws/install/alma_erste_abgabe/lib/python3.10/site-packages/alma_erste_abgabe
copying /home/pi/robotik_alma_ws/build/alma_erste_abgabe/build/lib/alma_erste_abgabe/__init__.py -> /home/pi/robotik_alma_ws/install/alma_erste_abgabe/lib/python3.10/site-packages/alma_erste_abgabe
copying /home/pi/robotik_alma_ws/build/alma_erste_abgabe/build/lib/alma_erste_abgabe/subscriber_member_function.py -> /home/pi/robotik_alma_ws/install/alma_erste_abgabe/lib/python3.10/site-packages/alma_erste_abgabe
byte-compiling /home/pi/robotik_alma_ws/install/alma_erste_abgabe/lib/python3.10/site-packages/alma_erste_abgabe/publisher_member_function.py to publisher_member_function.cpython-310.pyc
byte-compiling /home/pi/robotik_alma_ws/install/alma_erste_abgabe/lib/python3.10/site-packages/alma_erste_abgabe/__init__.py to __init__.cpython-310.pyc
byte-compiling /home/pi/robotik_alma_ws/install/alma_erste_abgabe/lib/python3.10/site-packages/alma_erste_abgabe/subscriber_member_function.py to subscriber_member_function.cpython-310.pyc
running install_data
creating /home/pi/robotik_alma_ws/install/alma_erste_abgabe/share/ament_index
creating /home/pi/robotik_alma_ws/install/alma_erste_abgabe/share/ament_index/resource_index
creating /home/pi/robotik_alma_ws/install/alma_erste_abgabe/share/ament_index/resource_index/packages
copying resource/alma_erste_abgabe -> /home/pi/robotik_alma_ws/install/alma_erste_abgabe/share/ament_index/resource_index/packages
copying package.xml -> /home/pi/robotik_alma_ws/install/alma_erste_abgabe/share/alma_erste_abgabe
running install_egg_info
Copying ../../build/alma_erste_abgabe/alma_erste_abgabe.egg-info to /home/pi/robotik_alma_ws/install/alma_erste_abgabe/lib/python3.10/site-packages/alma_erste_abgabe-0.0.0-py3.10.egg-info
running install_scripts
Installing listener script to /home/pi/robotik_alma_ws/install/alma_erste_abgabe/lib/alma_erste_abgabe
Installing talker script to /home/pi/robotik_alma_ws/install/alma_erste_abgabe/lib/alma_erste_abgabe
writing list of installed files to '/home/pi/robotik_alma_ws/build/alma_erste_abgabe/install.log'
