[6.831s] Invoking command in '/home/pi/robotik_alma_ws/src/alma_camera': PYTHONPATH=/home/pi/robotik_alma_ws/build/alma_camera/prefix_override:/home/pi/robotik_alma_ws/install/alma_camera/lib/python3.10/site-packages:${PYTHONPATH} /usr/bin/python3 -W ignore:setup.py install is deprecated setup.py egg_info --egg-base ../../build/alma_camera build --build-base /home/pi/robotik_alma_ws/build/alma_camera/build install --record /home/pi/robotik_alma_ws/build/alma_camera/install.log --single-version-externally-managed install_data
[8.541s] running egg_info
[8.559s] writing ../../build/alma_camera/alma_camera.egg-info/PKG-INFO
[8.565s] writing dependency_links to ../../build/alma_camera/alma_camera.egg-info/dependency_links.txt
[8.582s] writing entry points to ../../build/alma_camera/alma_camera.egg-info/entry_points.txt
[8.588s] writing requirements to ../../build/alma_camera/alma_camera.egg-info/requires.txt
[8.611s] writing top-level names to ../../build/alma_camera/alma_camera.egg-info/top_level.txt
[8.623s] reading manifest file '../../build/alma_camera/alma_camera.egg-info/SOURCES.txt'
[8.635s] adding license file 'LICENSE'
[8.638s] writing manifest file '../../build/alma_camera/alma_camera.egg-info/SOURCES.txt'
[8.645s] running build
[8.653s] running build_py
[8.661s] copying alma_camera/camera_publisher.py -> /home/pi/robotik_alma_ws/build/alma_camera/build/lib/alma_camera
[8.673s] running install
[8.677s] running install_lib
[8.686s] copying /home/pi/robotik_alma_ws/build/alma_camera/build/lib/alma_camera/camera_publisher.py -> /home/pi/robotik_alma_ws/install/alma_camera/lib/python3.10/site-packages/alma_camera
[8.692s] byte-compiling /home/pi/robotik_alma_ws/install/alma_camera/lib/python3.10/site-packages/alma_camera/camera_publisher.py to camera_publisher.cpython-310.pyc
[8.698s] running install_data
[8.701s] running install_egg_info
[8.704s] removing '/home/pi/robotik_alma_ws/install/alma_camera/lib/python3.10/site-packages/alma_camera-0.0.0-py3.10.egg-info' (and everything under it)
[8.713s] Copying ../../build/alma_camera/alma_camera.egg-info to /home/pi/robotik_alma_ws/install/alma_camera/lib/python3.10/site-packages/alma_camera-0.0.0-py3.10.egg-info
[8.716s] running install_scripts
[8.825s] Installing camer_drive_commands_2 script to /home/pi/robotik_alma_ws/install/alma_camera/lib/alma_camera
[8.829s] Installing camera_colorHSV_sub script to /home/pi/robotik_alma_ws/install/alma_camera/lib/alma_camera
[8.844s] Installing camera_drive_commands script to /home/pi/robotik_alma_ws/install/alma_camera/lib/alma_camera
[8.852s] Installing camera_drive_commands_3 script to /home/pi/robotik_alma_ws/install/alma_camera/lib/alma_camera
[8.855s] Installing camera_image_sub script to /home/pi/robotik_alma_ws/install/alma_camera/lib/alma_camera
[8.867s] Installing camera_line_detector script to /home/pi/robotik_alma_ws/install/alma_camera/lib/alma_camera
[8.896s] Installing camera_pub script to /home/pi/robotik_alma_ws/install/alma_camera/lib/alma_camera
[8.898s] writing list of installed files to '/home/pi/robotik_alma_ws/build/alma_camera/install.log'
[9.293s] Invoked command in '/home/pi/robotik_alma_ws/src/alma_camera' returned '0': PYTHONPATH=/home/pi/robotik_alma_ws/build/alma_camera/prefix_override:/home/pi/robotik_alma_ws/install/alma_camera/lib/python3.10/site-packages:${PYTHONPATH} /usr/bin/python3 -W ignore:setup.py install is deprecated setup.py egg_info --egg-base ../../build/alma_camera build --build-base /home/pi/robotik_alma_ws/build/alma_camera/build install --record /home/pi/robotik_alma_ws/build/alma_camera/install.log --single-version-externally-managed install_data
