running egg_info
writing ../../build/alma_erste_abgabe/alma_erste_abgabe.egg-info/PKG-INFO
writing dependency_links to ../../build/alma_erste_abgabe/alma_erste_abgabe.egg-info/dependency_links.txt
writing entry points to ../../build/alma_erste_abgabe/alma_erste_abgabe.egg-info/entry_points.txt
writing requirements to ../../build/alma_erste_abgabe/alma_erste_abgabe.egg-info/requires.txt
writing top-level names to ../../build/alma_erste_abgabe/alma_erste_abgabe.egg-info/top_level.txt
reading manifest file '../../build/alma_erste_abgabe/alma_erste_abgabe.egg-info/SOURCES.txt'
adding license file 'LICENSE'
writing manifest file '../../build/alma_erste_abgabe/alma_erste_abgabe.egg-info/SOURCES.txt'
running build
running build_py
running install
running install_lib
running install_data
running install_egg_info
removing '/home/pi/robotik_alma_ws/install/alma_erste_abgabe/lib/python3.10/site-packages/alma_erste_abgabe-0.0.0-py3.10.egg-info' (and everything under it)
Copying ../../build/alma_erste_abgabe/alma_erste_abgabe.egg-info to /home/pi/robotik_alma_ws/install/alma_erste_abgabe/lib/python3.10/site-packages/alma_erste_abgabe-0.0.0-py3.10.egg-info
running install_scripts
Installing listener script to /home/pi/robotik_alma_ws/install/alma_erste_abgabe/lib/alma_erste_abgabe
Installing talker script to /home/pi/robotik_alma_ws/install/alma_erste_abgabe/lib/alma_erste_abgabe
writing list of installed files to '/home/pi/robotik_alma_ws/build/alma_erste_abgabe/install.log'
