[6.863s] Invoking command in '/home/pi/robotik_alma_ws/src/alma_camera': PYTHONPATH=/home/pi/robotik_alma_ws/build/alma_camera/prefix_override:/home/pi/robotik_alma_ws/install/alma_camera/lib/python3.10/site-packages:${PYTHONPATH} /usr/bin/python3 -W ignore:setup.py install is deprecated setup.py egg_info --egg-base ../../build/alma_camera build --build-base /home/pi/robotik_alma_ws/build/alma_camera/build install --record /home/pi/robotik_alma_ws/build/alma_camera/install.log --single-version-externally-managed install_data
[8.522s] running egg_info
[8.524s] writing ../../build/alma_camera/alma_camera.egg-info/PKG-INFO
[8.526s] writing dependency_links to ../../build/alma_camera/alma_camera.egg-info/dependency_links.txt
[8.528s] writing entry points to ../../build/alma_camera/alma_camera.egg-info/entry_points.txt
[8.535s] writing requirements to ../../build/alma_camera/alma_camera.egg-info/requires.txt
[8.541s] writing top-level names to ../../build/alma_camera/alma_camera.egg-info/top_level.txt
[8.551s] reading manifest file '../../build/alma_camera/alma_camera.egg-info/SOURCES.txt'
[8.553s] adding license file 'LICENSE'
[8.557s] writing manifest file '../../build/alma_camera/alma_camera.egg-info/SOURCES.txt'
[8.558s] running build
[8.559s] running build_py
[8.562s] copying alma_camera/camera_drive_commands_3.py -> /home/pi/robotik_alma_ws/build/alma_camera/build/lib/alma_camera
[8.565s] running install
[8.567s] running install_lib
[8.574s] copying /home/pi/robotik_alma_ws/build/alma_camera/build/lib/alma_camera/camera_drive_commands_3.py -> /home/pi/robotik_alma_ws/install/alma_camera/lib/python3.10/site-packages/alma_camera
[8.580s] byte-compiling /home/pi/robotik_alma_ws/install/alma_camera/lib/python3.10/site-packages/alma_camera/camera_drive_commands_3.py to camera_drive_commands_3.cpython-310.pyc
[8.588s] running install_data
[8.590s] running install_egg_info
[8.615s] removing '/home/pi/robotik_alma_ws/install/alma_camera/lib/python3.10/site-packages/alma_camera-0.0.0-py3.10.egg-info' (and everything under it)
[8.616s] Copying ../../build/alma_camera/alma_camera.egg-info to /home/pi/robotik_alma_ws/install/alma_camera/lib/python3.10/site-packages/alma_camera-0.0.0-py3.10.egg-info
[8.635s] running install_scripts
[8.766s] Installing camer_drive_commands_2 script to /home/pi/robotik_alma_ws/install/alma_camera/lib/alma_camera
[8.777s] Installing camera_colorHSV_sub script to /home/pi/robotik_alma_ws/install/alma_camera/lib/alma_camera
[8.778s] Installing camera_drive_commands script to /home/pi/robotik_alma_ws/install/alma_camera/lib/alma_camera
[8.788s] Installing camera_drive_commands_3 script to /home/pi/robotik_alma_ws/install/alma_camera/lib/alma_camera
[8.789s] Installing camera_image_sub script to /home/pi/robotik_alma_ws/install/alma_camera/lib/alma_camera
[8.790s] Installing camera_line_detector script to /home/pi/robotik_alma_ws/install/alma_camera/lib/alma_camera
[8.790s] Installing camera_pub script to /home/pi/robotik_alma_ws/install/alma_camera/lib/alma_camera
[8.811s] writing list of installed files to '/home/pi/robotik_alma_ws/build/alma_camera/install.log'
[9.134s] Invoked command in '/home/pi/robotik_alma_ws/src/alma_camera' returned '0': PYTHONPATH=/home/pi/robotik_alma_ws/build/alma_camera/prefix_override:/home/pi/robotik_alma_ws/install/alma_camera/lib/python3.10/site-packages:${PYTHONPATH} /usr/bin/python3 -W ignore:setup.py install is deprecated setup.py egg_info --egg-base ../../build/alma_camera build --build-base /home/pi/robotik_alma_ws/build/alma_camera/build install --record /home/pi/robotik_alma_ws/build/alma_camera/install.log --single-version-externally-managed install_data
