[6.745s] Invoking command in '/home/pi/robotik_alma_ws/src/alma_erste_abgabe': PYTHONPATH=/home/pi/robotik_alma_ws/build/alma_erste_abgabe/prefix_override:/home/pi/robotik_alma_ws/install/alma_erste_abgabe/lib/python3.10/site-packages:${PYTHONPATH} /usr/bin/python3 -W ignore:setup.py install is deprecated setup.py egg_info --egg-base ../../build/alma_erste_abgabe build --build-base /home/pi/robotik_alma_ws/build/alma_erste_abgabe/build install --record /home/pi/robotik_alma_ws/build/alma_erste_abgabe/install.log --single-version-externally-managed install_data
[8.527s] running egg_info
[8.535s] writing ../../build/alma_erste_abgabe/alma_erste_abgabe.egg-info/PKG-INFO
[8.538s] writing dependency_links to ../../build/alma_erste_abgabe/alma_erste_abgabe.egg-info/dependency_links.txt
[8.542s] writing entry points to ../../build/alma_erste_abgabe/alma_erste_abgabe.egg-info/entry_points.txt
[8.555s] writing requirements to ../../build/alma_erste_abgabe/alma_erste_abgabe.egg-info/requires.txt
[8.557s] writing top-level names to ../../build/alma_erste_abgabe/alma_erste_abgabe.egg-info/top_level.txt
[8.559s] reading manifest file '../../build/alma_erste_abgabe/alma_erste_abgabe.egg-info/SOURCES.txt'
[8.561s] adding license file 'LICENSE'
[8.595s] writing manifest file '../../build/alma_erste_abgabe/alma_erste_abgabe.egg-info/SOURCES.txt'
[8.605s] running build
[8.605s] running build_py
[8.606s] running install
[8.607s] running install_lib
[8.650s] running install_data
[8.653s] running install_egg_info
[8.659s] removing '/home/pi/robotik_alma_ws/install/alma_erste_abgabe/lib/python3.10/site-packages/alma_erste_abgabe-0.0.0-py3.10.egg-info' (and everything under it)
[8.662s] Copying ../../build/alma_erste_abgabe/alma_erste_abgabe.egg-info to /home/pi/robotik_alma_ws/install/alma_erste_abgabe/lib/python3.10/site-packages/alma_erste_abgabe-0.0.0-py3.10.egg-info
[8.671s] running install_scripts
[8.753s] Installing listener script to /home/pi/robotik_alma_ws/install/alma_erste_abgabe/lib/alma_erste_abgabe
[8.754s] Installing talker script to /home/pi/robotik_alma_ws/install/alma_erste_abgabe/lib/alma_erste_abgabe
[8.756s] writing list of installed files to '/home/pi/robotik_alma_ws/build/alma_erste_abgabe/install.log'
[9.192s] Invoked command in '/home/pi/robotik_alma_ws/src/alma_erste_abgabe' returned '0': PYTHONPATH=/home/pi/robotik_alma_ws/build/alma_erste_abgabe/prefix_override:/home/pi/robotik_alma_ws/install/alma_erste_abgabe/lib/python3.10/site-packages:${PYTHONPATH} /usr/bin/python3 -W ignore:setup.py install is deprecated setup.py egg_info --egg-base ../../build/alma_erste_abgabe build --build-base /home/pi/robotik_alma_ws/build/alma_erste_abgabe/build install --record /home/pi/robotik_alma_ws/build/alma_erste_abgabe/install.log --single-version-externally-managed install_data
