running egg_info
creating ../../build/alma_ultrasound/alma_ultrasound.egg-info
writing ../../build/alma_ultrasound/alma_ultrasound.egg-info/PKG-INFO
writing dependency_links to ../../build/alma_ultrasound/alma_ultrasound.egg-info/dependency_links.txt
writing entry points to ../../build/alma_ultrasound/alma_ultrasound.egg-info/entry_points.txt
writing requirements to ../../build/alma_ultrasound/alma_ultrasound.egg-info/requires.txt
writing top-level names to ../../build/alma_ultrasound/alma_ultrasound.egg-info/top_level.txt
writing manifest file '../../build/alma_ultrasound/alma_ultrasound.egg-info/SOURCES.txt'
reading manifest file '../../build/alma_ultrasound/alma_ultrasound.egg-info/SOURCES.txt'
adding license file 'LICENSE'
writing manifest file '../../build/alma_ultrasound/alma_ultrasound.egg-info/SOURCES.txt'
running build
running build_py
creating /home/pi/robotik_alma_ws/build/alma_ultrasound/build
creating /home/pi/robotik_alma_ws/build/alma_ultrasound/build/lib
creating /home/pi/robotik_alma_ws/build/alma_ultrasound/build/lib/alma_ultrasound
copying alma_ultrasound/ultrasound_pub.py -> /home/pi/robotik_alma_ws/build/alma_ultrasound/build/lib/alma_ultrasound
copying alma_ultrasound/__init__.py -> /home/pi/robotik_alma_ws/build/alma_ultrasound/build/lib/alma_ultrasound
running install
running install_lib
creating /home/pi/robotik_alma_ws/install/alma_ultrasound/lib/python3.10/site-packages/alma_ultrasound
copying /home/pi/robotik_alma_ws/build/alma_ultrasound/build/lib/alma_ultrasound/ultrasound_pub.py -> /home/pi/robotik_alma_ws/install/alma_ultrasound/lib/python3.10/site-packages/alma_ultrasound
copying /home/pi/robotik_alma_ws/build/alma_ultrasound/build/lib/alma_ultrasound/__init__.py -> /home/pi/robotik_alma_ws/install/alma_ultrasound/lib/python3.10/site-packages/alma_ultrasound
byte-compiling /home/pi/robotik_alma_ws/install/alma_ultrasound/lib/python3.10/site-packages/alma_ultrasound/ultrasound_pub.py to ultrasound_pub.cpython-310.pyc
byte-compiling /home/pi/robotik_alma_ws/install/alma_ultrasound/lib/python3.10/site-packages/alma_ultrasound/__init__.py to __init__.cpython-310.pyc
running install_data
creating /home/pi/robotik_alma_ws/install/alma_ultrasound/share/ament_index
creating /home/pi/robotik_alma_ws/install/alma_ultrasound/share/ament_index/resource_index
creating /home/pi/robotik_alma_ws/install/alma_ultrasound/share/ament_index/resource_index/packages
copying resource/alma_ultrasound -> /home/pi/robotik_alma_ws/install/alma_ultrasound/share/ament_index/resource_index/packages
copying package.xml -> /home/pi/robotik_alma_ws/install/alma_ultrasound/share/alma_ultrasound
running install_egg_info
Copying ../../build/alma_ultrasound/alma_ultrasound.egg-info to /home/pi/robotik_alma_ws/install/alma_ultrasound/lib/python3.10/site-packages/alma_ultrasound-0.0.0-py3.10.egg-info
running install_scripts
Installing ultrasound_pub script to /home/pi/robotik_alma_ws/install/alma_ultrasound/lib/alma_ultrasound
writing list of installed files to '/home/pi/robotik_alma_ws/build/alma_ultrasound/install.log'
