[4.015s] Invoking command in '/home/pi/robotik_alma_ws/src/alma_camera': PYTHONPATH=/home/pi/robotik_alma_ws/build/alma_camera/prefix_override:/home/pi/robotik_alma_ws/install/alma_camera/lib/python3.10/site-packages:${PYTHONPATH} /usr/bin/python3 -W ignore:setup.py install is deprecated setup.py egg_info --egg-base ../../build/alma_camera build --build-base /home/pi/robotik_alma_ws/build/alma_camera/build install --record /home/pi/robotik_alma_ws/build/alma_camera/install.log --single-version-externally-managed install_data
[6.103s] running egg_info
[6.108s] writing ../../build/alma_camera/alma_camera.egg-info/PKG-INFO
[6.110s] writing dependency_links to ../../build/alma_camera/alma_camera.egg-info/dependency_links.txt
[6.111s] writing entry points to ../../build/alma_camera/alma_camera.egg-info/entry_points.txt
[6.112s] writing requirements to ../../build/alma_camera/alma_camera.egg-info/requires.txt
[6.113s] writing top-level names to ../../build/alma_camera/alma_camera.egg-info/top_level.txt
[6.132s] reading manifest file '../../build/alma_camera/alma_camera.egg-info/SOURCES.txt'
[6.134s] adding license file 'LICENSE'
[6.136s] writing manifest file '../../build/alma_camera/alma_camera.egg-info/SOURCES.txt'
[6.137s] running build
[6.138s] running build_py
[6.139s] copying alma_camera/camera_line_detector.py -> /home/pi/robotik_alma_ws/build/alma_camera/build/lib/alma_camera
[6.143s] running install
[6.145s] running install_lib
[6.151s] copying /home/pi/robotik_alma_ws/build/alma_camera/build/lib/alma_camera/camera_line_detector.py -> /home/pi/robotik_alma_ws/install/alma_camera/lib/python3.10/site-packages/alma_camera
[6.154s] byte-compiling /home/pi/robotik_alma_ws/install/alma_camera/lib/python3.10/site-packages/alma_camera/camera_line_detector.py to camera_line_detector.cpython-310.pyc
[6.158s] running install_data
[6.159s] running install_egg_info
[6.165s] removing '/home/pi/robotik_alma_ws/install/alma_camera/lib/python3.10/site-packages/alma_camera-0.0.0-py3.10.egg-info' (and everything under it)
[6.167s] Copying ../../build/alma_camera/alma_camera.egg-info to /home/pi/robotik_alma_ws/install/alma_camera/lib/python3.10/site-packages/alma_camera-0.0.0-py3.10.egg-info
[6.174s] running install_scripts
[6.278s] Installing camera_colorHSV_sub script to /home/pi/robotik_alma_ws/install/alma_camera/lib/alma_camera
[6.279s] Installing camera_image_sub script to /home/pi/robotik_alma_ws/install/alma_camera/lib/alma_camera
[6.280s] Installing camera_line_detector script to /home/pi/robotik_alma_ws/install/alma_camera/lib/alma_camera
[6.281s] Installing camera_pub script to /home/pi/robotik_alma_ws/install/alma_camera/lib/alma_camera
[6.283s] writing list of installed files to '/home/pi/robotik_alma_ws/build/alma_camera/install.log'
[6.447s] Invoked command in '/home/pi/robotik_alma_ws/src/alma_camera' returned '0': PYTHONPATH=/home/pi/robotik_alma_ws/build/alma_camera/prefix_override:/home/pi/robotik_alma_ws/install/alma_camera/lib/python3.10/site-packages:${PYTHONPATH} /usr/bin/python3 -W ignore:setup.py install is deprecated setup.py egg_info --egg-base ../../build/alma_camera build --build-base /home/pi/robotik_alma_ws/build/alma_camera/build install --record /home/pi/robotik_alma_ws/build/alma_camera/install.log --single-version-externally-managed install_data
