[3.212s] Invoking command in '/home/pi/robotik_alma_ws/src/alma_camera': PYTHONPATH=/home/pi/robotik_alma_ws/build/alma_camera/prefix_override:/home/pi/robotik_alma_ws/install/alma_camera/lib/python3.10/site-packages:${PYTHONPATH} /usr/bin/python3 -W ignore:setup.py install is deprecated setup.py egg_info --egg-base ../../build/alma_camera build --build-base /home/pi/robotik_alma_ws/build/alma_camera/build install --record /home/pi/robotik_alma_ws/build/alma_camera/install.log --single-version-externally-managed install_data
[4.417s] running egg_info
[4.420s] writing ../../build/alma_camera/alma_camera.egg-info/PKG-INFO
[4.421s] writing dependency_links to ../../build/alma_camera/alma_camera.egg-info/dependency_links.txt
[4.422s] writing entry points to ../../build/alma_camera/alma_camera.egg-info/entry_points.txt
[4.423s] writing requirements to ../../build/alma_camera/alma_camera.egg-info/requires.txt
[4.424s] writing top-level names to ../../build/alma_camera/alma_camera.egg-info/top_level.txt
[4.443s] reading manifest file '../../build/alma_camera/alma_camera.egg-info/SOURCES.txt'
[4.446s] adding license file 'LICENSE'
[4.450s] writing manifest file '../../build/alma_camera/alma_camera.egg-info/SOURCES.txt'
[4.451s] running build
[4.452s] running build_py
[4.454s] copying alma_camera/camera_track.py -> /home/pi/robotik_alma_ws/build/alma_camera/build/lib/alma_camera
[4.455s] copying alma_camera/camera_track_pub.py -> /home/pi/robotik_alma_ws/build/alma_camera/build/lib/alma_camera
[4.460s] running install
[4.462s] running install_lib
[4.467s] copying /home/pi/robotik_alma_ws/build/alma_camera/build/lib/alma_camera/camera_track.py -> /home/pi/robotik_alma_ws/install/alma_camera/lib/python3.10/site-packages/alma_camera
[4.468s] copying /home/pi/robotik_alma_ws/build/alma_camera/build/lib/alma_camera/camera_track_pub.py -> /home/pi/robotik_alma_ws/install/alma_camera/lib/python3.10/site-packages/alma_camera
[4.472s] byte-compiling /home/pi/robotik_alma_ws/install/alma_camera/lib/python3.10/site-packages/alma_camera/camera_track.py to camera_track.cpython-310.pyc
[4.479s] byte-compiling /home/pi/robotik_alma_ws/install/alma_camera/lib/python3.10/site-packages/alma_camera/camera_track_pub.py to camera_track_pub.cpython-310.pyc
[4.483s] running install_data
[4.484s] running install_egg_info
[4.491s] removing '/home/pi/robotik_alma_ws/install/alma_camera/lib/python3.10/site-packages/alma_camera-0.0.0-py3.10.egg-info' (and everything under it)
[4.494s] Copying ../../build/alma_camera/alma_camera.egg-info to /home/pi/robotik_alma_ws/install/alma_camera/lib/python3.10/site-packages/alma_camera-0.0.0-py3.10.egg-info
[4.502s] running install_scripts
[4.588s] Installing camer_drive_commands_2 script to /home/pi/robotik_alma_ws/install/alma_camera/lib/alma_camera
[4.589s] Installing camera_colorHSV_sub script to /home/pi/robotik_alma_ws/install/alma_camera/lib/alma_camera
[4.590s] Installing camera_drive_commands script to /home/pi/robotik_alma_ws/install/alma_camera/lib/alma_camera
[4.591s] Installing camera_drive_commands_3 script to /home/pi/robotik_alma_ws/install/alma_camera/lib/alma_camera
[4.592s] Installing camera_image_sub script to /home/pi/robotik_alma_ws/install/alma_camera/lib/alma_camera
[4.592s] Installing camera_line_detector script to /home/pi/robotik_alma_ws/install/alma_camera/lib/alma_camera
[4.593s] Installing camera_pub script to /home/pi/robotik_alma_ws/install/alma_camera/lib/alma_camera
[4.596s] writing list of installed files to '/home/pi/robotik_alma_ws/build/alma_camera/install.log'
[4.731s] Invoked command in '/home/pi/robotik_alma_ws/src/alma_camera' returned '0': PYTHONPATH=/home/pi/robotik_alma_ws/build/alma_camera/prefix_override:/home/pi/robotik_alma_ws/install/alma_camera/lib/python3.10/site-packages:${PYTHONPATH} /usr/bin/python3 -W ignore:setup.py install is deprecated setup.py egg_info --egg-base ../../build/alma_camera build --build-base /home/pi/robotik_alma_ws/build/alma_camera/build install --record /home/pi/robotik_alma_ws/build/alma_camera/install.log --single-version-externally-managed install_data
