[3.321s] Invoking command in '/home/pi/robotik_alma_ws/src/alma_camera': PYTHONPATH=/home/pi/robotik_alma_ws/build/alma_camera/prefix_override:/home/pi/robotik_alma_ws/install/alma_camera/lib/python3.10/site-packages:${PYTHONPATH} /usr/bin/python3 -W ignore:setup.py install is deprecated setup.py egg_info --egg-base ../../build/alma_camera build --build-base /home/pi/robotik_alma_ws/build/alma_camera/build install --record /home/pi/robotik_alma_ws/build/alma_camera/install.log --single-version-externally-managed install_data
[4.586s] running egg_info
[4.589s] writing ../../build/alma_camera/alma_camera.egg-info/PKG-INFO
[4.591s] writing dependency_links to ../../build/alma_camera/alma_camera.egg-info/dependency_links.txt
[4.597s] writing entry points to ../../build/alma_camera/alma_camera.egg-info/entry_points.txt
[4.602s] writing requirements to ../../build/alma_camera/alma_camera.egg-info/requires.txt
[4.605s] writing top-level names to ../../build/alma_camera/alma_camera.egg-info/top_level.txt
[4.610s] reading manifest file '../../build/alma_camera/alma_camera.egg-info/SOURCES.txt'
[4.612s] adding license file 'LICENSE'
[4.615s] writing manifest file '../../build/alma_camera/alma_camera.egg-info/SOURCES.txt'
[4.616s] running build
[4.617s] running build_py
[4.618s] copying alma_camera/camera_track.py -> /home/pi/robotik_alma_ws/build/alma_camera/build/lib/alma_camera
[4.621s] running install
[4.622s] running install_lib
[4.628s] copying /home/pi/robotik_alma_ws/build/alma_camera/build/lib/alma_camera/camera_track.py -> /home/pi/robotik_alma_ws/install/alma_camera/lib/python3.10/site-packages/alma_camera
[4.632s] byte-compiling /home/pi/robotik_alma_ws/install/alma_camera/lib/python3.10/site-packages/alma_camera/camera_track.py to camera_track.cpython-310.pyc
[4.641s] running install_data
[4.642s] running install_egg_info
[4.649s] removing '/home/pi/robotik_alma_ws/install/alma_camera/lib/python3.10/site-packages/alma_camera-0.0.0-py3.10.egg-info' (and everything under it)
[4.651s] Copying ../../build/alma_camera/alma_camera.egg-info to /home/pi/robotik_alma_ws/install/alma_camera/lib/python3.10/site-packages/alma_camera-0.0.0-py3.10.egg-info
[4.657s] running install_scripts
[4.750s] Installing camer_drive_commands_2 script to /home/pi/robotik_alma_ws/install/alma_camera/lib/alma_camera
[4.751s] Installing camera_colorHSV_sub script to /home/pi/robotik_alma_ws/install/alma_camera/lib/alma_camera
[4.752s] Installing camera_drive_commands script to /home/pi/robotik_alma_ws/install/alma_camera/lib/alma_camera
[4.753s] Installing camera_drive_commands_3 script to /home/pi/robotik_alma_ws/install/alma_camera/lib/alma_camera
[4.754s] Installing camera_image_sub script to /home/pi/robotik_alma_ws/install/alma_camera/lib/alma_camera
[4.755s] Installing camera_line_detector script to /home/pi/robotik_alma_ws/install/alma_camera/lib/alma_camera
[4.756s] Installing camera_pub script to /home/pi/robotik_alma_ws/install/alma_camera/lib/alma_camera
[4.757s] Installing camera_track script to /home/pi/robotik_alma_ws/install/alma_camera/lib/alma_camera
[4.758s] Installing camera_track_pub script to /home/pi/robotik_alma_ws/install/alma_camera/lib/alma_camera
[4.761s] writing list of installed files to '/home/pi/robotik_alma_ws/build/alma_camera/install.log'
[4.899s] Invoked command in '/home/pi/robotik_alma_ws/src/alma_camera' returned '0': PYTHONPATH=/home/pi/robotik_alma_ws/build/alma_camera/prefix_override:/home/pi/robotik_alma_ws/install/alma_camera/lib/python3.10/site-packages:${PYTHONPATH} /usr/bin/python3 -W ignore:setup.py install is deprecated setup.py egg_info --egg-base ../../build/alma_camera build --build-base /home/pi/robotik_alma_ws/build/alma_camera/build install --record /home/pi/robotik_alma_ws/build/alma_camera/install.log --single-version-externally-managed install_data
