[3.794s] Invoking command in '/home/pi/robotik_alma_ws/src/alma_camera': PYTHONPATH=/home/pi/robotik_alma_ws/build/alma_camera/prefix_override:/home/pi/robotik_alma_ws/install/alma_camera/lib/python3.10/site-packages:${PYTHONPATH} /usr/bin/python3 -W ignore:setup.py install is deprecated setup.py egg_info --egg-base ../../build/alma_camera build --build-base /home/pi/robotik_alma_ws/build/alma_camera/build install --record /home/pi/robotik_alma_ws/build/alma_camera/install.log --single-version-externally-managed install_data
[5.308s] running egg_info
[5.313s] writing ../../build/alma_camera/alma_camera.egg-info/PKG-INFO
[5.314s] writing dependency_links to ../../build/alma_camera/alma_camera.egg-info/dependency_links.txt
[5.316s] writing entry points to ../../build/alma_camera/alma_camera.egg-info/entry_points.txt
[5.317s] writing requirements to ../../build/alma_camera/alma_camera.egg-info/requires.txt
[5.318s] writing top-level names to ../../build/alma_camera/alma_camera.egg-info/top_level.txt
[5.327s] reading manifest file '../../build/alma_camera/alma_camera.egg-info/SOURCES.txt'
[5.329s] adding license file 'LICENSE'
[5.332s] writing manifest file '../../build/alma_camera/alma_camera.egg-info/SOURCES.txt'
[5.333s] running build
[5.333s] running build_py
[5.334s] copying alma_camera/camera_line_detector.py -> /home/pi/robotik_alma_ws/build/alma_camera/build/lib/alma_camera
[5.338s] running install
[5.348s] running install_lib
[5.352s] copying /home/pi/robotik_alma_ws/build/alma_camera/build/lib/alma_camera/camera_line_detector.py -> /home/pi/robotik_alma_ws/install/alma_camera/lib/python3.10/site-packages/alma_camera
[5.355s] byte-compiling /home/pi/robotik_alma_ws/install/alma_camera/lib/python3.10/site-packages/alma_camera/camera_line_detector.py to camera_line_detector.cpython-310.pyc
[5.357s] Sorry: TabError: inconsistent use of tabs and spaces in indentation (camera_line_detector.py, line 47)
[5.357s] running install_data
[5.358s] running install_egg_info
[5.371s] removing '/home/pi/robotik_alma_ws/install/alma_camera/lib/python3.10/site-packages/alma_camera-0.0.0-py3.10.egg-info' (and everything under it)
[5.373s] Copying ../../build/alma_camera/alma_camera.egg-info to /home/pi/robotik_alma_ws/install/alma_camera/lib/python3.10/site-packages/alma_camera-0.0.0-py3.10.egg-info
[5.379s] running install_scripts
[5.486s] Installing camera_colorHSV_sub script to /home/pi/robotik_alma_ws/install/alma_camera/lib/alma_camera
[5.488s] Installing camera_image_sub script to /home/pi/robotik_alma_ws/install/alma_camera/lib/alma_camera
[5.489s] Installing camera_line_detector script to /home/pi/robotik_alma_ws/install/alma_camera/lib/alma_camera
[5.490s] Installing camera_pub script to /home/pi/robotik_alma_ws/install/alma_camera/lib/alma_camera
[5.493s] writing list of installed files to '/home/pi/robotik_alma_ws/build/alma_camera/install.log'
[5.669s] Invoked command in '/home/pi/robotik_alma_ws/src/alma_camera' returned '0': PYTHONPATH=/home/pi/robotik_alma_ws/build/alma_camera/prefix_override:/home/pi/robotik_alma_ws/install/alma_camera/lib/python3.10/site-packages:${PYTHONPATH} /usr/bin/python3 -W ignore:setup.py install is deprecated setup.py egg_info --egg-base ../../build/alma_camera build --build-base /home/pi/robotik_alma_ws/build/alma_camera/build install --record /home/pi/robotik_alma_ws/build/alma_camera/install.log --single-version-externally-managed install_data
