running develop
/usr/lib/python3/dist-packages/setuptools/command/easy_install.py:158: EasyInstallDeprecationWarning: easy_install command is deprecated. Use build and pip and other standards-based tools.
  warnings.warn(
running egg_info
writing alma_camera.egg-info/PKG-INFO
writing dependency_links to alma_camera.egg-info/dependency_links.txt
writing entry points to alma_camera.egg-info/entry_points.txt
writing requirements to alma_camera.egg-info/requires.txt
writing top-level names to alma_camera.egg-info/top_level.txt
reading manifest file 'alma_camera.egg-info/SOURCES.txt'
writing manifest file 'alma_camera.egg-info/SOURCES.txt'
running build_ext
Creating /home/pi/robotik_alma_ws/install/alma_camera/lib/python3.10/site-packages/alma-camera.egg-link (link to .)
Installing camera_colorHSV_sub script to /home/pi/robotik_alma_ws/install/alma_camera/lib/alma_camera
Installing camera_image_sub script to /home/pi/robotik_alma_ws/install/alma_camera/lib/alma_camera
Installing camera_line_detector script to /home/pi/robotik_alma_ws/install/alma_camera/lib/alma_camera
Installing camera_pub script to /home/pi/robotik_alma_ws/install/alma_camera/lib/alma_camera

Installed /home/pi/robotik_alma_ws/build/alma_camera
running symlink_data
symbolically linking /home/pi/robotik_alma_ws/build/alma_camera/resource/alma_camera -> /home/pi/robotik_alma_ws/install/alma_camera/share/ament_index/resource_index/packages
symbolically linking /home/pi/robotik_alma_ws/build/alma_camera/package.xml -> /home/pi/robotik_alma_ws/install/alma_camera/share/alma_camera
