[3.152s] Invoking command in '/home/pi/robotik_alma_ws/build/alma_camera': PYTHONPATH=/home/pi/robotik_alma_ws/build/alma_camera/prefix_override:/home/pi/robotik_alma_ws/install/alma_camera/lib/python3.10/site-packages:${PYTHONPATH} /usr/bin/python3 -W ignore:setup.py install is deprecated setup.py develop --uninstall --editable --build-directory /home/pi/robotik_alma_ws/build/alma_camera/build
[4.419s] running develop
[4.424s] /usr/lib/python3/dist-packages/setuptools/command/easy_install.py:158: EasyInstallDeprecationWarning: easy_install command is deprecated. Use build and pip and other standards-based tools.
[4.425s]   warnings.warn(
[5.286s] Removing /home/pi/robotik_alma_ws/install/alma_camera/lib/python3.10/site-packages/alma-camera.egg-link (link to .)
[5.433s] Invoked command in '/home/pi/robotik_alma_ws/build/alma_camera' returned '0': PYTHONPATH=/home/pi/robotik_alma_ws/build/alma_camera/prefix_override:/home/pi/robotik_alma_ws/install/alma_camera/lib/python3.10/site-packages:${PYTHONPATH} /usr/bin/python3 -W ignore:setup.py install is deprecated setup.py develop --uninstall --editable --build-directory /home/pi/robotik_alma_ws/build/alma_camera/build
[5.443s] Invoking command in '/home/pi/robotik_alma_ws/src/alma_camera': PYTHONPATH=/home/pi/robotik_alma_ws/build/alma_camera/prefix_override:/home/pi/robotik_alma_ws/install/alma_camera/lib/python3.10/site-packages:${PYTHONPATH} /usr/bin/python3 -W ignore:setup.py install is deprecated setup.py egg_info --egg-base ../../build/alma_camera build --build-base /home/pi/robotik_alma_ws/build/alma_camera/build install --record /home/pi/robotik_alma_ws/build/alma_camera/install.log --single-version-externally-managed install_data --force
[6.629s] running egg_info
[6.632s] writing ../../build/alma_camera/alma_camera.egg-info/PKG-INFO
[6.633s] writing dependency_links to ../../build/alma_camera/alma_camera.egg-info/dependency_links.txt
[6.634s] writing entry points to ../../build/alma_camera/alma_camera.egg-info/entry_points.txt
[6.636s] writing requirements to ../../build/alma_camera/alma_camera.egg-info/requires.txt
[6.636s] writing top-level names to ../../build/alma_camera/alma_camera.egg-info/top_level.txt
[6.645s] reading manifest file '../../build/alma_camera/alma_camera.egg-info/SOURCES.txt'
[6.648s] adding license file 'LICENSE'
[6.651s] writing manifest file '../../build/alma_camera/alma_camera.egg-info/SOURCES.txt'
[6.651s] running build
[6.652s] running build_py
[6.655s] copying alma_camera/camera_publisher.py -> /home/pi/robotik_alma_ws/build/alma_camera/build/lib/alma_camera
[6.656s] running install
[6.658s] running install_lib
[6.662s] creating /home/pi/robotik_alma_ws/install/alma_camera/lib/python3.10/site-packages/alma_camera
[6.662s] copying /home/pi/robotik_alma_ws/build/alma_camera/build/lib/alma_camera/image_subscriber.py -> /home/pi/robotik_alma_ws/install/alma_camera/lib/python3.10/site-packages/alma_camera
[6.664s] copying /home/pi/robotik_alma_ws/build/alma_camera/build/lib/alma_camera/camera_line_detector.py -> /home/pi/robotik_alma_ws/install/alma_camera/lib/python3.10/site-packages/alma_camera
[6.665s] copying /home/pi/robotik_alma_ws/build/alma_camera/build/lib/alma_camera/colorHSV_subscriber.py -> /home/pi/robotik_alma_ws/install/alma_camera/lib/python3.10/site-packages/alma_camera
[6.667s] copying /home/pi/robotik_alma_ws/build/alma_camera/build/lib/alma_camera/__init__.py -> /home/pi/robotik_alma_ws/install/alma_camera/lib/python3.10/site-packages/alma_camera
[6.668s] copying /home/pi/robotik_alma_ws/build/alma_camera/build/lib/alma_camera/camera_publisher.py -> /home/pi/robotik_alma_ws/install/alma_camera/lib/python3.10/site-packages/alma_camera
[6.671s] byte-compiling /home/pi/robotik_alma_ws/install/alma_camera/lib/python3.10/site-packages/alma_camera/image_subscriber.py to image_subscriber.cpython-310.pyc
[6.676s] byte-compiling /home/pi/robotik_alma_ws/install/alma_camera/lib/python3.10/site-packages/alma_camera/camera_line_detector.py to camera_line_detector.cpython-310.pyc
[6.679s] byte-compiling /home/pi/robotik_alma_ws/install/alma_camera/lib/python3.10/site-packages/alma_camera/colorHSV_subscriber.py to colorHSV_subscriber.cpython-310.pyc
[6.682s] byte-compiling /home/pi/robotik_alma_ws/install/alma_camera/lib/python3.10/site-packages/alma_camera/__init__.py to __init__.cpython-310.pyc
[6.683s] byte-compiling /home/pi/robotik_alma_ws/install/alma_camera/lib/python3.10/site-packages/alma_camera/camera_publisher.py to camera_publisher.cpython-310.pyc
[6.685s] running install_data
[6.686s] copying resource/alma_camera -> /home/pi/robotik_alma_ws/install/alma_camera/share/ament_index/resource_index/packages
[6.689s] copying package.xml -> /home/pi/robotik_alma_ws/install/alma_camera/share/alma_camera
[6.690s] running install_egg_info
[6.696s] Copying ../../build/alma_camera/alma_camera.egg-info to /home/pi/robotik_alma_ws/install/alma_camera/lib/python3.10/site-packages/alma_camera-0.0.0-py3.10.egg-info
[6.703s] running install_scripts
[6.791s] Installing camera_colorHSV_sub script to /home/pi/robotik_alma_ws/install/alma_camera/lib/alma_camera
[6.792s] Installing camera_image_sub script to /home/pi/robotik_alma_ws/install/alma_camera/lib/alma_camera
[6.793s] Installing camera_line_detector script to /home/pi/robotik_alma_ws/install/alma_camera/lib/alma_camera
[6.794s] Installing camera_pub script to /home/pi/robotik_alma_ws/install/alma_camera/lib/alma_camera
[6.796s] writing list of installed files to '/home/pi/robotik_alma_ws/build/alma_camera/install.log'
[6.924s] Invoked command in '/home/pi/robotik_alma_ws/src/alma_camera' returned '0': PYTHONPATH=/home/pi/robotik_alma_ws/build/alma_camera/prefix_override:/home/pi/robotik_alma_ws/install/alma_camera/lib/python3.10/site-packages:${PYTHONPATH} /usr/bin/python3 -W ignore:setup.py install is deprecated setup.py egg_info --egg-base ../../build/alma_camera build --build-base /home/pi/robotik_alma_ws/build/alma_camera/build install --record /home/pi/robotik_alma_ws/build/alma_camera/install.log --single-version-externally-managed install_data --force
