running egg_info
creating build/alma_camera/alma_camera.egg-info
writing build/alma_camera/alma_camera.egg-info/PKG-INFO
writing dependency_links to build/alma_camera/alma_camera.egg-info/dependency_links.txt
writing entry points to build/alma_camera/alma_camera.egg-info/entry_points.txt
writing requirements to build/alma_camera/alma_camera.egg-info/requires.txt
writing top-level names to build/alma_camera/alma_camera.egg-info/top_level.txt
writing manifest file 'build/alma_camera/alma_camera.egg-info/SOURCES.txt'
reading manifest file 'build/alma_camera/alma_camera.egg-info/SOURCES.txt'
adding license file 'LICENSE'
writing manifest file 'build/alma_camera/alma_camera.egg-info/SOURCES.txt'
running build
running build_py
creating /home/pi/robotik_alma_ws/src/alma_camera/build/alma_camera/build
creating /home/pi/robotik_alma_ws/src/alma_camera/build/alma_camera/build/lib
creating /home/pi/robotik_alma_ws/src/alma_camera/build/alma_camera/build/lib/alma_camera
copying alma_camera/image_subscriber.py -> /home/pi/robotik_alma_ws/src/alma_camera/build/alma_camera/build/lib/alma_camera
copying alma_camera/camera_line_detector.py -> /home/pi/robotik_alma_ws/src/alma_camera/build/alma_camera/build/lib/alma_camera
copying alma_camera/colorHSV_subscriber.py -> /home/pi/robotik_alma_ws/src/alma_camera/build/alma_camera/build/lib/alma_camera
copying alma_camera/__init__.py -> /home/pi/robotik_alma_ws/src/alma_camera/build/alma_camera/build/lib/alma_camera
copying alma_camera/camer_drive_commands_2.py -> /home/pi/robotik_alma_ws/src/alma_camera/build/alma_camera/build/lib/alma_camera
copying alma_camera/camera_drive_commands.py -> /home/pi/robotik_alma_ws/src/alma_camera/build/alma_camera/build/lib/alma_camera
copying alma_camera/camera_publisher.py -> /home/pi/robotik_alma_ws/src/alma_camera/build/alma_camera/build/lib/alma_camera
running install
running install_lib
creating /home/pi/robotik_alma_ws/src/alma_camera/install/alma_camera/lib/python3.10/site-packages/alma_camera
copying /home/pi/robotik_alma_ws/src/alma_camera/build/alma_camera/build/lib/alma_camera/image_subscriber.py -> /home/pi/robotik_alma_ws/src/alma_camera/install/alma_camera/lib/python3.10/site-packages/alma_camera
copying /home/pi/robotik_alma_ws/src/alma_camera/build/alma_camera/build/lib/alma_camera/camera_line_detector.py -> /home/pi/robotik_alma_ws/src/alma_camera/install/alma_camera/lib/python3.10/site-packages/alma_camera
copying /home/pi/robotik_alma_ws/src/alma_camera/build/alma_camera/build/lib/alma_camera/colorHSV_subscriber.py -> /home/pi/robotik_alma_ws/src/alma_camera/install/alma_camera/lib/python3.10/site-packages/alma_camera
copying /home/pi/robotik_alma_ws/src/alma_camera/build/alma_camera/build/lib/alma_camera/__init__.py -> /home/pi/robotik_alma_ws/src/alma_camera/install/alma_camera/lib/python3.10/site-packages/alma_camera
copying /home/pi/robotik_alma_ws/src/alma_camera/build/alma_camera/build/lib/alma_camera/camer_drive_commands_2.py -> /home/pi/robotik_alma_ws/src/alma_camera/install/alma_camera/lib/python3.10/site-packages/alma_camera
copying /home/pi/robotik_alma_ws/src/alma_camera/build/alma_camera/build/lib/alma_camera/camera_drive_commands.py -> /home/pi/robotik_alma_ws/src/alma_camera/install/alma_camera/lib/python3.10/site-packages/alma_camera
copying /home/pi/robotik_alma_ws/src/alma_camera/build/alma_camera/build/lib/alma_camera/camera_publisher.py -> /home/pi/robotik_alma_ws/src/alma_camera/install/alma_camera/lib/python3.10/site-packages/alma_camera
byte-compiling /home/pi/robotik_alma_ws/src/alma_camera/install/alma_camera/lib/python3.10/site-packages/alma_camera/image_subscriber.py to image_subscriber.cpython-310.pyc
byte-compiling /home/pi/robotik_alma_ws/src/alma_camera/install/alma_camera/lib/python3.10/site-packages/alma_camera/camera_line_detector.py to camera_line_detector.cpython-310.pyc
byte-compiling /home/pi/robotik_alma_ws/src/alma_camera/install/alma_camera/lib/python3.10/site-packages/alma_camera/colorHSV_subscriber.py to colorHSV_subscriber.cpython-310.pyc
byte-compiling /home/pi/robotik_alma_ws/src/alma_camera/install/alma_camera/lib/python3.10/site-packages/alma_camera/__init__.py to __init__.cpython-310.pyc
byte-compiling /home/pi/robotik_alma_ws/src/alma_camera/install/alma_camera/lib/python3.10/site-packages/alma_camera/camer_drive_commands_2.py to camer_drive_commands_2.cpython-310.pyc
byte-compiling /home/pi/robotik_alma_ws/src/alma_camera/install/alma_camera/lib/python3.10/site-packages/alma_camera/camera_drive_commands.py to camera_drive_commands.cpython-310.pyc
byte-compiling /home/pi/robotik_alma_ws/src/alma_camera/install/alma_camera/lib/python3.10/site-packages/alma_camera/camera_publisher.py to camera_publisher.cpython-310.pyc
running install_data
creating /home/pi/robotik_alma_ws/src/alma_camera/install/alma_camera/share/ament_index
creating /home/pi/robotik_alma_ws/src/alma_camera/install/alma_camera/share/ament_index/resource_index
creating /home/pi/robotik_alma_ws/src/alma_camera/install/alma_camera/share/ament_index/resource_index/packages
copying resource/alma_camera -> /home/pi/robotik_alma_ws/src/alma_camera/install/alma_camera/share/ament_index/resource_index/packages
copying package.xml -> /home/pi/robotik_alma_ws/src/alma_camera/install/alma_camera/share/alma_camera
running install_egg_info
Copying build/alma_camera/alma_camera.egg-info to /home/pi/robotik_alma_ws/src/alma_camera/install/alma_camera/lib/python3.10/site-packages/alma_camera-0.0.0-py3.10.egg-info
running install_scripts
Installing camera_colorHSV_sub script to /home/pi/robotik_alma_ws/src/alma_camera/install/alma_camera/lib/alma_camera
Installing camera_drive_commands script to /home/pi/robotik_alma_ws/src/alma_camera/install/alma_camera/lib/alma_camera
Installing camera_image_sub script to /home/pi/robotik_alma_ws/src/alma_camera/install/alma_camera/lib/alma_camera
Installing camera_line_detector script to /home/pi/robotik_alma_ws/src/alma_camera/install/alma_camera/lib/alma_camera
Installing camera_pub script to /home/pi/robotik_alma_ws/src/alma_camera/install/alma_camera/lib/alma_camera
writing list of installed files to '/home/pi/robotik_alma_ws/src/alma_camera/build/alma_camera/install.log'
