[3.675s] Invoking command in '/home/pi/robotik_alma_ws/src/alma_camera': PYTHONPATH=/home/pi/robotik_alma_ws/build/alma_camera/prefix_override:/home/pi/robotik_alma_ws/install/alma_camera/lib/python3.10/site-packages:${PYTHONPATH} /usr/bin/python3 -W ignore:setup.py install is deprecated setup.py egg_info --egg-base ../../build/alma_camera build --build-base /home/pi/robotik_alma_ws/build/alma_camera/build install --record /home/pi/robotik_alma_ws/build/alma_camera/install.log --single-version-externally-managed install_data
[5.149s] running egg_info
[5.152s] writing ../../build/alma_camera/alma_camera.egg-info/PKG-INFO
[5.153s] writing dependency_links to ../../build/alma_camera/alma_camera.egg-info/dependency_links.txt
[5.154s] writing entry points to ../../build/alma_camera/alma_camera.egg-info/entry_points.txt
[5.155s] writing requirements to ../../build/alma_camera/alma_camera.egg-info/requires.txt
[5.156s] writing top-level names to ../../build/alma_camera/alma_camera.egg-info/top_level.txt
[5.164s] reading manifest file '../../build/alma_camera/alma_camera.egg-info/SOURCES.txt'
[5.166s] adding license file 'LICENSE'
[5.169s] writing manifest file '../../build/alma_camera/alma_camera.egg-info/SOURCES.txt'
[5.170s] running build
[5.171s] running build_py
[5.172s] copying alma_camera/camera_line_detector.py -> /home/pi/robotik_alma_ws/build/alma_camera/build/lib/alma_camera
[5.175s] running install
[5.177s] running install_lib
[5.182s] copying /home/pi/robotik_alma_ws/build/alma_camera/build/lib/alma_camera/camera_line_detector.py -> /home/pi/robotik_alma_ws/install/alma_camera/lib/python3.10/site-packages/alma_camera
[5.187s] byte-compiling /home/pi/robotik_alma_ws/install/alma_camera/lib/python3.10/site-packages/alma_camera/camera_line_detector.py to camera_line_detector.cpython-310.pyc
[5.188s] Sorry: TabError: inconsistent use of tabs and spaces in indentation (camera_line_detector.py, line 42)
[5.189s] running install_data
[5.193s] running install_egg_info
[5.210s] removing '/home/pi/robotik_alma_ws/install/alma_camera/lib/python3.10/site-packages/alma_camera-0.0.0-py3.10.egg-info' (and everything under it)
[5.212s] Copying ../../build/alma_camera/alma_camera.egg-info to /home/pi/robotik_alma_ws/install/alma_camera/lib/python3.10/site-packages/alma_camera-0.0.0-py3.10.egg-info
[5.218s] running install_scripts
[5.321s] Installing camera_colorHSV_sub script to /home/pi/robotik_alma_ws/install/alma_camera/lib/alma_camera
[5.322s] Installing camera_image_sub script to /home/pi/robotik_alma_ws/install/alma_camera/lib/alma_camera
[5.323s] Installing camera_line_detector script to /home/pi/robotik_alma_ws/install/alma_camera/lib/alma_camera
[5.324s] Installing camera_pub script to /home/pi/robotik_alma_ws/install/alma_camera/lib/alma_camera
[5.326s] writing list of installed files to '/home/pi/robotik_alma_ws/build/alma_camera/install.log'
[5.491s] Invoked command in '/home/pi/robotik_alma_ws/src/alma_camera' returned '0': PYTHONPATH=/home/pi/robotik_alma_ws/build/alma_camera/prefix_override:/home/pi/robotik_alma_ws/install/alma_camera/lib/python3.10/site-packages:${PYTHONPATH} /usr/bin/python3 -W ignore:setup.py install is deprecated setup.py egg_info --egg-base ../../build/alma_camera build --build-base /home/pi/robotik_alma_ws/build/alma_camera/build install --record /home/pi/robotik_alma_ws/build/alma_camera/install.log --single-version-externally-managed install_data
